{"/Users/pacosemino/Desktop/Rosental/appminuta/frontend/src/components/animated/StaggerList.tsx": {"path":"/Users/pacosemino/Desktop/Rosental/appminuta/frontend/src/components/animated/StaggerList.tsx","statementMap":{"0":{"start":{"line":22,"column":27},"end":{"line":38,"column":null}},"1":{"start":{"line":22,"column":69},"end":{"line":38,"column":null}},"2":{"start":{"line":46,"column":27},"end":{"line":66,"column":null}},"3":{"start":{"line":46,"column":69},"end":{"line":66,"column":null}},"4":{"start":{"line":73,"column":32},"end":{"line":87,"column":null}},"5":{"start":{"line":73,"column":74},"end":{"line":87,"column":null}},"6":{"start":{"line":94,"column":31},"end":{"line":112,"column":null}},"7":{"start":{"line":94,"column":73},"end":{"line":112,"column":null}}},"fnMap":{"0":{"name":"(anonymous_0)","decl":{"start":{"line":22,"column":27},"end":{"line":22,"column":28}},"loc":{"start":{"line":22,"column":69},"end":{"line":38,"column":null}},"line":22},"1":{"name":"(anonymous_1)","decl":{"start":{"line":46,"column":27},"end":{"line":46,"column":28}},"loc":{"start":{"line":46,"column":69},"end":{"line":66,"column":null}},"line":46},"2":{"name":"(anonymous_2)","decl":{"start":{"line":73,"column":32},"end":{"line":73,"column":33}},"loc":{"start":{"line":73,"column":74},"end":{"line":87,"column":null}},"line":73},"3":{"name":"(anonymous_3)","decl":{"start":{"line":94,"column":31},"end":{"line":94,"column":32}},"loc":{"start":{"line":94,"column":73},"end":{"line":112,"column":null}},"line":94}},"branchMap":{},"s":{"0":1,"1":0,"2":1,"3":0,"4":1,"5":0,"6":1,"7":2},"f":{"0":0,"1":0,"2":0,"3":2},"b":{},"meta":{"lastBranch":0,"lastFunction":4,"lastStatement":8,"seen":{"s:22:27:38:Infinity":0,"f:22:27:22:28":0,"s:22:69:38:Infinity":1,"s:46:27:66:Infinity":2,"f:46:27:46:28":1,"s:46:69:66:Infinity":3,"s:73:32:87:Infinity":4,"f:73:32:73:33":2,"s:73:74:87:Infinity":5,"s:94:31:112:Infinity":6,"f:94:31:94:32":3,"s:94:73:112:Infinity":7}}}
,"/Users/pacosemino/Desktop/Rosental/appminuta/frontend/src/components/dashboard/KPICard.tsx": {"path":"/Users/pacosemino/Desktop/Rosental/appminuta/frontend/src/components/dashboard/KPICard.tsx","statementMap":{"0":{"start":{"line":19,"column":47},"end":{"line":109,"column":null}},"1":{"start":{"line":30,"column":21},"end":{"line":67,"column":null}},"2":{"start":{"line":69,"column":18},"end":{"line":69,"column":58}},"3":{"start":{"line":71,"column":4},"end":{"line":102,"column":null}}},"fnMap":{"0":{"name":"(anonymous_0)","decl":{"start":{"line":19,"column":47},"end":{"line":19,"column":48}},"loc":{"start":{"line":28,"column":1},"end":{"line":109,"column":null}},"line":28}},"branchMap":{"0":{"loc":{"start":{"line":25,"column":4},"end":{"line":25,"column":23}},"type":"default-arg","locations":[{"start":{"line":25,"column":14},"end":{"line":25,"column":23}}],"line":25},"1":{"loc":{"start":{"line":69,"column":18},"end":{"line":69,"column":58}},"type":"binary-expr","locations":[{"start":{"line":69,"column":18},"end":{"line":69,"column":35}},{"start":{"line":69,"column":39},"end":{"line":69,"column":58}}],"line":69},"2":{"loc":{"start":{"line":85,"column":25},"end":{"line":86,"column":null}},"type":"binary-expr","locations":[{"start":{"line":85,"column":25},"end":{"line":85,"column":null}},{"start":{"line":85,"column":25},"end":{"line":86,"column":null}}],"line":85},"3":{"loc":{"start":{"line":89,"column":25},"end":{"line":91,"column":null}},"type":"binary-expr","locations":[{"start":{"line":89,"column":25},"end":{"line":89,"column":54}},{"start":{"line":89,"column":54},"end":{"line":89,"column":null}},{"start":{"line":89,"column":68},"end":{"line":91,"column":null}}],"line":89},"4":{"loc":{"start":{"line":95,"column":25},"end":{"line":97,"column":null}},"type":"binary-expr","locations":[{"start":{"line":95,"column":25},"end":{"line":95,"column":null}},{"start":{"line":95,"column":25},"end":{"line":97,"column":null}}],"line":95},"5":{"loc":{"start":{"line":96,"column":89},"end":{"line":96,"column":143}},"type":"cond-expr","locations":[{"start":{"line":96,"column":108},"end":{"line":96,"column":127}},{"start":{"line":96,"column":127},"end":{"line":96,"column":143}}],"line":96},"6":{"loc":{"start":{"line":97,"column":33},"end":{"line":97,"column":62}},"type":"cond-expr","locations":[{"start":{"line":97,"column":52},"end":{"line":97,"column":58}},{"start":{"line":97,"column":58},"end":{"line":97,"column":62}}],"line":97},"7":{"loc":{"start":{"line":101,"column":25},"end":{"line":102,"column":null}},"type":"binary-expr","locations":[{"start":{"line":101,"column":25},"end":{"line":101,"column":37}},{"start":{"line":101,"column":37},"end":{"line":101,"column":47}},{"start":{"line":101,"column":47},"end":{"line":101,"column":61}},{"start":{"line":101,"column":61},"end":{"line":101,"column":null}},{"start":{"line":101,"column":62},"end":{"line":102,"column":null}}],"line":101}},"s":{"0":1,"1":15,"2":15,"3":15},"f":{"0":15},"b":{"0":[15],"1":[15,0],"2":[15,0],"3":[15,1,1],"4":[15,0],"5":[0,0],"6":[0,0],"7":[15,0,0,0,0]},"meta":{"lastBranch":8,"lastFunction":1,"lastStatement":4,"seen":{"s:19:47:109:Infinity":0,"f:19:47:19:48":0,"b:25:14:25:23":0,"s:30:21:67:Infinity":1,"s:69:18:69:58":2,"b:69:18:69:35:69:39:69:58":1,"s:71:4:102:Infinity":3,"b:85:25:85:Infinity:85:25:86:Infinity":2,"b:89:25:89:54:89:54:89:Infinity:89:68:91:Infinity":3,"b:95:25:95:Infinity:95:25:97:Infinity":4,"b:96:108:96:127:96:127:96:143":5,"b:97:52:97:58:97:58:97:62":6,"b:101:25:101:37:101:37:101:47:101:47:101:61:101:61:101:Infinity:101:62:102:Infinity":7}}}
,"/Users/pacosemino/Desktop/Rosental/appminuta/frontend/src/components/minutas/DetalleMinutaModal.tsx": {"path":"/Users/pacosemino/Desktop/Rosental/appminuta/frontend/src/components/minutas/DetalleMinutaModal.tsx","statementMap":{"0":{"start":{"line":76,"column":27},"end":{"line":83,"column":null}},"1":{"start":{"line":77,"column":2},"end":{"line":77,"column":null}},"2":{"start":{"line":77,"column":22},"end":{"line":77,"column":null}},"3":{"start":{"line":78,"column":2},"end":{"line":78,"column":null}},"4":{"start":{"line":78,"column":27},"end":{"line":78,"column":null}},"5":{"start":{"line":79,"column":2},"end":{"line":79,"column":null}},"6":{"start":{"line":79,"column":34},"end":{"line":79,"column":null}},"7":{"start":{"line":80,"column":2},"end":{"line":80,"column":null}},"8":{"start":{"line":80,"column":33},"end":{"line":80,"column":null}},"9":{"start":{"line":81,"column":2},"end":{"line":81,"column":null}},"10":{"start":{"line":81,"column":33},"end":{"line":81,"column":null}},"11":{"start":{"line":82,"column":2},"end":{"line":82,"column":null}},"12":{"start":{"line":86,"column":29},"end":{"line":90,"column":null}},"13":{"start":{"line":87,"column":2},"end":{"line":87,"column":null}},"14":{"start":{"line":87,"column":29},"end":{"line":87,"column":null}},"15":{"start":{"line":88,"column":2},"end":{"line":88,"column":null}},"16":{"start":{"line":88,"column":28},"end":{"line":88,"column":null}},"17":{"start":{"line":89,"column":2},"end":{"line":89,"column":null}},"18":{"start":{"line":98,"column":66},"end":{"line":703,"column":null}},"19":{"start":{"line":103,"column":27},"end":{"line":103,"column":null}},"20":{"start":{"line":104,"column":29},"end":{"line":104,"column":null}},"21":{"start":{"line":105,"column":25},"end":{"line":105,"column":null}},"22":{"start":{"line":106,"column":47},"end":{"line":106,"column":null}},"23":{"start":{"line":107,"column":45},"end":{"line":107,"column":null}},"24":{"start":{"line":110,"column":22},"end":{"line":110,"column":null}},"25":{"start":{"line":112,"column":8},"end":{"line":112,"column":null}},"26":{"start":{"line":113,"column":17},"end":{"line":113,"column":null}},"27":{"start":{"line":115,"column":2},"end":{"line":132,"column":null}},"28":{"start":{"line":116,"column":4},"end":{"line":131,"column":null}},"29":{"start":{"line":117,"column":26},"end":{"line":128,"column":null}},"30":{"start":{"line":118,"column":8},"end":{"line":127,"column":null}},"31":{"start":{"line":119,"column":10},"end":{"line":119,"column":null}},"32":{"start":{"line":120,"column":10},"end":{"line":120,"column":null}},"33":{"start":{"line":121,"column":23},"end":{"line":121,"column":null}},"34":{"start":{"line":122,"column":10},"end":{"line":122,"column":null}},"35":{"start":{"line":124,"column":10},"end":{"line":124,"column":null}},"36":{"start":{"line":126,"column":10},"end":{"line":126,"column":null}},"37":{"start":{"line":130,"column":6},"end":{"line":130,"column":null}},"38":{"start":{"line":134,"column":25},"end":{"line":153,"column":null}},"39":{"start":{"line":135,"column":4},"end":{"line":152,"column":null}},"40":{"start":{"line":137,"column":8},"end":{"line":137,"column":null}},"41":{"start":{"line":139,"column":8},"end":{"line":139,"column":null}},"42":{"start":{"line":141,"column":8},"end":{"line":141,"column":null}},"43":{"start":{"line":143,"column":8},"end":{"line":143,"column":null}},"44":{"start":{"line":145,"column":8},"end":{"line":145,"column":null}},"45":{"start":{"line":147,"column":8},"end":{"line":147,"column":null}},"46":{"start":{"line":149,"column":8},"end":{"line":149,"column":null}},"47":{"start":{"line":151,"column":8},"end":{"line":151,"column":null}},"48":{"start":{"line":155,"column":29},"end":{"line":182,"column":null}},"49":{"start":{"line":156,"column":4},"end":{"line":156,"column":null}},"50":{"start":{"line":156,"column":30},"end":{"line":156,"column":null}},"51":{"start":{"line":159,"column":27},"end":{"line":159,"column":40}},"52":{"start":{"line":162,"column":4},"end":{"line":162,"column":null}},"53":{"start":{"line":162,"column":23},"end":{"line":162,"column":null}},"54":{"start":{"line":163,"column":4},"end":{"line":163,"column":null}},"55":{"start":{"line":165,"column":4},"end":{"line":181,"column":null}},"56":{"start":{"line":167,"column":6},"end":{"line":167,"column":null}},"57":{"start":{"line":172,"column":6},"end":{"line":172,"column":null}},"58":{"start":{"line":172,"column":25},"end":{"line":172,"column":null}},"59":{"start":{"line":174,"column":6},"end":{"line":178,"column":null}},"60":{"start":{"line":180,"column":6},"end":{"line":180,"column":null}},"61":{"start":{"line":184,"column":40},"end":{"line":250,"column":null}},"62":{"start":{"line":185,"column":4},"end":{"line":185,"column":null}},"63":{"start":{"line":185,"column":44},"end":{"line":185,"column":null}},"64":{"start":{"line":187,"column":4},"end":{"line":249,"column":null}},"65":{"start":{"line":188,"column":6},"end":{"line":188,"column":null}},"66":{"start":{"line":191,"column":32},"end":{"line":191,"column":null}},"67":{"start":{"line":192,"column":23},"end":{"line":192,"column":143}},"68":{"start":{"line":195,"column":18},"end":{"line":199,"column":null}},"69":{"start":{"line":201,"column":22},"end":{"line":201,"column":44}},"70":{"start":{"line":204,"column":21},"end":{"line":208,"column":null}},"71":{"start":{"line":211,"column":22},"end":{"line":211,"column":null}},"72":{"start":{"line":214,"column":23},"end":{"line":214,"column":null}},"73":{"start":{"line":215,"column":24},"end":{"line":215,"column":null}},"74":{"start":{"line":216,"column":26},"end":{"line":216,"column":54}},"75":{"start":{"line":217,"column":23},"end":{"line":217,"column":null}},"76":{"start":{"line":218,"column":24},"end":{"line":218,"column":null}},"77":{"start":{"line":221,"column":6},"end":{"line":221,"column":null}},"78":{"start":{"line":224,"column":23},"end":{"line":224,"column":null}},"79":{"start":{"line":225,"column":21},"end":{"line":225,"column":null}},"80":{"start":{"line":227,"column":6},"end":{"line":232,"column":null}},"81":{"start":{"line":228,"column":8},"end":{"line":228,"column":null}},"82":{"start":{"line":229,"column":8},"end":{"line":229,"column":null}},"83":{"start":{"line":230,"column":8},"end":{"line":230,"column":null}},"84":{"start":{"line":231,"column":8},"end":{"line":231,"column":null}},"85":{"start":{"line":235,"column":6},"end":{"line":235,"column":null}},"86":{"start":{"line":237,"column":6},"end":{"line":240,"column":null}},"87":{"start":{"line":242,"column":6},"end":{"line":246,"column":null}},"88":{"start":{"line":248,"column":6},"end":{"line":248,"column":null}},"89":{"start":{"line":255,"column":24},"end":{"line":580,"column":null}},"90":{"start":{"line":256,"column":4},"end":{"line":263,"column":null}},"91":{"start":{"line":257,"column":6},"end":{"line":260,"column":null}},"92":{"start":{"line":265,"column":4},"end":{"line":271,"column":null}},"93":{"start":{"line":266,"column":6},"end":{"line":268,"column":null}},"94":{"start":{"line":273,"column":4},"end":{"line":279,"column":null}},"95":{"start":{"line":274,"column":6},"end":{"line":275,"column":null}},"96":{"start":{"line":281,"column":4},"end":{"line":572,"column":null}},"97":{"start":{"line":303,"column":45},"end":{"line":303,"column":65}},"98":{"start":{"line":304,"column":22},"end":{"line":306,"column":null}},"99":{"start":{"line":305,"column":24},"end":{"line":305,"column":null}},"100":{"start":{"line":305,"column":30},"end":{"line":305,"column":61}},"101":{"start":{"line":307,"column":36},"end":{"line":307,"column":null}},"102":{"start":{"line":309,"column":22},"end":{"line":386,"column":null}},"103":{"start":{"line":310,"column":24},"end":{"line":310,"column":48}},"104":{"start":{"line":310,"column":35},"end":{"line":310,"column":48}},"105":{"start":{"line":311,"column":41},"end":{"line":311,"column":null}},"106":{"start":{"line":312,"column":38},"end":{"line":312,"column":null}},"107":{"start":{"line":313,"column":41},"end":{"line":313,"column":null}},"108":{"start":{"line":314,"column":43},"end":{"line":314,"column":null}},"109":{"start":{"line":315,"column":39},"end":{"line":315,"column":null}},"110":{"start":{"line":316,"column":42},"end":{"line":316,"column":null}},"111":{"start":{"line":317,"column":37},"end":{"line":317,"column":null}},"112":{"start":{"line":318,"column":44},"end":{"line":318,"column":null}},"113":{"start":{"line":319,"column":39},"end":{"line":319,"column":null}},"114":{"start":{"line":320,"column":40},"end":{"line":320,"column":null}},"115":{"start":{"line":321,"column":40},"end":{"line":321,"column":null}},"116":{"start":{"line":323,"column":41},"end":{"line":323,"column":null}},"117":{"start":{"line":324,"column":42},"end":{"line":324,"column":null}},"118":{"start":{"line":325,"column":44},"end":{"line":325,"column":null}},"119":{"start":{"line":326,"column":45},"end":{"line":326,"column":null}},"120":{"start":{"line":327,"column":48},"end":{"line":327,"column":null}},"121":{"start":{"line":328,"column":47},"end":{"line":328,"column":null}},"122":{"start":{"line":330,"column":47},"end":{"line":330,"column":null}},"123":{"start":{"line":331,"column":43},"end":{"line":331,"column":null}},"124":{"start":{"line":332,"column":39},"end":{"line":332,"column":null}},"125":{"start":{"line":333,"column":48},"end":{"line":333,"column":77}},"126":{"start":{"line":334,"column":53},"end":{"line":334,"column":82}},"127":{"start":{"line":335,"column":40},"end":{"line":335,"column":null}},"128":{"start":{"line":337,"column":50},"end":{"line":337,"column":125}},"129":{"start":{"line":339,"column":24},"end":{"line":340,"column":65}},"130":{"start":{"line":410,"column":39},"end":{"line":410,"column":59}},"131":{"start":{"line":413,"column":16},"end":{"line":415,"column":null}},"132":{"start":{"line":414,"column":18},"end":{"line":414,"column":null}},"133":{"start":{"line":414,"column":24},"end":{"line":414,"column":55}},"134":{"start":{"line":417,"column":30},"end":{"line":417,"column":null}},"135":{"start":{"line":419,"column":16},"end":{"line":498,"column":null}},"136":{"start":{"line":420,"column":18},"end":{"line":420,"column":42}},"137":{"start":{"line":420,"column":29},"end":{"line":420,"column":42}},"138":{"start":{"line":422,"column":35},"end":{"line":422,"column":null}},"139":{"start":{"line":423,"column":32},"end":{"line":423,"column":null}},"140":{"start":{"line":424,"column":35},"end":{"line":424,"column":null}},"141":{"start":{"line":425,"column":37},"end":{"line":425,"column":null}},"142":{"start":{"line":426,"column":33},"end":{"line":426,"column":null}},"143":{"start":{"line":427,"column":36},"end":{"line":427,"column":null}},"144":{"start":{"line":428,"column":31},"end":{"line":428,"column":null}},"145":{"start":{"line":429,"column":38},"end":{"line":429,"column":82}},"146":{"start":{"line":430,"column":33},"end":{"line":430,"column":null}},"147":{"start":{"line":431,"column":34},"end":{"line":431,"column":null}},"148":{"start":{"line":432,"column":34},"end":{"line":432,"column":null}},"149":{"start":{"line":435,"column":35},"end":{"line":435,"column":null}},"150":{"start":{"line":436,"column":36},"end":{"line":436,"column":null}},"151":{"start":{"line":437,"column":38},"end":{"line":437,"column":null}},"152":{"start":{"line":438,"column":39},"end":{"line":438,"column":null}},"153":{"start":{"line":439,"column":42},"end":{"line":439,"column":null}},"154":{"start":{"line":440,"column":41},"end":{"line":440,"column":null}},"155":{"start":{"line":444,"column":44},"end":{"line":444,"column":119}},"156":{"start":{"line":446,"column":18},"end":{"line":447,"column":60}},"157":{"start":{"line":522,"column":51},"end":{"line":522,"column":null}},"158":{"start":{"line":552,"column":31},"end":{"line":552,"column":null}},"159":{"start":{"line":564,"column":31},"end":{"line":564,"column":null}},"160":{"start":{"line":582,"column":2},"end":{"line":699,"column":null}},"161":{"start":{"line":624,"column":34},"end":{"line":624,"column":null}},"162":{"start":{"line":625,"column":63},"end":{"line":630,"column":null}},"163":{"start":{"line":631,"column":39},"end":{"line":631,"column":52}},"164":{"start":{"line":632,"column":38},"end":{"line":632,"column":null}},"165":{"start":{"line":635,"column":18},"end":{"line":644,"column":null}},"166":{"start":{"line":636,"column":20},"end":{"line":641,"column":null}},"167":{"start":{"line":646,"column":18},"end":{"line":690,"column":null}},"168":{"start":{"line":649,"column":39},"end":{"line":649,"column":null}},"169":{"start":{"line":650,"column":42},"end":{"line":650,"column":null}},"170":{"start":{"line":652,"column":24},"end":{"line":658,"column":null}},"171":{"start":{"line":653,"column":26},"end":{"line":653,"column":null}},"172":{"start":{"line":654,"column":31},"end":{"line":658,"column":null}},"173":{"start":{"line":655,"column":26},"end":{"line":655,"column":null}},"174":{"start":{"line":657,"column":26},"end":{"line":657,"column":null}},"175":{"start":{"line":660,"column":24},"end":{"line":661,"column":44}},"176":{"start":{"line":705,"column":34},"end":{"line":705,"column":null}}},"fnMap":{"0":{"name":"(anonymous_0)","decl":{"start":{"line":76,"column":27},"end":{"line":76,"column":28}},"loc":{"start":{"line":76,"column":28},"end":{"line":83,"column":null}},"line":76},"1":{"name":"(anonymous_1)","decl":{"start":{"line":86,"column":29},"end":{"line":86,"column":30}},"loc":{"start":{"line":86,"column":30},"end":{"line":90,"column":null}},"line":86},"2":{"name":"(anonymous_2)","decl":{"start":{"line":98,"column":66},"end":{"line":98,"column":67}},"loc":{"start":{"line":102,"column":1},"end":{"line":703,"column":null}},"line":102},"3":{"name":"(anonymous_3)","decl":{"start":{"line":115,"column":12},"end":{"line":115,"column":null}},"loc":{"start":{"line":115,"column":12},"end":{"line":132,"column":5}},"line":115},"4":{"name":"(anonymous_4)","decl":{"start":{"line":117,"column":26},"end":{"line":117,"column":null}},"loc":{"start":{"line":117,"column":26},"end":{"line":128,"column":null}},"line":117},"5":{"name":"(anonymous_5)","decl":{"start":{"line":134,"column":25},"end":{"line":134,"column":26}},"loc":{"start":{"line":134,"column":26},"end":{"line":153,"column":null}},"line":134},"6":{"name":"(anonymous_6)","decl":{"start":{"line":155,"column":29},"end":{"line":155,"column":36}},"loc":{"start":{"line":155,"column":36},"end":{"line":182,"column":null}},"line":155},"7":{"name":"(anonymous_7)","decl":{"start":{"line":162,"column":14},"end":{"line":162,"column":23}},"loc":{"start":{"line":162,"column":23},"end":{"line":162,"column":null}},"line":162},"8":{"name":"(anonymous_8)","decl":{"start":{"line":172,"column":16},"end":{"line":172,"column":25}},"loc":{"start":{"line":172,"column":25},"end":{"line":172,"column":null}},"line":172},"9":{"name":"(anonymous_9)","decl":{"start":{"line":184,"column":40},"end":{"line":184,"column":null}},"loc":{"start":{"line":184,"column":40},"end":{"line":250,"column":null}},"line":184},"10":{"name":"(anonymous_10)","decl":{"start":{"line":255,"column":24},"end":{"line":255,"column":null}},"loc":{"start":{"line":255,"column":24},"end":{"line":580,"column":null}},"line":255},"11":{"name":"(anonymous_11)","decl":{"start":{"line":302,"column":22},"end":{"line":302,"column":null}},"loc":{"start":{"line":302,"column":22},"end":{"line":387,"column":null}},"line":302},"12":{"name":"(anonymous_12)","decl":{"start":{"line":309,"column":39},"end":{"line":309,"column":40}},"loc":{"start":{"line":309,"column":62},"end":{"line":386,"column":null}},"line":309},"13":{"name":"(anonymous_13)","decl":{"start":{"line":409,"column":16},"end":{"line":409,"column":null}},"loc":{"start":{"line":409,"column":16},"end":{"line":499,"column":null}},"line":409},"14":{"name":"(anonymous_14)","decl":{"start":{"line":419,"column":33},"end":{"line":419,"column":34}},"loc":{"start":{"line":419,"column":56},"end":{"line":498,"column":null}},"line":419},"15":{"name":"(anonymous_15)","decl":{"start":{"line":522,"column":45},"end":{"line":522,"column":51}},"loc":{"start":{"line":522,"column":51},"end":{"line":522,"column":null}},"line":522},"16":{"name":"(anonymous_16)","decl":{"start":{"line":552,"column":25},"end":{"line":552,"column":31}},"loc":{"start":{"line":552,"column":31},"end":{"line":552,"column":null}},"line":552},"17":{"name":"(anonymous_17)","decl":{"start":{"line":564,"column":25},"end":{"line":564,"column":31}},"loc":{"start":{"line":564,"column":31},"end":{"line":564,"column":null}},"line":564},"18":{"name":"(anonymous_18)","decl":{"start":{"line":623,"column":18},"end":{"line":623,"column":null}},"loc":{"start":{"line":623,"column":18},"end":{"line":693,"column":null}},"line":623},"19":{"name":"(anonymous_19)","decl":{"start":{"line":648,"column":35},"end":{"line":648,"column":36}},"loc":{"start":{"line":648,"column":44},"end":{"line":690,"column":null}},"line":648}},"branchMap":{"0":{"loc":{"start":{"line":77,"column":2},"end":{"line":77,"column":null}},"type":"if","locations":[{"start":{"line":77,"column":2},"end":{"line":77,"column":null}},{"start":{},"end":{}}],"line":77},"1":{"loc":{"start":{"line":78,"column":2},"end":{"line":78,"column":null}},"type":"if","locations":[{"start":{"line":78,"column":2},"end":{"line":78,"column":null}},{"start":{},"end":{}}],"line":78},"2":{"loc":{"start":{"line":79,"column":2},"end":{"line":79,"column":null}},"type":"if","locations":[{"start":{"line":79,"column":2},"end":{"line":79,"column":null}},{"start":{},"end":{}}],"line":79},"3":{"loc":{"start":{"line":80,"column":2},"end":{"line":80,"column":null}},"type":"if","locations":[{"start":{"line":80,"column":2},"end":{"line":80,"column":null}},{"start":{},"end":{}}],"line":80},"4":{"loc":{"start":{"line":81,"column":2},"end":{"line":81,"column":null}},"type":"if","locations":[{"start":{"line":81,"column":2},"end":{"line":81,"column":null}},{"start":{},"end":{}}],"line":81},"5":{"loc":{"start":{"line":87,"column":2},"end":{"line":87,"column":null}},"type":"if","locations":[{"start":{"line":87,"column":2},"end":{"line":87,"column":null}},{"start":{},"end":{}}],"line":87},"6":{"loc":{"start":{"line":88,"column":2},"end":{"line":88,"column":null}},"type":"if","locations":[{"start":{"line":88,"column":2},"end":{"line":88,"column":null}},{"start":{},"end":{}}],"line":88},"7":{"loc":{"start":{"line":116,"column":4},"end":{"line":131,"column":null}},"type":"if","locations":[{"start":{"line":116,"column":4},"end":{"line":131,"column":null}},{"start":{},"end":{}}],"line":116},"8":{"loc":{"start":{"line":116,"column":8},"end":{"line":116,"column":26}},"type":"binary-expr","locations":[{"start":{"line":116,"column":8},"end":{"line":116,"column":16}},{"start":{"line":116,"column":16},"end":{"line":116,"column":26}}],"line":116},"9":{"loc":{"start":{"line":135,"column":4},"end":{"line":152,"column":null}},"type":"switch","locations":[{"start":{"line":136,"column":6},"end":{"line":137,"column":null}},{"start":{"line":138,"column":6},"end":{"line":139,"column":null}},{"start":{"line":140,"column":6},"end":{"line":141,"column":null}},{"start":{"line":142,"column":6},"end":{"line":143,"column":null}},{"start":{"line":144,"column":6},"end":{"line":145,"column":null}},{"start":{"line":146,"column":6},"end":{"line":147,"column":null}},{"start":{"line":148,"column":6},"end":{"line":149,"column":null}},{"start":{"line":150,"column":6},"end":{"line":151,"column":null}}],"line":135},"10":{"loc":{"start":{"line":156,"column":4},"end":{"line":156,"column":null}},"type":"if","locations":[{"start":{"line":156,"column":4},"end":{"line":156,"column":null}},{"start":{},"end":{}}],"line":156},"11":{"loc":{"start":{"line":156,"column":8},"end":{"line":156,"column":30}},"type":"binary-expr","locations":[{"start":{"line":156,"column":8},"end":{"line":156,"column":21}},{"start":{"line":156,"column":21},"end":{"line":156,"column":30}}],"line":156},"12":{"loc":{"start":{"line":185,"column":4},"end":{"line":185,"column":null}},"type":"if","locations":[{"start":{"line":185,"column":4},"end":{"line":185,"column":null}},{"start":{},"end":{}}],"line":185},"13":{"loc":{"start":{"line":185,"column":8},"end":{"line":185,"column":44}},"type":"binary-expr","locations":[{"start":{"line":185,"column":8},"end":{"line":185,"column":31}},{"start":{"line":185,"column":35},"end":{"line":185,"column":44}}],"line":185},"14":{"loc":{"start":{"line":191,"column":32},"end":{"line":191,"column":null}},"type":"cond-expr","locations":[{"start":{"line":191,"column":85},"end":{"line":191,"column":114}},{"start":{"line":191,"column":117},"end":{"line":191,"column":null}}],"line":191},"15":{"loc":{"start":{"line":192,"column":45},"end":{"line":192,"column":75}},"type":"binary-expr","locations":[{"start":{"line":192,"column":45},"end":{"line":192,"column":60}},{"start":{"line":192,"column":64},"end":{"line":192,"column":75}}],"line":192},"16":{"loc":{"start":{"line":256,"column":4},"end":{"line":263,"column":null}},"type":"if","locations":[{"start":{"line":256,"column":4},"end":{"line":263,"column":null}},{"start":{},"end":{}}],"line":256},"17":{"loc":{"start":{"line":265,"column":4},"end":{"line":271,"column":null}},"type":"if","locations":[{"start":{"line":265,"column":4},"end":{"line":271,"column":null}},{"start":{},"end":{}}],"line":265},"18":{"loc":{"start":{"line":273,"column":4},"end":{"line":279,"column":null}},"type":"if","locations":[{"start":{"line":273,"column":4},"end":{"line":279,"column":null}},{"start":{},"end":{}}],"line":273},"19":{"loc":{"start":{"line":298,"column":15},"end":{"line":387,"column":null}},"type":"binary-expr","locations":[{"start":{"line":298,"column":15},"end":{"line":298,"column":35}},{"start":{"line":298,"column":35},"end":{"line":387,"column":null}}],"line":298},"20":{"loc":{"start":{"line":304,"column":22},"end":{"line":306,"column":null}},"type":"if","locations":[{"start":{"line":304,"column":22},"end":{"line":306,"column":null}},{"start":{},"end":{}}],"line":304},"21":{"loc":{"start":{"line":307,"column":36},"end":{"line":307,"column":null}},"type":"cond-expr","locations":[{"start":{"line":307,"column":61},"end":{"line":307,"column":71}},{"start":{"line":307,"column":71},"end":{"line":307,"column":null}}],"line":307},"22":{"loc":{"start":{"line":310,"column":24},"end":{"line":310,"column":48}},"type":"if","locations":[{"start":{"line":310,"column":24},"end":{"line":310,"column":48}},{"start":{},"end":{}}],"line":310},"23":{"loc":{"start":{"line":311,"column":41},"end":{"line":311,"column":null}},"type":"binary-expr","locations":[{"start":{"line":311,"column":41},"end":{"line":311,"column":78}},{"start":{"line":311,"column":78},"end":{"line":311,"column":115}},{"start":{"line":311,"column":115},"end":{"line":311,"column":null}}],"line":311},"24":{"loc":{"start":{"line":312,"column":38},"end":{"line":312,"column":null}},"type":"binary-expr","locations":[{"start":{"line":312,"column":38},"end":{"line":312,"column":61}},{"start":{"line":312,"column":61},"end":{"line":312,"column":84}},{"start":{"line":312,"column":84},"end":{"line":312,"column":null}}],"line":312},"25":{"loc":{"start":{"line":313,"column":41},"end":{"line":313,"column":null}},"type":"binary-expr","locations":[{"start":{"line":313,"column":41},"end":{"line":313,"column":75}},{"start":{"line":313,"column":75},"end":{"line":313,"column":109}},{"start":{"line":313,"column":109},"end":{"line":313,"column":null}}],"line":313},"26":{"loc":{"start":{"line":314,"column":43},"end":{"line":314,"column":null}},"type":"binary-expr","locations":[{"start":{"line":314,"column":43},"end":{"line":314,"column":71}},{"start":{"line":314,"column":71},"end":{"line":314,"column":99}},{"start":{"line":314,"column":99},"end":{"line":314,"column":null}}],"line":314},"27":{"loc":{"start":{"line":315,"column":39},"end":{"line":315,"column":null}},"type":"binary-expr","locations":[{"start":{"line":315,"column":39},"end":{"line":315,"column":52}},{"start":{"line":315,"column":56},"end":{"line":315,"column":69}},{"start":{"line":315,"column":73},"end":{"line":315,"column":null}}],"line":315},"28":{"loc":{"start":{"line":316,"column":42},"end":{"line":316,"column":null}},"type":"binary-expr","locations":[{"start":{"line":316,"column":42},"end":{"line":316,"column":56}},{"start":{"line":316,"column":60},"end":{"line":316,"column":74}},{"start":{"line":316,"column":78},"end":{"line":316,"column":null}}],"line":316},"29":{"loc":{"start":{"line":317,"column":37},"end":{"line":317,"column":null}},"type":"binary-expr","locations":[{"start":{"line":317,"column":37},"end":{"line":317,"column":46}},{"start":{"line":317,"column":50},"end":{"line":317,"column":59}},{"start":{"line":317,"column":63},"end":{"line":317,"column":null}}],"line":317},"30":{"loc":{"start":{"line":318,"column":44},"end":{"line":318,"column":null}},"type":"binary-expr","locations":[{"start":{"line":318,"column":44},"end":{"line":318,"column":59}},{"start":{"line":318,"column":63},"end":{"line":318,"column":79}},{"start":{"line":318,"column":83},"end":{"line":318,"column":null}}],"line":318},"31":{"loc":{"start":{"line":319,"column":39},"end":{"line":319,"column":null}},"type":"binary-expr","locations":[{"start":{"line":319,"column":39},"end":{"line":319,"column":50}},{"start":{"line":319,"column":54},"end":{"line":319,"column":65}},{"start":{"line":319,"column":69},"end":{"line":319,"column":null}}],"line":319},"32":{"loc":{"start":{"line":320,"column":40},"end":{"line":320,"column":null}},"type":"binary-expr","locations":[{"start":{"line":320,"column":40},"end":{"line":320,"column":52}},{"start":{"line":320,"column":56},"end":{"line":320,"column":68}},{"start":{"line":320,"column":72},"end":{"line":320,"column":null}}],"line":320},"33":{"loc":{"start":{"line":321,"column":40},"end":{"line":321,"column":null}},"type":"binary-expr","locations":[{"start":{"line":321,"column":40},"end":{"line":321,"column":52}},{"start":{"line":321,"column":56},"end":{"line":321,"column":68}},{"start":{"line":321,"column":72},"end":{"line":321,"column":null}}],"line":321},"34":{"loc":{"start":{"line":323,"column":41},"end":{"line":323,"column":null}},"type":"binary-expr","locations":[{"start":{"line":323,"column":41},"end":{"line":323,"column":62}},{"start":{"line":323,"column":66},"end":{"line":323,"column":87}},{"start":{"line":323,"column":91},"end":{"line":323,"column":null}}],"line":323},"35":{"loc":{"start":{"line":324,"column":42},"end":{"line":324,"column":null}},"type":"binary-expr","locations":[{"start":{"line":324,"column":42},"end":{"line":324,"column":58}},{"start":{"line":324,"column":62},"end":{"line":324,"column":80}},{"start":{"line":324,"column":84},"end":{"line":324,"column":null}}],"line":324},"36":{"loc":{"start":{"line":325,"column":44},"end":{"line":325,"column":null}},"type":"binary-expr","locations":[{"start":{"line":325,"column":44},"end":{"line":325,"column":63}},{"start":{"line":325,"column":67},"end":{"line":325,"column":87}},{"start":{"line":325,"column":91},"end":{"line":325,"column":null}}],"line":325},"37":{"loc":{"start":{"line":326,"column":45},"end":{"line":326,"column":null}},"type":"binary-expr","locations":[{"start":{"line":326,"column":45},"end":{"line":326,"column":65}},{"start":{"line":326,"column":69},"end":{"line":326,"column":90}},{"start":{"line":326,"column":94},"end":{"line":326,"column":null}}],"line":326},"38":{"loc":{"start":{"line":327,"column":48},"end":{"line":327,"column":null}},"type":"binary-expr","locations":[{"start":{"line":327,"column":48},"end":{"line":327,"column":71}},{"start":{"line":327,"column":75},"end":{"line":327,"column":99}},{"start":{"line":327,"column":103},"end":{"line":327,"column":null}}],"line":327},"39":{"loc":{"start":{"line":328,"column":47},"end":{"line":328,"column":null}},"type":"binary-expr","locations":[{"start":{"line":328,"column":47},"end":{"line":328,"column":70}},{"start":{"line":328,"column":74},"end":{"line":328,"column":97}},{"start":{"line":328,"column":101},"end":{"line":328,"column":null}}],"line":328},"40":{"loc":{"start":{"line":330,"column":47},"end":{"line":330,"column":null}},"type":"binary-expr","locations":[{"start":{"line":330,"column":47},"end":{"line":330,"column":98}},{"start":{"line":330,"column":102},"end":{"line":330,"column":154}},{"start":{"line":330,"column":158},"end":{"line":330,"column":null}}],"line":330},"41":{"loc":{"start":{"line":331,"column":43},"end":{"line":331,"column":null}},"type":"cond-expr","locations":[{"start":{"line":331,"column":96},"end":{"line":331,"column":187}},{"start":{"line":331,"column":190},"end":{"line":331,"column":null}}],"line":331},"42":{"loc":{"start":{"line":331,"column":43},"end":{"line":331,"column":93}},"type":"binary-expr","locations":[{"start":{"line":331,"column":43},"end":{"line":331,"column":66}},{"start":{"line":331,"column":70},"end":{"line":331,"column":93}}],"line":331},"43":{"loc":{"start":{"line":331,"column":110},"end":{"line":331,"column":160}},"type":"binary-expr","locations":[{"start":{"line":331,"column":110},"end":{"line":331,"column":133}},{"start":{"line":331,"column":137},"end":{"line":331,"column":160}}],"line":331},"44":{"loc":{"start":{"line":332,"column":39},"end":{"line":332,"column":null}},"type":"cond-expr","locations":[{"start":{"line":332,"column":84},"end":{"line":332,"column":167}},{"start":{"line":332,"column":170},"end":{"line":332,"column":null}}],"line":332},"45":{"loc":{"start":{"line":332,"column":39},"end":{"line":332,"column":81}},"type":"binary-expr","locations":[{"start":{"line":332,"column":39},"end":{"line":332,"column":58}},{"start":{"line":332,"column":62},"end":{"line":332,"column":81}}],"line":332},"46":{"loc":{"start":{"line":332,"column":98},"end":{"line":332,"column":140}},"type":"binary-expr","locations":[{"start":{"line":332,"column":98},"end":{"line":332,"column":117}},{"start":{"line":332,"column":121},"end":{"line":332,"column":140}}],"line":332},"47":{"loc":{"start":{"line":335,"column":40},"end":{"line":335,"column":null}},"type":"binary-expr","locations":[{"start":{"line":335,"column":40},"end":{"line":335,"column":73}},{"start":{"line":335,"column":73},"end":{"line":335,"column":111}},{"start":{"line":335,"column":111},"end":{"line":335,"column":null}}],"line":335},"48":{"loc":{"start":{"line":337,"column":50},"end":{"line":337,"column":125}},"type":"binary-expr","locations":[{"start":{"line":337,"column":50},"end":{"line":337,"column":74}},{"start":{"line":337,"column":78},"end":{"line":337,"column":125}}],"line":337},"49":{"loc":{"start":{"line":340,"column":36},"end":{"line":340,"column":65}},"type":"binary-expr","locations":[{"start":{"line":340,"column":36},"end":{"line":340,"column":43}},{"start":{"line":340,"column":47},"end":{"line":340,"column":54}},{"start":{"line":340,"column":58},"end":{"line":340,"column":65}}],"line":340},"50":{"loc":{"start":{"line":392,"column":15},"end":{"line":395,"column":null}},"type":"binary-expr","locations":[{"start":{"line":392,"column":15},"end":{"line":392,"column":32}},{"start":{"line":392,"column":32},"end":{"line":395,"column":null}}],"line":392},"51":{"loc":{"start":{"line":413,"column":16},"end":{"line":415,"column":null}},"type":"if","locations":[{"start":{"line":413,"column":16},"end":{"line":415,"column":null}},{"start":{},"end":{}}],"line":413},"52":{"loc":{"start":{"line":417,"column":30},"end":{"line":417,"column":null}},"type":"cond-expr","locations":[{"start":{"line":417,"column":55},"end":{"line":417,"column":65}},{"start":{"line":417,"column":65},"end":{"line":417,"column":null}}],"line":417},"53":{"loc":{"start":{"line":420,"column":18},"end":{"line":420,"column":42}},"type":"if","locations":[{"start":{"line":420,"column":18},"end":{"line":420,"column":42}},{"start":{},"end":{}}],"line":420},"54":{"loc":{"start":{"line":422,"column":35},"end":{"line":422,"column":null}},"type":"binary-expr","locations":[{"start":{"line":422,"column":35},"end":{"line":422,"column":72}},{"start":{"line":422,"column":72},"end":{"line":422,"column":109}},{"start":{"line":422,"column":109},"end":{"line":422,"column":null}}],"line":422},"55":{"loc":{"start":{"line":423,"column":32},"end":{"line":423,"column":null}},"type":"binary-expr","locations":[{"start":{"line":423,"column":32},"end":{"line":423,"column":55}},{"start":{"line":423,"column":55},"end":{"line":423,"column":78}},{"start":{"line":423,"column":78},"end":{"line":423,"column":null}}],"line":423},"56":{"loc":{"start":{"line":424,"column":35},"end":{"line":424,"column":null}},"type":"binary-expr","locations":[{"start":{"line":424,"column":35},"end":{"line":424,"column":69}},{"start":{"line":424,"column":69},"end":{"line":424,"column":103}},{"start":{"line":424,"column":103},"end":{"line":424,"column":null}}],"line":424},"57":{"loc":{"start":{"line":425,"column":37},"end":{"line":425,"column":null}},"type":"binary-expr","locations":[{"start":{"line":425,"column":37},"end":{"line":425,"column":65}},{"start":{"line":425,"column":65},"end":{"line":425,"column":93}},{"start":{"line":425,"column":93},"end":{"line":425,"column":null}}],"line":425},"58":{"loc":{"start":{"line":426,"column":33},"end":{"line":426,"column":null}},"type":"binary-expr","locations":[{"start":{"line":426,"column":33},"end":{"line":426,"column":46}},{"start":{"line":426,"column":50},"end":{"line":426,"column":63}},{"start":{"line":426,"column":67},"end":{"line":426,"column":null}}],"line":426},"59":{"loc":{"start":{"line":427,"column":36},"end":{"line":427,"column":null}},"type":"binary-expr","locations":[{"start":{"line":427,"column":36},"end":{"line":427,"column":50}},{"start":{"line":427,"column":54},"end":{"line":427,"column":68}},{"start":{"line":427,"column":72},"end":{"line":427,"column":null}}],"line":427},"60":{"loc":{"start":{"line":428,"column":31},"end":{"line":428,"column":null}},"type":"binary-expr","locations":[{"start":{"line":428,"column":31},"end":{"line":428,"column":40}},{"start":{"line":428,"column":44},"end":{"line":428,"column":53}},{"start":{"line":428,"column":57},"end":{"line":428,"column":null}}],"line":428},"61":{"loc":{"start":{"line":429,"column":38},"end":{"line":429,"column":82}},"type":"binary-expr","locations":[{"start":{"line":429,"column":38},"end":{"line":429,"column":53}},{"start":{"line":429,"column":57},"end":{"line":429,"column":73}},{"start":{"line":429,"column":77},"end":{"line":429,"column":82}}],"line":429},"62":{"loc":{"start":{"line":430,"column":33},"end":{"line":430,"column":null}},"type":"binary-expr","locations":[{"start":{"line":430,"column":33},"end":{"line":430,"column":44}},{"start":{"line":430,"column":48},"end":{"line":430,"column":59}},{"start":{"line":430,"column":63},"end":{"line":430,"column":null}}],"line":430},"63":{"loc":{"start":{"line":431,"column":34},"end":{"line":431,"column":null}},"type":"binary-expr","locations":[{"start":{"line":431,"column":34},"end":{"line":431,"column":46}},{"start":{"line":431,"column":50},"end":{"line":431,"column":62}},{"start":{"line":431,"column":66},"end":{"line":431,"column":null}}],"line":431},"64":{"loc":{"start":{"line":432,"column":34},"end":{"line":432,"column":null}},"type":"binary-expr","locations":[{"start":{"line":432,"column":34},"end":{"line":432,"column":46}},{"start":{"line":432,"column":50},"end":{"line":432,"column":62}},{"start":{"line":432,"column":66},"end":{"line":432,"column":null}}],"line":432},"65":{"loc":{"start":{"line":435,"column":35},"end":{"line":435,"column":null}},"type":"binary-expr","locations":[{"start":{"line":435,"column":35},"end":{"line":435,"column":56}},{"start":{"line":435,"column":60},"end":{"line":435,"column":81}},{"start":{"line":435,"column":85},"end":{"line":435,"column":null}}],"line":435},"66":{"loc":{"start":{"line":436,"column":36},"end":{"line":436,"column":null}},"type":"binary-expr","locations":[{"start":{"line":436,"column":36},"end":{"line":436,"column":52}},{"start":{"line":436,"column":56},"end":{"line":436,"column":74}},{"start":{"line":436,"column":78},"end":{"line":436,"column":null}}],"line":436},"67":{"loc":{"start":{"line":437,"column":38},"end":{"line":437,"column":null}},"type":"binary-expr","locations":[{"start":{"line":437,"column":38},"end":{"line":437,"column":57}},{"start":{"line":437,"column":61},"end":{"line":437,"column":81}},{"start":{"line":437,"column":85},"end":{"line":437,"column":null}}],"line":437},"68":{"loc":{"start":{"line":438,"column":39},"end":{"line":438,"column":null}},"type":"binary-expr","locations":[{"start":{"line":438,"column":39},"end":{"line":438,"column":59}},{"start":{"line":438,"column":63},"end":{"line":438,"column":84}},{"start":{"line":438,"column":88},"end":{"line":438,"column":null}}],"line":438},"69":{"loc":{"start":{"line":439,"column":42},"end":{"line":439,"column":null}},"type":"binary-expr","locations":[{"start":{"line":439,"column":42},"end":{"line":439,"column":65}},{"start":{"line":439,"column":69},"end":{"line":439,"column":93}},{"start":{"line":439,"column":97},"end":{"line":439,"column":null}}],"line":439},"70":{"loc":{"start":{"line":440,"column":41},"end":{"line":440,"column":null}},"type":"binary-expr","locations":[{"start":{"line":440,"column":41},"end":{"line":440,"column":64}},{"start":{"line":440,"column":68},"end":{"line":440,"column":91}},{"start":{"line":440,"column":95},"end":{"line":440,"column":null}}],"line":440},"71":{"loc":{"start":{"line":444,"column":44},"end":{"line":444,"column":119}},"type":"binary-expr","locations":[{"start":{"line":444,"column":44},"end":{"line":444,"column":68}},{"start":{"line":444,"column":72},"end":{"line":444,"column":119}}],"line":444},"72":{"loc":{"start":{"line":447,"column":31},"end":{"line":447,"column":60}},"type":"binary-expr","locations":[{"start":{"line":447,"column":31},"end":{"line":447,"column":38}},{"start":{"line":447,"column":42},"end":{"line":447,"column":49}},{"start":{"line":447,"column":53},"end":{"line":447,"column":60}}],"line":447},"73":{"loc":{"start":{"line":514,"column":9},"end":{"line":517,"column":null}},"type":"binary-expr","locations":[{"start":{"line":514,"column":9},"end":{"line":514,"column":26}},{"start":{"line":514,"column":26},"end":{"line":517,"column":null}}],"line":514},"74":{"loc":{"start":{"line":528,"column":11},"end":{"line":541,"column":null}},"type":"binary-expr","locations":[{"start":{"line":528,"column":11},"end":{"line":528,"column":null}},{"start":{"line":528,"column":12},"end":{"line":541,"column":null}}],"line":528},"75":{"loc":{"start":{"line":534,"column":15},"end":{"line":541,"column":null}},"type":"cond-expr","locations":[{"start":{"line":534,"column":15},"end":{"line":540,"column":null}},{"start":{"line":540,"column":16},"end":{"line":541,"column":null}}],"line":534},"76":{"loc":{"start":{"line":549,"column":11},"end":{"line":572,"column":null}},"type":"binary-expr","locations":[{"start":{"line":549,"column":11},"end":{"line":549,"column":44}},{"start":{"line":549,"column":44},"end":{"line":549,"column":null}},{"start":{"line":549,"column":45},"end":{"line":572,"column":null}}],"line":549},"77":{"loc":{"start":{"line":556,"column":17},"end":{"line":559,"column":null}},"type":"cond-expr","locations":[{"start":{"line":556,"column":17},"end":{"line":559,"column":19}},{"start":{"line":559,"column":18},"end":{"line":559,"column":null}}],"line":556},"78":{"loc":{"start":{"line":568,"column":17},"end":{"line":571,"column":null}},"type":"cond-expr","locations":[{"start":{"line":568,"column":17},"end":{"line":571,"column":19}},{"start":{"line":571,"column":18},"end":{"line":571,"column":null}}],"line":568},"79":{"loc":{"start":{"line":588,"column":13},"end":{"line":591,"column":null}},"type":"binary-expr","locations":[{"start":{"line":588,"column":13},"end":{"line":588,"column":null}},{"start":{"line":588,"column":13},"end":{"line":591,"column":null}}],"line":588},"80":{"loc":{"start":{"line":596,"column":13},"end":{"line":596,"column":null}},"type":"binary-expr","locations":[{"start":{"line":596,"column":13},"end":{"line":596,"column":23}},{"start":{"line":596,"column":23},"end":{"line":596,"column":null}}],"line":596},"81":{"loc":{"start":{"line":599,"column":11},"end":{"line":693,"column":null}},"type":"binary-expr","locations":[{"start":{"line":599,"column":11},"end":{"line":599,"column":null}},{"start":{"line":599,"column":11},"end":{"line":693,"column":null}}],"line":599},"82":{"loc":{"start":{"line":605,"column":58},"end":{"line":605,"column":null}},"type":"binary-expr","locations":[{"start":{"line":605,"column":58},"end":{"line":605,"column":86}},{"start":{"line":605,"column":86},"end":{"line":605,"column":null}}],"line":605},"83":{"loc":{"start":{"line":614,"column":15},"end":{"line":617,"column":null}},"type":"binary-expr","locations":[{"start":{"line":614,"column":15},"end":{"line":614,"column":null}},{"start":{"line":614,"column":29},"end":{"line":617,"column":null}}],"line":614},"84":{"loc":{"start":{"line":635,"column":18},"end":{"line":644,"column":null}},"type":"if","locations":[{"start":{"line":635,"column":18},"end":{"line":644,"column":null}},{"start":{},"end":{}}],"line":635},"85":{"loc":{"start":{"line":635,"column":22},"end":{"line":635,"column":84}},"type":"binary-expr","locations":[{"start":{"line":635,"column":22},"end":{"line":635,"column":54}},{"start":{"line":635,"column":54},"end":{"line":635,"column":84}}],"line":635},"86":{"loc":{"start":{"line":652,"column":24},"end":{"line":658,"column":null}},"type":"if","locations":[{"start":{"line":652,"column":24},"end":{"line":658,"column":null}},{"start":{"line":654,"column":31},"end":{"line":658,"column":null}}],"line":652},"87":{"loc":{"start":{"line":654,"column":31},"end":{"line":658,"column":null}},"type":"if","locations":[{"start":{"line":654,"column":31},"end":{"line":658,"column":null}},{"start":{"line":656,"column":31},"end":{"line":658,"column":null}}],"line":654},"88":{"loc":{"start":{"line":665,"column":133},"end":{"line":669,"column":null}},"type":"cond-expr","locations":[{"start":{"line":666,"column":36},"end":{"line":666,"column":null}},{"start":{"line":667,"column":36},"end":{"line":669,"column":null}}],"line":665},"89":{"loc":{"start":{"line":667,"column":36},"end":{"line":669,"column":null}},"type":"cond-expr","locations":[{"start":{"line":668,"column":38},"end":{"line":668,"column":null}},{"start":{"line":669,"column":38},"end":{"line":669,"column":null}}],"line":667},"90":{"loc":{"start":{"line":675,"column":63},"end":{"line":675,"column":null}},"type":"cond-expr","locations":[{"start":{"line":675,"column":75},"end":{"line":675,"column":108}},{"start":{"line":675,"column":108},"end":{"line":675,"column":null}}],"line":675},"91":{"loc":{"start":{"line":678,"column":33},"end":{"line":678,"column":null}},"type":"binary-expr","locations":[{"start":{"line":678,"column":33},"end":{"line":678,"column":53}},{"start":{"line":678,"column":57},"end":{"line":678,"column":null}}],"line":678},"92":{"loc":{"start":{"line":682,"column":29},"end":{"line":684,"column":null}},"type":"binary-expr","locations":[{"start":{"line":682,"column":29},"end":{"line":682,"column":null}},{"start":{"line":682,"column":52},"end":{"line":684,"column":null}}],"line":682},"93":{"loc":{"start":{"line":684,"column":67},"end":{"line":684,"column":null}},"type":"cond-expr","locations":[{"start":{"line":684,"column":87},"end":{"line":684,"column":104}},{"start":{"line":684,"column":104},"end":{"line":684,"column":null}}],"line":684}},"s":{"0":0,"1":0,"2":0,"3":0,"4":0,"5":0,"6":0,"7":0,"8":0,"9":0,"10":0,"11":0,"12":0,"13":0,"14":0,"15":0,"16":0,"17":0,"18":0,"19":0,"20":0,"21":0,"22":0,"23":0,"24":0,"25":0,"26":0,"27":0,"28":0,"29":0,"30":0,"31":0,"32":0,"33":0,"34":0,"35":0,"36":0,"37":0,"38":0,"39":0,"40":0,"41":0,"42":0,"43":0,"44":0,"45":0,"46":0,"47":0,"48":0,"49":0,"50":0,"51":0,"52":0,"53":0,"54":0,"55":0,"56":0,"57":0,"58":0,"59":0,"60":0,"61":0,"62":0,"63":0,"64":0,"65":0,"66":0,"67":0,"68":0,"69":0,"70":0,"71":0,"72":0,"73":0,"74":0,"75":0,"76":0,"77":0,"78":0,"79":0,"80":0,"81":0,"82":0,"83":0,"84":0,"85":0,"86":0,"87":0,"88":0,"89":0,"90":0,"91":0,"92":0,"93":0,"94":0,"95":0,"96":0,"97":0,"98":0,"99":0,"100":0,"101":0,"102":0,"103":0,"104":0,"105":0,"106":0,"107":0,"108":0,"109":0,"110":0,"111":0,"112":0,"113":0,"114":0,"115":0,"116":0,"117":0,"118":0,"119":0,"120":0,"121":0,"122":0,"123":0,"124":0,"125":0,"126":0,"127":0,"128":0,"129":0,"130":0,"131":0,"132":0,"133":0,"134":0,"135":0,"136":0,"137":0,"138":0,"139":0,"140":0,"141":0,"142":0,"143":0,"144":0,"145":0,"146":0,"147":0,"148":0,"149":0,"150":0,"151":0,"152":0,"153":0,"154":0,"155":0,"156":0,"157":0,"158":0,"159":0,"160":0,"161":0,"162":0,"163":0,"164":0,"165":0,"166":0,"167":0,"168":0,"169":0,"170":0,"171":0,"172":0,"173":0,"174":0,"175":0,"176":0},"f":{"0":0,"1":0,"2":0,"3":0,"4":0,"5":0,"6":0,"7":0,"8":0,"9":0,"10":0,"11":0,"12":0,"13":0,"14":0,"15":0,"16":0,"17":0,"18":0,"19":0},"b":{"0":[0,0],"1":[0,0],"2":[0,0],"3":[0,0],"4":[0,0],"5":[0,0],"6":[0,0],"7":[0,0],"8":[0,0],"9":[0,0,0,0,0,0,0,0],"10":[0,0],"11":[0,0],"12":[0,0],"13":[0,0],"14":[0,0],"15":[0,0],"16":[0,0],"17":[0,0],"18":[0,0],"19":[0,0],"20":[0,0],"21":[0,0],"22":[0,0],"23":[0,0,0],"24":[0,0,0],"25":[0,0,0],"26":[0,0,0],"27":[0,0,0],"28":[0,0,0],"29":[0,0,0],"30":[0,0,0],"31":[0,0,0],"32":[0,0,0],"33":[0,0,0],"34":[0,0,0],"35":[0,0,0],"36":[0,0,0],"37":[0,0,0],"38":[0,0,0],"39":[0,0,0],"40":[0,0,0],"41":[0,0],"42":[0,0],"43":[0,0],"44":[0,0],"45":[0,0],"46":[0,0],"47":[0,0,0],"48":[0,0],"49":[0,0,0],"50":[0,0],"51":[0,0],"52":[0,0],"53":[0,0],"54":[0,0,0],"55":[0,0,0],"56":[0,0,0],"57":[0,0,0],"58":[0,0,0],"59":[0,0,0],"60":[0,0,0],"61":[0,0,0],"62":[0,0,0],"63":[0,0,0],"64":[0,0,0],"65":[0,0,0],"66":[0,0,0],"67":[0,0,0],"68":[0,0,0],"69":[0,0,0],"70":[0,0,0],"71":[0,0],"72":[0,0,0],"73":[0,0],"74":[0,0],"75":[0,0],"76":[0,0,0],"77":[0,0],"78":[0,0],"79":[0,0],"80":[0,0],"81":[0,0],"82":[0,0],"83":[0,0],"84":[0,0],"85":[0,0],"86":[0,0],"87":[0,0],"88":[0,0],"89":[0,0],"90":[0,0],"91":[0,0],"92":[0,0],"93":[0,0]},"meta":{"lastBranch":94,"lastFunction":20,"lastStatement":177,"seen":{"s:76:27:83:Infinity":0,"f:76:27:76:28":0,"b:77:2:77:Infinity:undefined:undefined:undefined:undefined":0,"s:77:2:77:Infinity":1,"s:77:22:77:Infinity":2,"b:78:2:78:Infinity:undefined:undefined:undefined:undefined":1,"s:78:2:78:Infinity":3,"s:78:27:78:Infinity":4,"b:79:2:79:Infinity:undefined:undefined:undefined:undefined":2,"s:79:2:79:Infinity":5,"s:79:34:79:Infinity":6,"b:80:2:80:Infinity:undefined:undefined:undefined:undefined":3,"s:80:2:80:Infinity":7,"s:80:33:80:Infinity":8,"b:81:2:81:Infinity:undefined:undefined:undefined:undefined":4,"s:81:2:81:Infinity":9,"s:81:33:81:Infinity":10,"s:82:2:82:Infinity":11,"s:86:29:90:Infinity":12,"f:86:29:86:30":1,"b:87:2:87:Infinity:undefined:undefined:undefined:undefined":5,"s:87:2:87:Infinity":13,"s:87:29:87:Infinity":14,"b:88:2:88:Infinity:undefined:undefined:undefined:undefined":6,"s:88:2:88:Infinity":15,"s:88:28:88:Infinity":16,"s:89:2:89:Infinity":17,"s:98:66:703:Infinity":18,"f:98:66:98:67":2,"s:103:27:103:Infinity":19,"s:104:29:104:Infinity":20,"s:105:25:105:Infinity":21,"s:106:47:106:Infinity":22,"s:107:45:107:Infinity":23,"s:110:22:110:Infinity":24,"s:112:8:112:Infinity":25,"s:113:17:113:Infinity":26,"s:115:2:132:Infinity":27,"f:115:12:115:Infinity":3,"b:116:4:131:Infinity:undefined:undefined:undefined:undefined":7,"s:116:4:131:Infinity":28,"b:116:8:116:16:116:16:116:26":8,"s:117:26:128:Infinity":29,"f:117:26:117:Infinity":4,"s:118:8:127:Infinity":30,"s:119:10:119:Infinity":31,"s:120:10:120:Infinity":32,"s:121:23:121:Infinity":33,"s:122:10:122:Infinity":34,"s:124:10:124:Infinity":35,"s:126:10:126:Infinity":36,"s:130:6:130:Infinity":37,"s:134:25:153:Infinity":38,"f:134:25:134:26":5,"b:136:6:137:Infinity:138:6:139:Infinity:140:6:141:Infinity:142:6:143:Infinity:144:6:145:Infinity:146:6:147:Infinity:148:6:149:Infinity:150:6:151:Infinity":9,"s:135:4:152:Infinity":39,"s:137:8:137:Infinity":40,"s:139:8:139:Infinity":41,"s:141:8:141:Infinity":42,"s:143:8:143:Infinity":43,"s:145:8:145:Infinity":44,"s:147:8:147:Infinity":45,"s:149:8:149:Infinity":46,"s:151:8:151:Infinity":47,"s:155:29:182:Infinity":48,"f:155:29:155:36":6,"b:156:4:156:Infinity:undefined:undefined:undefined:undefined":10,"s:156:4:156:Infinity":49,"b:156:8:156:21:156:21:156:30":11,"s:156:30:156:Infinity":50,"s:159:27:159:40":51,"s:162:4:162:Infinity":52,"f:162:14:162:23":7,"s:162:23:162:Infinity":53,"s:163:4:163:Infinity":54,"s:165:4:181:Infinity":55,"s:167:6:167:Infinity":56,"s:172:6:172:Infinity":57,"f:172:16:172:25":8,"s:172:25:172:Infinity":58,"s:174:6:178:Infinity":59,"s:180:6:180:Infinity":60,"s:184:40:250:Infinity":61,"f:184:40:184:Infinity":9,"b:185:4:185:Infinity:undefined:undefined:undefined:undefined":12,"s:185:4:185:Infinity":62,"b:185:8:185:31:185:35:185:44":13,"s:185:44:185:Infinity":63,"s:187:4:249:Infinity":64,"s:188:6:188:Infinity":65,"s:191:32:191:Infinity":66,"b:191:85:191:114:191:117:191:Infinity":14,"s:192:23:192:143":67,"b:192:45:192:60:192:64:192:75":15,"s:195:18:199:Infinity":68,"s:201:22:201:44":69,"s:204:21:208:Infinity":70,"s:211:22:211:Infinity":71,"s:214:23:214:Infinity":72,"s:215:24:215:Infinity":73,"s:216:26:216:54":74,"s:217:23:217:Infinity":75,"s:218:24:218:Infinity":76,"s:221:6:221:Infinity":77,"s:224:23:224:Infinity":78,"s:225:21:225:Infinity":79,"s:227:6:232:Infinity":80,"s:228:8:228:Infinity":81,"s:229:8:229:Infinity":82,"s:230:8:230:Infinity":83,"s:231:8:231:Infinity":84,"s:235:6:235:Infinity":85,"s:237:6:240:Infinity":86,"s:242:6:246:Infinity":87,"s:248:6:248:Infinity":88,"s:255:24:580:Infinity":89,"f:255:24:255:Infinity":10,"b:256:4:263:Infinity:undefined:undefined:undefined:undefined":16,"s:256:4:263:Infinity":90,"s:257:6:260:Infinity":91,"b:265:4:271:Infinity:undefined:undefined:undefined:undefined":17,"s:265:4:271:Infinity":92,"s:266:6:268:Infinity":93,"b:273:4:279:Infinity:undefined:undefined:undefined:undefined":18,"s:273:4:279:Infinity":94,"s:274:6:275:Infinity":95,"s:281:4:572:Infinity":96,"b:298:15:298:35:298:35:387:Infinity":19,"f:302:22:302:Infinity":11,"s:303:45:303:65":97,"b:304:22:306:Infinity:undefined:undefined:undefined:undefined":20,"s:304:22:306:Infinity":98,"s:305:24:305:Infinity":99,"s:305:30:305:61":100,"s:307:36:307:Infinity":101,"b:307:61:307:71:307:71:307:Infinity":21,"s:309:22:386:Infinity":102,"f:309:39:309:40":12,"b:310:24:310:48:undefined:undefined:undefined:undefined":22,"s:310:24:310:48":103,"s:310:35:310:48":104,"s:311:41:311:Infinity":105,"b:311:41:311:78:311:78:311:115:311:115:311:Infinity":23,"s:312:38:312:Infinity":106,"b:312:38:312:61:312:61:312:84:312:84:312:Infinity":24,"s:313:41:313:Infinity":107,"b:313:41:313:75:313:75:313:109:313:109:313:Infinity":25,"s:314:43:314:Infinity":108,"b:314:43:314:71:314:71:314:99:314:99:314:Infinity":26,"s:315:39:315:Infinity":109,"b:315:39:315:52:315:56:315:69:315:73:315:Infinity":27,"s:316:42:316:Infinity":110,"b:316:42:316:56:316:60:316:74:316:78:316:Infinity":28,"s:317:37:317:Infinity":111,"b:317:37:317:46:317:50:317:59:317:63:317:Infinity":29,"s:318:44:318:Infinity":112,"b:318:44:318:59:318:63:318:79:318:83:318:Infinity":30,"s:319:39:319:Infinity":113,"b:319:39:319:50:319:54:319:65:319:69:319:Infinity":31,"s:320:40:320:Infinity":114,"b:320:40:320:52:320:56:320:68:320:72:320:Infinity":32,"s:321:40:321:Infinity":115,"b:321:40:321:52:321:56:321:68:321:72:321:Infinity":33,"s:323:41:323:Infinity":116,"b:323:41:323:62:323:66:323:87:323:91:323:Infinity":34,"s:324:42:324:Infinity":117,"b:324:42:324:58:324:62:324:80:324:84:324:Infinity":35,"s:325:44:325:Infinity":118,"b:325:44:325:63:325:67:325:87:325:91:325:Infinity":36,"s:326:45:326:Infinity":119,"b:326:45:326:65:326:69:326:90:326:94:326:Infinity":37,"s:327:48:327:Infinity":120,"b:327:48:327:71:327:75:327:99:327:103:327:Infinity":38,"s:328:47:328:Infinity":121,"b:328:47:328:70:328:74:328:97:328:101:328:Infinity":39,"s:330:47:330:Infinity":122,"b:330:47:330:98:330:102:330:154:330:158:330:Infinity":40,"s:331:43:331:Infinity":123,"b:331:96:331:187:331:190:331:Infinity":41,"b:331:43:331:66:331:70:331:93":42,"b:331:110:331:133:331:137:331:160":43,"s:332:39:332:Infinity":124,"b:332:84:332:167:332:170:332:Infinity":44,"b:332:39:332:58:332:62:332:81":45,"b:332:98:332:117:332:121:332:140":46,"s:333:48:333:77":125,"s:334:53:334:82":126,"s:335:40:335:Infinity":127,"b:335:40:335:73:335:73:335:111:335:111:335:Infinity":47,"s:337:50:337:125":128,"b:337:50:337:74:337:78:337:125":48,"s:339:24:340:65":129,"b:340:36:340:43:340:47:340:54:340:58:340:65":49,"b:392:15:392:32:392:32:395:Infinity":50,"f:409:16:409:Infinity":13,"s:410:39:410:59":130,"b:413:16:415:Infinity:undefined:undefined:undefined:undefined":51,"s:413:16:415:Infinity":131,"s:414:18:414:Infinity":132,"s:414:24:414:55":133,"s:417:30:417:Infinity":134,"b:417:55:417:65:417:65:417:Infinity":52,"s:419:16:498:Infinity":135,"f:419:33:419:34":14,"b:420:18:420:42:undefined:undefined:undefined:undefined":53,"s:420:18:420:42":136,"s:420:29:420:42":137,"s:422:35:422:Infinity":138,"b:422:35:422:72:422:72:422:109:422:109:422:Infinity":54,"s:423:32:423:Infinity":139,"b:423:32:423:55:423:55:423:78:423:78:423:Infinity":55,"s:424:35:424:Infinity":140,"b:424:35:424:69:424:69:424:103:424:103:424:Infinity":56,"s:425:37:425:Infinity":141,"b:425:37:425:65:425:65:425:93:425:93:425:Infinity":57,"s:426:33:426:Infinity":142,"b:426:33:426:46:426:50:426:63:426:67:426:Infinity":58,"s:427:36:427:Infinity":143,"b:427:36:427:50:427:54:427:68:427:72:427:Infinity":59,"s:428:31:428:Infinity":144,"b:428:31:428:40:428:44:428:53:428:57:428:Infinity":60,"s:429:38:429:82":145,"b:429:38:429:53:429:57:429:73:429:77:429:82":61,"s:430:33:430:Infinity":146,"b:430:33:430:44:430:48:430:59:430:63:430:Infinity":62,"s:431:34:431:Infinity":147,"b:431:34:431:46:431:50:431:62:431:66:431:Infinity":63,"s:432:34:432:Infinity":148,"b:432:34:432:46:432:50:432:62:432:66:432:Infinity":64,"s:435:35:435:Infinity":149,"b:435:35:435:56:435:60:435:81:435:85:435:Infinity":65,"s:436:36:436:Infinity":150,"b:436:36:436:52:436:56:436:74:436:78:436:Infinity":66,"s:437:38:437:Infinity":151,"b:437:38:437:57:437:61:437:81:437:85:437:Infinity":67,"s:438:39:438:Infinity":152,"b:438:39:438:59:438:63:438:84:438:88:438:Infinity":68,"s:439:42:439:Infinity":153,"b:439:42:439:65:439:69:439:93:439:97:439:Infinity":69,"s:440:41:440:Infinity":154,"b:440:41:440:64:440:68:440:91:440:95:440:Infinity":70,"s:444:44:444:119":155,"b:444:44:444:68:444:72:444:119":71,"s:446:18:447:60":156,"b:447:31:447:38:447:42:447:49:447:53:447:60":72,"b:514:9:514:26:514:26:517:Infinity":73,"f:522:45:522:51":15,"s:522:51:522:Infinity":157,"b:528:11:528:Infinity:528:12:541:Infinity":74,"b:534:15:540:Infinity:540:16:541:Infinity":75,"b:549:11:549:44:549:44:549:Infinity:549:45:572:Infinity":76,"f:552:25:552:31":16,"s:552:31:552:Infinity":158,"b:556:17:559:19:559:18:559:Infinity":77,"f:564:25:564:31":17,"s:564:31:564:Infinity":159,"b:568:17:571:19:571:18:571:Infinity":78,"s:582:2:699:Infinity":160,"b:588:13:588:Infinity:588:13:591:Infinity":79,"b:596:13:596:23:596:23:596:Infinity":80,"b:599:11:599:Infinity:599:11:693:Infinity":81,"b:605:58:605:86:605:86:605:Infinity":82,"b:614:15:614:Infinity:614:29:617:Infinity":83,"f:623:18:623:Infinity":18,"s:624:34:624:Infinity":161,"s:625:63:630:Infinity":162,"s:631:39:631:52":163,"s:632:38:632:Infinity":164,"b:635:18:644:Infinity:undefined:undefined:undefined:undefined":84,"s:635:18:644:Infinity":165,"b:635:22:635:54:635:54:635:84":85,"s:636:20:641:Infinity":166,"s:646:18:690:Infinity":167,"f:648:35:648:36":19,"s:649:39:649:Infinity":168,"s:650:42:650:Infinity":169,"b:652:24:658:Infinity:654:31:658:Infinity":86,"s:652:24:658:Infinity":170,"s:653:26:653:Infinity":171,"b:654:31:658:Infinity:656:31:658:Infinity":87,"s:654:31:658:Infinity":172,"s:655:26:655:Infinity":173,"s:657:26:657:Infinity":174,"s:660:24:661:44":175,"b:666:36:666:Infinity:667:36:669:Infinity":88,"b:668:38:668:Infinity:669:38:669:Infinity":89,"b:675:75:675:108:675:108:675:Infinity":90,"b:678:33:678:53:678:57:678:Infinity":91,"b:682:29:682:Infinity:682:52:684:Infinity":92,"b:684:87:684:104:684:104:684:Infinity":93,"s:705:34:705:Infinity":176}}}
,"/Users/pacosemino/Desktop/Rosental/appminuta/frontend/src/components/minutas/ListaMinutasDefinitivasAdmin.tsx": {"path":"/Users/pacosemino/Desktop/Rosental/appminuta/frontend/src/components/minutas/ListaMinutasDefinitivasAdmin.tsx","statementMap":{"0":{"start":{"line":31,"column":6},"end":{"line":31,"column":null}},"1":{"start":{"line":31,"column":38},"end":{"line":31,"column":null}},"2":{"start":{"line":31,"column":104},"end":{"line":31,"column":null}},"3":{"start":{"line":42,"column":89},"end":{"line":486,"column":null}},"4":{"start":{"line":43,"column":35},"end":{"line":43,"column":null}},"5":{"start":{"line":44,"column":33},"end":{"line":44,"column":null}},"6":{"start":{"line":45,"column":17},"end":{"line":45,"column":null}},"7":{"start":{"line":48,"column":37},"end":{"line":48,"column":null}},"8":{"start":{"line":49,"column":31},"end":{"line":49,"column":null}},"9":{"start":{"line":52,"column":47},"end":{"line":52,"column":null}},"10":{"start":{"line":53,"column":33},"end":{"line":53,"column":null}},"11":{"start":{"line":56,"column":45},"end":{"line":56,"column":null}},"12":{"start":{"line":57,"column":43},"end":{"line":57,"column":null}},"13":{"start":{"line":60,"column":43},"end":{"line":62,"column":null}},"14":{"start":{"line":65,"column":8},"end":{"line":65,"column":null}},"15":{"start":{"line":68,"column":8},"end":{"line":68,"column":null}},"16":{"start":{"line":71,"column":8},"end":{"line":91,"column":null}},"17":{"start":{"line":72,"column":18},"end":{"line":72,"column":34}},"18":{"start":{"line":75,"column":4},"end":{"line":77,"column":null}},"19":{"start":{"line":76,"column":6},"end":{"line":76,"column":null}},"20":{"start":{"line":76,"column":36},"end":{"line":76,"column":null}},"21":{"start":{"line":80,"column":4},"end":{"line":88,"column":null}},"22":{"start":{"line":81,"column":19},"end":{"line":81,"column":null}},"23":{"start":{"line":82,"column":6},"end":{"line":87,"column":null}},"24":{"start":{"line":83,"column":31},"end":{"line":83,"column":null}},"25":{"start":{"line":84,"column":27},"end":{"line":84,"column":null}},"26":{"start":{"line":85,"column":26},"end":{"line":85,"column":null}},"27":{"start":{"line":86,"column":8},"end":{"line":86,"column":null}},"28":{"start":{"line":90,"column":4},"end":{"line":90,"column":null}},"29":{"start":{"line":94,"column":8},"end":{"line":104,"column":null}},"30":{"start":{"line":95,"column":23},"end":{"line":95,"column":39}},"31":{"start":{"line":96,"column":4},"end":{"line":103,"column":null}},"32":{"start":{"line":98,"column":40},"end":{"line":98,"column":66}},"33":{"start":{"line":99,"column":41},"end":{"line":99,"column":68}},"34":{"start":{"line":100,"column":39},"end":{"line":100,"column":64}},"35":{"start":{"line":101,"column":38},"end":{"line":101,"column":62}},"36":{"start":{"line":102,"column":40},"end":{"line":102,"column":66}},"37":{"start":{"line":107,"column":8},"end":{"line":107,"column":null}},"38":{"start":{"line":108,"column":8},"end":{"line":113,"column":null}},"39":{"start":{"line":110,"column":28},"end":{"line":110,"column":45}},"40":{"start":{"line":111,"column":24},"end":{"line":111,"column":null}},"41":{"start":{"line":115,"column":44},"end":{"line":115,"column":null}},"42":{"start":{"line":116,"column":23},"end":{"line":116,"column":null}},"43":{"start":{"line":117,"column":21},"end":{"line":117,"column":null}},"44":{"start":{"line":118,"column":24},"end":{"line":120,"column":null}},"45":{"start":{"line":122,"column":8},"end":{"line":125,"column":null}},"46":{"start":{"line":123,"column":4},"end":{"line":123,"column":null}},"47":{"start":{"line":124,"column":4},"end":{"line":124,"column":null}},"48":{"start":{"line":127,"column":8},"end":{"line":146,"column":null}},"49":{"start":{"line":132,"column":4},"end":{"line":145,"column":null}},"50":{"start":{"line":133,"column":6},"end":{"line":133,"column":null}},"51":{"start":{"line":134,"column":6},"end":{"line":137,"column":null}},"52":{"start":{"line":139,"column":27},"end":{"line":139,"column":null}},"53":{"start":{"line":140,"column":6},"end":{"line":144,"column":null}},"54":{"start":{"line":149,"column":8},"end":{"line":152,"column":null}},"55":{"start":{"line":150,"column":4},"end":{"line":150,"column":null}},"56":{"start":{"line":151,"column":4},"end":{"line":151,"column":null}},"57":{"start":{"line":155,"column":30},"end":{"line":159,"column":null}},"58":{"start":{"line":156,"column":4},"end":{"line":156,"column":null}},"59":{"start":{"line":156,"column":25},"end":{"line":156,"column":null}},"60":{"start":{"line":157,"column":4},"end":{"line":157,"column":null}},"61":{"start":{"line":158,"column":4},"end":{"line":158,"column":null}},"62":{"start":{"line":163,"column":2},"end":{"line":482,"column":null}},"63":{"start":{"line":214,"column":29},"end":{"line":214,"column":null}},"64":{"start":{"line":233,"column":35},"end":{"line":233,"column":null}},"65":{"start":{"line":244,"column":35},"end":{"line":244,"column":null}},"66":{"start":{"line":255,"column":35},"end":{"line":255,"column":null}},"67":{"start":{"line":266,"column":35},"end":{"line":266,"column":null}},"68":{"start":{"line":277,"column":35},"end":{"line":277,"column":null}},"69":{"start":{"line":288,"column":35},"end":{"line":288,"column":null}},"70":{"start":{"line":300,"column":37},"end":{"line":300,"column":null}},"71":{"start":{"line":352,"column":45},"end":{"line":352,"column":78}},"72":{"start":{"line":353,"column":30},"end":{"line":355,"column":null}},"73":{"start":{"line":389,"column":30},"end":{"line":389,"column":null}},"74":{"start":{"line":390,"column":30},"end":{"line":390,"column":49}},"75":{"start":{"line":406,"column":43},"end":{"line":406,"column":null}},"76":{"start":{"line":406,"column":63},"end":{"line":406,"column":null}},"77":{"start":{"line":417,"column":30},"end":{"line":425,"column":null}},"78":{"start":{"line":418,"column":32},"end":{"line":418,"column":null}},"79":{"start":{"line":419,"column":37},"end":{"line":425,"column":null}},"80":{"start":{"line":420,"column":32},"end":{"line":420,"column":null}},"81":{"start":{"line":421,"column":37},"end":{"line":425,"column":null}},"82":{"start":{"line":422,"column":32},"end":{"line":422,"column":null}},"83":{"start":{"line":424,"column":32},"end":{"line":424,"column":null}},"84":{"start":{"line":427,"column":30},"end":{"line":429,"column":null}},"85":{"start":{"line":432,"column":49},"end":{"line":432,"column":null}},"86":{"start":{"line":444,"column":43},"end":{"line":444,"column":null}},"87":{"start":{"line":444,"column":63},"end":{"line":444,"column":null}}},"fnMap":{"0":{"name":"(anonymous_0)","decl":{"start":{"line":31,"column":32},"end":{"line":31,"column":38}},"loc":{"start":{"line":31,"column":38},"end":{"line":31,"column":null}},"line":31},"1":{"name":"(anonymous_1)","decl":{"start":{"line":31,"column":93},"end":{"line":31,"column":104}},"loc":{"start":{"line":31,"column":104},"end":{"line":31,"column":null}},"line":31},"2":{"name":"(anonymous_2)","decl":{"start":{"line":42,"column":89},"end":{"line":42,"column":90}},"loc":{"start":{"line":42,"column":110},"end":{"line":486,"column":null}},"line":42},"3":{"name":"(anonymous_3)","decl":{"start":{"line":71,"column":34},"end":{"line":71,"column":null}},"loc":{"start":{"line":71,"column":34},"end":{"line":91,"column":5}},"line":71},"4":{"name":"(anonymous_4)","decl":{"start":{"line":76,"column":31},"end":{"line":76,"column":36}},"loc":{"start":{"line":76,"column":36},"end":{"line":76,"column":null}},"line":76},"5":{"name":"(anonymous_5)","decl":{"start":{"line":82,"column":31},"end":{"line":82,"column":null}},"loc":{"start":{"line":82,"column":31},"end":{"line":87,"column":null}},"line":82},"6":{"name":"(anonymous_6)","decl":{"start":{"line":94,"column":24},"end":{"line":94,"column":null}},"loc":{"start":{"line":94,"column":24},"end":{"line":104,"column":5}},"line":94},"7":{"name":"(anonymous_7)","decl":{"start":{"line":98,"column":35},"end":{"line":98,"column":40}},"loc":{"start":{"line":98,"column":40},"end":{"line":98,"column":66}},"line":98},"8":{"name":"(anonymous_8)","decl":{"start":{"line":99,"column":36},"end":{"line":99,"column":41}},"loc":{"start":{"line":99,"column":41},"end":{"line":99,"column":68}},"line":99},"9":{"name":"(anonymous_9)","decl":{"start":{"line":100,"column":34},"end":{"line":100,"column":39}},"loc":{"start":{"line":100,"column":39},"end":{"line":100,"column":64}},"line":100},"10":{"name":"(anonymous_10)","decl":{"start":{"line":101,"column":33},"end":{"line":101,"column":38}},"loc":{"start":{"line":101,"column":38},"end":{"line":101,"column":62}},"line":101},"11":{"name":"(anonymous_11)","decl":{"start":{"line":102,"column":35},"end":{"line":102,"column":40}},"loc":{"start":{"line":102,"column":40},"end":{"line":102,"column":66}},"line":102},"12":{"name":"(anonymous_12)","decl":{"start":{"line":110,"column":22},"end":{"line":110,"column":28}},"loc":{"start":{"line":110,"column":28},"end":{"line":110,"column":45}},"line":110},"13":{"name":"(anonymous_13)","decl":{"start":{"line":111,"column":18},"end":{"line":111,"column":24}},"loc":{"start":{"line":111,"column":24},"end":{"line":111,"column":null}},"line":111},"14":{"name":"(anonymous_14)","decl":{"start":{"line":122,"column":38},"end":{"line":122,"column":39}},"loc":{"start":{"line":122,"column":39},"end":{"line":125,"column":5}},"line":122},"15":{"name":"(anonymous_15)","decl":{"start":{"line":127,"column":41},"end":{"line":127,"column":null}},"loc":{"start":{"line":130,"column":4},"end":{"line":146,"column":5}},"line":130},"16":{"name":"(anonymous_16)","decl":{"start":{"line":149,"column":44},"end":{"line":149,"column":45}},"loc":{"start":{"line":149,"column":45},"end":{"line":152,"column":5}},"line":149},"17":{"name":"(anonymous_17)","decl":{"start":{"line":155,"column":30},"end":{"line":155,"column":37}},"loc":{"start":{"line":155,"column":37},"end":{"line":159,"column":null}},"line":155},"18":{"name":"(anonymous_18)","decl":{"start":{"line":214,"column":23},"end":{"line":214,"column":29}},"loc":{"start":{"line":214,"column":29},"end":{"line":214,"column":null}},"line":214},"19":{"name":"(anonymous_19)","decl":{"start":{"line":233,"column":29},"end":{"line":233,"column":35}},"loc":{"start":{"line":233,"column":35},"end":{"line":233,"column":null}},"line":233},"20":{"name":"(anonymous_20)","decl":{"start":{"line":244,"column":29},"end":{"line":244,"column":35}},"loc":{"start":{"line":244,"column":35},"end":{"line":244,"column":null}},"line":244},"21":{"name":"(anonymous_21)","decl":{"start":{"line":255,"column":29},"end":{"line":255,"column":35}},"loc":{"start":{"line":255,"column":35},"end":{"line":255,"column":null}},"line":255},"22":{"name":"(anonymous_22)","decl":{"start":{"line":266,"column":29},"end":{"line":266,"column":35}},"loc":{"start":{"line":266,"column":35},"end":{"line":266,"column":null}},"line":266},"23":{"name":"(anonymous_23)","decl":{"start":{"line":277,"column":29},"end":{"line":277,"column":35}},"loc":{"start":{"line":277,"column":35},"end":{"line":277,"column":null}},"line":277},"24":{"name":"(anonymous_24)","decl":{"start":{"line":288,"column":29},"end":{"line":288,"column":35}},"loc":{"start":{"line":288,"column":35},"end":{"line":288,"column":null}},"line":288},"25":{"name":"(anonymous_25)","decl":{"start":{"line":300,"column":30},"end":{"line":300,"column":31}},"loc":{"start":{"line":300,"column":37},"end":{"line":300,"column":null}},"line":300},"26":{"name":"(anonymous_26)","decl":{"start":{"line":351,"column":46},"end":{"line":351,"column":47}},"loc":{"start":{"line":351,"column":47},"end":{"line":363,"column":null}},"line":351},"27":{"name":"(anonymous_27)","decl":{"start":{"line":388,"column":38},"end":{"line":388,"column":39}},"loc":{"start":{"line":388,"column":39},"end":{"line":391,"column":null}},"line":388},"28":{"name":"(anonymous_28)","decl":{"start":{"line":406,"column":37},"end":{"line":406,"column":43}},"loc":{"start":{"line":406,"column":43},"end":{"line":406,"column":null}},"line":406},"29":{"name":"(anonymous_29)","decl":{"start":{"line":406,"column":58},"end":{"line":406,"column":63}},"loc":{"start":{"line":406,"column":63},"end":{"line":406,"column":null}},"line":406},"30":{"name":"(anonymous_30)","decl":{"start":{"line":414,"column":82},"end":{"line":414,"column":83}},"loc":{"start":{"line":414,"column":86},"end":{"line":438,"column":null}},"line":414},"31":{"name":"(anonymous_31)","decl":{"start":{"line":432,"column":43},"end":{"line":432,"column":49}},"loc":{"start":{"line":432,"column":49},"end":{"line":432,"column":null}},"line":432},"32":{"name":"(anonymous_32)","decl":{"start":{"line":444,"column":37},"end":{"line":444,"column":43}},"loc":{"start":{"line":444,"column":43},"end":{"line":444,"column":null}},"line":444},"33":{"name":"(anonymous_33)","decl":{"start":{"line":444,"column":58},"end":{"line":444,"column":63}},"loc":{"start":{"line":444,"column":63},"end":{"line":444,"column":null}},"line":444}},"branchMap":{"0":{"loc":{"start":{"line":42,"column":92},"end":{"line":42,"column":108}},"type":"default-arg","locations":[{"start":{"line":42,"column":103},"end":{"line":42,"column":108}}],"line":42},"1":{"loc":{"start":{"line":72,"column":18},"end":{"line":72,"column":34}},"type":"binary-expr","locations":[{"start":{"line":72,"column":18},"end":{"line":72,"column":32}},{"start":{"line":72,"column":32},"end":{"line":72,"column":34}}],"line":72},"2":{"loc":{"start":{"line":75,"column":4},"end":{"line":77,"column":null}},"type":"if","locations":[{"start":{"line":75,"column":4},"end":{"line":77,"column":null}},{"start":{},"end":{}}],"line":75},"3":{"loc":{"start":{"line":80,"column":4},"end":{"line":88,"column":null}},"type":"if","locations":[{"start":{"line":80,"column":4},"end":{"line":88,"column":null}},{"start":{},"end":{}}],"line":80},"4":{"loc":{"start":{"line":83,"column":32},"end":{"line":83,"column":76}},"type":"binary-expr","locations":[{"start":{"line":83,"column":32},"end":{"line":83,"column":55}},{"start":{"line":83,"column":55},"end":{"line":83,"column":71}},{"start":{"line":83,"column":75},"end":{"line":83,"column":76}}],"line":83},"5":{"loc":{"start":{"line":84,"column":27},"end":{"line":84,"column":null}},"type":"cond-expr","locations":[{"start":{"line":84,"column":75},"end":{"line":84,"column":116}},{"start":{"line":84,"column":116},"end":{"line":84,"column":null}}],"line":84},"6":{"loc":{"start":{"line":85,"column":27},"end":{"line":85,"column":46}},"type":"binary-expr","locations":[{"start":{"line":85,"column":27},"end":{"line":85,"column":45}},{"start":{"line":85,"column":45},"end":{"line":85,"column":46}}],"line":85},"7":{"loc":{"start":{"line":86,"column":15},"end":{"line":86,"column":null}},"type":"binary-expr","locations":[{"start":{"line":86,"column":15},"end":{"line":86,"column":48}},{"start":{"line":86,"column":48},"end":{"line":86,"column":77}},{"start":{"line":86,"column":77},"end":{"line":86,"column":null}}],"line":86},"8":{"loc":{"start":{"line":95,"column":23},"end":{"line":95,"column":39}},"type":"binary-expr","locations":[{"start":{"line":95,"column":23},"end":{"line":95,"column":37}},{"start":{"line":95,"column":37},"end":{"line":95,"column":39}}],"line":95},"9":{"loc":{"start":{"line":117,"column":21},"end":{"line":117,"column":null}},"type":"cond-expr","locations":[{"start":{"line":117,"column":47},"end":{"line":117,"column":68}},{"start":{"line":117,"column":71},"end":{"line":117,"column":null}}],"line":117},"10":{"loc":{"start":{"line":118,"column":24},"end":{"line":120,"column":null}},"type":"cond-expr","locations":[{"start":{"line":119,"column":6},"end":{"line":119,"column":46}},{"start":{"line":120,"column":6},"end":{"line":120,"column":null}}],"line":118},"11":{"loc":{"start":{"line":139,"column":27},"end":{"line":139,"column":null}},"type":"cond-expr","locations":[{"start":{"line":139,"column":50},"end":{"line":139,"column":61}},{"start":{"line":139,"column":64},"end":{"line":139,"column":null}}],"line":139},"12":{"loc":{"start":{"line":156,"column":4},"end":{"line":156,"column":null}},"type":"if","locations":[{"start":{"line":156,"column":4},"end":{"line":156,"column":null}},{"start":{},"end":{}}],"line":156},"13":{"loc":{"start":{"line":179,"column":23},"end":{"line":179,"column":null}},"type":"cond-expr","locations":[{"start":{"line":179,"column":46},"end":{"line":179,"column":62}},{"start":{"line":179,"column":65},"end":{"line":179,"column":null}}],"line":179},"14":{"loc":{"start":{"line":186,"column":23},"end":{"line":186,"column":null}},"type":"cond-expr","locations":[{"start":{"line":186,"column":45},"end":{"line":186,"column":60}},{"start":{"line":186,"column":63},"end":{"line":186,"column":null}}],"line":186},"15":{"loc":{"start":{"line":229,"column":116},"end":{"line":231,"column":null}},"type":"cond-expr","locations":[{"start":{"line":230,"column":24},"end":{"line":230,"column":null}},{"start":{"line":231,"column":24},"end":{"line":231,"column":null}}],"line":229},"16":{"loc":{"start":{"line":237,"column":80},"end":{"line":237,"column":165}},"type":"cond-expr","locations":[{"start":{"line":237,"column":104},"end":{"line":237,"column":131}},{"start":{"line":237,"column":131},"end":{"line":237,"column":165}}],"line":237},"17":{"loc":{"start":{"line":240,"column":116},"end":{"line":242,"column":null}},"type":"cond-expr","locations":[{"start":{"line":241,"column":24},"end":{"line":241,"column":null}},{"start":{"line":242,"column":24},"end":{"line":242,"column":null}}],"line":240},"18":{"loc":{"start":{"line":251,"column":116},"end":{"line":253,"column":null}},"type":"cond-expr","locations":[{"start":{"line":252,"column":24},"end":{"line":252,"column":null}},{"start":{"line":253,"column":24},"end":{"line":253,"column":null}}],"line":251},"19":{"loc":{"start":{"line":262,"column":116},"end":{"line":264,"column":null}},"type":"cond-expr","locations":[{"start":{"line":263,"column":24},"end":{"line":263,"column":null}},{"start":{"line":264,"column":24},"end":{"line":264,"column":null}}],"line":262},"20":{"loc":{"start":{"line":273,"column":116},"end":{"line":275,"column":null}},"type":"cond-expr","locations":[{"start":{"line":274,"column":24},"end":{"line":274,"column":null}},{"start":{"line":275,"column":24},"end":{"line":275,"column":null}}],"line":273},"21":{"loc":{"start":{"line":284,"column":116},"end":{"line":286,"column":null}},"type":"cond-expr","locations":[{"start":{"line":285,"column":24},"end":{"line":285,"column":null}},{"start":{"line":286,"column":24},"end":{"line":286,"column":null}}],"line":284},"22":{"loc":{"start":
[...]
olumn":null}},"line":72},"4":{"name":"(anonymous_4)","decl":{"start":{"line":84,"column":28},"end":{"line":84,"column":29}},"loc":{"start":{"line":84,"column":29},"end":{"line":113,"column":null}},"line":84},"5":{"name":"(anonymous_5)","decl":{"start":{"line":89,"column":26},"end":{"line":89,"column":27}},"loc":{"start":{"line":89,"column":27},"end":{"line":91,"column":null}},"line":89},"6":{"name":"(anonymous_6)","decl":{"start":{"line":102,"column":21},"end":{"line":102,"column":22}},"loc":{"start":{"line":102,"column":22},"end":{"line":104,"column":null}},"line":102},"7":{"name":"(anonymous_7)","decl":{"start":{"line":128,"column":2},"end":{"line":128,"column":3}},"loc":{"start":{"line":128,"column":3},"end":{"line":134,"column":null}},"line":128},"8":{"name":"(anonymous_8)","decl":{"start":{"line":156,"column":4},"end":{"line":156,"column":5}},"loc":{"start":{"line":156,"column":5},"end":{"line":162,"column":null}},"line":156},"9":{"name":"(anonymous_9)","decl":{"start":{"line":169,"column":4},"end":{"line":169,"column":5}},"loc":{"start":{"line":169,"column":5},"end":{"line":175,"column":null}},"line":169},"10":{"name":"(anonymous_10)","decl":{"start":{"line":231,"column":2},"end":{"line":231,"column":3}},"loc":{"start":{"line":231,"column":3},"end":{"line":289,"column":null}},"line":231},"11":{"name":"(anonymous_11)","decl":{"start":{"line":236,"column":14},"end":{"line":236,"column":23}},"loc":{"start":{"line":236,"column":23},"end":{"line":236,"column":35}},"line":236},"12":{"name":"(anonymous_12)","decl":{"start":{"line":237,"column":14},"end":{"line":237,"column":15}},"loc":{"start":{"line":237,"column":20},"end":{"line":258,"column":9}},"line":237},"13":{"name":"(anonymous_13)","decl":{"start":{"line":264,"column":14},"end":{"line":264,"column":23}},"loc":{"start":{"line":264,"column":23},"end":{"line":264,"column":35}},"line":264},"14":{"name":"(anonymous_14)","decl":{"start":{"line":265,"column":14},"end":{"line":265,"column":15}},"loc":{"start":{"line":265,"column":20},"end":{"line":276,"column":9}},"line":265},"15":{"name":"(anonymous_15)","decl":{"start":{"line":301,"column":23},"end":{"line":301,"column":27}},"loc":{"start":{"line":301,"column":49},"end":{"line":316,"column":null}},"line":301},"16":{"name":"(anonymous_16)","decl":{"start":{"line":308,"column":27},"end":{"line":308,"column":28}},"loc":{"start":{"line":308,"column":28},"end":{"line":311,"column":null}},"line":308},"17":{"name":"(anonymous_17)","decl":{"start":{"line":318,"column":28},"end":{"line":318,"column":29}},"loc":{"start":{"line":318,"column":70},"end":{"line":363,"column":null}},"line":318},"18":{"name":"(anonymous_18)","decl":{"start":{"line":355,"column":27},"end":{"line":355,"column":28}},"loc":{"start":{"line":355,"column":28},"end":{"line":358,"column":null}},"line":355}},"branchMap":{"0":{"loc":{"start":{"line":29,"column":4},"end":{"line":31,"column":null}},"type":"if","locations":[{"start":{"line":29,"column":4},"end":{"line":31,"column":null}},{"start":{},"end":{}}],"line":29},"1":{"loc":{"start":{"line":33,"column":11},"end":{"line":33,"column":43}},"type":"binary-expr","locations":[{"start":{"line":33,"column":11},"end":{"line":33,"column":26}},{"start":{"line":33,"column":30},"end":{"line":33,"column":43}}],"line":33},"2":{"loc":{"start":{"line":62,"column":6},"end":{"line":68,"column":null}},"type":"if","locations":[{"start":{"line":62,"column":6},"end":{"line":68,"column":null}},{"start":{},"end":{}}],"line":62},"3":{"loc":{"start":{"line":62,"column":10},"end":{"line":62,"column":56}},"type":"binary-expr","locations":[{"start":{"line":62,"column":10},"end":{"line":62,"column":24}},{"start":{"line":62,"column":28},"end":{"line":62,"column":56}}],"line":62},"4":{"loc":{"start":{"line":64,"column":10},"end":{"line":66,"column":null}},"type":"binary-expr","locations":[{"start":{"line":64,"column":10},"end":{"line":64,"column":null}},{"start":{"line":65,"column":10},"end":{"line":65,"column":null}},{"start":{"line":66,"column":10},"end":{"line":66,"column":null}}],"line":64},"5":{"loc":{"start":{"line":66,"column":11},"end":{"line":66,"column":42}},"type":"binary-expr","locations":[{"start":{"line":66,"column":11},"end":{"line":66,"column":31}},{"start":{"line":66,"column":35},"end":{"line":66,"column":42}}],"line":66},"6":{"loc":{"start":{"line":66,"column":42},"end":{"line":66,"column":null}},"type":"binary-expr","locations":[{"start":{"line":66,"column":42},"end":{"line":66,"column":58}},{"start":{"line":66,"column":62},"end":{"line":66,"column":null}}],"line":66},"7":{"loc":{"start":{"line":72,"column":10},"end":{"line":74,"column":null}},"type":"binary-expr","locations":[{"start":{"line":72,"column":10},"end":{"line":72,"column":null}},{"start":{"line":73,"column":10},"end":{"line":73,"column":null}},{"start":{"line":74,"column":10},"end":{"line":74,"column":null}}],"line":72},"8":{"loc":{"start":{"line":74,"column":11},"end":{"line":74,"column":44}},"type":"binary-expr","locations":[{"start":{"line":74,"column":11},"end":{"line":74,"column":33}},{"start":{"line":74,"column":37},"end":{"line":74,"column":44}}],"line":74},"9":{"loc":{"start":{"line":74,"column":44},"end":{"line":74,"column":null}},"type":"binary-expr","locations":[{"start":{"line":74,"column":44},"end":{"line":74,"column":62}},{"start":{"line":74,"column":66},"end":{"line":74,"column":null}}],"line":74},"10":{"loc":{"start":{"line":88,"column":2},"end":{"line":93,"column":null}},"type":"if","locations":[{"start":{"line":88,"column":2},"end":{"line":93,"column":null}},{"start":{},"end":{}}],"line":88},"11":{"loc":{"start":{"line":88,"column":6},"end":{"line":88,"column":49}},"type":"binary-expr","locations":[{"start":{"line":88,"column":6},"end":{"line":88,"column":19}},{"start":{"line":88,"column":23},"end":{"line":88,"column":49}}],"line":88},"12":{"loc":{"start":{"line":90,"column":15},"end":{"line":90,"column":null}},"type":"binary-expr","locations":[{"start":{"line":90,"column":15},"end":{"line":90,"column":37}},{"start":{"line":90,"column":41},"end":{"line":90,"column":null}}],"line":90},"13":{"loc":{"start":{"line":97,"column":10},"end":{"line":97,"column":null}},"type":"binary-expr","locations":[{"start":{"line":97,"column":10},"end":{"line":97,"column":30}},{"start":{"line":97,"column":34},"end":{"line":97,"column":null}}],"line":97},"14":{"loc":{"start":{"line":100,"column":19},"end":{"line":100,"column":38}},"type":"binary-expr","locations":[{"start":{"line":100,"column":19},"end":{"line":100,"column":32}},{"start":{"line":100,"column":36},"end":{"line":100,"column":38}}],"line":100},"15":{"loc":{"start":{"line":101,"column":2},"end":{"line":105,"column":null}},"type":"if","locations":[{"start":{"line":101,"column":2},"end":{"line":105,"column":null}},{"start":{},"end":{}}],"line":101},"16":{"loc":{"start":{"line":103,"column":15},"end":{"line":103,"column":null}},"type":"binary-expr","locations":[{"start":{"line":103,"column":15},"end":{"line":103,"column":38}},{"start":{"line":103,"column":42},"end":{"line":103,"column":null}}],"line":103},"17":{"loc":{"start":{"line":108,"column":2},"end":{"line":110,"column":null}},"type":"if","locations":[{"start":{"line":108,"column":2},"end":{"line":110,"column":null}},{"start":{},"end":{}}],"line":108},"18":{"loc":{"start":{"line":109,"column":13},"end":{"line":109,"column":null}},"type":"binary-expr","locations":[{"start":{"line":109,"column":13},"end":{"line":109,"column":41}},{"start":{"line":109,"column":45},"end":{"line":109,"column":null}}],"line":109},"19":{"loc":{"start":{"line":129,"column":4},"end":{"line":132,"column":null}},"type":"if","locations":[{"start":{"line":129,"column":4},"end":{"line":132,"column":null}},{"start":{},"end":{}}],"line":129},"20":{"loc":{"start":{"line":158,"column":6},"end":{"line":160,"column":null}},"type":"if","locations":[{"start":{"line":158,"column":6},"end":{"line":160,"column":null}},{"start":{},"end":{}}],"line":158},"21":{"loc":{"start":{"line":171,"column":6},"end":{"line":173,"column":null}},"type":"if","locations":[{"start":{"line":171,"column":6},"end":{"line":173,"column":null}},{"start":{},"end":{}}],"line":171},"22":{"loc":{"start":{"line":235,"column":26},"end":{"line":235,"column":55}},"type":"binary-expr","locations":[{"start":{"line":235,"column":26},"end":{"line":235,"column":50}},{"start":{"line":235,"column":54},"end":{"line":235,"column":55}}],"line":235},"23":{"loc":{"start":{"line":241,"column":8},"end":{"line":257,"column":null}},"type":"if","locations":[{"start":{"line":241,"column":8},"end":{"line":257,"column":null}},{"start":{"line":249,"column":15},"end":{"line":257,"column":null}}],"line":241},"24":{"loc":{"start":{"line":245,"column":10},"end":{"line":247,"column":null}},"type":"if","locations":[{"start":{"line":245,"column":10},"end":{"line":247,"column":null}},{"start":{},"end":{}}],"line":245},"25":{"loc":{"start":{"line":246,"column":50},"end":{"line":246,"column":null}},"type":"binary-expr","locations":[{"start":{"line":246,"column":50},"end":{"line":246,"column":62}},{"start":{"line":246,"column":66},"end":{"line":246,"column":null}}],"line":246},"26":{"loc":{"start":{"line":253,"column":10},"end":{"line":255,"column":null}},"type":"if","locations":[{"start":{"line":253,"column":10},"end":{"line":255,"column":null}},{"start":{},"end":{}}],"line":253},"27":{"loc":{"start":{"line":254,"column":50},"end":{"line":254,"column":null}},"type":"binary-expr","locations":[{"start":{"line":254,"column":50},"end":{"line":254,"column":62}},{"start":{"line":254,"column":66},"end":{"line":254,"column":null}}],"line":254},"28":{"loc":{"start":{"line":263,"column":26},"end":{"line":263,"column":55}},"type":"binary-expr","locations":[{"start":{"line":263,"column":26},"end":{"line":263,"column":50}},{"start":{"line":263,"column":54},"end":{"line":263,"column":55}}],"line":263},"29":{"loc":{"start":{"line":267,"column":8},"end":{"line":269,"column":null}},"type":"if","locations":[{"start":{"line":267,"column":8},"end":{"line":269,"column":null}},{"start":{},"end":{}}],"line":267},"30":{"loc":{"start":{"line":267,"column":12},"end":{"line":267,"column":62}},"type":"binary-expr","locations":[{"start":{"line":267,"column":12},"end":{"line":267,"column":38}},{"start":{"line":267,"column":38},"end":{"line":267,"column":62}}],"line":267},"31":{"loc":{"start":{"line":268,"column":48},"end":{"line":268,"column":null}},"type":"binary-expr","locations":[{"start":{"line":268,"column":48},"end":{"line":268,"column":60}},{"start":{"line":268,"column":64},"end":{"line":268,"column":null}}],"line":268},"32":{"loc":{"start":{"line":271,"column":8},"end":{"line":273,"column":null}},"type":"if","locations":[{"start":{"line":271,"column":8},"end":{"line":273,"column":null}},{"start":{},"end":{}}],"line":271},"33":{"loc":{"start":{"line":271,"column":12},"end":{"line":271,"column":62}},"type":"binary-expr","locations":[{"start":{"line":271,"column":12},"end":{"line":271,"column":38}},{"start":{"line":271,"column":38},"end":{"line":271,"column":62}}],"line":271},"34":{"loc":{"start":{"line":272,"column":48},"end":{"line":272,"column":null}},"type":"binary-expr","locations":[{"start":{"line":272,"column":48},"end":{"line":272,"column":60}},{"start":{"line":272,"column":64},"end":{"line":272,"column":null}}],"line":272},"35":{"loc":{"start":{"line":281,"column":27},"end":{"line":282,"column":null}},"type":"binary-expr","locations":[{"start":{"line":281,"column":27},"end":{"line":281,"column":null}},{"start":{"line":282,"column":6},"end":{"line":282,"column":null}}],"line":281},"36":{"loc":{"start":{"line":286,"column":16},"end":{"line":286,"column":null}},"type":"binary-expr","locations":[{"start":{"line":286,"column":16},"end":{"line":286,"column":47}},{"start":{"line":286,"column":47},"end":{"line":286,"column":null}}],"line":286},"37":{"loc":{"start":{"line":288,"column":11},"end":{"line":288,"column":null}},"type":"binary-expr","locations":[{"start":{"line":288,"column":11},"end":{"line":288,"column":18}},{"start":{"line":288,"column":18},"end":{"line":288,"column":null}}],"line":288},"38":{"loc":{"start":{"line":306,"column":4},"end":{"line":313,"column":null}},"type":"if","locations":[{"start":{"line":306,"column":4},"end":{"line":313,"column":null}},{"start":{},"end":{}}],"line":306},"39":{"loc":{"start":{"line":320,"column":4},"end":{"line":351,"column":null}},"type":"switch","locations":[{"start":{"line":321,"column":6},"end":{"line":324,"column":null}},{"start":{"line":325,"column":6},"end":{"line":326,"column":null}},{"start":{"line":327,"column":6},"end":{"line":329,"column":null}},{"start":{"line":330,"column":6},"end":{"line":332,"column":null}},{"start":{"line":333,"column":6},"end":{"line":335,"column":null}},{"start":{"line":336,"column":6},"end":{"line":338,"column":null}},{"start":{"line":339,"column":6},"end":{"line":341,"column":null}},{"start":{"line":342,"column":6},"end":{"line":348,"column":null}},{"start":{"line":349,"column":6},"end":{"line":350,"column":null}}],"line":320},"40":{"loc":{"start":{"line":344,"column":8},"end":{"line":346,"column":null}},"type":"if","locations":[{"start":{"line":344,"column":8},"end":{"line":346,"column":null}},{"start":{},"end":{}}],"line":344},"41":{"loc":{"start":{"line":353,"column":4},"end":{"line":360,"column":null}},"type":"if","locations":[{"start":{"line":353,"column":4},"end":{"line":360,"column":null}},{"start":{},"end":{}}],"line":353}},"s":{"0":1,"1":1,"2":2,"3":2,"4":0,"5":1,"6":0,"7":1,"8":0,"9":0,"10":0,"11":0,"12":1,"13":0,"14":0,"15":0,"16":0,"17":0,"18":0,"19":0,"20":0,"21":0,"22":0,"23":0,"24":0,"25":0,"26":1,"27":0,"28":0,"29":0,"30":0,"31":1,"32":0,"33":0,"34":0,"35":0,"36":0,"37":0,"38":1,"39":1,"40":1,"41":3,"42":3,"43":3,"44":3,"45":0,"46":0,"47":0,"48":3,"49":1,"50":2,"51":3,"52":3,"53":0,"54":0,"55":0,"56":0,"57":0,"58":0,"59":3,"60":3,"61":3,"62":3,"63":3,"64":1,"65":1,"66":0,"67":0,"68":0,"69":0,"70":0,"71":0,"72":0,"73":0,"74":0,"75":0,"76":1,"77":0,"78":0,"79":0,"80":0,"81":0,"82":0,"83":0,"84":0,"85":0,"86":0,"87":0,"88":0,"89":0,"90":0,"91":0,"92":0,"93":0,"94":0,"95":0,"96":0,"97":0,"98":0,"99":0,"100":0,"101":0,"102":0},"f":{"0":2,"1":0,"2":0,"3":0,"4":0,"5":0,"6":0,"7":0,"8":0,"9":0,"10":3,"11":3,"12":3,"13":0,"14":0,"15":0,"16":0,"17":0,"18":0},"b":{"0":[2,0],"1":[0,0],"2":[0,0],"3":[0,0],"4":[0,0,0],"5":[0,0],"6":[0,0],"7":[0,0,0],"8":[0,0],"9":[0,0],"10":[0,0],"11":[0,0],"12":[0,0],"13":[0,0],"14":[0,0],"15":[0,0],"16":[0,0],"17":[0,0],"18":[0,0],"19":[0,0],"20":[0,0],"21":[0,0],"22":[3,0],"23":[0,3],"24":[0,0],"25":[0,0],"26":[1,2],"27":[1,0],"28":[3,0],"29":[0,0],"30":[0,0],"31":[0,0],"32":[0,0],"33":[0,0],"34":[0,0],"35":[3,3],"36":[3,0],"37":[3,2],"38":[0,0],"39":[0,0,0,0,0,0,0,0,0],"40":[0,0],"41":[0,0]},"meta":{"lastBranch":42,"lastFunction":19,"lastStatement":103,"seen":{"s:5:40:17:Infinity":0,"s:19:27:38:Infinity":1,"f:27:2:27:3":0,"b:29:4:31:Infinity:undefined:undefined:undefined:undefined":0,"s:29:4:31:Infinity":2,"s:30:6:30:Infinity":3,"s:33:4:33:Infinity":4,"b:33:11:33:26:33:30:33:43":1,"s:42:26:48:Infinity":5,"f:45:10:45:11":1,"s:45:20:45:60":6,"s:50:27:80:Infinity":7,"f:60:4:60:5":2,"b:62:6:68:Infinity:undefined:undefined:undefined:undefined":2,"s:62:6:68:Infinity":8,"b:62:10:62:24:62:28:62:56":3,"s:63:8:66:Infinity":9,"b:64:10:64:Infinity:65:10:65:Infinity:66:10:66:Infinity":4,"b:66:11:66:31:66:35:66:42":5,"b:66:42:66:58:66:62:66:Infinity":6,"s:70:6:74:Infinity":10,"f:71:8:71:9":3,"s:72:10:74:Infinity":11,"b:72:10:72:Infinity:73:10:73:Infinity:74:10:74:Infinity":7,"b:74:11:74:33:74:37:74:44":8,"b:74:44:74:62:74:66:74:Infinity":9,"s:84:28:113:Infinity":12,"f:84:28:84:29":4,"s:85:14:85:Infinity":13,"b:88:2:93:Infinity:undefined:undefined:undefined:undefined":10,"s:88:2:93:Infinity":14,"b:88:6:88:19:88:23:88:49":11,"s:89:4:91:Infinity":15,"f:89:26:89:27":5,"s:90:6:90:Infinity":16,"b:90:15:90:37:90:41:90:Infinity":12,"s:92:4:92:Infinity":17,"s:97:2:97:Infinity":18,"b:97:10:97:30:97:34:97:Infinity":13,"s:100:19:100:38":19,"b:100:19:100:32:100:36:100:38":14,"b:101:2:105:Infinity:undefined:undefined:undefined:undefined":15,"s:101:2:105:Infinity":20,"s:102:4:104:Infinity":21,"f:102:21:102:22":6,"s:103:6:103:Infinity":22,"b:103:15:103:38:103:42:103:Infinity":16,"b:108:2:110:Infinity:undefined:undefined:undefined:undefined":17,"s:108:2:110:Infinity":23,"s:109:4:109:Infinity":24,"b:109:13:109:41:109:45:109:Infinity":18,"s:112:2:112:Infinity":25,"s:115:27:138:Infinity":26,"f:128:2:128:3":7,"b:129:4:132:Infinity:undefined:undefined:undefined:undefined":19,"s:129:4:132:Infinity":27,"s:130:26:130:Infinity":28,"s:131:6:131:Infinity":29,"s:133:4:133:Infinity":30,"s:141:27:179:Infinity":31,"f:156:4:156:5":8,"b:158:6:160:Infinity:undefined:undefined:undefined:undefined":20,"s:158:6:160:Infinity":32,"s:159:8:159:Infinity":33,"s:161:6:161:Infinity":34,"f:169:4:169:5":9,"b:171:6:173:Infinity:undefined:undefined:undefined:undefined":21,"s:171:6:173:Infinity":35,"s:172:8:172:Infinity":36,"s:174:6:174:Infinity":37,"s:182:27:203:Infinity":38,"s:205:39:219:Infinity":39,"s:221:27:293:Infinity":40,"f:231:2:231:3":10,"s:232:22:232:25":41,"s:235:25:258:Infinity":42,"b:235:26:235:50:235:54:235:55":22,"f:236:14:236:23":11,"s:236:23:236:35":43,"f:237:14:237:15":12,"b:241:8:257:Infinity:249:15:257:Infinity":23,"s:241:8:257:Infinity":44,"b:245:10:247:Infinity:undefined:undefined:undefined:undefined":24,"s:245:10:247:Infinity":45,"s:246:12:246:Infinity":46,"b:246:50:246:62:246:66:246:Infinity":25,"s:248:10:248:Infinity":47,"b:253:10:255:Infinity:undefined:undefined:undefined:undefined":26,"s:253:10:255:Infinity":48,"s:254:12:254:Infinity":49,"b:254:50:254:62:254:66:254:Infinity":27,"s:256:10:256:Infinity":50,"s:260:27:260:Infinity":51,"s:263:25:276:Infinity":52,"b:263:26:263:50:263:54:263:55":28,"f:264:14:264:23":13,"s:264:23:264:35":53,"f:265:14:265:15":14,"b:267:8:269:Infinity:undefined:undefined:undefined:undefined":29,"s:267:8:269:Infinity":54,"b:267:12:267:38:267:38:267:62":30,"s:268:10:268:Infinity":55,"b:268:48:268:60:268:64:268:Infinity":31,"b:271:8:273:Infinity:undefined:undefined:undefined:undefined":32,"s:271:8:273:Infinity":56,"b:271:12:271:38:271:38:271:62":33,"s:272:10:272:Infinity":57,"b:272:48:272:60:272:64:272:Infinity":34,"s:275:8:275:Infinity":58,"s:278:27:278:Infinity":59,"s:281:27:282:Infinity":60,"b:281:27:281:Infinity:282:6:282:Infinity":35,"s:285:16:285:Infinity":61,"s:286:16:286:Infinity":62,"b:286:16:286:47:286:47:286:Infinity":36,"s:288:4:288:Infinity":63,"b:288:11:288:18:288:18:288:Infinity":37,"s:296:27:299:Infinity":64,"s:301:23:316:Infinity":65,"f:301:23:301:27":15,"s:302:2:315:Infinity":66,"s:303:4:303:Infinity":67,"s:304:4:304:Infinity":68,"b:306:4:313:Infinity:undefined:undefined:undefined:undefined":38,"s:306:4:313:Infinity":69,"s:307:45:307:Infinity":70,"s:308:6:311:Infinity":71,"f:308:27:308:28":16,"s:309:21:309:Infinity":72,"s:310:8:310:Infinity":73,"s:312:6:312:Infinity":74,"s:314:4:314:Infinity":75,"s:318:28:363:Infinity":76,"f:318:28:318:29":17,"s:319:2:362:Infinity":77,"b:321:6:324:Infinity:325:6:326:Infinity:327:6:329:Infinity:330:6:332:Infinity:333:6:335:Infinity:336:6:338:Infinity:339:6:341:Infinity:342:6:348:Infinity:349:6:350:Infinity":39,"s:320:4:351:Infinity":78,"s:324:8:324:Infinity":79,"s:326:8:326:Infinity":80,"s:328:8:328:Infinity":81,"s:329:8:329:Infinity":82,"s:331:8:331:Infinity":83,"s:332:8:332:Infinity":84,"s:334:8:334:Infinity":85,"s:335:8:335:Infinity":86,"s:337:8:337:Infinity":87,"s:338:8:338:Infinity":88,"s:340:8:340:Infinity":89,"s:341:8:341:Infinity":90,"b:344:8:346:Infinity:undefined:undefined:undefined:undefined":40,"s:344:8:346:Infinity":91,"s:345:10:345:Infinity":92,"s:347:8:347:Infinity":93,"s:348:8:348:Infinity":94,"s:350:8:350:Infinity":95,"b:353:4:360:Infinity:undefined:undefined:undefined:undefined":41,"s:353:4:360:Infinity":96,"s:354:45:354:Infinity":97,"s:355:6:358:Infinity":98,"f:355:27:355:28":18,"s:356:21:356:Infinity":99,"s:357:8:357:Infinity":100,"s:359:6:359:Infinity":101,"s:361:4:361:Infinity":102}}}
}
