{"/Users/pacosemino/Desktop/Rosental/appminuta/backend/src/app.controller.ts": {"path":"/Users/pacosemino/Desktop/Rosental/appminuta/backend/src/app.controller.ts","statementMap":{"0":{"start":{"line":1,"column":0},"end":{"line":1,"column":71}},"1":{"start":{"line":2,"column":0},"end":{"line":2,"column":56}},"2":{"start":{"line":3,"column":0},"end":{"line":3,"column":62}},"3":{"start":{"line":4,"column":0},"end":{"line":4,"column":88}},"4":{"start":{"line":8,"column":7},"end":{"line":34,"column":null}},"5":{"start":{"line":9,"column":33},"end":{"line":9,"column":45}},"6":{"start":{"line":15,"column":8},"end":{"line":15,"column":42}},"7":{"start":{"line":25,"column":8},"end":{"line":25,"column":48}},"8":{"start":{"line":32,"column":8},"end":{"line":32,"column":15}},"9":{"start":{"line":8,"column":13},"end":{"line":8,"column":26}},"10":{"start":{"line":14,"column":4},"end":{"line":16,"column":null}},"11":{"start":{"line":24,"column":10},"end":{"line":26,"column":null}},"12":{"start":{"line":31,"column":4},"end":{"line":33,"column":null}},"13":{"start":{"line":8,"column":13},"end":{"line":34,"column":null}}},"fnMap":{"0":{"name":"(anonymous_2)","decl":{"start":{"line":9,"column":4},"end":{"line":9,"column":33}},"loc":{"start":{"line":9,"column":55},"end":{"line":9,"column":60}}},"1":{"name":"(anonymous_3)","decl":{"start":{"line":14,"column":4},"end":{"line":14,"column":12}},"loc":{"start":{"line":14,"column":12},"end":{"line":16,"column":5}}},"2":{"name":"(anonymous_4)","decl":{"start":{"line":24,"column":4},"end":{"line":24,"column":9}},"loc":{"start":{"line":24,"column":19},"end":{"line":26,"column":5}}},"3":{"name":"(anonymous_5)","decl":{"start":{"line":31,"column":4},"end":{"line":31,"column":14}},"loc":{"start":{"line":31,"column":14},"end":{"line":33,"column":5}}}},"branchMap":{},"s":{"0":0,"1":0,"2":0,"3":0,"4":0,"5":0,"6":0,"7":0,"8":0,"9":0,"10":0,"11":0,"12":0,"13":0},"f":{"0":0,"1":0,"2":0,"3":0},"b":{}}
,"/Users/pacosemino/Desktop/Rosental/appminuta/backend/src/app.module.ts": {"path":"/Users/pacosemino/Desktop/Rosental/appminuta/backend/src/app.module.ts","statementMap":{"0":{"start":{"line":1,"column":0},"end":{"line":1,"column":87}},"1":{"start":{"line":2,"column":0},"end":{"line":2,"column":49}},"2":{"start":{"line":3,"column":0},"end":{"line":3,"column":43}},"3":{"start":{"line":4,"column":0},"end":{"line":4,"column":54}},"4":{"start":{"line":5,"column":0},"end":{"line":5,"column":54}},"5":{"start":{"line":6,"column":0},"end":{"line":6,"column":48}},"6":{"start":{"line":7,"column":0},"end":{"line":7,"column":52}},"7":{"start":{"line":8,"column":0},"end":{"line":8,"column":58}},"8":{"start":{"line":9,"column":0},"end":{"line":9,"column":80}},"9":{"start":{"line":10,"column":0},"end":{"line":10,"column":88}},"10":{"start":{"line":11,"column":0},"end":{"line":11,"column":52}},"11":{"start":{"line":12,"column":0},"end":{"line":12,"column":55}},"12":{"start":{"line":13,"column":0},"end":{"line":13,"column":50}},"13":{"start":{"line":14,"column":0},"end":{"line":14,"column":88}},"14":{"start":{"line":19,"column":0},"end":{"line":19,"column":57}},"15":{"start":{"line":20,"column":0},"end":{"line":20,"column":70}},"16":{"start":{"line":21,"column":0},"end":{"line":21,"column":67}},"17":{"start":{"line":22,"column":0},"end":{"line":22,"column":62}},"18":{"start":{"line":23,"column":0},"end":{"line":23,"column":71}},"19":{"start":{"line":24,"column":0},"end":{"line":24,"column":71}},"20":{"start":{"line":25,"column":0},"end":{"line":25,"column":88}},"21":{"start":{"line":26,"column":0},"end":{"line":26,"column":100}},"22":{"start":{"line":27,"column":0},"end":{"line":27,"column":73}},"23":{"start":{"line":29,"column":0},"end":{"line":29,"column":79}},"24":{"start":{"line":30,"column":0},"end":{"line":30,"column":64}},"25":{"start":{"line":31,"column":0},"end":{"line":31,"column":91}},"26":{"start":{"line":32,"column":0},"end":{"line":32,"column":85}},"27":{"start":{"line":33,"column":0},"end":{"line":33,"column":79}},"28":{"start":{"line":34,"column":0},"end":{"line":34,"column":82}},"29":{"start":{"line":35,"column":0},"end":{"line":35,"column":97}},"30":{"start":{"line":36,"column":0},"end":{"line":36,"column":79}},"31":{"start":{"line":38,"column":0},"end":{"line":38,"column":73}},"32":{"start":{"line":39,"column":0},"end":{"line":39,"column":76}},"33":{"start":{"line":40,"column":0},"end":{"line":40,"column":88}},"34":{"start":{"line":45,"column":0},"end":{"line":45,"column":65}},"35":{"start":{"line":46,"column":0},"end":{"line":46,"column":45}},"36":{"start":{"line":49,"column":23},"end":{"line":69,"column":1}},"37":{"start":{"line":50,"column":21},"end":{"line":50,"column":42}},"38":{"start":{"line":52,"column":4},"end":{"line":61,"column":5}},"39":{"start":{"line":54,"column":8},"end":{"line":54,"column":50}},"40":{"start":{"line":55,"column":8},"end":{"line":60,"column":10}},"41":{"start":{"line":64,"column":4},"end":{"line":64,"column":81}},"42":{"start":{"line":65,"column":4},"end":{"line":68,"column":6}},"43":{"start":{"line":143,"column":7},"end":{"line":149,"column":null}},"44":{"start":{"line":145,"column":8},"end":{"line":147,"column":65}},"45":{"start":{"line":143,"column":13},"end":{"line":143,"column":22}},"46":{"start":{"line":143,"column":13},"end":{"line":149,"column":null}}},"fnMap":{"0":{"name":"(anonymous_1)","decl":{"start":{"line":49,"column":23},"end":{"line":49,"column":31}},"loc":{"start":{"line":49,"column":33},"end":{"line":69,"column":1}}},"1":{"name":"(anonymous_2)","decl":{"start":{"line":144,"column":4},"end":{"line":144,"column":13}},"loc":{"start":{"line":144,"column":42},"end":{"line":148,"column":5}}}},"branchMap":{"0":{"loc":{"start":{"line":52,"column":4},"end":{"line":61,"column":5}},"type":"if","locations":[{"start":{"line":52,"column":4},"end":{"line":61,"column":5}}]}},"s":{"0":0,"1":0,"2":0,"3":0,"4":0,"5":0,"6":0,"7":0,"8":0,"9":0,"10":0,"11":0,"12":0,"13":0,"14":0,"15":0,"16":0,"17":0,"18":0,"19":0,"20":0,"21":0,"22":0,"23":0,"24":0,"25":0,"26":0,"27":0,"28":0,"29":0,"30":0,"31":0,"32":0,"33":0,"34":0,"35":0,"36":0,"37":0,"38":0,"39":0,"40":0,"41":0,"42":0,"43":0,"44":0,"45":0,"46":0},"f":{"0":0,"1":0},"b":{"0":[0]}}
,"/Users/pacosemino/Desktop/Rosental/appminuta/backend/src/app.service.ts": {"path":"/Users/pacosemino/Desktop/Rosental/appminuta/backend/src/app.service.ts","statementMap":{"0":{"start":{"line":1,"column":0},"end":{"line":1,"column":44}},"1":{"start":{"line":2,"column":0},"end":{"line":2,"column":56}},"2":{"start":{"line":3,"column":0},"end":{"line":3,"column":59}},"3":{"start":{"line":34,"column":7},"end":{"line":93,"column":null}},"4":{"start":{"line":36,"column":25},"end":{"line":36,"column":33}},"5":{"start":{"line":37,"column":25},"end":{"line":37,"column":41}},"6":{"start":{"line":41,"column":8},"end":{"line":41,"column":54}},"7":{"start":{"line":45,"column":26},"end":{"line":45,"column":31}},"8":{"start":{"line":49,"column":8},"end":{"line":56,"column":9}},"9":{"start":{"line":50,"column":28},"end":{"line":50,"column":38}},"10":{"start":{"line":51,"column":12},"end":{"line":51,"column":50}},"11":{"start":{"line":52,"column":12},"end":{"line":52,"column":45}},"12":{"start":{"line":53,"column":12},"end":{"line":53,"column":31}},"13":{"start":{"line":55,"column":12},"end":{"line":55,"column":32}},"14":{"start":{"line":59,"column":25},"end":{"line":59,"column":46}},"15":{"start":{"line":60,"column":27},"end":{"line":60,"column":70}},"16":{"start":{"line":61,"column":28},"end":{"line":61,"column":72}},"17":{"start":{"line":65,"column":8},"end":{"line":70,"column":9}},"18":{"start":{"line":66,"column":12},"end":{"line":66,"column":89}},"19":{"start":{"line":68,"column":12},"end":{"line":68,"column":76}},"20":{"start":{"line":69,"column":12},"end":{"line":69,"column":76}},"21":{"start":{"line":72,"column":8},"end":{"line":91,"column":10}},"22":{"start":{"line":34,"column":13},"end":{"line":34,"column":23}},"23":{"start":{"line":34,"column":13},"end":{"line":93,"column":null}}},"fnMap":{"0":{"name":"(anonymous_2)","decl":{"start":{"line":35,"column":4},"end":{"line":35,"column":null}},"loc":{"start":{"line":37,"column":55},"end":{"line":38,"column":9}}},"1":{"name":"(anonymous_3)","decl":{"start":{"line":40,"column":4},"end":{"line":40,"column":12}},"loc":{"start":{"line":40,"column":12},"end":{"line":42,"column":5}}},"2":{"name":"(anonymous_4)","decl":{"start":{"line":44,"column":4},"end":{"line":44,"column":9}},"loc":{"start":{"line":44,"column":24},"end":{"line":92,"column":5}}}},"branchMap":{"0":{"loc":{"start":{"line":73,"column":20},"end":{"line":73,"column":57}},"type":"cond-expr","locations":[{"start":{"line":73,"column":34},"end":{"line":73,"column":43}},{"start":{"line":73,"column":46},"end":{"line":73,"column":57}}]}},"s":{"0":0,"1":0,"2":0,"3":0,"4":0,"5":0,"6":0,"7":0,"8":0,"9":0,"10":0,"11":0,"12":0,"13":0,"14":0,"15":0,"16":0,"17":0,"18":0,"19":0,"20":0,"21":0,"22":0,"23":0},"f":{"0":0,"1":0,"2":0},"b":{"0":[0,0]}}
,"/Users/pacosemino/Desktop/Rosental/appminuta/backend/src/main.ts": {"path":"/Users/pacosemino/Desktop/Rosental/appminuta/backend/src/main.ts","statementMap":{"0":{"start":{"line":2,"column":0},"end":{"line":2,"column":43}},"1":{"start":{"line":3,"column":0},"end":{"line":3,"column":41}},"2":{"start":{"line":4,"column":0},"end":{"line":4,"column":48}},"3":{"start":{"line":5,"column":0},"end":{"line":5,"column":69}},"4":{"start":{"line":6,"column":0},"end":{"line":6,"column":43}},"5":{"start":{"line":7,"column":0},"end":{"line":7,"column":46}},"6":{"start":{"line":8,"column":0},"end":{"line":8,"column":28}},"7":{"start":{"line":9,"column":0},"end":{"line":9,"column":73}},"8":{"start":{"line":10,"column":0},"end":{"line":10,"column":87}},"9":{"start":{"line":11,"column":0},"end":{"line":11,"column":73}},"10":{"start":{"line":12,"column":0},"end":{"line":12,"column":54}},"11":{"start":{"line":13,"column":0},"end":{"line":13,"column":55}},"12":{"start":{"line":16,"column":1},"end":{"line":18,"column":2}},"13":{"start":{"line":17,"column":4},"end":{"line":17,"column":27}},"14":{"start":{"line":22,"column":4},"end":{"line":22,"column":18}},"15":{"start":{"line":24,"column":16},"end":{"line":24,"column":51}},"16":{"start":{"line":27,"column":26},"end":{"line":27,"column":63}},"17":{"start":{"line":28,"column":4},"end":{"line":59,"column":8}},"18":{"start":{"line":62,"column":4},"end":{"line":68,"column":7}},"19":{"start":{"line":63,"column":8},"end":{"line":66,"column":10}},"20":{"start":{"line":67,"column":8},"end":{"line":67,"column":15}},"21":{"start":{"line":71,"column":4},"end":{"line":71,"column":27}},"22":{"start":{"line":74,"column":4},"end":{"line":74,"column":28}},"23":{"start":{"line":78,"column":23},"end":{"line":78,"column":57}},"24":{"start":{"line":79,"column":23},"end":{"line":79,"column":41}},"25":{"start":{"line":80,"column":4},"end":{"line":80,"column":47}},"26":{"start":{"line":81,"column":4},"end":{"line":81,"column":69}},"27":{"start":{"line":84,"column":4},"end":{"line":84,"column":37}},"28":{"start":{"line":87,"column":4},"end":{"line":87,"column":39}},"29":{"start":{"line":91,"column":4},"end":{"line":91,"column":52}},"30":{"start":{"line":94,"column":4},"end":{"line":106,"column":8}},"31":{"start":{"line":100,"column":29},"end":{"line":101,"column":null}},"32":{"start":{"line":101,"column":16},"end":{"line":101,"column":85}},"33":{"start":{"line":103,"column":12},"end":{"line":103,"column":58}},"34":{"start":{"line":104,"column":12},"end":{"line":104,"column":81}},"35":{"start":{"line":109,"column":39},"end":{"line":109,"column":96}},"36":{"start":{"line":110,"column":4},"end":{"line":110,"column":60}},"37":{"start":{"line":113,"column":4},"end":{"line":113,"column":53}},"38":{"start":{"line":116,"column":4},"end":{"line":116,"column":60}},"39":{"start":{"line":119,"column":4},"end":{"line":119,"column":53}},"40":{"start":{"line":123,"column":4},"end":{"line":125,"column":5}},"41":{"start":{"line":124,"column":8},"end":{"line":124,"column":26}},"42":{"start":{"line":128,"column":25},"end":{"line":128,"column":62}},"43":{"start":{"line":129,"column":27},"end":{"line":136,"column":10}},"44":{"start":{"line":138,"column":4},"end":{"line":158,"column":7}},"45":{"start":{"line":143,"column":12},"end":{"line":145,"column":13}},"46":{"start":{"line":144,"column":16},"end":{"line":144,"column":44}},"47":{"start":{"line":147,"column":12},"end":{"line":152,"column":13}},"48":{"start":{"line":148,"column":16},"end":{"line":148,"column":37}},"49":{"start":{"line":150,"column":16},"end":{"line":150,"column":63}},"50":{"start":{"line":151,"column":16},"end":{"line":151,"column":59}},"51":{"start":{"line":160,"column":17},"end":{"line":160,"column":41}},"52":{"start":{"line":161,"column":4},"end":{"line":161,"column":27}},"53":{"start":{"line":162,"column":4},"end":{"line":162,"column":59}},"54":{"start":{"line":163,"column":4},"end":{"line":163,"column":56}},"55":{"start":{"line":164,"column":4},"end":{"line":164,"column":70}},"56":{"start":{"line":169,"column":0},"end":{"line":172,"column":3}},"57":{"start":{"line":170,"column":4},"end":{"line":170,"column":62}},"58":{"start":{"line":171,"column":4},"end":{"line":171,"column":20}}},"fnMap":{"0":{"name":"(anonymous_0)","decl":{"start":{"line":16,"column":35},"end":{"line":16,"column":null}},"loc":{"start":{"line":16,"column":35},"end":{"line":18,"column":1}}},"1":{"name":"bootstrap","decl":{"start":{"line":20,"column":15},"end":{"line":20,"column":24}},"loc":{"start":{"line":20,"column":24},"end":{"line":165,"column":1}}},"2":{"name":"(anonymous_2)","decl":{"start":{"line":62,"column":12},"end":{"line":62,"column":13}},"loc":{"start":{"line":62,"column":46},"end":{"line":68,"column":5}}},"3":{"name":"(anonymous_3)","decl":{"start":{"line":99,"column":26},"end":{"line":99,"column":27}},"loc":{"start":{"line":99,"column":37},"end":{"line":105,"column":9}}},"4":{"name":"(anonymous_4)","decl":{"start":{"line":100,"column":40},"end":{"line":100,"column":43}},"loc":{"start":{"line":101,"column":16},"end":{"line":101,"column":85}}},"5":{"name":"(anonymous_5)","decl":{"start":{"line":139,"column":16},"end":{"line":139,"column":17}},"loc":{"start":{"line":139,"column":37},"end":{"line":153,"column":9}}},"6":{"name":"(anonymous_6)","decl":{"start":{"line":169,"column":18},"end":{"line":169,"column":19}},"loc":{"start":{"line":169,"column":26},"end":{"line":172,"column":1}}}},"branchMap":{"0":{"loc":{"start":{"line":29,"column":31},"end":{"line":41,"column":null}},"type":"cond-expr","locations":[{"start":{"line":29,"column":47},"end":{"line":29,"column":52}},{"start":{"line":29,"column":55},"end":{"line":41,"column":null}}]},"1":{"loc":{"start":{"line":101,"column":50},"end":{"line":101,"column":71}},"type":"binary-expr","locations":[{"start":{"line":101,"column":50},"end":{"line":101,"column":65}},{"start":{"line":101,"column":69},"end":{"line":101,"column":71}}]},"2":{"loc":{"start":{"line":123,"column":4},"end":{"line":125,"column":5}},"type":"if","locations":[{"start":{"line":123,"column":4},"end":{"line":125,"column":5}}]},"3":{"loc":{"start":{"line":123,"column":8},"end":{"line":123,"column":86}},"type":"binary-expr","locations":[{"start":{"line":123,"column":8},"end":{"line":123,"column":45}},{"start":{"line":123,"column":49},"end":{"line":123,"column":86}}]},"4":{"loc":{"start":{"line":129,"column":27},"end":{"line":136,"column":10}},"type":"cond-expr","locations":[{"start":{"line":130,"column":11},"end":{"line":130,"column":56}},{"start":{"line":131,"column":10},"end":{"line":136,"column":10}}]},"5":{"loc":{"start":{"line":130,"column":11},"end":{"line":130,"column":56}},"type":"binary-expr","locations":[{"start":{"line":130,"column":11},"end":{"line":130,"column":50}},{"start":{"line":130,"column":54},"end":{"line":130,"column":56}}]},"6":{"loc":{"start":{"line":130,"column":11},"end":{"line":130,"column":50}},"type":"cond-expr","locations":[{"start":{"line":130,"column":38},"end":{"line":130,"column":40}},{"start":{"line":130,"column":38},"end":{"line":130,"column":50}}]},"7":{"loc":{"start":{"line":130,"column":11},"end":{"line":130,"column":40}},"type":"binary-expr","locations":[{"start":{"line":130,"column":11},"end":{"line":130,"column":40}},{"start":{"line":130,"column":38},"end":{"line":130,"column":40}}]},"8":{"loc":{"start":{"line":143,"column":12},"end":{"line":145,"column":13}},"type":"if","locations":[{"start":{"line":143,"column":12},"end":{"line":145,"column":13}}]},"9":{"loc":{"start":{"line":147,"column":12},"end":{"line":152,"column":13}},"type":"if","locations":[{"start":{"line":147,"column":12},"end":{"line":152,"column":13}},{"start":{"line":149,"column":19},"end":{"line":152,"column":13}}]},"10":{"loc":{"start":{"line":160,"column":17},"end":{"line":160,"column":41}},"type":"binary-expr","locations":[{"start":{"line":160,"column":17},"end":{"line":160,"column":33}},{"start":{"line":160,"column":37},"end":{"line":160,"column":41}}]}},"s":{"0":0,"1":0,"2":0,"3":0,"4":0,"5":0,"6":0,"7":0,"8":0,"9":0,"10":0,"11":0,"12":0,"13":0,"14":0,"15":0,"16":0,"17":0,"18":0,"19":0,"20":0,"21":0,"22":0,"23":0,"24":0,"25":0,"26":0,"27":0,"28":0,"29":0,"30":0,"31":0,"32":0,"33":0,"34":0,"35":0,"36":0,"37":0,"38":0,"39":0,"40":0,"41":0,"42":0,"43":0,"44":0,"45":0,"46":0,"47":0,"48":0,"49":0,"50":0,"51":0,"52":0,"53":0,"54":0,"55":0,"56":0,"57":0,"58":0},"f":{"0":0,"1":0,"2":0,"3":0,"4":0,"5":0,"6":0},"b":{"0":[0,0],"1":[0,0],"2":[0],"3":[0,0],"4":[0,0],"5":[0,0],"6":[0,0],"7":[0,0],"8":[0],"9":[0,0],"10":[0,0]}}
,"/Users/pacosemino/Desktop/Rosental/appminuta/backend/src/auth/auth-logger.controller.ts": {"path":"/Users/pacosemino/Desktop/Rosental/appminuta/backend/src/auth/auth-logger.controller.ts","statementMap":{"0":{"start":{"line":1,"column":0},"end":{"line":1,"column":null}},"1":{"start":{"line":12,"column":0},"end":{"line":12,"column":null}},"2":{"start":{"line":19,"column":0},"end":{"line":19,"column":58}},"3":{"start":{"line":20,"column":0},"end":{"line":20,"column":59}},"4":{"start":{"line":21,"column":0},"end":{"line":21,"column":73}},"5":{"start":{"line":22,"column":0},"end":{"line":22,"column":89}},"6":{"start":{"line":23,"column":0},"end":{"line":23,"column":72}},"7":{"start":{"line":24,"column":0},"end":{"line":24,"column":72}},"8":{"start":{"line":28,"column":7},"end":{"line":131,"column":null}},"9":{"start":{"line":29,"column":33},"end":{"line":29,"column":52}},"10":{"start":{"line":41,"column":23},"end":{"line":41,"column":53}},"11":{"start":{"line":43,"column":8},"end":{"line":49,"column":10}},"12":{"start":{"line":51,"column":8},"end":{"line":51,"column":33}},"13":{"start":{"line":62,"column":30},"end":{"line":62,"column":60}},"14":{"start":{"line":63,"column":8},"end":{"line":65,"column":9}},"15":{"start":{"line":64,"column":12},"end":{"line":64,"column":86}},"16":{"start":{"line":67,"column":8},"end":{"line":73,"column":10}},"17":{"start":{"line":75,"column":8},"end":{"line":75,"column":33}},"18":{"start":{"line":92,"column":30},"end":{"line":92,"column":60}},"19":{"start":{"line":94,"column":8},"end":{"line":96,"column":9}},"20":{"start":{"line":95,"column":12},"end":{"line":95,"column":83}},"21":{"start":{"line":98,"column":23},"end":{"line":100,"column":null}},"22":{"start":{"line":103,"column":8},"end":{"line":103,"column":26}},"23":{"start":{"line":118,"column":30},"end":{"line":118,"column":60}},"24":{"start":{"line":120,"column":8},"end":{"line":124,"column":9}},"25":{"start":{"line":121,"column":12},"end":{"line":123,"column":14}},"26":{"start":{"line":127,"column":12},"end":{"line":127,"column":73}},"27":{"start":{"line":129,"column":8},"end":{"line":129,"column":32}},"28":{"start":{"line":28,"column":13},"end":{"line":28,"column":33}},"29":{"start":{"line":40,"column":10},"end":{"line":52,"column":null}},"30":{"start":{"line":61,"column":10},"end":{"line":76,"column":null}},"31":{"start":{"line":87,"column":10},"end":{"line":104,"column":null}},"32":{"start":{"line":114,"column":10},"end":{"line":130,"column":null}},"33":{"start":{"line":28,"column":13},"end":{"line":131,"column":null}}},"fnMap":{"0":{"name":"(anonymous_4)","decl":{"start":{"line":29,"column":4},"end":{"line":29,"column":33}},"loc":{"start":{"line":29,"column":69},"end":{"line":29,"column":74}}},"1":{"name":"(anonymous_5)","decl":{"start":{"line":40,"column":4},"end":{"line":40,"column":9}},"loc":{"start":{"line":40,"column":70},"end":{"line":52,"column":5}}},"2":{"name":"(anonymous_6)","decl":{"start":{"line":61,"column":4},"end":{"line":61,"column":9}},"loc":{"start":{"line":61,"column":60},"end":{"line":76,"column":5}}},"3":{"name":"(anonymous_7)","decl":{"start":{"line":87,"column":4},"end":{"line":87,"column":9}},"loc":{"start":{"line":90,"column":38},"end":{"line":104,"column":5}}},"4":{"name":"(anonymous_8)","decl":{"start":{"line":114,"column":4},"end":{"line":114,"column":9}},"loc":{"start":{"line":116,"column":39},"end":{"line":130,"column":5}}}},"branchMap":{"0":{"loc":{"start":{"line":41,"column":23},"end":{"line":41,"column":53}},"type":"binary-expr","locations":[{"start":{"line":41,"column":23},"end":{"line":41,"column":36}},{"start":{"line":41,"column":40},"end":{"line":41,"column":52}}]},"1":{"loc":{"start":{"line":41,"column":23},"end":{"line":41,"column":36}},"type":"cond-expr","locations":[{"start":{"line":41,"column":31},"end":{"line":41,"column":33}},{"start":{"line":41,"column":31},"end":{"line":41,"column":36}}]},"2":{"loc":{"start":{"line":41,"column":23},"end":{"line":41,"column":33}},"type":"binary-expr","locations":[{"start":{"line":41,"column":23},"end":{"line":41,"column":33}},{"start":{"line":41,"column":31},"end":{"line":41,"column":33}}]},"3":{"loc":{"start":{"line":41,"column":40},"end":{"line":41,"column":52}},"type":"cond-expr","locations":[{"start":{"line":41,"column":48},"end":{"line":41,"column":50}},{"start":{"line":41,"column":48},"end":{"line":41,"column":52}}]},"4":{"loc":{"start":{"line":41,"column":40},"end":{"line":41,"column":50}},"type":"binary-expr","locations":[{"start":{"line":41,"column":40},"end":{"line":41,"column":50}},{"start":{"line":41,"column":48},"end":{"line":41,"column":50}}]},"5":{"loc":{"start":{"line":48,"column":12},"end":{"line":48,"column":57}},"type":"binary-expr","locations":[{"start":{"line":48,"column":12},"end":{"line":48,"column":28}},{"start":{"line":48,"column":32},"end":{"line":48,"column":57}}]},"6":{"loc":{"start":{"line":63,"column":8},"end":{"line":65,"column":9}},"type":"if","locations":[{"start":{"line":63,"column":8},"end":{"line":65,"column":9}}]},"7":{"loc":{"start":{"line":92,"column":30},"end":{"line":92,"column":60}},"type":"binary-expr","locations":[{"start":{"line":92,"column":30},"end":{"line":92,"column":43}},{"start":{"line":92,"column":47},"end":{"line":92,"column":59}}]},"8":{"loc":{"start":{"line":92,"column":30},"end":{"line":92,"column":43}},"type":"cond-expr","locations":[{"start":{"line":92,"column":38},"end":{"line":92,"column":40}},{"start":{"line":92,"column":38},"end":{"line":92,"column":43}}]},"9":{"loc":{"start":{"line":92,"column":30},"end":{"line":92,"column":40}},"type":"binary-expr","locations":[{"start":{"line":92,"column":30},"end":{"line":92,"column":40}},{"start":{"line":92,"column":38},"end":{"line":92,"column":40}}]},"10":{"loc":{"start":{"line":92,"column":47},"end":{"line":92,"column":59}},"type":"cond-expr","locations":[{"start":{"line":92,"column":55},"end":{"line":92,"column":57}},{"start":{"line":92,"column":55},"end":{"line":92,"column":59}}]},"11":{"loc":{"start":{"line":92,"column":47},"end":{"line":92,"column":57}},"type":"binary-expr","locations":[{"start":{"line":92,"column":47},"end":{"line":92,"column":57}},{"start":{"line":92,"column":55},"end":{"line":92,"column":57}}]},"12":{"loc":{"start":{"line":94,"column":8},"end":{"line":96,"column":9}},"type":"if","locations":[{"start":{"line":94,"column":8},"end":{"line":96,"column":9}}]},"13":{"loc":{"start":{"line":100,"column":12},"end":{"line":100,"column":50}},"type":"cond-expr","locations":[{"start":{"line":100,"column":20},"end":{"line":100,"column":46}},{"start":{"line":100,"column":49},"end":{"line":100,"column":50}}]},"14":{"loc":{"start":{"line":118,"column":30},"end":{"line":118,"column":60}},"type":"binary-expr","locations":[{"start":{"line":118,"column":30},"end":{"line":118,"column":43}},{"start":{"line":118,"column":47},"end":{"line":118,"column":59}}]},"15":{"loc":{"start":{"line":118,"column":30},"end":{"line":118,"column":43}},"type":"cond-expr","locations":[{"start":{"line":118,"column":38},"end":{"line":118,"column":40}},{"start":{"line":118,"column":38},"end":{"line":118,"column":43}}]},"16":{"loc":{"start":{"line":118,"column":30},"end":{"line":118,"column":40}},"type":"binary-expr","locations":[{"start":{"line":118,"column":30},"end":{"line":118,"column":40}},{"start":{"line":118,"column":38},"end":{"line":118,"column":40}}]},"17":{"loc":{"start":{"line":118,"column":47},"end":{"line":118,"column":59}},"type":"cond-expr","locations":[{"start":{"line":118,"column":55},"end":{"line":118,"column":57}},{"start":{"line":118,"column":55},"end":{"line":118,"column":59}}]},"18":{"loc":{"start":{"line":118,"column":47},"end":{"line":118,"column":57}},"type":"binary-expr","locations":[{"start":{"line":118,"column":47},"end":{"line":118,"column":57}},{"start":{"line":118,"column":55},"end":{"line":118,"column":57}}]},"19":{"loc":{"start":{"line":120,"column":8},"end":{"line":124,"column":9}},"type":"if","locations":[{"start":{"line":120,"column":8},"end":{"line":124,"column":9}}]}},"s":{"0":0,"1":0,"2":0,"3":0,"4":0,"5":0,"6":0,"7":0,"8":0,"9":0,"10":0,"11":0,"12":0,"13":0,"14":0,"15":0,"16":0,"17":0,"18":0,"19":0,"20":0,"21":0,"22":0,"23":0,"24":0,"25":0,"26":0,"27":0,"28":0,"29":0,"30":0,"31":0,"32":0,"33":0},"f":{"0":0,"1":0,"2":0,"3":0,"4":0},"b":{"0":[0,0],"1":[0,0],"2":[0,0],"3":[0,0],"4":[0,0],"5":[0,0],"6":[0],"7":[0,0],"8":[0,0],"9":[0,0],"10":[0,0],"11":[0,0],"12":[0],"13":[0,0],"14":[0,0],"15":[0,0],"16":[0,0],"17":[0,0],"18":[0,0],"19":[0]}}
,"/Users/pacosemino/Desktop/Rosental/appminuta/backend/src/auth/auth-logger.service.ts": {"path":"/Users/pacosemino/Desktop/Rosental/appminuta/backend/src/auth/auth-logger.service.ts","statementMap":{"0":{"start":{"line":1,"column":0},"end":{"line":1,"column":44}},"1":{"start":{"line":2,"column":0},"end":{"line":2,"column":57}},"2":{"start":{"line":3,"column":0},"end":{"line":3,"column":57}},"3":{"start":{"line":4,"column":0},"end":{"line":4,"column":57}},"4":{"start":{"line":5,"column":0},"end":{"line":5,"column":54}},"5":{"start":{"line":8,"column":7},"end":{"line":113,"column":null}},"6":{"start":{"line":10,"column":25},"end":{"line":10,"column":33}},"7":{"start":{"line":11,"column":25},"end":{"line":11,"column":33}},"8":{"start":{"line":25,"column":8},"end":{"line":51,"column":9}},"9":{"start":{"line":26,"column":12},"end":{"line":35,"column":15}},"10":{"start":{"line":38,"column":12},"end":{"line":47,"column":13}},"11":{"start":{"line":39,"column":16},"end":{"line":46,"column":19}},"12":{"start":{"line":49,"column":12},"end":{"line":49,"column":121}},"13":{"start":{"line":58,"column":8},"end":{"line":80,"column":9}},"14":{"start":{"line":59,"column":27},"end":{"line":74,"column":14}},"15":{"start":{"line":76,"column":12},"end":{"line":76,"column":26}},"16":{"start":{"line":78,"column":12},"end":{"line":78,"column":120}},"17":{"start":{"line":79,"column":12},"end":{"line":79,"column":22}},"18":{"start":{"line":88,"column":8},"end":{"line":111,"column":9}},"19":{"start":{"line":90,"column":31},"end":{"line":90,"column":41}},"20":{"start":{"line":91,"column":12},"end":{"line":91,"column":59}},"21":{"start":{"line":93,"column":33},"end":{"line":104,"column":14}},"22":{"start":{"line":107,"column":12},"end":{"line":107,"column":43}},"23":{"start":{"line":109,"column":12},"end":{"line":109,"column":117}},"24":{"start":{"line":110,"column":12},"end":{"line":110,"column":25}},"25":{"start":{"line":8,"column":13},"end":{"line":8,"column":30}},"26":{"start":{"line":8,"column":13},"end":{"line":113,"column":null}}},"fnMap":{"0":{"name":"(anonymous_2)","decl":{"start":{"line":9,"column":4},"end":{"line":9,"column":null}},"loc":{"start":{"line":11,"column":46},"end":{"line":12,"column":9}}},"1":{"name":"(anonymous_3)","decl":{"start":{"line":18,"column":4},"end":{"line":18,"column":9}},"loc":{"start":{"line":23,"column":26},"end":{"line":52,"column":5}}},"2":{"name":"(anonymous_4)","decl":{"start":{"line":57,"column":4},"end":{"line":57,"column":9}},"loc":{"start":{"line":57,"column":63},"end":{"line":81,"column":5}}},"3":{"name":"(anonymous_5)","decl":{"start":{"line":87,"column":4},"end":{"line":87,"column":9}},"loc":{"start":{"line":87,"column":49},"end":{"line":112,"column":5}}}},"branchMap":{"0":{"loc":{"start":{"line":29,"column":37},"end":{"line":29,"column":55}},"type":"binary-expr","locations":[{"start":{"line":29,"column":37},"end":{"line":29,"column":42}},{"start":{"line":29,"column":46},"end":{"line":29,"column":55}}]},"1":{"loc":{"start":{"line":32,"column":28},"end":{"line":32,"column":69}},"type":"cond-expr","locations":[{"start":{"line":32,"column":38},"end":{"line":32,"column":62}},{"start":{"line":32,"column":65},"end":{"line":32,"column":69}}]},"2":{"loc":{"start":{"line":38,"column":12},"end":{"line":47,"column":13}},"type":"if","locations":[{"start":{"line":38,"column":12},"end":{"line":47,"column":13}}]},"3":{"loc":{"start":{"line":45,"column":34},"end":{"line":45,"column":52}},"type":"binary-expr","locations":[{"start":{"line":45,"column":34},"end":{"line":45,"column":39}},{"start":{"line":45,"column":43},"end":{"line":45,"column":52}}]},"4":{"loc":{"start":{"line":49,"column":73},"end":{"line":49,"column":119}},"type":"cond-expr","locations":[{"start":{"line":49,"column":98},"end":{"line":49,"column":111}},{"start":{"line":49,"column":114},"end":{"line":49,"column":119}}]},"5":{"loc":{"start":{"line":57,"column":46},"end":{"line":57,"column":63}},"type":"default-arg","locations":[{"start":{"line":57,"column":62},"end":{"line":57,"column":63}}]},"6":{"loc":{"start":{"line":78,"column":72},"end":{"line":78,"column":118}},"type":"cond-expr","locations":[{"start":{"line":78,"column":97},"end":{"line":78,"column":110}},{"start":{"line":78,"column":113},"end":{"line":78,"column":118}}]},"7":{"loc":{"start":{"line":109,"column":69},"end":{"line":109,"column":115}},"type":"cond-expr","locations":[{"start":{"line":109,"column":94},"end":{"line":109,"column":107}},{"start":{"line":109,"column":110},"end":{"line":109,"column":115}}]}},"s":{"0":0,"1":0,"2":0,"3":0,"4":0,"5":0,"6":0,"7":0,"8":0,"9":0,"10":0,"11":0,"12":0,"13":0,"14":0,"15":0,"16":0,"17":0,"18":0,"19":0,"20":0,"21":0,"22":0,"23":0,"24":0,"25":0,"26":0},"f":{"0":0,"1":0,"2":0,"3":0},"b":{"0":[0,0],"1":[0,0],"2":[0],"3":[0,0],"4":[0,0],"5":[0],"6":[0,0],"7":[0,0]}}
,"/Users/pacosemino/Desktop/Rosental/appminuta/backend/src/auth/auth.module.ts": {"path":"/Users/pacosemino/Desktop/Rosental/appminuta/backend/src/auth/auth.module.ts","statementMap":{"0":{"start":{"line":1,"column":0},"end":{"line":1,"column":40}},"1":{"start":{"line":2,"column":0},"end":{"line":2,"column":50}},"2":{"start":{"line":3,"column":0},"end":{"line":3,"column":55}},"3":{"start":{"line":4,"column":0},"end":{"line":4,"column":55}},"4":{"start":{"line":5,"column":0},"end":{"line":5,"column":58}},"5":{"start":{"line":6,"column":0},"end":{"line":6,"column":64}},"6":{"start":{"line":7,"column":0},"end":{"line":7,"column":83}},"7":{"start":{"line":8,"column":0},"end":{"line":8,"column":75}},"8":{"start":{"line":9,"column":0},"end":{"line":9,"column":54}},"9":{"start":{"line":10,"column":0},"end":{"line":10,"column":89}},"10":{"start":{"line":11,"column":0},"end":{"line":11,"column":101}},"11":{"start":{"line":12,"column":0},"end":{"line":12,"column":55}},"12":{"start":{"line":14,"column":0},"end":{"line":14,"column":62}},"13":{"start":{"line":15,"column":0},"end":{"line":15,"column":75}},"14":{"start":{"line":45,"column":7},"end":{"line":45,"column":null}},"15":{"start":{"line":45,"column":13},"end":{"line":45,"column":23}},"16":{"start":{"line":45,"column":13},"end":{"line":45,"column":null}}},"fnMap":{},"branchMap":{},"s":{"0":0,"1":0,"2":0,"3":0,"4":0,"5":0,"6":0,"7":0,"8":0,"9":0,"10":0,"11":0,"12":0,"13":0,"14":0,"15":0,"16":0},"f":{},"b":{}}
,"/Users/pacosemino/Desktop/Rosental/appminuta/backend/src/auth/supabase.strategy.ts": {"path":"/Users/pacosemino/Desktop/Rosental/appminuta/backend/src/auth/supabase.strategy.ts","statementMap":{"0":{"start":{"line":1,"column":0},"end":{"line":1,"column":44}},"1":{"start":{"line":2,"column":0},"end":{"line":2,"column":52}},"2":{"start":{"line":3,"column":0},"end":{"line":3,"column":52}},"3":{"start":{"line":6,"column":7},"end":{"line":70,"column":null}},"4":{"start":{"line":8,"column":26},"end":{"line":8,"column":57}},"5":{"start":{"line":10,"column":8},"end":{"line":12,"column":9}},"6":{"start":{"line":11,"column":12},"end":{"line":11,"column":92}},"7":{"start":{"line":15,"column":8},"end":{"line":20,"column":9}},"8":{"start":{"line":16,"column":12},"end":{"line":19,"column":14}},"9":{"start":{"line":23,"column":28},"end":{"line":23,"column":47}},"10":{"start":{"line":25,"column":8},"end":{"line":30,"column":9}},"11":{"start":{"line":26,"column":12},"end":{"line":29,"column":14}},"12":{"start":{"line":33,"column":29},"end":{"line":33,"column":52}},"13":{"start":{"line":34,"column":29},"end":{"line":34,"column":52}},"14":{"start":{"line":35,"column":27},"end":{"line":35,"column":50}},"15":{"start":{"line":36,"column":32},"end":{"line":36,"column":55}},"16":{"start":{"line":38,"column":32},"end":{"line":39,"column":35}},"17":{"start":{"line":41,"column":8},"end":{"line":46,"column":9}},"18":{"start":{"line":42,"column":12},"end":{"line":45,"column":14}},"19":{"start":{"line":48,"column":8},"end":{"line":52,"column":11}},"20":{"start":{"line":62,"column":8},"end":{"line":67,"column":null}},"21":{"start":{"line":6,"column":13},"end":{"line":6,"column":29}},"22":{"start":{"line":6,"column":13},"end":{"line":70,"column":null}}},"fnMap":{"0":{"name":"(anonymous_2)","decl":{"start":{"line":7,"column":4},"end":{"line":7,"column":null}},"loc":{"start":{"line":7,"column":4},"end":{"line":53,"column":5}}},"1":{"name":"(anonymous_3)","decl":{"start":{"line":55,"column":4},"end":{"line":55,"column":9}},"loc":{"start":{"line":55,"column":31},"end":{"line":69,"column":5}}}},"branchMap":{"0":{"loc":{"start":{"line":10,"column":8},"end":{"line":12,"column":9}},"type":"if","locations":[{"start":{"line":10,"column":8},"end":{"line":12,"column":9}}]},"1":{"loc":{"start":{"line":15,"column":8},"end":{"line":20,"column":9}},"type":"if","locations":[{"start":{"line":15,"column":8},"end":{"line":20,"column":9}}]},"2":{"loc":{"start":{"line":25,"column":8},"end":{"line":30,"column":9}},"type":"if","locations":[{"start":{"line":25,"column":8},"end":{"line":30,"column":9}}]},"3":{"loc":{"start":{"line":25,"column":12},"end":{"line":25,"column":81}},"type":"binary-expr","locations":[{"start":{"line":25,"column":12},"end":{"line":25,"column":49}},{"start":{"line":25,"column":53},"end":{"line":25,"column":81}}]},"4":{"loc":{"start":{"line":41,"column":8},"end":{"line":46,"column":9}},"type":"if","locations":[{"start":{"line":41,"column":8},"end":{"line":46,"column":9}}]},"5":{"loc":{"start":{"line":66,"column":17},"end":{"line":66,"column":38}},"type":"binary-expr","locations":[{"start":{"line":66,"column":17},"end":{"line":66,"column":28}},{"start":{"line":66,"column":32},"end":{"line":66,"column":38}}]}},"s":{"0":0,"1":0,"2":0,"3":0,"4":0,"5":0,"6":0,"7":0,"8":0,"9":0,"10":0,"11":0,"12":0,"13":0,"14":0,"15":0,"16":0,"17":0,"18":0,"19":0,"20":0,"21":0,"22":0},"f":{"0":0,"1":0},"b":{"0":[0],"1":[0],"2":[0],"3":[0,0],"4":[0],"5":[0,0]}}
,"/Users/pacosemino/Desktop/Rosental/appminuta/backend/src/auth/uif-supabase.strategy.ts": {"path":"/Users/pacosemino/Desktop/Rosental/appminuta/backend/src/auth/uif-supabase.strategy.ts","statementMap":{"0":{"start":{"line":2,"column":0},"end":{"line":2,"column":44}},"1":{"start":{"line":3,"column":0},"end":{"line":3,"column":52}},"2":{"start":{"line":4,"column":0},"end":{"line":4,"column":52}},"3":{"start":{"line":5,"column":0},"end":{"line":5,"column":45}},"4":{"start":{"line":8,"column":7},"end":{"line":36,"column":null}},"5":{"start":{"line":10,"column":34},"end":{"line":10,"column":56}},"6":{"start":{"line":12,"column":8},"end":{"line":23,"column":11}},"7":{"start":{"line":29,"column":8},"end":{"line":33,"column":null}},"8":{"start":{"line":8,"column":13},"end":{"line":8,"column":32}},"9":{"start":{"line":8,"column":13},"end":{"line":36,"column":null}}},"fnMap":{"0":{"name":"(anonymous_2)","decl":{"start":{"line":9,"column":4},"end":{"line":9,"column":null}},"loc":{"start":{"line":9,"column":4},"end":{"line":24,"column":5}}},"1":{"name":"(anonymous_3)","decl":{"start":{"line":26,"column":4},"end":{"line":26,"column":9}},"loc":{"start":{"line":26,"column":31},"end":{"line":35,"column":5}}}},"branchMap":{},"s":{"0":0,"1":0,"2":0,"3":0,"4":0,"5":0,"6":0,"7":0,"8":0,"9":0},"f":{"0":0,"1":0},"b":{}}
,"/Users/pacosemino/Desktop/Rosental/appminuta/backend/src/auth/authorization/authorization.module.ts": {"path":"/Users/pacosemino/Desktop/Rosental/appminuta/backend/src/auth/authorization/authorization.module.ts","statementMap":{"0":{"start":{"line":1,"column":0},"end":{"line":1,"column":40}},"1":{"start":{"line":2,"column":0},"end":{"line":2,"column":63}},"2":{"start":{"line":3,"column":0},"end":{"line":3,"column":78}},"3":{"start":{"line":4,"column":0},"end":{"line":4,"column":61}},"4":{"start":{"line":5,"column":0},"end":{"line":5,"column":86}},"5":{"start":{"line":6,"column":0},"end":{"line":6,"column":58}},"6":{"start":{"line":7,"column":0},"end":{"line":7,"column":58}},"7":{"start":{"line":9,"column":0},"end":{"line":9,"column":92}},"8":{"start":{"line":16,"column":7},"end":{"line":16,"column":null}},"9":{"start":{"line":16,"column":13},"end":{"line":16,"column":32}},"10":{"start":{"line":16,"column":13},"end":{"line":16,"column":null}}},"fnMap":{},"branchMap":{},"s":{"0":0,"1":0,"2":0,"3":0,"4":0,"5":0,"6":0,"7":0,"8":0,"9":0,"10":0},"f":{},"b":{}}
,"/Users/pacosemino/Desktop/Rosental/appminuta/backend/src/auth/authorization/authorization.service.ts": {"path":"/Users/pacosemino/Desktop/Rosental/appminuta/backend/src/auth/authorization/authorization.service.ts","statementMap":{"0":{"start":{"line":1,"column":0},"end":{"line":1,"column":44}},"1":{"start":{"line":2,"column":0},"end":{"line":2,"column":60}},"2":{"start":{"line":3,"column":0},"end":{"line":3,"column":60}},"3":{"start":{"line":6,"column":7},"end":{"line":330,"column":null}},"4":{"start":{"line":8,"column":16},"end":{"line":8,"column":24}},"5":{"start":{"line":9,"column":25},"end":{"line":9,"column":33}},"6":{"start":{"line":17,"column":31},"end":{"line":20,"column":10}},"7":{"start":{"line":22,"column":8},"end":{"line":24,"column":9}},"8":{"start":{"line":23,"column":12},"end":{"line":23,"column":25}},"9":{"start":{"line":27,"column":28},"end":{"line":33,"column":10}},"10":{"start":{"line":35,"column":8},"end":{"line":35,"column":36}},"11":{"start":{"line":45,"column":28},"end":{"line":53,"column":10}},"12":{"start":{"line":55,"column":8},"end":{"line":55,"column":49}},"13":{"start":{"line":67,"column":25},"end":{"line":67,"column":75}},"14":{"start":{"line":69,"column":8},"end":{"line":69,"column":36}},"15":{"start":{"line":69,"column":23},"end":{"line":69,"column":36}},"16":{"start":{"line":72,"column":8},"end":{"line":74,"column":9}},"17":{"start":{"line":73,"column":12},"end":{"line":73,"column":24}},"18":{"start":{"line":77,"column":8},"end":{"line":77,"column":41}},"19":{"start":{"line":88,"column":27},"end":{"line":88,"column":44}},"20":{"start":{"line":91,"column":31},"end":{"line":94,"column":10}},"21":{"start":{"line":96,"column":8},"end":{"line":96,"column":66}},"22":{"start":{"line":96,"column":36},"end":{"line":96,"column":64}},"23":{"start":{"line":100,"column":31},"end":{"line":103,"column":10}},"24":{"start":{"line":105,"column":8},"end":{"line":124,"column":9}},"25":{"start":{"line":107,"column":35},"end":{"line":113,"column":14}},"26":{"start":{"line":116,"column":12},"end":{"line":123,"column":13}},"27":{"start":{"line":117,"column":36},"end":{"line":120,"column":18}},"28":{"start":{"line":122,"column":16},"end":{"line":122,"column":63}},"29":{"start":{"line":122,"column":41},"end":{"line":122,"column":61}},"30":{"start":{"line":127,"column":8},"end":{"line":127,"column":38}},"31":{"start":{"line":134,"column":27},"end":{"line":134,"column":61}},"32":{"start":{"line":136,"column":8},"end":{"line":138,"column":9}},"33":{"start":{"line":137,"column":12},"end":{"line":137,"column":22}},"34":{"start":{"line":140,"column":25},"end":{"line":155,"column":10}},"35":{"start":{"line":157,"column":8},"end":{"line":157,"column":24}},"36":{"start":{"line":167,"column":25},"end":{"line":170,"column":10}},"37":{"start":{"line":173,"column":8},"end":{"line":181,"column":9}},"38":{"start":{"line":174,"column":28},"end":{"line":176,"column":null}},"39":{"start":{"line":178,"column":12},"end":{"line":180,"column":13}},"40":{"start":{"line":179,"column":16},"end":{"line":179,"column":28}},"41":{"start":{"line":183,"column":24},"end":{"line":183,"column":74}},"42":{"start":{"line":184,"column":8},"end":{"line":184,"column":32}},"43":{"start":{"line":194,"column":25},"end":{"line":194,"column":75}},"44":{"start":{"line":196,"column":8},"end":{"line":196,"column":33}},"45":{"start":{"line":196,"column":23},"end":{"line":196,"column":33}},"46":{"start":{"line":198,"column":30},"end":{"line":207,"column":10}},"47":{"start":{"line":209,"column":8},"end":{"line":212,"column":10}},"48":{"start":{"line":210,"column":53},"end":{"line":210,"column":77}},"49":{"start":{"line":219,"column":24},"end":{"line":234,"column":10}},"50":{"start":{"line":236,"column":8},"end":{"line":236,"column":23}},"51":{"start":{"line":251,"column":24},"end":{"line":254,"column":10}},"52":{"start":{"line":256,"column":8},"end":{"line":258,"column":9}},"53":{"start":{"line":257,"column":12},"end":{"line":257,"column":88}},"54":{"start":{"line":261,"column":24},"end":{"line":261,"column":81}},"55":{"start":{"line":262,"column":8},"end":{"line":264,"column":9}},"56":{"start":{"line":263,"column":12},"end":{"line":263,"column":99}},"57":{"start":{"line":267,"column":8},"end":{"line":284,"column":11}},"58":{"start":{"line":287,"column":28},"end":{"line":292,"column":10}},"59":{"start":{"line":294,"column":8},"end":{"line":303,"column":9}},"60":{"start":{"line":296,"column":12},"end":{"line":302,"column":15}},"61":{"start":{"line":306,"column":8},"end":{"line":323,"column":9}},"62":{"start":{"line":307,"column":25},"end":{"line":310,"column":14}},"63":{"start":{"line":311,"column":30},"end":{"line":311,"column":54}},"64":{"start":{"line":313,"column":12},"end":{"line":320,"column":15}},"65":{"start":{"line":322,"column":12},"end":{"line":322,"column":64}},"66":{"start":{"line":325,"column":8},"end":{"line":328,"column":10}},"67":{"start":{"line":6,"column":13},"end":{"line":6,"column":33}},"68":{"start":{"line":6,"column":13},"end":{"line":330,"column":null}}},"fnMap":{"0":{"name":"(anonymous_2)","decl":{"start":{"line":7,"column":4},"end":{"line":7,"column":null}},"loc":{"start":{"line":9,"column":46},"end":{"line":10,"column":9}}},"1":{"name":"(anonymous_3)","decl":{"start":{"line":15,"column":4},"end":{"line":15,"column":9}},"loc":{"start":{"line":15,"column":59},"end":{"line":36,"column":5}}},"2":{"name":"(anonymous_4)","decl":{"start":{"line":41,"column":4},"end":{"line":41,"column":9}},"loc":{"start":{"line":43,"column":25},"end":{"line":56,"column":5}}},"3":{"name":"(anonymous_5)","decl":{"start":{"line":62,"column":4},"end":{"line":62,"column":9}},"loc":{"start":{"line":65,"column":28},"end":{"line":78,"column":5}}},"4":{"name":"(anonymous_6)","decl":{"start":{"line":87,"column":4},"end":{"line":87,"column":9}},"loc":{"start":{"line":87,"column":40},"end":{"line":128,"column":5}}},"5":{"name":"(anonymous_7)","decl":{"start":{"line":96,"column":31},"end":{"line":96,"column":32}},"loc":{"start":{"line":96,"column":36},"end":{"line":96,"column":64}}},"6":{"name":"(anonymous_8)","decl":{"start":{"line":122,"column":36},"end":{"line":122,"column":37}},"loc":{"start":{"line":122,"column":41},"end":{"line":122,"column":61}}},"7":{"name":"(anonymous_9)","decl":{"start":{"line":133,"column":4},"end":{"line":133,"column":9}},"loc":{"start":{"line":133,"column":48},"end":{"line":158,"column":5}}},"8":{"name":"(anonymous_10)","decl":{"start":{"line":165,"column":4},"end":{"line":165,"column":9}},"loc":{"start":{"line":165,"column":60},"end":{"line":185,"column":5}}},"9":{"name":"(anonymous_11)","decl":{"start":{"line":190,"column":4},"end":{"line":190,"column":9}},"loc":{"start":{"line":192,"column":25},"end":{"line":213,"column":5}}},"10":{"name":"(anonymous_12)","decl":{"start":{"line":210,"column":45},"end":{"line":210,"column":46}},"loc":{"start":{"line":210,"column":53},"end":{"line":210,"column":77}}},"11":{"name":"(anonymous_13)","decl":{"start":{"line":218,"column":4},"end":{"line":218,"column":9}},"loc":{"start":{"line":218,"column":42},"end":{"line":237,"column":5}}},"12":{"name":"(anonymous_14)","decl":{"start":{"line":244,"column":4},"end":{"line":244,"column":9}},"loc":{"start":{"line":248,"column":26},"end":{"line":329,"column":5}}}},"branchMap":{"0":{"loc":{"start":{"line":22,"column":8},"end":{"line":24,"column":9}},"type":"if","locations":[{"start":{"line":22,"column":8},"end":{"line":24,"column":9}}]},"1":{"loc":{"start":{"line":55,"column":15},"end":{"line":55,"column":48}},"type":"binary-expr","locations":[{"start":{"line":55,"column":15},"end":{"line":55,"column":40}},{"start":{"line":55,"column":44},"end":{"line":55,"column":48}}]},"2":{"loc":{"start":{"line":55,"column":15},"end":{"line":55,"column":40}},"type":"cond-expr","locations":[{"start":{"line":55,"column":26},"end":{"line":55,"column":28}},{"start":{"line":55,"column":15},"end":{"line":55,"column":40}}]},"3":{"loc":{"start":{"line":55,"column":15},"end":{"line":55,"column":28}},"type":"binary-expr","locations":[{"start":{"line":55,"column":15},"end":{"line":55,"column":28}},{"start":{"line":55,"column":15},"end":{"line":55,"column":28}}]},"4":{"loc":{"start":{"line":69,"column":8},"end":{"line":69,"column":36}},"type":"if","locations":[{"start":{"line":69,"column":8},"end":{"line":69,"column":36}}]},"5":{"loc":{"start":{"line":72,"column":8},"end":{"line":74,"column":9}},"type":"if","locations":[{"start":{"line":72,"column":8},"end":{"line":74,"column":9}}]},"6":{"loc":{"start":{"line":72,"column":12},"end":{"line":72,"column":65}},"type":"binary-expr","locations":[{"start":{"line":72,"column":12},"end":{"line":72,"column":39}},{"start":{"line":72,"column":43},"end":{"line":72,"column":65}}]},"7":{"loc":{"start":{"line":105,"column":8},"end":{"line":124,"column":9}},"type":"if","locations":[{"start":{"line":105,"column":8},"end":{"line":124,"column":9}}]},"8":{"loc":{"start":{"line":136,"column":8},"end":{"line":138,"column":9}},"type":"if","locations":[{"start":{"line":136,"column":8},"end":{"line":138,"column":9}}]},"9":{"loc":{"start":{"line":173,"column":8},"end":{"line":181,"column":9}},"type":"if","locations":[{"start":{"line":173,"column":8},"end":{"line":181,"column":9}}]},"10":{"loc":{"start":{"line":173,"column":12},"end":{"line":173,"column":27}},"type":"cond-expr","locations":[{"start":{"line":173,"column":20},"end":{"line":173,"column":22}},{"start":{"line":173,"column":12},"end":{"line":173,"column":27}}]},"11":{"loc":{"start":{"line":173,"column":12},"end":{"line":173,"column":22}},"type":"binary-expr","locations":[{"start":{"line":173,"column":12},"end":{"line":173,"column":22}},{"start":{"line":173,"column":12},"end":{"line":173,"column":22}}]},"12":{"loc":{"start":{"line":178,"column":12},"end":{"line":180,"column":13}},"type":"if","locations":[{"start":{"line":178,"column":12},"end":{"line":180,"column":13}}]},"13":{"loc":{"start":{"line":196,"column":8},"end":{"line":196,"column":33}},"type":"if","locations":[{"start":{"line":196,"column":8},"end":{"line":196,"column":33}}]},"14":{"loc":{"start":{"line":210,"column":12},"end":{"line":211,"column":14}},"type":"binary-expr","locations":[{"start":{"line":210,"column":12},"end":{"line":210,"column":78}},{"start":{"line":211,"column":12},"end":{"line":211,"column":14}}]},"15":{"loc":{"start":{"line":210,"column":12},"end":{"line":210,"column":78}},"type":"cond-expr","locations":[{"start":{"line":210,"column":25},"end":{"line":210,"column":27}},{"start":{"line":210,"column":12},"end":{"line":210,"column":78}}]},"16":{"loc":{"start":{"line":210,"column":12},"end":{"line":210,"column":27}},"type":"binary-expr","locations":[{"start":{"line":210,"column":12},"end":{"line":210,"column":27}},{"start":{"line":210,"column":12},"end":{"line":210,"column":27}}]},"17":{"loc":{"start":{"line":210,"column":53},"end":{"line":210,"column":77}},"type":"binary-expr","locations":[{"start":{"line":210,"column":53},"end":{"line":210,"column":71}},{"start":{"line":210,"column":75},"end":{"line":210,"column":77}}]},"18":{"loc":{"start":{"line":256,"column":8},"end":{"line":258,"column":9}},"type":"if","locations":[{"start":{"line":256,"column":8},"end":{"line":258,"column":9}}]},"19":{"loc":{"start":{"line":256,"column":12},"end":{"line":256,"column":38}},"type":"binary-expr","locations":[{"start":{"line":256,"column":12},"end":{"line":256,"column":20}},{"start":{"line":256,"column":24},"end":{"line":256,"column":38}}]},"20":{"loc":{"start":{"line":262,"column":8},"end":{"line":264,"column":9}},"type":"if","locations":[{"start":{"line":262,"column":8},"end":{"line":264,"column":9}}]},"21":{"loc":{"start":{"line":294,"column":8},"end":{"line":303,"column":9}},"type":"if","locations":[{"start":{"line":294,"column":8},"end":{"line":303,"column":9}}]},"22":{"loc":{"start":{"line":311,"column":30},"end":{"line":311,"column":54}},"type":"binary-expr","locations":[{"start":{"line":311,"column":30},"end":{"line":311,"column":41}},{"start":{"line":311,"column":45},"end":{"line":311,"column":54}}]},"23":{"loc":{"start":{"line":311,"column":30},"end":{"line":311,"column":41}},"type":"cond-expr","locations":[{"start":{"line":311,"column":34},"end":{"line":311,"column":36}},{"start":{"line":311,"column":30},"end":{"line":311,"column":41}}]},"24":{"loc":{"start":{"line":311,"column":30},"end":{"line":311,"column":36}},"type":"binary-expr","locations":[{"start":{"line":311,"column":30},"end":{"line":311,"column":36}},{"start":{"line":311,"column":30},"end":{"line":311,"column":36}}]}},"s":{"0":1,"1":1,"2":1,"3":1,"4":21,"5":21,"6":8,"7":8,"8":3,"9":5,"10":5,"11":10,"12":10,"13":4,"14":4,"15":0,"16":4,"17":2,"18":2,"19":5,"20":5,"21":5,"22":5,"23":5,"24":5,"25":2,"26":2,"27":1,"28":1,"29":3,"30":5,"31":2,"32":2,"33":1,"34":1,"35":1,"36":3,"37":3,"38":3,"39":3,"40":1,"41":2,"42":2,"43":2,"44":2,"45":1,"46":1,"47":1,"48":3,"49":0,"50":0,"51":2,"52":2,"53":0,"54":2,"55":2,"56":1,"57":1,"58":1,"59":1,"60":1,"61":1,"62":1,"63":1,"64":1,"65":0,"66":1,"67":1,"68":1},"f":{"0":21,"1":8,"2":10,"3":4,"4":5,"5":5,"6":3,"7":2,"8":3,"9":2,"10":3,"11":0,"12":2},"b":{"0":[3],"1":[10,3],"2":[3,7],"3":[10,7],"4":[0],"5":[2],"6":[4,3],"7":[2],"8":[1],"9":[3],"10":[0,3],"11":[3,3],"12":[1],"13":[1],"14":[1,0],"15":[0,1],"16":[1,1],"17":[3,0],"18":[0],"19":[2,2],"20":[1],"21":[1],"22":[1,0],"23":[0,1],"24":[1,1]}}
,"/Users/pacosemino/Desktop/Rosental/appminuta/backend/src/auth/authorization/index.ts": {"path":"/Users/pacosemino/Desktop/Rosental/appminuta/backend/src/auth/authorization/index.ts","statementMap":{"0":{"start":{"line":1,"column":0},"end":{"line":1,"column":9}},"1":{"start":{"line":1,"column":9},"end":{"line":1,"column":63}},"2":{"start":{"line":2,"column":0},"end":{"line":2,"column":9}},"3":{"start":{"line":2,"column":9},"end":{"line":2,"column":78}},"4":{"start":{"line":3,"column":0},"end":{"line":3,"column":9}},"5":{"start":{"line":3,"column":9},"end":{"line":3,"column":61}},"6":{"start":{"line":4,"column":0},"end":{"line":4,"column":9}},"7":{"start":{"line":4,"column":9},"end":{"line":4,"column":86}},"8":{"start":{"line":5,"column":0},"end":{"line":5,"column":9}},"9":{"start":{"line":5,"column":9},"end":{"line":5,"column":42}},"10":{"start":{"line":6,"column":0},"end":{"line":6,"column":9}},"11":{"start":{"line":6,"column":9},"end":{"line":6,"column":61}},"12":{"start":{"line":7,"column":0},"end":{"line":7,"column":9}},"13":{"start":{"line":7,"column":9},"end":{"line":7,"column":16}},"14":{"start":{"line":7,"column":16},"end":{"line":7,"column":29}},"15":{"start":{"line":7,"column":29},"end":{"line":7,"column":73}}},"fnMap":{"0":{"name":"(anonymous_0)","decl":{"start":{"line":1,"column":9},"end":{"line":1,"column":29}},"loc":{"start":{"line":1,"column":9},"end":{"line":1,"column":63}}},"1":{"name":"(anonymous_1)","decl":{"start":{"line":2,"column":9},"end":{"line":2,"column":27}},"loc":{"start":{"line":2,"column":9},"end":{"line":2,"column":78}}},"2":{"name":"(anonymous_2)","decl":{"start":{"line":3,"column":9},"end":{"line":3,"column":19}},"loc":{"start":{"line":3,"column":9},"end":{"line":3,"column":61}}},"3":{"name":"(anonymous_3)","decl":{"start":{"line":4,"column":9},"end":{"line":4,"column":31}},"loc":{"start":{"line":4,"column":9},"end":{"line":4,"column":86}}},"4":{"name":"(anonymous_4)","decl":{"start":{"line":5,"column":9},"end":{"line":5,"column":14}},"loc":{"start":{"line":5,"column":9},"end":{"line":5,"column":42}}},"5":{"name":"(anonymous_5)","decl":{"start":{"line":6,"column":9},"end":{"line":6,"column":27}},"loc":{"start":{"line":6,"column":9},"end":{"line":6,"column":61}}},"6":{"name":"(anonymous_6)","decl":{"start":{"line":7,"column":9},"end":{"line":7,"column":14}},"loc":{"start":{"line":7,"column":9},"end":{"line":7,"column":16}}},"7":{"name":"(anonymous_7)","decl":{"start":{"line":7,"column":16},"end":{"line":7,"column":27}},"loc":{"start":{"line":7,"column":16},"end":{"line":7,"column":29}}},"8":{"name":"(anonymous_8)","decl":{"start":{"line":7,"column":29},"end":{"line":7,"column":45}},"loc":{"start":{"line":7,"column":29},"end":{"line":7,"column":73}}}},"branchMap":{},"s":{"0":0,"1":0,"2":0,"3":0,"4":0,"5":0,"6":0,"7":0,"8":0,"9":0,"10":0,"11":0,"12":0,"13":0,"14":0,"15":0},"f":{"0":0,"1":0,"2":0,"3":0,"4":0,"5":0,"6":0,"7":0,"8":0},"b":{}}
,"/Users/pacosemino/Desktop/Rosental/appminuta/backend/src/auth/authorization/permissions.decorator.ts": {"path":"/Users/pacosemino/Desktop/Rosental/appminuta/backend/src/auth/authorization/permissions.decorator.ts","statementMap":{"0":{"start":{"line":1,"column":0},"end":{"line":1,"column":45}},"1":{"start":{"line":3,"column":13},"end":{"line":3,"column":45}},"2":{"start":{"line":9,"column":34},"end":{"line":10,"column":45}},"3":{"start":{"line":10,"column":4},"end":{"line":10,"column":45}},"4":{"start":{"line":9,"column":13},"end":{"line":9,"column":34}}},"fnMap":{"0":{"name":"(anonymous_0)","decl":{"start":{"line":9,"column":34},"end":{"line":9,"column":35}},"loc":{"start":{"line":10,"column":4},"end":{"line":10,"column":45}}}},"branchMap":{},"s":{"0":0,"1":0,"2":0,"3":0,"4":0},"f":{"0":0},"b":{}}
,"/Users/pacosemino/Desktop/Rosental/appminuta/backend/src/auth/authorization/roles.constants.ts": {"path":"/Users/pacosemino/Desktop/Rosental/appminuta/backend/src/auth/authorization/roles.constants.ts","statementMap":{"0":{"start":{"line":61,"column":0},"end":{"line":61,"column":16}},"1":{"start":{"line":4,"column":13},"end":{"line":9,"column":11}},"2":{"start":{"line":14,"column":13},"end":{"line":22,"column":11}},"3":{"start":{"line":32,"column":13},"end":{"line":56,"column":2}},"4":{"start":{"line":62,"column":22},"end":{"line":62,"column":50}},"5":{"start":{"line":63,"column":4},"end":{"line":63,"column":42}}},"fnMap":{"0":{"name":"roleHasPermission","decl":{"start":{"line":61,"column":16},"end":{"line":61,"column":33}},"loc":{"start":{"line":61,"column":66},"end":{"line":64,"column":1}}}},"branchMap":{"0":{"loc":{"start":{"line":62,"column":22},"end":{"line":62,"column":50}},"type":"binary-expr","locations":[{"start":{"line":62,"column":22},"end":{"line":62,"column":44}},{"start":{"line":62,"column":48},"end":{"line":62,"column":50}}]}},"s":{"0":0,"1":0,"2":0,"3":0,"4":0,"5":0},"f":{"0":0},"b":{"0":[0,0]}}
,"/Users/pacosemino/Desktop/Rosental/appminuta/backend/src/auth/authorization/roles.decorator.ts": {"path":"/Users/pacosemino/Desktop/Rosental/appminuta/backend/src/auth/authorization/roles.decorator.ts","statementMap":{"0":{"start":{"line":1,"column":0},"end":{"line":1,"column":45}},"1":{"start":{"line":3,"column":13},"end":{"line":3,"column":33}},"2":{"start":{"line":9,"column":21},"end":{"line":9,"column":74}},"3":{"start":{"line":9,"column":45},"end":{"line":9,"column":74}},"4":{"start":{"line":9,"column":13},"end":{"line":9,"column":21}}},"fnMap":{"0":{"name":"(anonymous_0)","decl":{"start":{"line":9,"column":21},"end":{"line":9,"column":22}},"loc":{"start":{"line":9,"column":45},"end":{"line":9,"column":74}}}},"branchMap":{},"s":{"0":0,"1":0,"2":0,"3":0,"4":0},"f":{"0":0},"b":{}}
,"/Users/pacosemino/Desktop/Rosental/appminuta/backend/src/auth/decorators/current-user.decorator.ts": {"path":"/Users/pacosemino/Desktop/Rosental/appminuta/backend/src/auth/decorators/current-user.decorator.ts","statementMap":{"0":{"start":{"line":1,"column":0},"end":{"line":1,"column":72}},"1":{"start":{"line":3,"column":13},"end":{"line":8,"column":2}},"2":{"start":{"line":5,"column":24},"end":{"line":5,"column":55}},"3":{"start":{"line":6,"column":8},"end":{"line":6,"column":28}}},"fnMap":{"0":{"name":"(anonymous_0)","decl":{"start":{"line":4,"column":4},"end":{"line":4,"column":5}},"loc":{"start":{"line":4,"column":45},"end":{"line":7,"column":5}}}},"branchMap":{},"s":{"0":0,"1":0,"2":0,"3":0},"f":{"0":0},"b":{}}
,"/Users/pacosemino/Desktop/Rosental/appminuta/backend/src/auth/decorators/permissions.decorator.ts": {"path":"/Users/pacosemino/Desktop/Rosental/appminuta/backend/src/auth/decorators/permissions.decorator.ts","statementMap":{"0":{"start":{"line":1,"column":0},"end":{"line":1,"column":45}},"1":{"start":{"line":3,"column":13},"end":{"line":3,"column":45}},"2":{"start":{"line":4,"column":27},"end":{"line":5,"column":45}},"3":{"start":{"line":5,"column":4},"end":{"line":5,"column":45}},"4":{"start":{"line":4,"column":13},"end":{"line":4,"column":27}}},"fnMap":{"0":{"name":"(anonymous_0)","decl":{"start":{"line":4,"column":27},"end":{"line":4,"column":28}},"loc":{"start":{"line":5,"column":4},"end":{"line":5,"column":45}}}},"branchMap":{},"s":{"0":0,"1":0,"2":0,"3":0,"4":0},"f":{"0":0},"b":{}}
,"/Users/pacosemino/Desktop/Rosental/appminuta/backend/src/auth/dto/log-auth-event.dto.ts": {"path":"/Users/pacosemino/Desktop/Rosental/appminuta/backend/src/auth/dto/log-auth-event.dto.ts","statementMap":{"0":{"start":{"line":1,"column":0},"end":{"line":1,"column":67}},"1":{"start":{"line":2,"column":0},"end":{"line":2,"column":73}},"2":{"start":{"line":4,"column":0},"end":{"line":4,"column":null}},"3":{"start":{"line":5,"column":4},"end":{"line":5,"column":null}},"4":{"start":{"line":6,"column":4},"end":{"line":6,"column":null}},"5":{"start":{"line":7,"column":4},"end":{"line":7,"column":null}},"6":{"start":{"line":8,"column":4},"end":{"line":8,"column":null}},"7":{"start":{"line":9,"column":4},"end":{"line":9,"column":null}},"8":{"start":{"line":10,"column":4},"end":{"line":10,"column":null}},"9":{"start":{"line":11,"column":4},"end":{"line":11,"column":null}},"10":{"start":{"line":13,"column":4},"end":{"line":13,"column":null}},"11":{"start":{"line":14,"column":4},"end":{"line":14,"column":null}},"12":{"start":{"line":15,"column":4},"end":{"line":15,"column":null}},"13":{"start":{"line":16,"column":4},"end":{"line":16,"column":null}},"14":{"start":{"line":19,"column":0},"end":{"line":19,"column":13}},"15":{"start":{"line":26,"column":4},"end":{"line":26,"column":null}},"16":{"start":{"line":34,"column":4},"end":{"line":34,"column":null}},"17":{"start":{"line":42,"column":4},"end":{"line":42,"column":null}},"18":{"start":{"line":50,"column":4},"end":{"line":50,"column":null}}},"fnMap":{"0":{"name":"(anonymous_2)","decl":{"start":{"line":4,"column":0},"end":{"line":4,"column":12}},"loc":{"start":{"line":4,"column":25},"end":{"line":17,"column":1}}}},"branchMap":{"0":{"loc":{"start":{"line":4,"column":12},"end":{"line":4,"column":null}},"type":"binary-expr","locations":[{"start":{"line":4,"column":12},"end":{"line":4,"column":25}},{"start":{"line":4,"column":25},"end":{"line":4,"column":null}}]}},"s":{"0":0,"1":0,"2":0,"3":0,"4":0,"5":0,"6":0,"7":0,"8":0,"9":0,"10":0,"11":0,"12":0,"13":0,"14":0,"15":0,"16":0,"17":0,"18":0},"f":{"0":0},"b":{"0":[0,0]}}
,"/Users/pacosemino/Desktop/Rosental/appminuta/backend/src/common/all-exceptions.filter.ts": {"path":"/Users/pacosemino/Desktop/Rosental/appminuta/backend/src/common/all-exceptions.filter.ts","statementMap":{"0":{"start":{"line":1,"column":0},"end":{"line":1,"column":106}},"1":{"start":{"line":3,"column":0},"end":{"line":3,"column":58}},"2":{"start":{"line":20,"column":32},"end":{"line":83,"column":null}},"3":{"start":{"line":21,"column":21},"end":{"line":21,"column":67}},"4":{"start":{"line":24,"column":20},"end":{"line":24,"column":39}},"5":{"start":{"line":25,"column":25},"end":{"line":25,"column":52}},"6":{"start":{"line":26,"column":24},"end":{"line":26,"column":49}},"7":{"start":{"line":28,"column":23},"end":{"line":30,"column":46}},"8":{"start":{"line":32,"column":24},"end":{"line":34,"column":42}},"9":{"start":{"line":38,"column":29},"end":{"line":38,"column":66}},"10":{"start":{"line":40,"column":8},"end":{"line":43,"column":9}},"11":{"start":{"line":42,"column":12},"end":{"line":42,"column":116}},"12":{"start":{"line":45,"column":8},"end":{"line":53,"column":11}},"13":{"start":{"line":56,"column":27},"end":{"line":56,"column":54}},"14":{"start":{"line":59,"column":24},"end":{"line":61,"column":23}},"15":{"start":{"line":64,"column":30},"end":{"line":66,"column":21}},"16":{"start":{"line":69,"column":30},"end":{"line":78,"column":null}},"17":{"start":{"line":81,"column":8},"end":{"line":81,"column":52}},"18":{"start":{"line":20,"column":13},"end":{"line":20,"column":32}},"19":{"start":{"line":20,"column":13},"end":{"line":83,"column":null}}},"fnMap":{"0":{"name":"(anonymous_1)","decl":{"start":{"line":20,"column":7},"end":{"line":20,"column":13}},"loc":{"start":{"line":20,"column":7},"end":{"line":83,"column":1}}},"1":{"name":"(anonymous_2)","decl":{"start":{"line":23,"column":4},"end":{"line":23,"column":9}},"loc":{"start":{"line":23,"column":49},"end":{"line":82,"column":5}}}},"branchMap":{"0":{"loc":{"start":{"line":28,"column":23},"end":{"line":30,"column":46}},"type":"cond-expr","locations":[{"start":{"line":29,"column":14},"end":{"line":29,"column":35}},{"start":{"line":30,"column":14},"end":{"line":30,"column":46}}]},"1":{"loc":{"start":{"line":32,"column":24},"end":{"line":34,"column":42}},"type":"cond-expr","locations":[{"start":{"line":33,"column":14},"end":{"line":33,"column":31}},{"start":{"line":34,"column":14},"end":{"line":34,"column":42}}]},"2":{"loc":{"start":{"line":40,"column":8},"end":{"line":43,"column":9}},"type":"if","locations":[{"start":{"line":40,"column":8},"end":{"line":43,"column":9}}]},"3":{"loc":{"start":{"line":40,"column":12},"end":{"line":40,"column":66}},"type":"binary-expr","locations":[{"start":{"line":40,"column":12},"end":{"line":40,"column":25}},{"start":{"line":40,"column":29},"end":{"line":40,"column":66}}]},"4":{"loc":{"start":{"line":42,"column":50},"end":{"line":42,"column":114}},"type":"cond-expr","locations":[{"start":{"line":42,"column":79},"end":{"line":42,"column":94}},{"start":{"line":42,"column":97},"end":{"line":42,"column":114}}]},"5":{"loc":{"start":{"line":52,"column":19},"end":{"line":52,"column":75}},"type":"cond-expr","locations":[{"start":{"line":52,"column":48},"end":{"line":52,"column":63}},{"start":{"line":52,"column":66},"end":{"line":52,"column":75}}]},"6":{"loc":{"start":{"line":59,"column":24},"end":{"line":61,"column":23}},"type":"cond-expr","locations":[{"start":{"line":60,"column":14},"end":{"line":60,"column":37}},{"start":{"line":61,"column":14},"end":{"line":61,"column":23}}]},"7":{"loc":{"start":{"line":59,"column":24},"end":{"line":59,"column":75}},"type":"binary-expr","locations":[{"start":{"line":59,"column":24},"end":{"line":59,"column":37}},{"start":{"line":59,"column":41},"end":{"line":59,"column":75}}]},"8":{"loc":{"start":{"line":64,"column":30},"end":{"line":66,"column":21}},"type":"cond-expr","locations":[{"start":{"line":65,"column":14},"end":{"line":65,"column":42}},{"start":{"line":66,"column":14},"end":{"line":66,"column":21}}]},"9":{"loc":{"start":{"line":64,"column":30},"end":{"line":64,"column":59}},"type":"binary-expr","locations":[{"start":{"line":64,"column":30},"end":{"line":64,"column":42}},{"start":{"line":64,"column":46},"end":{"line":64,"column":59}}]}},"s":{"0":0,"1":0,"2":0,"3":0,"4":0,"5":0,"6":0,"7":0,"8":0,"9":0,"10":0,"11":0,"12":0,"13":0,"14":0,"15":0,"16":0,"17":0,"18":0,"19":0},"f":{"0":0,"1":0},"b":{"0":[0,0],"1":[0,0],"2":[0],"3":[0,0],"4":[0,0],"5":[0,0],"6":[0,0],"7":[0,0],"8":[0,0],"9":[0,0]}}
,"/Users/pacosemino/Desktop/Rosental/appminuta/backend/src/common/privacy.helper.ts": {"path":"/Users/pacosemino/Desktop/Rosental/appminuta/backend/src/common/privacy.helper.ts","statementMap":{"0":{"start":{"line":10,"column":0},"end":{"line":10,"column":16}},"1":{"start":{"line":30,"column":0},"end":{"line":30,"column":16}},"2":{"start":{"line":42,"column":0},"end":{"line":42,"column":16}},"3":{"start":{"line":56,"column":0},"end":{"line":56,"column":16}},"4":{"start":{"line":11,"column":4},"end":{"line":11,"column":62}},"5":{"start":{"line":11,"column":45},"end":{"line":11,"column":62}},"6":{"start":{"line":13,"column":20},"end":{"line":13,"column":38}},"7":{"start":{"line":14,"column":4},"end":{"line":14,"column":41}},"8":{"start":{"line":14,"column":24},"end":{"line":14,"column":41}},"9":{"start":{"line":16,"column":18},"end":{"line":16,"column":45}},"10":{"start":{"line":17,"column":19},"end":{"line":17,"column":43}},"11":{"start":{"line":19,"column":4},"end":{"line":21,"column":5}},"12":{"start":{"line":20,"column":8},"end":{"line":20,"column":41}},"13":{"start":{"line":23,"column":4},"end":{"line":23,"column":93}},"14":{"start":{"line":31,"column":4},"end":{"line":31,"column":59}},"15":{"start":{"line":31,"column":41},"end":{"line":31,"column":59}},"16":{"start":{"line":33,"column":4},"end":{"line":33,"column":36}},"17":{"start":{"line":33,"column":25},"end":{"line":33,"column":36}},"18":{"start":{"line":35,"column":4},"end":{"line":35,"column":54}},"19":{"start":{"line":43,"column":4},"end":{"line":43,"column":63}},"20":{"start":{"line":43,"column":45},"end":{"line":43,"column":63}},"21":{"start":{"line":46,"column":19},"end":{"line":46,"column":43}},"22":{"start":{"line":47,"column":4},"end":{"line":47,"column":41}},"23":{"start":{"line":47,"column":28},"end":{"line":47,"column":41}},"24":{"start":{"line":49,"column":4},"end":{"line":49,"column":58}},"25":{"start":{"line":57,"column":4},"end":{"line":57,"column":56}},"26":{"start":{"line":57,"column":43},"end":{"line":57,"column":56}},"27":{"start":{"line":59,"column":18},"end":{"line":59,"column":42}},"28":{"start":{"line":60,"column":4},"end":{"line":60,"column":69}},"29":{"start":{"line":60,"column":29},"end":{"line":60,"column":58}},"30":{"start":{"line":66,"column":13},"end":{"line":71,"column":2}}},"fnMap":{"0":{"name":"maskEmail","decl":{"start":{"line":10,"column":16},"end":{"line":10,"column":25}},"loc":{"start":{"line":10,"column":58},"end":{"line":24,"column":1}}},"1":{"name":"maskDni","decl":{"start":{"line":30,"column":16},"end":{"line":30,"column":23}},"loc":{"start":{"line":30,"column":54},"end":{"line":36,"column":1}}},"2":{"name":"maskPhone","decl":{"start":{"line":42,"column":16},"end":{"line":42,"column":25}},"loc":{"start":{"line":42,"column":58},"end":{"line":50,"column":1}}},"3":{"name":"maskName","decl":{"start":{"line":56,"column":16},"end":{"line":56,"column":24}},"loc":{"start":{"line":56,"column":56},"end":{"line":61,"column":1}}},"4":{"name":"(anonymous_4)","decl":{"start":{"line":60,"column":21},"end":{"line":60,"column":25}},"loc":{"start":{"line":60,"column":28},"end":{"line":60,"column":58}}}},"branchMap":{"0":{"loc":{"start":{"line":11,"column":4},"end":{"line":11,"column":62}},"type":"if","locations":[{"start":{"line":11,"column":4},"end":{"line":11,"column":62}}]},"1":{"loc":{"start":{"line":11,"column":8},"end":{"line":11,"column":43}},"type":"binary-expr","locations":[{"start":{"line":11,"column":8},"end":{"line":11,"column":14}},{"start":{"line":11,"column":18},"end":{"line":11,"column":43}}]},"2":{"loc":{"start":{"line":14,"column":4},"end":{"line":14,"column":41}},"type":"if","locations":[{"start":{"line":14,"column":4},"end":{"line":14,"column":41}}]},"3":{"loc":{"start":{"line":19,"column":4},"end":{"line":21,"column":5}},"type":"if","locations":[{"start":{"line":19,"column":4},"end":{"line":21,"column":5}}]},"4":{"loc":{"start":{"line":31,"column":4},"end":{"line":31,"column":59}},"type":"if","locations":[{"start":{"line":31,"column":4},"end":{"line":31,"column":59}}]},"5":{"loc":{"start":{"line":31,"column":8},"end":{"line":31,"column":39}},"type":"binary-expr","locations":[{"start":{"line":31,"column":8},"end":{"line":31,"column":12}},{"start":{"line":31,"column":16},"end":{"line":31,"column":39}}]},"6":{"loc":{"start":{"line":33,"column":4},"end":{"line":33,"column":36}},"type":"if","locations":[{"start":{"line":33,"column":4},"end":{"line":33,"column":36}}]},"7":{"loc":{"start":{"line":43,"column":4},"end":{"line":43,"column":63}},"type":"if","locations":[{"start":{"line":43,"column":4},"end":{"line":43,"column":63}}]},"8":{"loc":{"start":{"line":43,"column":8},"end":{"line":43,"column":43}},"type":"binary-expr","locations":[{"start":{"line":43,"column":8},"end":{"line":43,"column":14}},{"start":{"line":43,"column":18},"end":{"line":43,"column":43}}]},"9":{"loc":{"start":{"line":47,"column":4},"end":{"line":47,"column":41}},"type":"if","locations":[{"start":{"line":47,"column":4},"end":{"line":47,"column":41}}]},"10":{"loc":{"start":{"line":57,"column":4},"end":{"line":57,"column":56}},"type":"if","locations":[{"start":{"line":57,"column":4},"end":{"line":57,"column":56}}]},"11":{"loc":{"start":{"line":57,"column":8},"end":{"line":57,"column":41}},"type":"binary-expr","locations":[{"start":{"line":57,"column":8},"end":{"line":57,"column":13}},{"start":{"line":57,"column":17},"end":{"line":57,"column":41}}]},"12":{"loc":{"start":{"line":60,"column":29},"end":{"line":60,"column":51}},"type":"cond-expr","locations":[{"start":{"line":60,"column":36},"end":{"line":60,"column":38}},{"start":{"line":60,"column":36},"end":{"line":60,"column":51}}]},"13":{"loc":{"start":{"line":60,"column":29},"end":{"line":60,"column":38}},"type":"binary-expr","locations":[{"start":{"line":60,"column":29},"end":{"line":60,"column":38}},{"start":{"line":60,"column":36},"end":{"line":60,"column":38}}]}},"s":{"0":0,"1":0,"2":0,"3":0,"4":0,"5":0,"6":0,"7":0,"8":0,"9":0,"10":0,"11":0,"12":0,"13":0,"14":0,"15":0,"16":0,"17":0,"18":0,"19":0,"20":0,"21":0,"22":0,"23":0,"24":0,"25":0,"26":0,"27":0,"28":0,"29":0,"30":0},"f":{"0":0,"1":0,"2":0,"3":0,"4":0},"b":{"0":[0],"1":[0,0],"2":[0],"3":[0],"4":[0],"5":[0,0],"6":[0],"7":[0],"8":[0,0],"9":[0],"10":[0],"11":[0,0],"12":[0,0],"13":[0,0]}}
,"/Users/pacosemino/Desktop/Rosental/appminuta/backend/src/common/sanitize.helper.ts": {"path":"/Users/pacosemino/Desktop/Rosental/appminuta/backend/src/common/sanitize.helper.ts","statementMap":{"0":{"start":{"line":8,"column":0},"end":{"line":8,"column":16}},"1":{"start":{"line":40,"column":0},"end":{"line":40,"column":16}},"2":{"start":{"line":82,"column":0},"end":{"line":82,"column":16}},"3":{"start":{"line":100,"column":0},"end":{"line":100,"column":16}},"4":{"start":{"line":117,"column":0},"end":{"line":117,"column":16}},"5":{"start":{"line":2,"column":0},"end":{"line":2,"column":46}},"6":{"start":{"line":9,"column":4},"end":{"line":9,"column":45}},"7":{"start":{"line":9,"column":35},"end":{"line":9,"column":45}},"8":{"start":{"line":10,"column":4},"end":{"line":10,"column":49}},"9":{"start":{"line":10,"column":39},"end":{"line":10,"column":49}},"10":{"start":{"line":13,"column":20},"end":{"line":17,"column":6}},"11":{"start":{"line":20,"column":4},"end":{"line":24,"column":32}},"12":{"start":{"line":27,"column":4},"end":{"line":27,"column":53}},"13":{"start":{"line":30,"column":30},"end":{"line":30,"column":54}},"14":{"start":{"line":31,"column":4},"end":{"line":31,"column":57}},"15":{"start":{"line":33,"column":4},"end":{"line":33,"column":28}},"16":{"start":{"line":41,"column":4},"end":{"line":43,"column":5}},"17":{"start":{"line":42,"column":8},"end":{"line":42,"column":19}},"18":{"start":{"line":45,"column":4},"end":{"line":47,"column":5}},"19":{"start":{"line":46,"column":8},"end":{"line":46,"column":35}},"20":{"start":{"line":49,"column":4},"end":{"line":51,"column":5}},"21":{"start":{"line":50,"column":8},"end":{"line":50,"column":53}},"22":{"start":{"line":50,"column":31},"end":{"line":50,"column":51}},"23":{"start":{"line":53,"column":4},"end":{"line":73,"column":5}},"24":{"start":{"line":54,"column":31},"end":{"line":54,"column":33}},"25":{"start":{"line":56,"column":8},"end":{"line":71,"column":9}},"26":{"start":{"line":58,"column":12},"end":{"line":60,"column":13}},"27":{"start":{"line":59,"column":16},"end":{"line":59,"column":25}},"28":{"start":{"line":63,"column":33},"end":{"line":63,"column":61}},"29":{"start":{"line":66,"column":12},"end":{"line":68,"column":13}},"30":{"start":{"line":67,"column":16},"end":{"line":67,"column":25}},"31":{"start":{"line":70,"column":12},"end":{"line":70,"column":60}},"32":{"start":{"line":72,"column":8},"end":{"line":72,"column":25}},"33":{"start":{"line":75,"column":4},"end":{"line":75,"column":15}},"34":{"start":{"line":83,"column":4},"end":{"line":83,"column":44}},"35":{"start":{"line":83,"column":34},"end":{"line":83,"column":44}},"36":{"start":{"line":84,"column":4},"end":{"line":84,"column":47}},"37":{"start":{"line":84,"column":37},"end":{"line":84,"column":47}},"38":{"start":{"line":86,"column":4},"end":{"line":94,"column":7}},"39":{"start":{"line":101,"column":4},"end":{"line":101,"column":62}},"40":{"start":{"line":101,"column":45},"end":{"line":101,"column":62}},"41":{"start":{"line":103,"column":27},"end":{"line":103,"column":43}},"42":{"start":{"line":104,"column":4},"end":{"line":104,"column":30}},"43":{"start":{"line":104,"column":17},"end":{"line":104,"column":30}},"44":{"start":{"line":106,"column":23},"end":{"line":108,"column":38}},"45":{"start":{"line":110,"column":4},"end":{"line":110,"column":37}},"46":{"start":{"line":118,"column":4},"end":{"line":118,"column":26}},"47":{"start":{"line":118,"column":16},"end":{"line":118,"column":26}},"48":{"start":{"line":119,"column":16},"end":{"line":119,"column":29}},"49":{"start":{"line":121,"column":4},"end":{"line":121,"column":39}},"50":{"start":{"line":121,"column":25},"end":{"line":121,"column":39}},"51":{"start":{"line":122,"column":4},"end":{"line":122,"column":72}}},"fnMap":{"0":{"name":"sanitizeString","decl":{"start":{"line":8,"column":16},"end":{"line":8,"column":30}},"loc":{"start":{"line":8,"column":44},"end":{"line":34,"column":1}}},"1":{"name":"sanitizeObject","decl":{"start":{"line":40,"column":16},"end":{"line":40,"column":30}},"loc":{"start":{"line":40,"column":39},"end":{"line":76,"column":1}}},"2":{"name":"(anonymous_2)","decl":{"start":{"line":50,"column":23},"end":{"line":50,"column":27}},"loc":{"start":{"line":50,"column":31},"end":{"line":50,"column":51}}},"3":{"name":"sanitizeHTML","decl":{"start":{"line":82,"column":16},"end":{"line":82,"column":28}},"loc":{"start":{"line":82,"column":41},"end":{"line":95,"column":1}}},"4":{"name":"maskEmail","decl":{"start":{"line":100,"column":16},"end":{"line":100,"column":25}},"loc":{"start":{"line":100,"column":39},"end":{"line":111,"column":1}}},"5":{"name":"maskPII","decl":{"start":{"line":117,"column":16},"end":{"line":117,"column":23}},"loc":{"start":{"line":117,"column":65},"end":{"line":123,"column":1}}}},"branchMap":{"0":{"loc":{"start":{"line":9,"column":4},"end":{"line":9,"column":45}},"type":"if","locations":[{"start":{"line":9,"column":4},"end":{"line":9,"column":45}}]},"1":{"loc":{"start":{"line":10,"column":4},"end":{"line":10,"column":49}},"type":"if","locations":[{"start":{"line":10,"column":4},"end":{"line":10,"column":49}}]},"2":{"loc":{"start":{"line":10,"column":8},"end":{"line":10,"column":37}},"type":"binary-expr","locations":[{"start":{"line":10,"column":8},"end":{"line":10,"column":14}},{"start":{"line":10,"column":18},"end":{"line":10,"column":37}}]},"3":{"loc":{"start":{"line":41,"column":4},"end":{"line":43,"column":5}},"type":"if","locations":[{"start":{"line":41,"column":4},"end":{"line":43,"column":5}}]},"4":{"loc":{"start":{"line":41,"column":8},"end":{"line":41,"column":41}},"type":"binary-expr","locations":[{"start":{"line":41,"column":8},"end":{"line":41,"column":20}},{"start":{"line":41,"column":24},"end":{"line":41,"column":41}}]},"5":{"loc":{"start":{"line":45,"column":4},"end":{"line":47,"column":5}},"type":"if","locations":[{"start":{"line":45,"column":4},"end":{"line":47,"column":5}}]},"6":{"loc":{"start":{"line":49,"column":4},"end":{"line":51,"column":5}},"type":"if","locations":[{"start":{"line":49,"column":4},"end":{"line":51,"column":5}}]},"7":{"loc":{"start":{"line":53,"column":4},"end":{"line":73,"column":5}},"type":"if","locations":[{"start":{"line":53,"column":4},"end":{"line":73,"column":5}}]},"8":{"loc":{"start":{"line":58,"column":12},"end":{"line":60,"column":13}},"type":"if","locations":[{"start":{"line":58,"column":12},"end":{"line":60,"column":13}}]},"9":{"loc":{"start":{"line":58,"column":16},"end":{"line":58,"column":83}},"type":"binary-expr","locations":[{"start":{"line":58,"column":16},"end":{"line":58,"column":35}},{"start":{"line":58,"column":39},"end":{"line":58,"column":60}},{"start":{"line":58,"column":64},"end":{"line":58,"column":83}}]},"10":{"loc":{"start":{"line":66,"column":12},"end":{"line":68,"column":13}},"type":"if","locations":[{"start":{"line":66,"column":12},"end":{"line":68,"column":13}}]},"11":{"loc":{"start":{"line":66,"column":16},"end":{"line":66,"column":59}},"type":"binary-expr","locations":[{"start":{"line":66,"column":16},"end":{"line":66,"column":29}},{"start":{"line":66,"column":33},"end":{"line":66,"column":59}}]},"12":{"loc":{"start":{"line":83,"column":4},"end":{"line":83,"column":44}},"type":"if","locations":[{"start":{"line":83,"column":4},"end":{"line":83,"column":44}}]},"13":{"loc":{"start":{"line":84,"column":4},"end":{"line":84,"column":47}},"type":"if","locations":[{"start":{"line":84,"column":4},"end":{"line":84,"column":47}}]},"14":{"loc":{"start":{"line":84,"column":8},"end":{"line":84,"column":35}},"type":"binary-expr","locations":[{"start":{"line":84,"column":8},"end":{"line":84,"column":13}},{"start":{"line":84,"column":17},"end":{"line":84,"column":35}}]},"15":{"loc":{"start":{"line":101,"column":4},"end":{"line":101,"column":62}},"type":"if","locations":[{"start":{"line":101,"column":4},"end":{"line":101,"column":62}}]},"16":{"loc":{"start":{"line":101,"column":8},"end":{"line":101,"column":43}},"type":"binary-expr","locations":[{"start":{"line":101,"column":8},"end":{"line":101,"column":14}},{"start":{"line":101,"column":18},"end":{"line":101,"column":43}}]},"17":{"loc":{"start":{"line":104,"column":4},"end":{"line":104,"column":30}},"type":"if","locations":[{"start":{"line":104,"column":4},"end":{"line":104,"column":30}}]},"18":{"loc":{"start":{"line":106,"column":23},"end":{"line":108,"column":38}},"type":"cond-expr","locations":[{"start":{"line":107,"column":10},"end":{"line":107,"column":38}},{"start":{"line":108,
[...]
,"/Users/pacosemino/Desktop/Rosental/appminuta/backend/src/uif/clients/dto/update-client.dto.ts": {"path":"/Users/pacosemino/Desktop/Rosental/appminuta/backend/src/uif/clients/dto/update-client.dto.ts","statementMap":{"0":{"start":{"line":1,"column":0},"end":{"line":1,"column":51}},"1":{"start":{"line":2,"column":0},"end":{"line":2,"column":57}},"2":{"start":{"line":3,"column":0},"end":{"line":3,"column":65}},"3":{"start":{"line":5,"column":0},"end":{"line":5,"column":13}},"4":{"start":{"line":8,"column":4},"end":{"line":8,"column":null}},"5":{"start":{"line":12,"column":4},"end":{"line":12,"column":null}},"6":{"start":{"line":16,"column":4},"end":{"line":16,"column":null}}},"fnMap":{},"branchMap":{},"s":{"0":0,"1":0,"2":0,"3":0,"4":0,"5":0,"6":0},"f":{},"b":{}}
,"/Users/pacosemino/Desktop/Rosental/appminuta/backend/src/uif/documents/documents.controller.ts": {"path":"/Users/pacosemino/Desktop/Rosental/appminuta/backend/src/uif/documents/documents.controller.ts","statementMap":{"0":{"start":{"line":1,"column":0},"end":{"line":1,"column":null}},"1":{"start":{"line":13,"column":0},"end":{"line":13,"column":58}},"2":{"start":{"line":14,"column":0},"end":{"line":14,"column":65}},"3":{"start":{"line":15,"column":0},"end":{"line":15,"column":94}},"4":{"start":{"line":16,"column":0},"end":{"line":16,"column":66}},"5":{"start":{"line":17,"column":0},"end":{"line":17,"column":75}},"6":{"start":{"line":18,"column":0},"end":{"line":18,"column":71}},"7":{"start":{"line":19,"column":0},"end":{"line":19,"column":119}},"8":{"start":{"line":20,"column":0},"end":{"line":20,"column":69}},"9":{"start":{"line":26,"column":7},"end":{"line":76,"column":null}},"10":{"start":{"line":27,"column":33},"end":{"line":27,"column":51}},"11":{"start":{"line":33,"column":8},"end":{"line":33,"column":60}},"12":{"start":{"line":40,"column":8},"end":{"line":40,"column":49}},"13":{"start":{"line":47,"column":8},"end":{"line":47,"column":82}},"14":{"start":{"line":58,"column":8},"end":{"line":58,"column":86}},"15":{"start":{"line":69,"column":8},"end":{"line":69,"column":93}},"16":{"start":{"line":74,"column":8},"end":{"line":74,"column":81}},"17":{"start":{"line":26,"column":13},"end":{"line":26,"column":35}},"18":{"start":{"line":32,"column":4},"end":{"line":34,"column":null}},"19":{"start":{"line":39,"column":4},"end":{"line":41,"column":null}},"20":{"start":{"line":46,"column":4},"end":{"line":48,"column":null}},"21":{"start":{"line":53,"column":4},"end":{"line":59,"column":null}},"22":{"start":{"line":64,"column":4},"end":{"line":70,"column":null}},"23":{"start":{"line":73,"column":4},"end":{"line":75,"column":null}},"24":{"start":{"line":26,"column":13},"end":{"line":76,"column":null}},"25":{"start":{"line":83,"column":7},"end":{"line":90,"column":null}},"26":{"start":{"line":84,"column":33},"end":{"line":84,"column":51}},"27":{"start":{"line":88,"column":8},"end":{"line":88,"column":57}},"28":{"start":{"line":83,"column":13},"end":{"line":83,"column":34}},"29":{"start":{"line":87,"column":10},"end":{"line":89,"column":null}},"30":{"start":{"line":83,"column":13},"end":{"line":90,"column":null}}},"fnMap":{"0":{"name":"(anonymous_4)","decl":{"start":{"line":27,"column":4},"end":{"line":27,"column":33}},"loc":{"start":{"line":27,"column":70},"end":{"line":27,"column":75}}},"1":{"name":"(anonymous_5)","decl":{"start":{"line":32,"column":4},"end":{"line":32,"column":16}},"loc":{"start":{"line":32,"column":68},"end":{"line":34,"column":5}}},"2":{"name":"(anonymous_6)","decl":{"start":{"line":39,"column":4},"end":{"line":39,"column":11}},"loc":{"start":{"line":39,"column":50},"end":{"line":41,"column":5}}},"3":{"name":"(anonymous_7)","decl":{"start":{"line":46,"column":4},"end":{"line":46,"column":10}},"loc":{"start":{"line":46,"column":70},"end":{"line":48,"column":5}}},"4":{"name":"(anonymous_8)","decl":{"start":{"line":53,"column":4},"end":{"line":53,"column":10}},"loc":{"start":{"line":56,"column":32},"end":{"line":59,"column":5}}},"5":{"name":"(anonymous_9)","decl":{"start":{"line":64,"column":4},"end":{"line":64,"column":11}},"loc":{"start":{"line":67,"column":32},"end":{"line":70,"column":5}}},"6":{"name":"(anonymous_10)","decl":{"start":{"line":73,"column":4},"end":{"line":73,"column":10}},"loc":{"start":{"line":73,"column":75},"end":{"line":75,"column":5}}},"7":{"name":"(anonymous_11)","decl":{"start":{"line":84,"column":4},"end":{"line":84,"column":33}},"loc":{"start":{"line":84,"column":70},"end":{"line":84,"column":75}}},"8":{"name":"(anonymous_12)","decl":{"start":{"line":87,"column":4},"end":{"line":87,"column":9}},"loc":{"start":{"line":87,"column":68},"end":{"line":89,"column":5}}}},"branchMap":{"0":{"loc":{"start":{"line":47,"column":49},"end":{"line":47,"column":68}},"type":"binary-expr","locations":[{"start":{"line":47,"column":49},"end":{"line":47,"column":57}},{"start":{"line":47,"column":61},"end":{"line":47,"column":68}}]},"1":{"loc":{"start":{"line":58,"column":53},"end":{"line":58,"column":72}},"type":"binary-expr","locations":[{"start":{"line":58,"column":53},"end":{"line":58,"column":61}},{"start":{"line":58,"column":65},"end":{"line":58,"column":72}}]},"2":{"loc":{"start":{"line":69,"column":60},"end":{"line":69,"column":79}},"type":"binary-expr","locations":[{"start":{"line":69,"column":60},"end":{"line":69,"column":68}},{"start":{"line":69,"column":72},"end":{"line":69,"column":79}}]},"3":{"loc":{"start":{"line":74,"column":48},"end":{"line":74,"column":67}},"type":"binary-expr","locations":[{"start":{"line":74,"column":48},"end":{"line":74,"column":56}},{"start":{"line":74,"column":60},"end":{"line":74,"column":67}}]}},"s":{"0":0,"1":0,"2":0,"3":0,"4":0,"5":0,"6":0,"7":0,"8":0,"9":0,"10":0,"11":0,"12":0,"13":0,"14":0,"15":0,"16":0,"17":0,"18":0,"19":0,"20":0,"21":0,"22":0,"23":0,"24":0,"25":0,"26":0,"27":0,"28":0,"29":0,"30":0},"f":{"0":0,"1":0,"2":0,"3":0,"4":0,"5":0,"6":0,"7":0,"8":0},"b":{"0":[0,0],"1":[0,0],"2":[0,0],"3":[0,0]}}
,"/Users/pacosemino/Desktop/Rosental/appminuta/backend/src/uif/documents/documents.module.ts": {"path":"/Users/pacosemino/Desktop/Rosental/appminuta/backend/src/uif/documents/documents.module.ts","statementMap":{"0":{"start":{"line":1,"column":0},"end":{"line":1,"column":40}},"1":{"start":{"line":2,"column":0},"end":{"line":2,"column":87}},"2":{"start":{"line":3,"column":0},"end":{"line":3,"column":58}},"3":{"start":{"line":4,"column":0},"end":{"line":4,"column":58}},"4":{"start":{"line":12,"column":7},"end":{"line":12,"column":null}},"5":{"start":{"line":12,"column":13},"end":{"line":12,"column":31}},"6":{"start":{"line":12,"column":13},"end":{"line":12,"column":null}}},"fnMap":{},"branchMap":{},"s":{"0":0,"1":0,"2":0,"3":0,"4":0,"5":0,"6":0},"f":{},"b":{}}
,"/Users/pacosemino/Desktop/Rosental/appminuta/backend/src/uif/documents/documents.service.ts": {"path":"/Users/pacosemino/Desktop/Rosental/appminuta/backend/src/uif/documents/documents.service.ts","statementMap":{"0":{"start":{"line":1,"column":0},"end":{"line":1,"column":63}},"1":{"start":{"line":2,"column":0},"end":{"line":2,"column":71}},"2":{"start":{"line":5,"column":0},"end":{"line":5,"column":60}},"3":{"start":{"line":6,"column":0},"end":{"line":6,"column":62}},"4":{"start":{"line":9,"column":7},"end":{"line":168,"column":null}},"5":{"start":{"line":11,"column":25},"end":{"line":11,"column":33}},"6":{"start":{"line":12,"column":25},"end":{"line":12,"column":33}},"7":{"start":{"line":16,"column":8},"end":{"line":19,"column":11}},"8":{"start":{"line":23,"column":20},"end":{"line":26,"column":10}},"9":{"start":{"line":28,"column":8},"end":{"line":30,"column":9}},"10":{"start":{"line":29,"column":12},"end":{"line":29,"column":84}},"11":{"start":{"line":32,"column":8},"end":{"line":32,"column":19}},"12":{"start":{"line":36,"column":29},"end":{"line":36,"column":48}},"13":{"start":{"line":38,"column":20},"end":{"line":49,"column":10}},"14":{"start":{"line":51,"column":8},"end":{"line":58,"column":11}},"15":{"start":{"line":60,"column":8},"end":{"line":60,"column":19}},"16":{"start":{"line":64,"column":8},"end":{"line":64,"column":31}},"17":{"start":{"line":66,"column":29},"end":{"line":66,"column":48}},"18":{"start":{"line":68,"column":20},"end":{"line":76,"column":10}},"19":{"start":{"line":78,"column":8},"end":{"line":85,"column":11}},"20":{"start":{"line":87,"column":8},"end":{"line":87,"column":19}},"21":{"start":{"line":91,"column":20},"end":{"line":91,"column":42}},"22":{"start":{"line":93,"column":8},"end":{"line":93,"column":62}},"23":{"start":{"line":95,"column":8},"end":{"line":102,"column":11}},"24":{"start":{"line":104,"column":8},"end":{"line":104,"column":37}},"25":{"start":{"line":116,"column":20},"end":{"line":116,"column":42}},"26":{"start":{"line":118,"column":8},"end":{"line":118,"column":73}},"27":{"start":{"line":118,"column":18},"end":{"line":118,"column":73}},"28":{"start":{"line":121,"column":8},"end":{"line":124,"column":11}},"29":{"start":{"line":127,"column":23},"end":{"line":127,"column":50}},"30":{"start":{"line":128,"column":8},"end":{"line":130,"column":9}},"31":{"start":{"line":129,"column":12},"end":{"line":129,"column":62}},"32":{"start":{"line":132,"column":8},"end":{"line":155,"column":9}},"33":{"start":{"line":134,"column":29},"end":{"line":143,"column":14}},"34":{"start":{"line":145,"column":12},"end":{"line":147,"column":13}},"35":{"start":{"line":146,"column":16},"end":{"line":146,"column":69}},"36":{"start":{"line":150,"column":12},"end":{"line":153,"column":15}},"37":{"start":{"line":154,"column":12},"end":{"line":154,"column":24}},"38":{"start":{"line":157,"column":8},"end":{"line":164,"column":11}},"39":{"start":{"line":166,"column":8},"end":{"line":166,"column":33}},"40":{"start":{"line":9,"column":13},"end":{"line":9,"column":32}},"41":{"start":{"line":9,"column":13},"end":{"line":168,"column":null}}},"fnMap":{"0":{"name":"(anonymous_2)","decl":{"start":{"line":10,"column":4},"end":{"line":10,"column":null}},"loc":{"start":{"line":12,"column":46},"end":{"line":13,"column":9}}},"1":{"name":"(anonymous_3)","decl":{"start":{"line":15,"column":4},"end":{"line":15,"column":9}},"loc":{"start":{"line":15,"column":39},"end":{"line":20,"column":5}}},"2":{"name":"(anonymous_4)","decl":{"start":{"line":22,"column":4},"end":{"line":22,"column":9}},"loc":{"start":{"line":22,"column":28},"end":{"line":33,"column":5}}},"3":{"name":"(anonymous_5)","decl":{"start":{"line":35,"column":4},"end":{"line":35,"column":9}},"loc":{"start":{"line":35,"column":77},"end":{"line":61,"column":5}}},"4":{"name":"(anonymous_6)","decl":{"start":{"line":63,"column":4},"end":{"line":63,"column":9}},"loc":{"start":{"line":63,"column":89},"end":{"line":88,"column":5}}},"5":{"name":"(anonymous_7)","decl":{"start":{"line":90,"column":4},"end":{"line":90,"column":9}},"loc":{"start":{"line":90,"column":62},"end":{"line":105,"column":5}}},"6":{"name":"(anonymous_8)","decl":{"start":{"line":111,"column":4},"end":{"line":111,"column":9}},"loc":{"start":{"line":111,"column":57},"end":{"line":113,"column":5}}},"7":{"name":"(anonymous_9)","decl":{"start":{"line":115,"column":4},"end":{"line":115,"column":9}},"loc":{"start":{"line":115,"column":82},"end":{"line":167,"column":5}}}},"branchMap":{"0":{"loc":{"start":{"line":28,"column":8},"end":{"line":30,"column":9}},"type":"if","locations":[{"start":{"line":28,"column":8},"end":{"line":30,"column":9}}]},"1":{"loc":{"start":{"line":44,"column":32},"end":{"line":44,"column":74}},"type":"binary-expr","locations":[{"start":{"line":44,"column":32},"end":{"line":44,"column":59}},{"start":{"line":44,"column":63},"end":{"line":44,"column":74}}]},"2":{"loc":{"start":{"line":72,"column":30},"end":{"line":74,"column":31}},"type":"cond-expr","locations":[{"start":{"line":73,"column":22},"end":{"line":73,"column":32}},{"start":{"line":74,"column":22},"end":{"line":74,"column":31}}]},"3":{"loc":{"start":{"line":72,"column":30},"end":{"line":72,"column":93}},"type":"binary-expr","locations":[{"start":{"line":72,"column":30},"end":{"line":72,"column":55}},{"start":{"line":72,"column":59},"end":{"line":72,"column":93}}]},"4":{"loc":{"start":{"line":118,"column":8},"end":{"line":118,"column":73}},"type":"if","locations":[{"start":{"line":118,"column":8},"end":{"line":118,"column":73}}]},"5":{"loc":{"start":{"line":128,"column":8},"end":{"line":130,"column":9}},"type":"if","locations":[{"start":{"line":128,"column":8},"end":{"line":130,"column":9}}]},"6":{"loc":{"start":{"line":145,"column":12},"end":{"line":147,"column":13}},"type":"if","locations":[{"start":{"line":145,"column":12},"end":{"line":147,"column":13}}]},"7":{"loc":{"start":{"line":152,"column":89},"end":{"line":152,"column":151}},"type":"cond-expr","locations":[{"start":{"line":152,"column":114},"end":{"line":152,"column":127}},{"start":{"line":152,"column":130},"end":{"line":152,"column":151}}]}},"s":{"0":0,"1":0,"2":0,"3":0,"4":0,"5":0,"6":0,"7":0,"8":0,"9":0,"10":0,"11":0,"12":0,"13":0,"14":0,"15":0,"16":0,"17":0,"18":0,"19":0,"20":0,"21":0,"22":0,"23":0,"24":0,"25":0,"26":0,"27":0,"28":0,"29":0,"30":0,"31":0,"32":0,"33":0,"34":0,"35":0,"36":0,"37":0,"38":0,"39":0,"40":0,"41":0},"f":{"0":0,"1":0,"2":0,"3":0,"4":0,"5":0,"6":0,"7":0},"b":{"0":[0],"1":[0,0],"2":[0,0],"3":[0,0],"4":[0],"5":[0],"6":[0],"7":[0,0]}}
,"/Users/pacosemino/Desktop/Rosental/appminuta/backend/src/uif/documents/dto/create-document.dto.ts": {"path":"/Users/pacosemino/Desktop/Rosental/appminuta/backend/src/uif/documents/dto/create-document.dto.ts","statementMap":{"0":{"start":{"line":1,"column":0},"end":{"line":1,"column":71}},"1":{"start":{"line":3,"column":0},"end":{"line":3,"column":null}},"2":{"start":{"line":4,"column":4},"end":{"line":4,"column":null}},"3":{"start":{"line":5,"column":4},"end":{"line":5,"column":null}},"4":{"start":{"line":6,"column":4},"end":{"line":6,"column":null}},"5":{"start":{"line":7,"column":4},"end":{"line":7,"column":null}},"6":{"start":{"line":8,"column":4},"end":{"line":8,"column":null}},"7":{"start":{"line":9,"column":4},"end":{"line":9,"column":null}},"8":{"start":{"line":10,"column":4},"end":{"line":10,"column":null}},"9":{"start":{"line":11,"column":4},"end":{"line":11,"column":null}},"10":{"start":{"line":12,"column":4},"end":{"line":12,"column":null}},"11":{"start":{"line":15,"column":0},"end":{"line":15,"column":13}},"12":{"start":{"line":17,"column":4},"end":{"line":17,"column":null}},"13":{"start":{"line":21,"column":4},"end":{"line":21,"column":null}},"14":{"start":{"line":24,"column":4},"end":{"line":24,"column":null}},"15":{"start":{"line":27,"column":4},"end":{"line":27,"column":null}},"16":{"start":{"line":31,"column":4},"end":{"line":31,"column":null}},"17":{"start":{"line":35,"column":4},"end":{"line":35,"column":null}},"18":{"start":{"line":39,"column":4},"end":{"line":39,"column":null}}},"fnMap":{"0":{"name":"(anonymous_2)","decl":{"start":{"line":3,"column":0},"end":{"line":3,"column":12}},"loc":{"start":{"line":3,"column":19},"end":{"line":13,"column":1}}}},"branchMap":{"0":{"loc":{"start":{"line":3,"column":12},"end":{"line":3,"column":null}},"type":"binary-expr","locations":[{"start":{"line":3,"column":12},"end":{"line":3,"column":19}},{"start":{"line":3,"column":19},"end":{"line":3,"column":null}}]}},"s":{"0":0,"1":0,"2":0,"3":0,"4":0,"5":0,"6":0,"7":0,"8":0,"9":0,"10":0,"11":0,"12":0,"13":0,"14":0,"15":0,"16":0,"17":0,"18":0},"f":{"0":0},"b":{"0":[0,0]}}
,"/Users/pacosemino/Desktop/Rosental/appminuta/backend/src/uif/documents/dto/document-response.dto.ts": {"path":"/Users/pacosemino/Desktop/Rosental/appminuta/backend/src/uif/documents/dto/document-response.dto.ts","statementMap":{"0":{"start":{"line":1,"column":0},"end":{"line":1,"column":46}},"1":{"start":{"line":2,"column":0},"end":{"line":2,"column":48}},"2":{"start":{"line":4,"column":0},"end":{"line":4,"column":13}},"3":{"start":{"line":6,"column":4},"end":{"line":6,"column":null}},"4":{"start":{"line":9,"column":4},"end":{"line":9,"column":null}},"5":{"start":{"line":12,"column":4},"end":{"line":12,"column":null}},"6":{"start":{"line":15,"column":4},"end":{"line":15,"column":null}},"7":{"start":{"line":18,"column":4},"end":{"line":18,"column":null}},"8":{"start":{"line":21,"column":4},"end":{"line":21,"column":null}},"9":{"start":{"line":24,"column":4},"end":{"line":24,"column":null}},"10":{"start":{"line":27,"column":4},"end":{"line":27,"column":null}},"11":{"start":{"line":30,"column":4},"end":{"line":30,"column":null}},"12":{"start":{"line":33,"column":4},"end":{"line":33,"column":null}}},"fnMap":{},"branchMap":{},"s":{"0":0,"1":0,"2":0,"3":0,"4":0,"5":0,"6":0,"7":0,"8":0,"9":0,"10":0,"11":0,"12":0},"f":{},"b":{}}
,"/Users/pacosemino/Desktop/Rosental/appminuta/backend/src/uif/documents/dto/update-document.dto.ts": {"path":"/Users/pacosemino/Desktop/Rosental/appminuta/backend/src/uif/documents/dto/update-document.dto.ts","statementMap":{"0":{"start":{"line":1,"column":0},"end":{"line":1,"column":73}},"1":{"start":{"line":3,"column":0},"end":{"line":3,"column":null}},"2":{"start":{"line":4,"column":4},"end":{"line":4,"column":null}},"3":{"start":{"line":5,"column":4},"end":{"line":5,"column":null}},"4":{"start":{"line":6,"column":4},"end":{"line":6,"column":null}},"5":{"start":{"line":7,"column":4},"end":{"line":7,"column":null}},"6":{"start":{"line":8,"column":4},"end":{"line":8,"column":null}},"7":{"start":{"line":11,"column":0},"end":{"line":11,"column":13}},"8":{"start":{"line":14,"column":4},"end":{"line":14,"column":null}},"9":{"start":{"line":18,"column":4},"end":{"line":18,"column":null}},"10":{"start":{"line":22,"column":4},"end":{"line":22,"column":null}},"11":{"start":{"line":26,"column":4},"end":{"line":26,"column":null}},"12":{"start":{"line":29,"column":0},"end":{"line":29,"column":13}},"13":{"start":{"line":31,"column":4},"end":{"line":31,"column":null}},"14":{"start":{"line":35,"column":4},"end":{"line":35,"column":null}},"15":{"start":{"line":39,"column":4},"end":{"line":39,"column":null}},"16":{"start":{"line":43,"column":4},"end":{"line":43,"column":null}},"17":{"start":{"line":46,"column":4},"end":{"line":46,"column":null}},"18":{"start":{"line":49,"column":4},"end":{"line":49,"column":null}},"19":{"start":{"line":52,"column":4},"end":{"line":52,"column":null}}},"fnMap":{"0":{"name":"(anonymous_2)","decl":{"start":{"line":3,"column":0},"end":{"line":3,"column":12}},"loc":{"start":{"line":3,"column":26},"end":{"line":9,"column":1}}}},"branchMap":{"0":{"loc":{"start":{"line":3,"column":12},"end":{"line":3,"column":null}},"type":"binary-expr","locations":[{"start":{"line":3,"column":12},"end":{"line":3,"column":26}},{"start":{"line":3,"column":26},"end":{"line":3,"column":null}}]}},"s":{"0":0,"1":0,"2":0,"3":0,"4":0,"5":0,"6":0,"7":0,"8":0,"9":0,"10":0,"11":0,"12":0,"13":0,"14":0,"15":0,"16":0,"17":0,"18":0,"19":0},"f":{"0":0},"b":{"0":[0,0]}}
}
