TN:
SF:src/app.controller.ts
FN:9,(anonymous_2)
FN:14,(anonymous_3)
FN:24,(anonymous_4)
FN:31,(anonymous_5)
FNF:4
FNH:0
FNDA:0,(anonymous_2)
FNDA:0,(anonymous_3)
FNDA:0,(anonymous_4)
FNDA:0,(anonymous_5)
DA:1,0
DA:2,0
DA:3,0
DA:4,0
DA:8,0
DA:9,0
DA:14,0
DA:15,0
DA:24,0
DA:25,0
DA:31,0
DA:32,0
LF:12
LH:0
BRF:0
BRH:0
end_of_record
TN:
SF:src/app.service.ts
FN:35,(anonymous_2)
FN:40,(anonymous_3)
FN:44,(anonymous_4)
FNF:3
FNH:0
FNDA:0,(anonymous_2)
FNDA:0,(anonymous_3)
FNDA:0,(anonymous_4)
DA:1,0
DA:2,0
DA:3,0
DA:34,0
DA:36,0
DA:37,0
DA:41,0
DA:45,0
DA:49,0
DA:50,0
DA:51,0
DA:52,0
DA:53,0
DA:55,0
DA:59,0
DA:60,0
DA:61,0
DA:65,0
DA:66,0
DA:68,0
DA:69,0
DA:72,0
LF:22
LH:0
BRDA:73,0,0,0
BRDA:73,0,1,0
BRF:2
BRH:0
end_of_record
TN:
SF:src/auth/auth-logger.controller.ts
FN:29,(anonymous_4)
FN:40,(anonymous_5)
FN:61,(anonymous_6)
FN:87,(anonymous_7)
FN:114,(anonymous_8)
FNF:5
FNH:0
FNDA:0,(anonymous_4)
FNDA:0,(anonymous_5)
FNDA:0,(anonymous_6)
FNDA:0,(anonymous_7)
FNDA:0,(anonymous_8)
DA:1,0
DA:12,0
DA:19,0
DA:20,0
DA:21,0
DA:22,0
DA:23,0
DA:24,0
DA:28,0
DA:29,0
DA:40,0
DA:41,0
DA:43,0
DA:51,0
DA:61,0
DA:62,0
DA:63,0
DA:64,0
DA:67,0
DA:75,0
DA:87,0
DA:92,0
DA:94,0
DA:95,0
DA:98,0
DA:103,0
DA:114,0
DA:118,0
DA:120,0
DA:121,0
DA:127,0
DA:129,0
LF:32
LH:0
BRDA:41,0,0,0
BRDA:41,0,1,0
BRDA:41,1,0,0
BRDA:41,1,1,0
BRDA:41,2,0,0
BRDA:41,2,1,0
BRDA:41,3,0,0
BRDA:41,3,1,0
BRDA:41,4,0,0
BRDA:41,4,1,0
BRDA:48,5,0,0
BRDA:48,5,1,0
BRDA:63,6,0,0
BRDA:92,7,0,0
BRDA:92,7,1,0
BRDA:92,8,0,0
BRDA:92,8,1,0
BRDA:92,9,0,0
BRDA:92,9,1,0
BRDA:92,10,0,0
BRDA:92,10,1,0
BRDA:92,11,0,0
BRDA:92,11,1,0
BRDA:94,12,0,0
BRDA:100,13,0,0
BRDA:100,13,1,0
BRDA:118,14,0,0
BRDA:118,14,1,0
BRDA:118,15,0,0
BRDA:118,15,1,0
BRDA:118,16,0,0
BRDA:118,16,1,0
BRDA:118,17,0,0
BRDA:118,17,1,0
BRDA:118,18,0,0
BRDA:118,18,1,0
BRDA:120,19,0,0
BRF:37
BRH:0
end_of_record
TN:
SF:src/auth/auth-logger.service.ts
FN:11,(anonymous_2)
FN:20,(anonymous_3)
FN:77,(anonymous_4)
FN:107,(anonymous_5)
FNF:4
FNH:0
FNDA:0,(anonymous_2)
FNDA:0,(anonymous_3)
FNDA:0,(anonymous_4)
FNDA:0,(anonymous_5)
DA:1,0
DA:2,0
DA:3,0
DA:4,0
DA:5,0
DA:8,0
DA:9,0
DA:12,0
DA:13,0
DA:28,0
DA:29,0
DA:34,0
DA:46,0
DA:47,0
DA:54,0
DA:55,0
DA:65,0
DA:78,0
DA:79,0
DA:96,0
DA:98,0
DA:99,0
DA:108,0
DA:110,0
DA:111,0
DA:113,0
DA:127,0
DA:129,0
DA:130,0
LF:29
LH:0
BRDA:37,0,0,0
BRDA:37,0,1,0
BRDA:40,1,0,0
BRDA:40,1,1,0
BRDA:46,2,0,0
BRDA:48,3,0,0
BRDA:48,3,1,0
BRDA:48,4,0,0
BRDA:48,4,1,0
BRDA:48,5,0,0
BRDA:48,5,1,0
BRDA:48,6,0,0
BRDA:48,6,1,0
BRDA:54,7,0,0
BRDA:60,8,0,0
BRDA:60,8,1,0
BRDA:60,9,0,0
BRDA:60,9,1,0
BRDA:61,10,0,0
BRDA:61,10,1,0
BRDA:66,11,0,0
BRDA:66,11,1,0
BRDA:67,12,0,0
BRDA:67,12,1,0
BRDA:77,13,0,0
BRDA:98,14,0,0
BRDA:98,14,1,0
BRDA:129,15,0,0
BRDA:129,15,1,0
BRF:29
BRH:0
end_of_record
TN:
SF:src/auth/authorization/authorization.service.ts
FN:7,(anonymous_2)
FN:15,(anonymous_3)
FN:41,(anonymous_4)
FN:62,(anonymous_5)
FN:87,(anonymous_6)
FN:96,(anonymous_7)
FN:122,(anonymous_8)
FN:133,(anonymous_9)
FN:165,(anonymous_10)
FN:190,(anonymous_11)
FN:210,(anonymous_12)
FN:218,(anonymous_13)
FN:244,(anonymous_14)
FNF:13
FNH:12
FNDA:21,(anonymous_2)
FNDA:8,(anonymous_3)
FNDA:10,(anonymous_4)
FNDA:4,(anonymous_5)
FNDA:5,(anonymous_6)
FNDA:5,(anonymous_7)
FNDA:3,(anonymous_8)
FNDA:2,(anonymous_9)
FNDA:3,(anonymous_10)
FNDA:2,(anonymous_11)
FNDA:3,(anonymous_12)
FNDA:0,(anonymous_13)
FNDA:2,(anonymous_14)
DA:1,4
DA:2,4
DA:3,4
DA:6,4
DA:8,21
DA:9,21
DA:17,8
DA:22,8
DA:23,3
DA:27,5
DA:35,5
DA:45,10
DA:55,10
DA:67,4
DA:69,4
DA:72,4
DA:73,2
DA:77,2
DA:88,5
DA:91,5
DA:96,5
DA:100,5
DA:105,5
DA:107,2
DA:116,2
DA:117,1
DA:122,3
DA:127,5
DA:134,2
DA:136,2
DA:137,1
DA:140,1
DA:157,1
DA:167,3
DA:173,3
DA:174,3
DA:178,3
DA:179,1
DA:183,2
DA:184,2
DA:194,2
DA:196,2
DA:198,1
DA:209,1
DA:210,3
DA:219,0
DA:236,0
DA:251,2
DA:256,2
DA:257,0
DA:261,2
DA:262,2
DA:263,1
DA:267,1
DA:287,1
DA:294,1
DA:296,1
DA:306,1
DA:307,1
DA:311,1
DA:313,1
DA:322,0
DA:325,1
LF:63
LH:59
BRDA:22,0,0,3
BRDA:55,1,0,10
BRDA:55,1,1,3
BRDA:55,2,0,3
BRDA:55,2,1,7
BRDA:55,3,0,10
BRDA:55,3,1,7
BRDA:69,4,0,0
BRDA:72,5,0,2
BRDA:72,6,0,4
BRDA:72,6,1,3
BRDA:105,7,0,2
BRDA:136,8,0,1
BRDA:173,9,0,3
BRDA:173,10,0,0
BRDA:173,10,1,3
BRDA:173,11,0,3
BRDA:173,11,1,3
BRDA:178,12,0,1
BRDA:196,13,0,1
BRDA:210,14,0,1
BRDA:210,14,1,0
BRDA:210,15,0,0
BRDA:210,15,1,1
BRDA:210,16,0,1
BRDA:210,16,1,1
BRDA:210,17,0,3
BRDA:210,17,1,0
BRDA:256,18,0,0
BRDA:256,19,0,0
BRDA:256,19,1,2
BRDA:256,20,0,2
BRDA:256,20,1,2
BRDA:262,21,0,1
BRDA:294,22,0,1
BRDA:311,23,0,1
BRDA:311,23,1,0
BRDA:311,24,0,0
BRDA:311,24,1,1
BRDA:311,25,0,1
BRDA:311,25,1,1
BRF:41
BRH:32
end_of_record
TN:
SF:src/common/secure-logger.service.ts
FN:8,(anonymous_1)
FN:21,(anonymous_2)
FN:35,(anonymous_3)
FN:41,(anonymous_4)
FN:58,(anonymous_5)
FN:67,(anonymous_6)
FN:71,(anonymous_7)
FN:87,(anonymous_8)
FN:91,(anonymous_9)
FN:97,(anonymous_10)
FNF:10
FNH:0
FNDA:0,(anonymous_1)
FNDA:0,(anonymous_2)
FNDA:0,(anonymous_3)
FNDA:0,(anonymous_4)
FNDA:0,(anonymous_5)
FNDA:0,(anonymous_6)
FNDA:0,(anonymous_7)
FNDA:0,(anonymous_8)
FNDA:0,(anonymous_9)
FNDA:0,(anonymous_10)
DA:5,0
DA:8,0
DA:9,0
DA:16,0
DA:23,0
DA:25,0
DA:27,0
DA:29,0
DA:32,0
DA:34,0
DA:35,0
DA:38,0
DA:39,0
DA:40,0
DA:41,0
DA:42,0
DA:43,0
DA:44,0
DA:45,0
DA:47,0
DA:49,0
DA:52,0
DA:59,0
DA:68,0
DA:72,0
DA:80,0
DA:81,0
DA:84,0
DA:88,0
DA:92,0
DA:93,0
DA:98,0
DA:99,0
LF:33
LH:0
BRDA:21,0,0,0
BRDA:23,1,0,0
BRDA:25,2,0,0
BRDA:25,3,0,0
BRDA:25,3,1,0
BRDA:27,4,0,0
BRDA:32,5,0,0
BRDA:34,6,0,0
BRDA:41,7,0,0
BRDA:41,7,1,0
BRDA:43,8,0,0
BRDA:43,8,1,0
BRDA:45,9,0,0
BRDA:45,9,1,0
BRDA:62,10,0,0
BRDA:62,10,1,0
BRDA:75,11,0,0
BRDA:75,11,1,0
BRDA:80,12,0,0
BRDA:80,13,0,0
BRDA:80,13,1,0
BRDA:92,14,0,0
BRDA:98,15,0,0
BRF:23
BRH:0
end_of_record
TN:
SF:src/common/guards/brute-force.guard.ts
FN:43,(anonymous_4)
FN:50,(anonymous_5)
FN:59,(anonymous_6)
FN:86,(anonymous_7)
FN:94,(anonymous_8)
FN:127,(anonymous_9)
FN:146,(anonymous_10)
FN:154,(anonymous_11)
FN:163,(anonymous_12)
FN:172,(anonymous_13)
FN:193,(anonymous_14)
FN:228,(anonymous_15)
FN:246,(anonymous_16)
FNF:13
FNH:10
FNDA:7,(anonymous_4)
FNDA:0,(anonymous_5)
FNDA:0,(anonymous_6)
FNDA:1,(anonymous_7)
FNDA:3,(anonymous_8)
FNDA:2,(anonymous_9)
FNDA:0,(anonymous_10)
FNDA:7,(anonymous_11)
FNDA:1,(anonymous_12)
FNDA:7,(anonymous_13)
FNDA:2,(anonymous_14)
FNDA:1,(anonymous_15)
FNDA:2,(anonymous_16)
DA:1,2
DA:11,2
DA:13,2
DA:27,2
DA:28,7
DA:31,7
DA:32,7
DA:35,7
DA:36,7
DA:37,7
DA:38,7
DA:41,7
DA:44,7
DA:51,0
DA:59,2
DA:60,0
DA:61,0
DA:64,0
DA:65,0
DA:67,0
DA:69,0
DA:70,0
DA:72,0
DA:73,0
DA:74,0
DA:78,0
DA:79,0
DA:87,1
DA:95,3
DA:96,3
DA:98,3
DA:101,3
DA:102,2
DA:103,1
DA:106,1
DA:116,1
DA:121,2
DA:128,2
DA:129,2
DA:131,2
DA:133,2
DA:134,1
DA:135,1
DA:140,2
DA:147,0
DA:148,0
DA:155,7
DA:156,7
DA:157,7
DA:164,1
DA:165,1
DA:166,1
DA:173,7
DA:175,7
DA:176,1
DA:179,6
DA:180,6
DA:181,5
DA:183,1
DA:184,1
DA:185,1
DA:194,2
DA:196,2
DA:198,0
DA:200,0
DA:201,0
DA:202,0
DA:205,0
DA:206,0
DA:209,2
DA:210,2
DA:212,0
DA:213,0
DA:215,0
DA:216,0
DA:217,0
DA:218,0
DA:221,0
DA:229,1
DA:231,1
DA:232,0
DA:233,0
DA:236,1
DA:237,1
DA:239,0
DA:247,2
DA:248,2
LF:87
LH:56
BRDA:60,0,0,0
BRDA:60,1,0,0
BRDA:60,1,1,0
BRDA:69,2,0,0
BRDA:69,2,1,0
BRDA:70,3,0,0
BRDA:70,3,1,0
BRDA:72,4,0,0
BRDA:72,5,0,0
BRDA:72,5,1,0
BRDA:78,6,0,0
BRDA:101,7,0,2
BRDA:101,8,0,1
BRDA:101,8,1,2
BRDA:101,9,0,3
BRDA:101,9,1,2
BRDA:102,10,0,1
BRDA:102,10,1,1
BRDA:129,11,0,2
BRDA:129,11,1,1
BRDA:133,12,0,1
BRDA:155,13,0,7
BRDA:155,13,1,0
BRDA:155,13,2,0
BRDA:155,14,0,0
BRDA:155,14,1,0
BRDA:155,15,0,0
BRDA:155,15,1,0
BRDA:156,16,0,7
BRDA:156,16,1,0
BRDA:156,16,2,0
BRDA:156,17,0,0
BRDA:156,17,1,7
BRDA:156,18,0,7
BRDA:156,18,1,7
BRDA:156,19,0,0
BRDA:156,19,1,0
BRDA:156,20,0,0
BRDA:156,20,1,0
BRDA:165,21,0,1
BRDA:165,21,1,0
BRDA:175,22,0,1
BRDA:176,23,0,1
BRDA:176,23,1,1
BRDA:181,24,0,5
BRDA:181,24,1,2
BRDA:185,25,0,1
BRDA:185,25,1,1
BRDA:196,26,0,0
BRDA:198,27,0,0
BRDA:201,28,0,0
BRDA:215,29,0,0
BRDA:217,30,0,0
BRDA:231,31,0,0
BRF:54
BRH:23
end_of_record
TN:
SF:src/common/guards/global-permissions.guard.ts
FN:13,(anonymous_2)
FN:18,(anonymous_3)
FN:46,(anonymous_4)
FN:47,(anonymous_5)
FNF:4
FNH:4
FNDA:9,(anonymous_2)
FNDA:9,(anonymous_3)
FNDA:4,(anonymous_4)
FNDA:3,(anonymous_5)
DA:1,4
DA:7,4
DA:8,4
DA:9,4
DA:12,4
DA:14,9
DA:15,9
DA:20,9
DA:26,9
DA:27,2
DA:31,7
DA:32,7
DA:34,7
DA:35,2
DA:39,5
DA:46,4
DA:47,4
DA:50,4
DA:51,2
DA:56,2
LF:20
LH:20
BRDA:26,0,0,2
BRDA:26,1,0,9
BRDA:26,1,1,8
BRDA:34,2,0,2
BRDA:34,3,0,1
BRDA:34,3,1,6
BRDA:34,4,0,7
BRDA:34,4,1,7
BRDA:50,5,0,2
BRF:9
BRH:9
end_of_record
TN:
SF:src/common/guards/logging-throttler.guard.ts
FN:12,(anonymous_2)
FN:25,(anonymous_3)
FNF:2
FNH:0
FNDA:0,(anonymous_2)
FNDA:0,(anonymous_3)
DA:1,0
DA:2,0
DA:3,0
DA:6,0
DA:8,0
DA:13,0
DA:16,0
DA:17,0
DA:21,0
DA:22,0
DA:26,0
DA:28,0
DA:34,0
DA:35,0
DA:44,0
DA:48,0
LF:16
LH:0
BRDA:16,0,0,0
BRDA:16,1,0,0
BRDA:16,1,1,0
BRDA:16,2,0,0
BRDA:16,2,1,0
BRDA:21,3,0,0
BRDA:21,3,1,0
BRDA:21,4,0,0
BRDA:21,4,1,0
BRDA:21,5,0,0
BRDA:21,5,1,0
BRDA:28,6,0,0
BRDA:28,6,1,0
BRDA:28,7,0,0
BRDA:28,7,1,0
BRDA:28,8,0,0
BRDA:28,8,1,0
BRDA:40,9,0,0
BRDA:40,9,1,0
BRDA:40,10,0,0
BRDA:40,10,1,0
BRDA:40,11,0,0
BRDA:40,11,1,0
BRDA:41,12,0,0
BRDA:41,12,1,0
BRDA:41,12,2,0
BRDA:41,13,0,0
BRDA:41,13,1,0
BRDA:41,14,0,0
BRDA:41,14,1,0
BRF:30
BRH:0
end_of_record
TN:
SF:src/common/guards/mfa.guard.ts
FN:14,(anonymous_1)
FNF:1
FNH:0
FNDA:0,(anonymous_1)
DA:1,0
DA:13,0
DA:15,0
DA:16,0
DA:18,0
DA:19,0
DA:23,0
DA:25,0
DA:26,0
DA:31,0
LF:10
LH:0
BRDA:18,0,0,0
BRDA:23,1,0,0
BRDA:23,1,1,0
BRDA:25,2,0,0
BRF:4
BRH:0
end_of_record
TN:
SF:src/common/guards/minuta-project-access.guard.ts
FN:13,(anonymous_2)
FN:18,(anonymous_3)
FNF:2
FNH:0
FNDA:0,(anonymous_2)
FNDA:0,(anonymous_3)
DA:1,0
DA:8,0
DA:9,0
DA:12,0
DA:14,0
DA:15,0
DA:19,0
DA:20,0
DA:22,0
DA:23,0
DA:27,0
DA:29,0
DA:31,0
DA:35,0
DA:39,0
DA:40,0
DA:44,0
DA:48,0
DA:51,0
DA:55,0
DA:60,0
DA:61,0
DA:66,0
LF:23
LH:0
BRDA:22,0,0,0
BRDA:22,1,0,0
BRDA:22,1,1,0
BRDA:22,2,0,0
BRDA:22,2,1,0
BRDA:27,3,0,0
BRDA:27,3,1,0
BRDA:29,4,0,0
BRDA:39,5,0,0
BRDA:44,6,0,0
BRDA:44,6,1,0
BRDA:48,7,0,0
BRDA:60,8,0,0
BRF:13
BRH:0
end_of_record
TN:
SF:src/common/guards/project-access.guard.ts
FN:15,(anonymous_2)
FN:17,(anonymous_3)
FNF:2
FNH:0
FNDA:0,(anonymous_2)
FNDA:0,(anonymous_3)
DA:1,0
DA:7,0
DA:14,0
DA:15,0
DA:18,0
DA:19,0
DA:21,0
DA:22,0
DA:27,0
DA:32,0
DA:33,0
DA:36,0
DA:41,0
DA:42,0
DA:47,0
LF:15
LH:0
BRDA:19,0,0,0
BRDA:19,0,1,0
BRDA:19,1,0,0
BRDA:19,1,1,0
BRDA:21,2,0,0
BRDA:27,3,0,0
BRDA:27,3,1,0
BRDA:27,3,2,0
BRDA:29,4,0,0
BRDA:29,4,1,0
BRDA:29,5,0,0
BRDA:29,5,1,0
BRDA:32,6,0,0
BRDA:41,7,0,0
BRF:14
BRH:0
end_of_record
TN:
SF:src/common/guards/project-permissions.guard.ts
FN:19,(anonymous_2)
FN:24,(anonymous_3)
FN:69,(anonymous_4)
FNF:3
FNH:0
FNDA:0,(anonymous_2)
FNDA:0,(anonymous_3)
FNDA:0,(anonymous_4)
DA:1,0
DA:8,0
DA:9,0
DA:10,0
DA:11,0
DA:18,0
DA:20,0
DA:21,0
DA:26,0
DA:32,0
DA:33,0
DA:36,0
DA:37,0
DA:39,0
DA:40,0
DA:45,0
DA:49,0
DA:50,0
DA:56,0
DA:61,0
DA:62,0
DA:66,0
DA:69,0
DA:70,0
DA:73,0
DA:74,0
DA:79,0
LF:27
LH:0
BRDA:32,0,0,0
BRDA:32,1,0,0
BRDA:32,1,1,0
BRDA:37,2,0,0
BRDA:37,2,1,0
BRDA:37,3,0,0
BRDA:37,3,1,0
BRDA:39,4,0,0
BRDA:45,5,0,0
BRDA:45,5,1,0
BRDA:45,5,2,0
BRDA:47,6,0,0
BRDA:47,6,1,0
BRDA:47,7,0,0
BRDA:47,7,1,0
BRDA:49,8,0,0
BRDA:61,9,0,0
BRDA:66,10,0,0
BRDA:66,10,1,0
BRDA:73,11,0,0
BRF:20
BRH:0
end_of_record
TN:
SF:src/common/guards/roles.guard.ts
FN:17,(anonymous_2)
FN:22,(anonymous_3)
FNF:2
FNH:0
FNDA:0,(anonymous_2)
FNDA:0,(anonymous_3)
DA:1,0
DA:7,0
DA:8,0
DA:9,0
DA:16,0
DA:18,0
DA:19,0
DA:24,0
DA:30,0
DA:31,0
DA:34,0
DA:35,0
DA:37,0
DA:38,0
DA:43,0
DA:47,0
DA:49,0
DA:55,0
DA:56,0
DA:62,0
DA:63,0
DA:67,0
LF:22
LH:0
BRDA:30,0,0,0
BRDA:30,1,0,0
BRDA:30,1,1,0
BRDA:35,2,0,0
BRDA:35,2,1,0
BRDA:35,3,0,0
BRDA:35,3,1,0
BRDA:37,4,0,0
BRDA:43,5,0,0
BRDA:43,5,1,0
BRDA:43,5,2,0
BRDA:45,6,0,0
BRDA:45,6,1,0
BRDA:45,7,0,0
BRDA:45,7,1,0
BRDA:47,8,0,0
BRDA:62,9,0,0
BRF:17
BRH:0
end_of_record
TN:
SF:src/common/guards/supabase-auth.guard.ts
FNF:0
FNH:0
DA:1,3
DA:2,3
DA:5,3
LF:3
LH:3
BRF:0
BRH:0
end_of_record
TN:
SF:src/common/guards/uif-auth.guard.ts
FNF:0
FNH:0
DA:2,0
DA:3,0
DA:6,0
LF:3
LH:0
BRF:0
BRH:0
end_of_record
TN:
SF:src/common/interceptors/api-response.interceptor.ts
FN:29,(anonymous_1)
FN:34,(anonymous_2)
FNF:2
FNH:2
FNDA:3,(anonymous_1)
FNDA:3,(anonymous_2)
DA:1,1
DA:8,1
DA:9,1
DA:28,1
DA:30,3
DA:31,3
DA:33,3
DA:36,3
DA:37,1
DA:42,2
DA:43,1
DA:47,1
DA:50,1
LF:13
LH:13
BRDA:36,0,0,1
BRDA:36,1,0,3
BRDA:36,1,1,1
BRDA:36,2,0,0
BRDA:36,2,1,3
BRDA:36,3,0,3
BRDA:36,3,1,3
BRDA:42,4,0,1
BRDA:42,5,0,2
BRDA:42,5,1,1
BRF:10
BRH:9
end_of_record
TN:
SF:src/common/interceptors/brute-force.interceptor.ts
FN:17,(anonymous_2)
FN:19,(anonymous_3)
FN:21,(anonymous_4)
FNF:3
FNH:0
FNDA:0,(anonymous_2)
FNDA:0,(anonymous_3)
FNDA:0,(anonymous_4)
DA:1,1
DA:8,1
DA:9,1
DA:16,1
DA:17,0
DA:20,0
DA:22,0
DA:26,0
DA:28,0
LF:9
LH:4
BRF:0
BRH:0
end_of_record
TN:
SF:src/common/interceptors/csrf.interceptor.ts
FN:27,(anonymous_2)
FN:36,(anonymous_3)
FN:39,(anonymous_4)
FN:55,(anonymous_5)
FN:86,(anonymous_6)
FN:101,(anonymous_7)
FN:114,(anonymous_8)
FN:129,(anonymous_9)
FN:161,(anonymous_10)
FN:168,(anonymous_11)
FNF:10
FNH:0
FNDA:0,(anonymous_2)
FNDA:0,(anonymous_3)
FNDA:0,(anonymous_4)
FNDA:0,(anonymous_5)
FNDA:0,(anonymous_6)
FNDA:0,(anonymous_7)
FNDA:0,(anonymous_8)
FNDA:0,(anonymous_9)
FNDA:0,(anonymous_10)
FNDA:0,(anonymous_11)
DA:1,0
DA:10,0
DA:18,0
DA:19,0
DA:20,0
DA:21,0
DA:22,0
DA:28,0
DA:36,0
DA:40,0
DA:41,0
DA:43,0
DA:44,0
DA:48,0
DA:49,0
DA:50,0
DA:52,0
DA:56,0
DA:57,0
DA:59,0
DA:63,0
DA:64,0
DA:67,0
DA:69,0
DA:71,0
DA:74,0
DA:75,0
DA:76,0
DA:80,0
DA:82,0
DA:83,0
DA:87,0
DA:88,0
DA:89,0
DA:95,0
DA:102,0
DA:103,0
DA:105,0
DA:106,0
DA:109,0
DA:110,0
DA:115,0
DA:130,0
DA:131,0
DA:135,0
DA:136,0
DA:140,0
DA:141,0
DA:145,0
DA:146,0
DA:147,0
DA:148,0
DA:149,0
DA:151,0
DA:155,0
DA:162,0
DA:169,0
LF:57
LH:0
BRDA:28,0,0,0
BRDA:28,0,1,0
BRDA:29,1,0,0
BRDA:29,1,1,0
BRDA:29,2,0,0
BRDA:29,2,1,0
BRDA:29,3,0,0
BRDA:29,3,1,0
BRDA:43,4,0,0
BRDA:59,5,0,0
BRDA:64,6,0,0
BRDA:64,6,1,0
BRDA:64,7,0,0
BRDA:64,7,1,0
BRDA:69,8,0,0
BRDA:74,9,0,0
BRDA:74,10,0,0
BRDA:74,10,1,0
BRDA:80,11,0,0
BRDA:83,12,0,0
BRDA:83,12,1,0
BRDA:88,13,0,0
BRDA:91,14,0,0
BRDA:91,14,1,0
BRDA:92,15,0,0
BRDA:92,15,1,0
BRDA:102,16,0,0
BRDA:102,16,1,0
BRDA:102,17,0,0
BRDA:102,17,1,0
BRDA:105,18,0,0
BRDA:105,19,0,0
BRDA:105,19,1,0
BRDA:109,20,0,0
BRDA:135,21,0,0
BRDA:135,22,0,0
BRDA:135,22,1,0
BRDA:140,23,0,0
BRDA:145,24,0,0
BRF:39
BRH:0
end_of_record
TN:
SF:src/common/interceptors/etag.interceptor.ts
FN:19,(anonymous_1)
FN:29,(anonymous_2)
FN:54,(anonymous_3)
FNF:3
FNH:0
FNDA:0,(anonymous_1)
FNDA:0,(anonymous_2)
FNDA:0,(anonymous_3)
DA:1,0
DA:8,0
DA:9,0
DA:18,0
DA:20,0
DA:21,0
DA:24,0
DA:25,0
DA:28,0
DA:31,0
DA:32,0
DA:36,0
DA:37,0
DA:40,0
DA:41,0
DA:42,0
DA:46,0
DA:47,0
DA:49,0
DA:55,0
DA:56,0
DA:57,0
LF:22
LH:0
BRDA:24,0,0,0
BRDA:31,1,0,0
BRDA:31,2,0,0
BRDA:31,2,1,0
BRDA:40,3,0,0
BRDA:40,4,0,0
BRDA:40,4,1,0
BRF:7
BRH:0
end_of_record
TN:
SF:src/common/interceptors/performance.interceptor.ts
FN:25,(anonymous_1)
FN:28,(anonymous_2)
FN:35,(anonymous_3)
FN:59,(anonymous_4)
FN:87,(anonymous_5)
FN:100,(anonymous_6)
FN:117,(anonymous_7)
FNF:7
FNH:0
FNDA:0,(anonymous_1)
FNDA:0,(anonymous_2)
FNDA:0,(anonymous_3)
FNDA:0,(anonymous_4)
FNDA:0,(anonymous_5)
FNDA:0,(anonymous_6)
FNDA:0,(anonymous_7)
DA:1,0
DA:9,0
DA:20,0
DA:22,0
DA:25,0
DA:26,0
DA:29,0
DA:30,0
DA:31,0
DA:32,0
DA:34,0
DA:36,0
DA:37,0
DA:38,0
DA:41,0
DA:44,0
DA:45,0
DA:48,0
DA:49,0
DA:53,0
DA:61,0
DA:62,0
DA:65,0
DA:66,0
DA:67,0
DA:70,0
DA:78,0
DA:79,0
DA:80,0
DA:81,0
DA:82,0
DA:84,0
DA:89,0
DA:91,0
DA:101,0
DA:103,0
DA:104,0
DA:111,0
DA:118,0
LF:39
LH:0
BRDA:44,0,0,0
BRDA:44,0,1,0
BRDA:48,1,0,0
BRDA:48,1,1,0
BRDA:65,2,0,0
BRDA:65,3,0,0
BRDA:65,3,1,0
BRDA:67,4,0,0
BRDA:70,5,0,0
BRDA:70,5,1,0
BRDA:82,6,0,0
BRDA:107,7,0,0
BRDA:107,7,1,0
BRF:13
BRH:0
end_of_record
TN:
SF:src/common/interceptors/prisma-retry.interceptor.ts
FN:12,(anonymous_1)
FN:16,(anonymous_2)
FN:20,(anonymous_3)
FN:27,(anonymous_4)
FN:33,(anonymous_5)
FNF:5
FNH:0
FNDA:0,(anonymous_1)
FNDA:0,(anonymous_2)
FNDA:0,(anonymous_3)
FNDA:0,(anonymous_4)
FNDA:0,(anonymous_5)
DA:1,0
DA:8,0
DA:9,0
DA:12,0
DA:13,0
DA:14,0
DA:17,0
DA:21,0
DA:22,0
DA:25,0
DA:27,0
DA:34,0
LF:12
LH:0
BRDA:21,0,0,0
BRDA:35,1,0,0
BRDA:35,1,1,0
BRDA:35,1,2,0
BRDA:35,1,3,0
BRDA:35,1,4,0
BRDA:35,1,5,0
BRDA:35,2,0,0
BRDA:35,2,1,0
BRDA:35,3,0,0
BRDA:35,3,1,0
BRDA:36,4,0,0
BRDA:36,4,1,0
BRDA:36,5,0,0
BRDA:36,5,1,0
BRDA:37,6,0,0
BRDA:37,6,1,0
BRDA:37,7,0,0
BRDA:37,7,1,0
BRF:19
BRH:0
end_of_record
TN:
SF:src/common/middleware/mobile-blocker.middleware.ts
FN:5,(anonymous_1)
FN:17,(anonymous_2)
FN:22,(anonymous_3)
FNF:3
FNH:3
FNDA:5,(anonymous_1)
FNDA:5,(anonymous_2)
FNDA:9,(anonymous_3)
DA:1,1
DA:5,1
DA:6,5
DA:9,5
DA:12,5
DA:18,5
DA:19,5
DA:22,9
DA:23,2
DA:27,3
DA:32,2
DA:34,2
DA:41,1
LF:13
LH:13
BRDA:18,0,0,5
BRDA:18,0,1,0
BRDA:22,1,0,2
BRDA:27,2,0,2
BRF:4
BRH:3
end_of_record
TN:
SF:src/logger/logger.service.ts
FN:10,(anonymous_2)
FN:12,(anonymous_3)
FNF:2
FNH:0
FNDA:0,(anonymous_2)
FNDA:0,(anonymous_3)
DA:1,5
DA:3,5
DA:4,5
DA:7,5
DA:8,0
DA:10,0
DA:13,0
DA:14,0
DA:25,0
LF:9
LH:4
BRDA:20,0,0,0
BRDA:20,0,1,0
BRDA:21,1,0,0
BRDA:21,1,1,0
BRDA:25,2,0,0
BRDA:25,2,1,0
BRF:6
BRH:0
end_of_record
TN:
SF:src/mapaVenta/comerciales/comerciales.controller.ts
FN:15,(anonymous_4)
FN:20,(anonymous_5)
FN:27,(anonymous_6)
FN:34,(anonymous_7)
FN:41,(anonymous_8)
FN:46,(anonymous_9)
FNF:6
FNH:0
FNDA:0,(anonymous_4)
FNDA:0,(anonymous_5)
FNDA:0,(anonymous_6)
FNDA:0,(anonymous_7)
FNDA:0,(anonymous_8)
FNDA:0,(anonymous_9)
DA:1,0
DA:2,0
DA:3,0
DA:4,0
DA:5,0
DA:6,0
DA:7,0
DA:8,0
DA:14,0
DA:15,0
DA:20,0
DA:21,0
DA:27,0
DA:28,0
DA:34,0
DA:35,0
DA:41,0
DA:42,0
DA:46,0
DA:47,0
LF:20
LH:0
BRF:0
BRH:0
end_of_record
TN:
SF:src/mapaVenta/comerciales/comerciales.service.ts
FN:9,(anonymous_2)
FN:11,(anonymous_3)
FN:28,(anonymous_4)
FN:34,(anonymous_5)
FN:59,(anonymous_6)
FN:80,(anonymous_7)
FNF:6
FNH:0
FNDA:0,(anonymous_2)
FNDA:0,(anonymous_3)
FNDA:0,(anonymous_4)
FNDA:0,(anonymous_5)
FNDA:0,(anonymous_6)
FNDA:0,(anonymous_7)
DA:1,0
DA:2,0
DA:5,0
DA:8,0
DA:9,0
DA:12,0
DA:13,0
DA:17,0
DA:18,0
DA:19,0
DA:24,0
DA:29,0
DA:35,0
DA:52,0
DA:53,0
DA:56,0
DA:60,0
DA:61,0
DA:66,0
DA:67,0
DA:68,0
DA:70,0
DA:71,0
DA:76,0
DA:81,0
DA:82,0
DA:86,0
DA:87,0
DA:88,0
DA:90,0
DA:91,0
DA:96,0
LF:32
LH:0
BRDA:17,0,0,0
BRDA:18,1,0,0
BRDA:52,2,0,0
BRDA:66,3,0,0
BRDA:67,4,0,0
BRDA:70,5,0,0
BRDA:86,6,0,0
BRDA:87,7,0,0
BRDA:90,8,0,0
BRF:9
BRH:0
end_of_record
TN:
SF:src/mapaVenta/edificios/edificios.controller.ts
FN:15,(anonymous_4)
FN:20,(anonymous_5)
FN:27,(anonymous_6)
FN:34,(anonymous_7)
FN:41,(anonymous_8)
FN:48,(anonymous_9)
FN:53,(anonymous_10)
FNF:7
FNH:0
FNDA:0,(anonymous_4)
FNDA:0,(anonymous_5)
FNDA:0,(anonymous_6)
FNDA:0,(anonymous_7)
FNDA:0,(anonymous_8)
FNDA:0,(anonymous_9)
FNDA:0,(anonymous_10)
DA:1,0
DA:2,0
DA:3,0
DA:4,0
DA:5,0
DA:6,0
DA:7,0
DA:8,0
DA:14,0
DA:15,0
DA:20,0
DA:21,0
DA:27,0
DA:28,0
DA:34,0
DA:35,0
DA:41,0
DA:42,0
DA:48,0
DA:49,0
DA:53,0
DA:54,0
LF:22
LH:0
BRF:0
BRH:0
end_of_record
TN:
SF:src/mapaVenta/edificios/edificios.service.ts
FN:9,(anonymous_2)
FN:11,(anonymous_3)
FN:29,(anonymous_4)
FN:41,(anonymous_5)
FN:62,(anonymous_6)
FN:80,(anonymous_7)
FNF:6
FNH:0
FNDA:0,(anonymous_2)
FNDA:0,(anonymous_3)
FNDA:0,(anonymous_4)
FNDA:0,(anonymous_5)
FNDA:0,(anonymous_6)
FNDA:0,(anonymous_7)
DA:1,0
DA:2,0
DA:5,0
DA:8,0
DA:9,0
DA:13,0
DA:16,0
DA:17,0
DA:20,0
DA:30,0
DA:31,0
DA:42,0
DA:55,0
DA:56,0
DA:59,0
DA:63,0
DA:64,0
DA:73,0
DA:74,0
DA:76,0
DA:81,0
DA:82,0
DA:84,0
DA:85,0
DA:86,0
DA:89,0
LF:26
LH:0
BRDA:16,0,0,0
BRDA:30,1,0,0
BRDA:30,1,1,0
BRDA:55,2,0,0
BRDA:73,3,0,0
BRDA:73,4,0,0
BRDA:73,4,1,0
BRDA:84,5,0,0
BRDA:85,6,0,0
BRF:9
BRH:0
end_of_record
TN:
SF:src/mapaVenta/estadocomercial/estadocomercial.controller.ts
FN:15,(anonymous_4)
FN:20,(anonymous_5)
FN:27,(anonymous_6)
FN:34,(anonymous_7)
FN:41,(anonymous_8)
FN:46,(anonymous_9)
FNF:6
FNH:0
FNDA:0,(anonymous_4)
FNDA:0,(anonymous_5)
FNDA:0,(anonymous_6)
FNDA:0,(anonymous_7)
FNDA:0,(anonymous_8)
FNDA:0,(anonymous_9)
DA:1,0
DA:2,0
DA:3,0
DA:4,0
DA:5,0
DA:6,0
DA:7,0
DA:8,0
DA:14,0
DA:15,0
DA:20,0
DA:21,0
DA:27,0
DA:28,0
DA:34,0
DA:35,0
DA:41,0
DA:42,0
DA:46,0
DA:47,0
LF:20
LH:0
BRF:0
BRH:0
end_of_record
TN:
SF:src/mapaVenta/estadocomercial/estadocomercial.service.ts
FN:14,(anonymous_4)
FN:20,(anonymous_5)
FN:24,(anonymous_6)
FN:44,(anonymous_7)
FN:55,(anonymous_8)
FN:76,(anonymous_9)
FN:99,(anonymous_10)
FNF:7
FNH:0
FNDA:0,(anonymous_4)
FNDA:0,(anonymous_5)
FNDA:0,(anonymous_6)
FNDA:0,(anonymous_7)
FNDA:0,(anonymous_8)
FNDA:0,(anonymous_9)
FNDA:0,(anonymous_10)
DA:1,0
DA:2,0
DA:5,0
DA:7,0
DA:10,0
DA:13,0
DA:15,0
DA:16,0
DA:21,0
DA:25,0
DA:26,0
DA:29,0
DA:30,0
DA:32,0
DA:33,0
DA:34,0
DA:39,0
DA:45,0
DA:46,0
DA:48,0
DA:51,0
DA:52,0
DA:56,0
DA:69,0
DA:70,0
DA:73,0
DA:77,0
DA:78,0
DA:82,0
DA:83,0
DA:85,0
DA:86,0
DA:87,0
DA:89,0
DA:90,0
DA:95,0
DA:100,0
DA:101,0
DA:104,0
DA:105,0
DA:107,0
DA:108,0
DA:109,0
DA:111,0
DA:112,0
DA:117,0
LF:46
LH:0
BRDA:32,0,0,0
BRDA:33,1,0,0
BRDA:46,2,0,0
BRDA:69,3,0,0
BRDA:85,4,0,0
BRDA:86,5,0,0
BRDA:89,6,0,0
BRDA:107,7,0,0
BRDA:108,8,0,0
BRDA:111,9,0,0
BRF:10
BRH:0
end_of_record
TN:
SF:src/mapaVenta/etapas/etapas.controller.ts
FN:15,(anonymous_4)
FN:20,(anonymous_5)
FN:27,(anonymous_6)
FN:34,(anonymous_7)
FN:41,(anonymous_8)
FN:46,(anonymous_9)
FNF:6
FNH:0
FNDA:0,(anonymous_4)
FNDA:0,(anonymous_5)
FNDA:0,(anonymous_6)
FNDA:0,(anonymous_7)
FNDA:0,(anonymous_8)
FNDA:0,(anonymous_9)
DA:1,0
DA:2,0
DA:3,0
DA:4,0
DA:5,0
DA:6,0
DA:7,0
DA:8,0
DA:14,0
DA:15,0
DA:20,0
DA:21,0
DA:27,0
DA:28,0
DA:34,0
DA:35,0
DA:41,0
DA:42,0
DA:46,0
DA:47,0
LF:20
LH:0
BRF:0
BRH:0
end_of_record
TN:
SF:src/mapaVenta/etapas/etapas.service.ts
FN:14,(anonymous_4)
FN:20,(anonymous_5)
FN:24,(anonymous_6)
FN:44,(anonymous_7)
FN:58,(anonymous_8)
FN:79,(anonymous_9)
FN:84,(anonymous_10)
FN:103,(anonymous_11)
FN:107,(anonymous_12)
FNF:9
FNH:0
FNDA:0,(anonymous_4)
FNDA:0,(anonymous_5)
FNDA:0,(anonymous_6)
FNDA:0,(anonymous_7)
FNDA:0,(anonymous_8)
FNDA:0,(anonymous_9)
FNDA:0,(anonymous_10)
FNDA:0,(anonymous_11)
FNDA:0,(anonymous_12)
DA:1,0
DA:2,0
DA:5,0
DA:7,0
DA:10,0
DA:13,0
DA:15,0
DA:16,0
DA:21,0
DA:25,0
DA:26,0
DA:29,0
DA:30,0
DA:32,0
DA:33,0
DA:34,0
DA:39,0
DA:46,0
DA:47,0
DA:50,0
DA:54,0
DA:55,0
DA:59,0
DA:72,0
DA:73,0
DA:76,0
DA:80,0
DA:81,0
DA:85,0
DA:86,0
DA:89,0
DA:90,0
DA:91,0
DA:93,0
DA:94,0
DA:99,0
DA:104,0
DA:105,0
DA:108,0
DA:109,0
DA:112,0
DA:113,0
DA:114,0
DA:116,0
DA:117,0
DA:122,0
LF:46
LH:0
BRDA:32,0,0,0
BRDA:33,1,0,0
BRDA:47,2,0,0
BRDA:72,3,0,0
BRDA:89,4,0,0
BRDA:90,5,0,0
BRDA:93,6,0,0
BRDA:112,7,0,0
BRDA:113,8,0,0
BRDA:116,9,0,0
BRF:10
BRH:0
end_of_record
TN:
SF:src/mapaVenta/motivosnodisp/motivosnodisp.controller.ts
FN:15,(anonymous_4)
FN:20,(anonymous_5)
FN:27,(anonymous_6)
FN:34,(anonymous_7)
FN:41,(anonymous_8)
FN:46,(anonymous_9)
FNF:6
FNH:0
FNDA:0,(anonymous_4)
FNDA:0,(anonymous_5)
FNDA:0,(anonymous_6)
FNDA:0,(anonymous_7)
FNDA:0,(anonymous_8)
FNDA:0,(anonymous_9)
DA:1,0
DA:2,0
DA:3,0
DA:4,0
DA:5,0
DA:6,0
DA:7,0
DA:8,0
DA:14,0
DA:15,0
DA:20,0
DA:21,0
DA:27,0
DA:28,0
DA:34,0
DA:35,0
DA:41,0
DA:42,0
DA:46,0
DA:47,0
LF:20
LH:0
BRF:0
BRH:0
end_of_record
TN:
SF:src/mapaVenta/motivosnodisp/motivosnodisp.service.ts
FN:9,(anonymous_2)
FN:11,(anonymous_3)
FN:24,(anonymous_4)
FN:30,(anonymous_5)
FN:40,(anonymous_6)
FN:55,(anonymous_7)
FNF:6
FNH:0
FNDA:0,(anonymous_2)
FNDA:0,(anonymous_3)
FNDA:0,(anonymous_4)
FNDA:0,(anonymous_5)
FNDA:0,(anonymous_6)
FNDA:0,(anonymous_7)
DA:1,0
DA:2,0
DA:5,0
DA:8,0
DA:9,0
DA:12,0
DA:13,0
DA:17,0
DA:18,0
DA:20,0
DA:25,0
DA:31,0
DA:34,0
DA:35,0
DA:37,0
DA:41,0
DA:42,0
DA:47,0
DA:48,0
DA:49,0
DA:51,0
DA:56,0
DA:57,0
DA:59,0
DA:60,0
DA:61,0
DA:63,0
LF:27
LH:0
BRDA:17,0,0,0
BRDA:17,1,0,0
BRDA:17,1,1,0
BRDA:34,2,0,0
BRDA:47,3,0,0
BRDA:48,4,0,0
BRDA:49,5,0,0
BRDA:59,6,0,0
BRDA:60,7,0,0
BRDA:61,8,0,0
BRF:10
BRH:0
end_of_record
TN:
SF:src/mapaVenta/naturalezas/naturalezas.controller.ts
FN:15,(anonymous_4)
FN:20,(anonymous_5)
FN:27,(anonymous_6)
FN:34,(anonymous_7)
FN:41,(anonymous_8)
FN:46,(anonymous_9)
FNF:6
FNH:0
FNDA:0,(anonymous_4)
FNDA:0,(anonymous_5)
FNDA:0,(anonymous_6)
FNDA:0,(anonymous_7)
FNDA:0,(anonymous_8)
FNDA:0,(anonymous_9)
DA:1,0
DA:2,0
DA:3,0
DA:4,0
DA:5,0
DA:6,0
DA:7,0
DA:8,0
DA:14,0
DA:15,0
DA:20,0
DA:21,0
DA:27,0
DA:28,0
DA:34,0
DA:35,0
DA:41,0
DA:42,0
DA:46,0
DA:47,0
LF:20
LH:0
BRF:0
BRH:0
end_of_record
TN:
SF:src/mapaVenta/naturalezas/naturalezas.service.ts
FN:9,(anonymous_2)
FN:11,(anonymous_3)
FN:15,(anonymous_4)
FN:19,(anonymous_5)
FN:25,(anonymous_6)
FN:36,(anonymous_7)
FNF:6
FNH:0
FNDA:0,(anonymous_2)
FNDA:0,(anonymous_3)
FNDA:0,(anonymous_4)
FNDA:0,(anonymous_5)
FNDA:0,(anonymous_6)
FNDA:0,(anonymous_7)
DA:1,0
DA:2,0
DA:5,0
DA:8,0
DA:9,0
DA:12,0
DA:16,0
DA:20,0
DA:21,0
DA:22,0
DA:26,0
DA:27,0
DA:29,0
DA:30,0
DA:32,0
DA:37,0
DA:38,0
DA:40,0
DA:41,0
DA:43,0
LF:20
LH:0
BRDA:21,0,0,0
BRDA:29,1,0,0
BRDA:29,2,0,0
BRDA:29,2,1,0
BRDA:40,3,0,0
BRDA:40,4,0,0
BRDA:40,4,1,0
BRF:7
BRH:0
end_of_record
TN:
SF:src/mapaVenta/snapshots/snapshots-cron.service.ts
FN:9,(anonymous_2)
FN:19,(anonymous_3)
FN:40,(anonymous_4)
FNF:3
FNH:0
FNDA:0,(anonymous_2)
FNDA:0,(anonymous_3)
FNDA:0,(anonymous_4)
DA:1,0
DA:2,0
DA:3,0
DA:6,0
DA:7,0
DA:9,0
DA:19,0
DA:20,0
DA:22,0
DA:23,0
DA:24,0
DA:28,0
DA:40,0
DA:41,0
DA:42,0
DA:43,0
DA:46,0
DA:47,0
DA:50,0
DA:52,0
DA:53,0
DA:54,0
DA:58,0
LF:23
LH:0
BRDA:28,0,0,0
BRDA:28,0,1,0
BRDA:28,1,0,0
BRDA:28,1,1,0
BRDA:46,2,0,0
BRDA:58,3,0,0
BRDA:58,3,1,0
BRDA:58,4,0,0
BRDA:58,4,1,0
BRF:9
BRH:0
end_of_record
TN:
SF:src/mapaVenta/snapshots/snapshots.controller.ts
FN:20,(anonymous_5)
FN:28,(anonymous_6)
FN:35,(anonymous_7)
FN:36,(anonymous_8)
FN:41,(anonymous_9)
FN:42,(anonymous_10)
FN:48,(anonymous_11)
FN:51,(anonymous_12)
FN:73,(anonymous_13)
FN:97,(anonymous_14)
FN:131,(anonymous_15)
FN:185,(anonymous_16)
FN:211,(anonymous_17)
FNF:13
FNH:0
FNDA:0,(anonymous_5)
FNDA:0,(anonymous_6)
FNDA:0,(anonymous_7)
FNDA:0,(anonymous_8)
FNDA:0,(anonymous_9)
FNDA:0,(anonymous_10)
FNDA:0,(anonymous_11)
FNDA:0,(anonymous_12)
FNDA:0,(anonymous_13)
FNDA:0,(anonymous_14)
FNDA:0,(anonymous_15)
FNDA:0,(anonymous_16)
FNDA:0,(anonymous_17)
DA:1,0
DA:2,0
DA:3,0
DA:4,0
DA:5,0
DA:6,0
DA:7,0
DA:8,0
DA:9,0
DA:10,0
DA:13,0
DA:19,0
DA:21,0
DA:22,0
DA:30,0
DA:32,0
DA:35,0
DA:36,0
DA:37,0
DA:41,0
DA:42,0
DA:49,0
DA:51,0
DA:52,0
DA:53,0
DA:73,0
DA:75,0
DA:76,0
DA:77,0
DA:78,0
DA:80,0
DA:97,0
DA:98,0
DA:99,0
DA:102,0
DA:103,0
DA:104,0
DA:107,0
DA:108,0
DA:111,0
DA:112,0
DA:113,0
DA:131,0
DA:137,0
DA:138,0
DA:141,0
DA:142,0
DA:144,0
DA:145,0
DA:148,0
DA:149,0
DA:152,0
DA:153,0
DA:156,0
DA:157,0
DA:159,0
DA:162,0
DA:163,0
DA:165,0
DA:185,0
DA:186,0
DA:187,0
DA:190,0
DA:191,0
DA:193,0
DA:194,0
DA:197,0
DA:198,0
DA:200,0
DA:203,0
DA:204,0
DA:206,0
DA:207,0
DA:211,0
LF:74
LH:0
BRDA:32,0,0,0
BRDA:35,1,0,0
BRDA:35,1,1,0
BRDA:35,2,0,0
BRDA:35,2,1,0
BRDA:35,3,0,0
BRDA:35,3,1,0
BRDA:35,4,0,0
BRDA:35,4,1,0
BRDA:35,5,0,0
BRDA:35,5,1,0
BRDA:36,6,0,0
BRDA:36,7,0,0
BRDA:36,7,1,0
BRDA:41,8,0,0
BRDA:41,8,1,0
BRDA:41,9,0,0
BRDA:41,9,1,0
BRDA:41,10,0,0
BRDA:41,10,1,0
BRDA:41,11,0,0
BRDA:41,11,1,0
BRDA:41,12,0,0
BRDA:41,12,1,0
BRDA:42,13,0,0
BRDA:42,13,1,0
BRDA:49,14,0,0
BRDA:76,15,0,0
BRDA:76,15,1,0
BRDA:77,16,0,0
BRDA:98,17,0,0
BRDA:103,18,0,0
BRDA:111,19,0,0
BRDA:111,19,1,0
BRDA:111,20,0,0
BRDA:111,20,1,0
BRDA:111,21,0,0
BRDA:111,21,1,0
BRDA:111,22,0,0
BRDA:111,22,1,0
BRDA:111,23,0,0
BRDA:111,23,1,0
BRDA:112,24,0,0
BRDA:112,24,1,0
BRDA:137,25,0,0
BRDA:137,26,0,0
BRDA:137,26,1,0
BRDA:144,27,0,0
BRDA:144,28,0,0
BRDA:144,28,1,0
BRDA:148,29,0,0
BRDA:156,30,0,0
BRDA:156,30,1,0
BRDA:156,31,0,0
BRDA:156,31,1,0
BRDA:157,32,0,0
BRDA:157,32,1,0
BRDA:157,33,0,0
BRDA:157,33,1,0
BRDA:162,34,0,0
BRDA:162,34,1,0
BRDA:162,35,0,0
BRDA:162,35,1,0
BRDA:162,36,0,0
BRDA:162,36,1,0
BRDA:162,37,0,0
BRDA:162,37,1,0
BRDA:162,38,0,0
BRDA:162,38,1,0
BRDA:162,39,0,0
BRDA:162,39,1,0
BRDA:162,40,0,0
BRDA:162,40,1,0
BRDA:162,41,0,0
BRDA:162,41,1,0
BRDA:162,42,0,0
BRDA:162,42,1,0
BRDA:163,43,0,0
BRDA:163,43,1,0
BRDA:186,44,0,0
BRDA:186,45,0,0
BRDA:186,45,1,0
BRDA:193,46,0,0
BRDA:193,47,0,0
BRDA:193,47,1,0
BRDA:203,48,0,0
BRDA:203,48,1,0
BRDA:203,49,0,0
BRDA:203,49,1,0
BRDA:203,50,0,0
BRDA:203,50,1,0
BRDA:203,51,0,0
BRDA:203,51,1,0
BRDA:203,52,0,0
BRDA:203,52,1,0
BRDA:204,53,0,0
BRDA:204,53,1,0
BRDA:206,54,0,0
BRDA:214,55,0,0
BRDA:214,55,1,0
BRF:100
BRH:0
end_of_record
TN:
SF:src/mapaVenta/snapshots/snapshots.service.ts
FN:7,(anonymous_2)
FN:13,(anonymous_3)
FN:32,(anonymous_4)
FN:56,(anonymous_5)
FN:92,(anonymous_6)
FN:107,(anonymous_7)
FN:135,(anonymous_8)
FN:154,(anonymous_9)
FN:171,(anonymous_10)
FN:176,(anonymous_11)
FN:203,(anonymous_12)
FN:218,(anonymous_13)
FN:265,(anonymous_14)
FN:269,(anonymous_15)
FN:271,(anonymous_16)
FNF:15
FNH:0
FNDA:0,(anonymous_2)
FNDA:0,(anonymous_3)
FNDA:0,(anonymous_4)
FNDA:0,(anonymous_5)
FNDA:0,(anonymous_6)
FNDA:0,(anonymous_7)
FNDA:0,(anonymous_8)
FNDA:0,(anonymous_9)
FNDA:0,(anonymous_10)
FNDA:0,(anonymous_11)
FNDA:0,(anonymous_12)
FNDA:0,(anonymous_13)
FNDA:0,(anonymous_14)
FNDA:0,(anonymous_15)
FNDA:0,(anonymous_16)
DA:1,0
DA:2,0
DA:3,0
DA:6,0
DA:7,0
DA:14,0
DA:15,0
DA:18,0
DA:25,0
DA:26,0
DA:28,0
DA:29,0
DA:31,0
DA:33,0
DA:34,0
DA:36,0
DA:37,0
DA:42,0
DA:45,0
DA:62,0
DA:63,0
DA:66,0
DA:69,0
DA:72,0
DA:80,0
DA:82,0
DA:93,0
DA:108,0
DA:118,0
DA:119,0
DA:120,0
DA:121,0
DA:122,0
DA:123,0
DA:124,0
DA:125,0
DA:126,0
DA:127,0
DA:129,0
DA:132,0
DA:136,0
DA:142,0
DA:143,0
DA:144,0
DA:145,0
DA:151,0
DA:155,0
DA:176,0
DA:177,0
DA:178,0
DA:179,0
DA:181,0
DA:195,0
DA:204,0
DA:219,0
DA:221,0
DA:251,0
DA:266,0
DA:267,0
DA:269,0
DA:270,0
DA:271,0
DA:274,0
DA:300,0
LF:64
LH:0
BRDA:13,0,0,0
BRDA:63,1,0,0
BRDA:119,2,0,0
BRDA:119,2,1,0
BRDA:120,3,0,0
BRDA:120,3,1,0
BRDA:120,4,0,0
BRDA:120,4,1,0
BRDA:122,5,0,0
BRDA:123,6,0,0
BRDA:123,6,1,0
BRDA:125,7,0,0
BRDA:126,8,0,0
BRDA:126,8,1,0
BRDA:143,9,0,0
BRDA:147,10,0,0
BRDA:147,10,1,0
BRDA:178,11,0,0
BRDA:178,11,1,0
BRDA:178,12,0,0
BRDA:178,12,1,0
BRDA:178,13,0,0
BRDA:178,13,1,0
BRDA:179,14,0,0
BRDA:179,14,1,0
BRDA:179,15,0,0
BRDA:179,15,1,0
BRDA:179,16,0,0
BRDA:179,16,1,0
BRDA:184,17,0,0
BRDA:184,17,1,0
BRDA:185,18,0,0
BRDA:185,18,1,0
BRDA:186,19,0,0
BRDA:186,19,1,0
BRDA:187,20,0,0
BRDA:187,20,1,0
BRDA:188,21,0,0
BRDA:188,21,1,0
BRDA:189,22,0,0
BRDA:189,22,1,0
BRDA:218,23,0,0
BRDA:218,24,0,0
BRDA:275,25,0,0
BRDA:275,25,1,0
BRDA:275,26,0,0
BRDA:275,26,1,0
BRDA:275,27,0,0
BRDA:275,27,1,0
BRDA:282,28,0,0
BRDA:282,28,1,0
BRDA:290,29,0,0
BRDA:290,29,1,0
BRF:53
BRH:0
end_of_record
TN:
SF:src/mapaVenta/tiposcochera/tiposcochera.controller.ts
FN:14,(anonymous_4)
FN:19,(anonymous_5)
FN:26,(anonymous_6)
FN:33,(anonymous_7)
FN:40,(anonymous_8)
FN:45,(anonymous_9)
FNF:6
FNH:0
FNDA:0,(anonymous_4)
FNDA:0,(anonymous_5)
FNDA:0,(anonymous_6)
FNDA:0,(anonymous_7)
FNDA:0,(anonymous_8)
FNDA:0,(anonymous_9)
DA:1,0
DA:2,0
DA:3,0
DA:4,0
DA:5,0
DA:6,0
DA:7,0
DA:13,0
DA:14,0
DA:19,0
DA:20,0
DA:26,0
DA:27,0
DA:33,0
DA:34,0
DA:40,0
DA:41,0
DA:45,0
DA:46,0
LF:19
LH:0
BRF:0
BRH:0
end_of_record
TN:
SF:src/mapaVenta/tiposcochera/tiposcochera.service.ts
FN:8,(anonymous_2)
FN:10,(anonymous_3)
FN:21,(anonymous_4)
FN:25,(anonymous_5)
FN:31,(anonymous_6)
FN:43,(anonymous_7)
FNF:6
FNH:0
FNDA:0,(anonymous_2)
FNDA:0,(anonymous_3)
FNDA:0,(anonymous_4)
FNDA:0,(anonymous_5)
FNDA:0,(anonymous_6)
FNDA:0,(anonymous_7)
DA:1,0
DA:2,0
DA:4,0
DA:7,0
DA:8,0
DA:11,0
DA:12,0
DA:14,0
DA:15,0
DA:17,0
DA:22,0
DA:26,0
DA:27,0
DA:28,0
DA:32,0
DA:33,0
DA:35,0
DA:36,0
DA:37,0
DA:39,0
DA:44,0
DA:45,0
DA:47,0
DA:48,0
DA:50,0
LF:25
LH:0
BRDA:14,0,0,0
BRDA:14,1,0,0
BRDA:14,1,1,0
BRDA:27,2,0,0
BRDA:35,3,0,0
BRDA:36,4,0,0
BRDA:37,5,0,0
BRDA:47,6,0,0
BRDA:47,7,0,0
BRDA:47,7,1,0
BRF:10
BRH:0
end_of_record
TN:
SF:src/mapaVenta/tipospatioterraza/tipospatioterraza.controller.ts
FN:14,(anonymous_4)
FN:19,(anonymous_5)
FN:26,(anonymous_6)
FN:33,(anonymous_7)
FN:40,(anonymous_8)
FN:45,(anonymous_9)
FNF:6
FNH:0
FNDA:0,(anonymous_4)
FNDA:0,(anonymous_5)
FNDA:0,(anonymous_6)
FNDA:0,(anonymous_7)
FNDA:0,(anonymous_8)
FNDA:0,(anonymous_9)
DA:1,0
DA:2,0
DA:3,0
DA:4,0
DA:5,0
DA:6,0
DA:7,0
DA:13,0
DA:14,0
DA:19,0
DA:20,0
DA:26,0
DA:27,0
DA:33,0
DA:34,0
DA:40,0
DA:41,0
DA:45,0
DA:46,0
LF:19
LH:0
BRF:0
BRH:0
end_of_record
TN:
SF:src/mapaVenta/tipospatioterraza/tipospatioterraza.service.ts
FN:8,(anonymous_2)
FN:10,(anonymous_3)
FN:21,(anonymous_4)
FN:25,(anonymous_5)
FN:31,(anonymous_6)
FN:43,(anonymous_7)
FNF:6
FNH:0
FNDA:0,(anonymous_2)
FNDA:0,(anonymous_3)
FNDA:0,(anonymous_4)
FNDA:0,(anonymous_5)
FNDA:0,(anonymous_6)
FNDA:0,(anonymous_7)
DA:1,0
DA:2,0
DA:4,0
DA:7,0
DA:8,0
DA:11,0
DA:12,0
DA:14,0
DA:15,0
DA:17,0
DA:22,0
DA:26,0
DA:27,0
DA:28,0
DA:32,0
DA:33,0
DA:35,0
DA:36,0
DA:37,0
DA:39,0
DA:44,0
DA:45,0
DA:47,0
DA:48,0
DA:50,0
LF:25
LH:0
BRDA:14,0,0,0
BRDA:14,1,0,0
BRDA:14,1,1,0
BRDA:27,2,0,0
BRDA:35,3,0,0
BRDA:36,4,0,0
BRDA:37,5,0,0
BRDA:47,6,0,0
BRDA:47,7,0,0
BRDA:47,7,1,0
BRF:10
BRH:0
end_of_record
TN:
SF:src/mapaVenta/tiposunidad/tiposunidad.controller.ts
FN:14,(anonymous_4)
FN:19,(anonymous_5)
FN:26,(anonymous_6)
FN:33,(anonymous_7)
FN:40,(anonymous_8)
FN:47,(anonymous_9)
FN:52,(anonymous_10)
FNF:7
FNH:0
FNDA:0,(anonymous_4)
FNDA:0,(anonymous_5)
FNDA:0,(anonymous_6)
FNDA:0,(anonymous_7)
FNDA:0,(anonymous_8)
FNDA:0,(anonymous_9)
FNDA:0,(anonymous_10)
DA:1,0
DA:2,0
DA:3,0
DA:4,0
DA:5,0
DA:6,0
DA:7,0
DA:13,0
DA:14,0
DA:19,0
DA:20,0
DA:26,0
DA:27,0
DA:33,0
DA:34,0
DA:40,0
DA:41,0
DA:47,0
DA:48,0
DA:52,0
DA:53,0
LF:21
LH:0
BRF:0
BRH:0
end_of_record
TN:
SF:src/mapaVenta/tiposunidad/tiposunidad.service.ts
FN:13,(anonymous_4)
FN:19,(anonymous_5)
FN:23,(anonymous_6)
FN:37,(anonymous_7)
FN:46,(anonymous_8)
FN:63,(anonymous_9)
FN:72,(anonymous_10)
FN:86,(anonymous_11)
FNF:8
FNH:0
FNDA:0,(anonymous_4)
FNDA:0,(anonymous_5)
FNDA:0,(anonymous_6)
FNDA:0,(anonymous_7)
FNDA:0,(anonymous_8)
FNDA:0,(anonymous_9)
FNDA:0,(anonymous_10)
FNDA:0,(anonymous_11)
DA:1,0
DA:2,0
DA:4,0
DA:6,0
DA:9,0
DA:12,0
DA:14,0
DA:15,0
DA:20,0
DA:24,0
DA:25,0
DA:26,0
DA:27,0
DA:29,0
DA:30,0
DA:32,0
DA:38,0
DA:39,0
DA:41,0
DA:42,0
DA:43,0
DA:48,0
DA:60,0
DA:64,0
DA:68,0
DA:69,0
DA:73,0
DA:74,0
DA:75,0
DA:76,0
DA:78,0
DA:79,0
DA:80,0
DA:82,0
DA:87,0
DA:88,0
DA:89,0
DA:90,0
DA:92,0
DA:93,0
DA:95,0
LF:41
LH:0
BRDA:29,0,0,0
BRDA:29,1,0,0
BRDA:29,1,1,0
BRDA:39,2,0,0
BRDA:68,3,0,0
BRDA:78,4,0,0
BRDA:79,5,0,0
BRDA:80,6,0,0
BRDA:92,7,0,0
BRDA:92,8,0,0
BRDA:92,8,1,0
BRF:11
BRH:0
end_of_record
TN:
SF:src/minutas/minutas.controller.ts
FN:40,(anonymous_4)
FN:51,(anonymous_5)
FN:63,(anonymous_6)
FN:76,(anonymous_7)
FN:88,(anonymous_8)
FN:101,(anonymous_9)
FN:113,(anonymous_10)
FN:126,(anonymous_11)
FN:138,(anonymous_12)
FNF:9
FNH:0
FNDA:0,(anonymous_4)
FNDA:0,(anonymous_5)
FNDA:0,(anonymous_6)
FNDA:0,(anonymous_7)
FNDA:0,(anonymous_8)
FNDA:0,(anonymous_9)
FNDA:0,(anonymous_10)
FNDA:0,(anonymous_11)
FNDA:0,(anonymous_12)
DA:1,0
DA:3,0
DA:4,0
DA:15,0
DA:16,0
DA:17,0
DA:18,0
DA:19,0
DA:20,0
DA:22,0
DA:23,0
DA:24,0
DA:25,0
DA:26,0
DA:39,0
DA:40,0
DA:51,0
DA:52,0
DA:63,0
DA:64,0
DA:76,0
DA:77,0
DA:88,0
DA:89,0
DA:90,0
DA:91,0
DA:101,0
DA:102,0
DA:113,0
DA:114,0
DA:126,0
DA:127,0
DA:138,0
DA:139,0
LF:34
LH:0
BRF:0
BRH:0
end_of_record
TN:
SF:src/minutas/minutas.service.ts
FN:25,(anonymous_5)
FN:36,(anonymous_6)
FN:40,(anonymous_7)
FN:44,(anonymous_8)
FN:50,(anonymous_9)
FN:54,(anonymous_10)
FN:58,(anonymous_11)
FN:64,(anonymous_12)
FN:108,(anonymous_13)
FN:132,(anonymous_14)
FN:162,(anonymous_15)
FN:193,(anonymous_16)
FN:215,(anonymous_17)
FN:246,(anonymous_18)
FN:251,(anonymous_19)
FN:257,(anonymous_20)
FN:261,(anonymous_21)
FN:267,(anonymous_22)
FN:289,(anonymous_23)
FN:307,(anonymous_24)
FN:318,(anonymous_25)
FN:338,(anonymous_26)
FN:342,(anonymous_27)
FN:31,(anonymous_28)
FNF:24
FNH:19
FNDA:28,(anonymous_5)
FNDA:1,(anonymous_6)
FNDA:1,(anonymous_7)
FNDA:1,(anonymous_8)
FNDA:1,(anonymous_9)
FNDA:1,(anonymous_10)
FNDA:1,(anonymous_11)
FNDA:11,(anonymous_12)
FNDA:1,(anonymous_13)
FNDA:11,(anonymous_14)
FNDA:6,(anonymous_15)
FNDA:5,(anonymous_16)
FNDA:4,(anonymous_17)
FNDA:1,(anonymous_18)
FNDA:0,(anonymous_19)
FNDA:1,(anonymous_20)
FNDA:0,(anonymous_21)
FNDA:1,(anonymous_22)
FNDA:0,(anonymous_23)
FNDA:0,(anonymous_24)
FNDA:0,(anonymous_25)
FNDA:1,(anonymous_26)
FNDA:1,(anonymous_27)
FNDA:28,(anonymous_28)
DA:1,2
DA:5,2
DA:6,2
DA:7,2
DA:8,2
DA:9,2
DA:10,2
DA:11,2
DA:24,2
DA:26,28
DA:27,28
DA:28,28
DA:29,28
DA:30,28
DA:31,28
DA:37,1
DA:41,1
DA:45,1
DA:51,1
DA:55,1
DA:59,1
DA:67,11
DA:70,11
DA:73,11
DA:74,11
DA:75,11
DA:78,11
DA:79,11
DA:82,11
DA:85,11
DA:108,11
DA:123,11
DA:138,11
DA:141,11
DA:146,11
DA:147,8
DA:151,11
DA:154,11
DA:155,11
DA:156,1
DA:159,11
DA:163,6
DA:182,6
DA:183,1
DA:187,5
DA:190,4
DA:194,5
DA:196,5
DA:198,4
DA:200,4
DA:201,4
DA:202,2
DA:205,4
DA:206,4
DA:208,4
DA:209,1
DA:216,4
DA:218,4
DA:219,4
DA:222,4
DA:247,1
DA:251,0
DA:258,1
DA:261,0
DA:268,1
DA:269,1
DA:270,1
DA:274,0
DA:276,0
DA:282,0
DA:283,0
DA:286,0
DA:290,0
DA:291,0
DA:293,0
DA:294,0
DA:297,0
DA:298,0
DA:307,0
DA:308,0
DA:311,0
DA:312,0
DA:314,0
DA:319,0
DA:321,0
DA:322,0
DA:323,0
DA:326,0
DA:327,0
DA:329,0
DA:330,0
DA:333,0
DA:339,1
DA:343,1
LF:94
LH:67
BRDA:73,0,0,11
BRDA:73,0,1,0
BRDA:74,1,0,11
BRDA:74,1,1,0
BRDA:79,2,0,0
BRDA:79,2,1,11
BRDA:79,3,0,11
BRDA:79,3,1,0
BRDA:82,4,0,0
BRDA:82,4,1,11
BRDA:113,5,0,1
BRDA:113,5,1,0
BRDA:113,5,2,0
BRDA:113,6,0,0
BRDA:113,6,1,1
BRDA:113,7,0,1
BRDA:113,7,1,1
BRDA:113,8,0,0
BRDA:113,8,1,0
BRDA:113,9,0,0
BRDA:113,9,1,0
BRDA:114,10,0,1
BRDA:114,10,1,1
BRDA:114,11,0,1
BRDA:114,11,1,0
BRDA:114,12,0,1
BRDA:114,12,1,1
BRDA:115,13,0,1
BRDA:115,13,1,1
BRDA:115,14,0,1
BRDA:115,14,1,0
BRDA:115,15,0,1
BRDA:115,15,1,1
BRDA:116,16,0,1
BRDA:116,16,1,1
BRDA:116,16,2,1
BRDA:116,17,0,1
BRDA:116,17,1,0
BRDA:116,18,0,1
BRDA:116,18,1,1
BRDA:116,19,0,1
BRDA:116,19,1,0
BRDA:116,20,0,1
BRDA:116,20,1,1
BRDA:117,21,0,1
BRDA:117,21,1,1
BRDA:117,22,0,1
BRDA:117,22,1,0
BRDA:117,23,0,1
BRDA:117,23,1,1
BRDA:119,24,0,1
BRDA:119,24,1,0
BRDA:146,25,0,8
BRDA:151,26,0,1
BRDA:155,27,0,1
BRDA:182,28,0,1
BRDA:196,29,0,1
BRDA:201,30,0,2
BRDA:206,31,0,4
BRDA:206,31,1,1
BRDA:206,32,0,0
BRDA:206,32,1,1
BRDA:206,33,0,1
BRDA:206,33,1,1
BRDA:208,34,0,1
BRDA:208,35,0,4
BRDA:208,35,1,3
BRDA:208,35,2,2
BRDA:218,36,0,4
BRDA:224,37,0,4
BRDA:224,37,1,4
BRDA:226,38,0,4
BRDA:226,38,1,4
BRDA:226,39,0,0
BRDA:226,39,1,4
BRDA:226,40,0,4
BRDA:226,40,1,4
BRDA:228,41,0,4
BRDA:228,41,1,0
BRDA:228,42,0,0
BRDA:228,42,1,4
BRDA:228,43,0,4
BRDA:228,43,1,4
BRDA:229,44,0,4
BRDA:229,44,1,4
BRDA:229,45,0,0
BRDA:229,45,1,4
BRDA:229,46,0,4
BRDA:229,46,1,4
BRDA:230,47,0,4
BRDA:230,47,1,4
BRDA:230,48,0,0
BRDA:230,48,1,4
BRDA:230,49,0,4
BRDA:230,49,1,4
BRDA:231,50,0,4
BRDA:231,50,1,4
BRDA:231,51,0,0
BRDA:231,51,1,4
BRDA:231,52,0,4
BRDA:231,52,1,4
BRDA:232,53,0,4
BRDA:232,53,1,4
BRDA:232,54,0,0
BRDA:232,54,1,4
BRDA:232,55,0,4
BRDA:232,55,1,4
BRDA:233,56,0,4
BRDA:233,56,1,4
BRDA:233,57,0,0
BRDA:233,57,1,4
BRDA:233,58,0,4
BRDA:233,58,1,4
BRDA:234,59,0,4
BRDA:234,59,1,0
BRDA:234,60,0,0
BRDA:234,60,1,4
BRDA:234,61,0,4
BRDA:234,61,1,4
BRDA:269,62,0,1
BRDA:282,63,0,0
BRDA:293,64,0,0
BRDA:307,65,0,0
BRDA:307,66,0,0
BRDA:307,66,1,0
BRDA:311,67,0,0
BRDA:322,68,0,0
BRDA:322,69,0,0
BRDA:322,69,1,0
BRDA:326,70,0,0
BRDA:326,70,1,0
BRDA:329,71,0,0
BRF:132
BRH:91
end_of_record
TN:
SF:src/minutas/modules/clientes/clientes.controller.ts
FN:18,(anonymous_4)
FN:23,(anonymous_5)
FN:35,(anonymous_6)
FN:38,(anonymous_7)
FN:47,(anonymous_8)
FNF:5
FNH:0
FNDA:0,(anonymous_4)
FNDA:0,(anonymous_5)
FNDA:0,(anonymous_6)
FNDA:0,(anonymous_7)
FNDA:0,(anonymous_8)
DA:1,0
DA:2,0
DA:3,0
DA:4,0
DA:5,0
DA:6,0
DA:7,0
DA:17,0
DA:18,0
DA:23,0
DA:24,0
DA:26,0
DA:35,0
DA:36,0
DA:38,0
DA:47,0
DA:48,0
DA:50,0
LF:18
LH:0
BRDA:28,0,0,0
BRDA:28,0,1,0
BRDA:36,1,0,0
BRDA:36,1,1,0
BRDA:40,2,0,0
BRDA:40,2,1,0
BRDA:52,3,0,0
BRDA:52,3,1,0
BRF:8
BRH:0
end_of_record
TN:
SF:src/minutas/modules/clientes/clientes.service.ts
FN:7,(anonymous_2)
FN:13,(anonymous_3)
FN:47,(anonymous_4)
FN:62,(anonymous_5)
FN:78,(anonymous_6)
FNF:5
FNH:0
FNDA:0,(anonymous_2)
FNDA:0,(anonymous_3)
FNDA:0,(anonymous_4)
FNDA:0,(anonymous_5)
FNDA:0,(anonymous_6)
DA:1,0
DA:2,0
DA:6,0
DA:7,0
DA:14,0
DA:17,0
DA:21,0
DA:23,0
DA:24,0
DA:29,0
DA:33,0
DA:41,0
DA:48,0
DA:52,0
DA:53,0
DA:56,0
DA:63,0
DA:79,0
DA:83,0
DA:84,0
DA:87,0
LF:21
LH:0
BRDA:21,0,0,0
BRDA:23,1,0,0
BRDA:23,2,0,0
BRDA:23,2,1,0
BRDA:36,3,0,0
BRDA:36,3,1,0
BRDA:37,4,0,0
BRDA:37,4,1,0
BRDA:52,5,0,0
BRDA:83,6,0,0
BRF:10
BRH:0
end_of_record
TN:
SF:src/minutas/services/minutas-command.service.ts
FN:25,(anonymous_5)
FN:37,(anonymous_6)
FN:76,(anonymous_7)
FN:86,(anonymous_8)
FN:100,(anonymous_9)
FN:101,(anonymous_10)
FN:104,(anonymous_11)
FN:110,(anonymous_12)
FN:112,(anonymous_13)
FN:123,(anonymous_14)
FN:133,(anonymous_15)
FN:147,(anonymous_16)
FN:168,(anonymous_17)
FN:204,(anonymous_18)
FN:212,(anonymous_19)
FN:222,(anonymous_20)
FN:245,(anonymous_21)
FN:265,(anonymous_22)
FN:272,(anonymous_23)
FN:304,(anonymous_24)
FN:328,(anonymous_25)
FN:336,(anonymous_26)
FN:337,(anonymous_27)
FN:361,(anonymous_28)
FN:361,(anonymous_29)
FN:362,(anonymous_30)
FN:363,(anonymous_31)
FN:364,(anonymous_32)
FN:365,(anonymous_33)
FN:32,(anonymous_34)
FNF:30
FNH:0
FNDA:0,(anonymous_5)
FNDA:0,(anonymous_6)
FNDA:0,(anonymous_7)
FNDA:0,(anonymous_8)
FNDA:0,(anonymous_9)
FNDA:0,(anonymous_10)
FNDA:0,(anonymous_11)
FNDA:0,(anonymous_12)
FNDA:0,(anonymous_13)
FNDA:0,(anonymous_14)
FNDA:0,(anonymous_15)
FNDA:0,(anonymous_16)
FNDA:0,(anonymous_17)
FNDA:0,(anonymous_18)
FNDA:0,(anonymous_19)
FNDA:0,(anonymous_20)
FNDA:0,(anonymous_21)
FNDA:0,(anonymous_22)
FNDA:0,(anonymous_23)
FNDA:0,(anonymous_24)
FNDA:0,(anonymous_25)
FNDA:0,(anonymous_26)
FNDA:0,(anonymous_27)
FNDA:0,(anonymous_28)
FNDA:0,(anonymous_29)
FNDA:0,(anonymous_30)
FNDA:0,(anonymous_31)
FNDA:0,(anonymous_32)
FNDA:0,(anonymous_33)
FNDA:0,(anonymous_34)
DA:1,2
DA:2,2
DA:3,2
DA:4,2
DA:5,2
DA:6,2
DA:7,2
DA:8,2
DA:9,2
DA:11,2
DA:24,2
DA:26,0
DA:27,0
DA:28,0
DA:29,0
DA:30,0
DA:31,0
DA:32,0
DA:39,0
DA:42,0
DA:45,0
DA:61,0
DA:62,0
DA:65,0
DA:68,0
DA:71,0
DA:73,0
DA:77,0
DA:87,0
DA:89,0
DA:90,0
DA:94,0
DA:97,0
DA:101,0
DA:105,0
DA:106,0
DA:111,0
DA:112,0
DA:113,0
DA:119,0
DA:124,0
DA:125,0
DA:134,0
DA:135,0
DA:149,0
DA:157,0
DA:158,0
DA:162,0
DA:165,0
DA:168,0
DA:171,0
DA:172,0
DA:182,0
DA:183,0
DA:186,0
DA:197,0
DA:198,0
DA:201,0
DA:205,0
DA:206,0
DA:213,0
DA:223,0
DA:224,0
DA:237,0
DA:238,0
DA:239,0
DA:241,0
DA:246,0
DA:247,0
DA:253,0
DA:254,0
DA:266,0
DA:267,0
DA:268,0
DA:269,0
DA:273,0
DA:274,0
DA:276,0
DA:277,0
DA:279,0
DA:280,0
DA:284,0
DA:285,0
DA:289,0
DA:290,0
DA:291,0
DA:292,0
DA:293,0
DA:294,0
DA:299,0
DA:306,0
DA:308,0
DA:313,0
DA:314,0
DA:323,0
DA:329,0
DA:333,0
DA:337,0
DA:339,0
DA:361,0
DA:362,0
DA:363,0
DA:364,0
DA:365,0
DA:367,0
LF:105
LH:11
BRDA:48,0,0,0
BRDA:48,0,1,0
BRDA:56,1,0,0
BRDA:56,1,1,0
BRDA:79,2,0,0
BRDA:79,2,1,0
BRDA:81,3,0,0
BRDA:81,3,1,0
BRDA:82,4,0,0
BRDA:82,4,1,0
BRDA:87,5,0,0
BRDA:87,5,1,0
BRDA:89,6,0,0
BRDA:89,7,0,0
BRDA:89,7,1,0
BRDA:89,8,0,0
BRDA:89,8,1,0
BRDA:89,9,0,0
BRDA:89,9,1,0
BRDA:94,10,0,0
BRDA:101,11,0,0
BRDA:101,11,1,0
BRDA:101,12,0,0
BRDA:101,12,1,0
BRDA:101,13,0,0
BRDA:101,13,1,0
BRDA:101,14,0,0
BRDA:101,14,1,0
BRDA:101,15,0,0
BRDA:101,15,1,0
BRDA:105,16,0,0
BRDA:111,17,0,0
BRDA:111,18,0,0
BRDA:111,18,1,0
BRDA:115,19,0,0
BRDA:115,19,1,0
BRDA:116,20,0,0
BRDA:116,20,1,0
BRDA:124,21,0,0
BRDA:127,22,0,0
BRDA:127,22,1,0
BRDA:137,23,0,0
BRDA:137,23,1,0
BRDA:137,24,0,0
BRDA:137,24,1,0
BRDA:157,25,0,0
BRDA:168,26,0,0
BRDA:168,26,1,0
BRDA:168,27,0,0
BRDA:168,27,1,0
BRDA:171,28,0,0
BRDA:171,29,0,0
BRDA:171,29,1,0
BRDA:177,30,0,0
BRDA:177,30,1,0
BRDA:197,31,0,0
BRDA:205,32,0,0
BRDA:205,33,0,0
BRDA:205,33,1,0
BRDA:215,34,0,0
BRDA:215,34,1,0
BRDA:216,35,0,0
BRDA:216,35,1,0
BRDA:217,36,0,0
BRDA:217,36,1,0
BRDA:218,37,0,0
BRDA:218,37,1,0
BRDA:227,38,0,0
BRDA:227,38,1,0
BRDA:228,39,0,0
BRDA:228,39,1,0
BRDA:229,40,0,0
BRDA:229,40,1,0
BRDA:230,41,0,0
BRDA:230,41,1,0
BRDA:231,42,0,0
BRDA:231,42,1,0
BRDA:238,43,0,0
BRDA:246,44,0,0
BRDA:246,45,0,0
BRDA:246,45,1,0
BRDA:246,45,2,0
BRDA:249,46,0,0
BRDA:249,46,1,0
BRDA:257,47,0,0
BRDA:257,47,1,0
BRDA:266,48,0,0
BRDA:268,49,0,0
BRDA:279,50,0,0
BRDA:280,51,0,0
BRDA:280,51,1,0
BRDA:284,52,0,0
BRDA:284,53,0,0
BRDA:284,53,1,0
BRDA:289,54,0,0
BRDA:291,55,0,0
BRDA:293,56,0,0
BRDA:333,57,0,0
BRDA:333,57,1,0
BRDA:333,58,0,0
BRDA:333,58,1,0
BRDA:333,59,0,0
BRDA:333,59,1,0
BRDA:361,60,0,0
BRDA:361,60,1,0
BRDA:361,61,0,0
BRDA:361,61,1,0
BRDA:363,62,0,0
BRDA:363,62,1,0
BRDA:363,63,0,0
BRDA:363,63,1,0
BRDA:363,64,0,0
BRDA:363,64,1,0
BRDA:363,65,0,0
BRDA:363,65,1,0
BRDA:363,66,0,0
BRDA:363,66,1,0
BRDA:363,67,0,0
BRDA:363,67,1,0
BRDA:363,68,0,0
BRDA:363,68,1,0
BRF:121
BRH:0
end_of_record
TN:
SF:src/minutas/services/minutas-permissions.service.ts
FN:17,(anonymous_2)
FN:27,(anonymous_3)
FN:28,(anonymous_4)
FN:34,(anonymous_5)
FN:56,(anonymous_6)
FN:56,(anonymous_7)
FN:57,(anonymous_8)
FN:58,(anonymous_9)
FN:59,(anonymous_10)
FN:60,(anonymous_11)
FN:68,(anonymous_12)
FN:75,(anonymous_13)
FN:82,(anonymous_14)
FN:91,(anonymous_15)
FN:99,(anonymous_16)
FN:106,(anonymous_17)
FN:113,(anonymous_18)
FN:120,(anonymous_19)
FN:122,(anonymous_20)
FN:128,(anonymous_21)
FN:142,(anonymous_22)
FN:188,(anonymous_23)
FN:203,(anonymous_24)
FN:210,(anonymous_25)
FNF:24
FNH:0
FNDA:0,(anonymous_2)
FNDA:0,(anonymous_3)
FNDA:0,(anonymous_4)
FNDA:0,(anonymous_5)
FNDA:0,(anonymous_6)
FNDA:0,(anonymous_7)
FNDA:0,(anonymous_8)
FNDA:0,(anonymous_9)
FNDA:0,(anonymous_10)
FNDA:0,(anonymous_11)
FNDA:0,(anonymous_12)
FNDA:0,(anonymous_13)
FNDA:0,(anonymous_14)
FNDA:0,(anonymous_15)
FNDA:0,(anonymous_16)
FNDA:0,(anonymous_17)
FNDA:0,(anonymous_18)
FNDA:0,(anonymous_19)
FNDA:0,(anonymous_20)
FNDA:0,(anonymous_21)
FNDA:0,(anonymous_22)
FNDA:0,(anonymous_23)
FNDA:0,(anonymous_24)
FNDA:0,(anonymous_25)
DA:1,2
DA:2,2
DA:3,2
DA:4,2
DA:16,2
DA:18,0
DA:19,0
DA:28,0
DA:35,0
DA:56,0
DA:57,0
DA:58,0
DA:59,0
DA:60,0
DA:62,0
DA:69,0
DA:76,0
DA:83,0
DA:92,0
DA:93,0
DA:100,0
DA:107,0
DA:114,0
DA:121,0
DA:122,0
DA:129,0
DA:132,0
DA:134,0
DA:147,0
DA:148,0
DA:149,0
DA:152,0
DA:153,0
DA:154,0
DA:155,0
DA:159,0
DA:160,0
DA:170,0
DA:172,0
DA:173,0
DA:174,0
DA:175,0
DA:178,0
DA:182,0
DA:189,0
DA:191,0
DA:192,0
DA:193,0
DA:195,0
DA:204,0
DA:211,0
DA:212,0
LF:52
LH:5
BRDA:56,0,0,0
BRDA:56,0,1,0
BRDA:56,1,0,0
BRDA:56,1,1,0
BRDA:58,2,0,0
BRDA:58,2,1,0
BRDA:58,3,0,0
BRDA:58,3,1,0
BRDA:58,4,0,0
BRDA:58,4,1,0
BRDA:58,5,0,0
BRDA:58,5,1,0
BRDA:58,6,0,0
BRDA:58,6,1,0
BRDA:58,7,0,0
BRDA:58,7,1,0
BRDA:58,8,0,0
BRDA:58,8,1,0
BRDA:132,9,0,0
BRDA:152,10,0,0
BRDA:153,11,0,0
BRDA:154,12,0,0
BRDA:159,13,0,0
BRDA:172,14,0,0
BRDA:173,15,0,0
BRDA:173,15,1,0
BRDA:174,16,0,0
BRDA:189,17,0,0
BRDA:189,18,0,0
BRDA:189,18,1,0
BRDA:192,19,0,0
BRDA:193,20,0,0
BRDA:204,21,0,0
BRDA:204,21,1,0
BRF:34
BRH:0
end_of_record
TN:
SF:src/minutas/services/minutas-query.service.ts
FN:13,(anonymous_2)
FN:21,(anonymous_3)
FN:26,(anonymous_4)
FN:52,(anonymous_5)
FN:53,(anonymous_6)
FN:58,(anonymous_7)
FN:62,(anonymous_8)
FN:72,(anonymous_9)
FN:101,(anonymous_10)
FN:145,(anonymous_11)
FN:163,(anonymous_12)
FN:174,(anonymous_13)
FN:182,(anonymous_14)
FN:198,(anonymous_15)
FN:199,(anonymous_16)
FNF:15
FNH:0
FNDA:0,(anonymous_2)
FNDA:0,(anonymous_3)
FNDA:0,(anonymous_4)
FNDA:0,(anonymous_5)
FNDA:0,(anonymous_6)
FNDA:0,(anonymous_7)
FNDA:0,(anonymous_8)
FNDA:0,(anonymous_9)
FNDA:0,(anonymous_10)
FNDA:0,(anonymous_11)
FNDA:0,(anonymous_12)
FNDA:0,(anonymous_13)
FNDA:0,(anonymous_14)
FNDA:0,(anonymous_15)
FNDA:0,(anonymous_16)
DA:1,2
DA:2,2
DA:3,2
DA:12,2
DA:14,0
DA:15,0
DA:26,0
DA:27,0
DA:51,0
DA:53,0
DA:57,0
DA:58,0
DA:61,0
DA:62,0
DA:65,0
DA:78,0
DA:81,0
DA:82,0
DA:83,0
DA:87,0
DA:90,0
DA:91,0
DA:92,0
DA:95,0
DA:107,0
DA:108,0
DA:110,0
DA:111,0
DA:112,0
DA:113,0
DA:116,0
DA:117,0
DA:127,0
DA:129,0
DA:130,0
DA:131,0
DA:132,0
DA:135,0
DA:139,0
DA:146,0
DA:148,0
DA:150,0
DA:151,0
DA:153,0
DA:154,0
DA:157,0
DA:164,0
DA:165,0
DA:166,0
DA:168,0
DA:175,0
DA:176,0
DA:183,0
DA:198,0
DA:199,0
LF:55
LH:4
BRDA:53,0,0,0
BRDA:53,0,1,0
BRDA:53,1,0,0
BRDA:53,1,1,0
BRDA:82,2,0,0
BRDA:87,3,0,0
BRDA:91,4,0,0
BRDA:110,5,0,0
BRDA:111,6,0,0
BRDA:112,7,0,0
BRDA:116,8,0,0
BRDA:129,9,0,0
BRDA:130,10,0,0
BRDA:130,10,1,0
BRDA:131,11,0,0
BRDA:146,12,0,0
BRDA:146,13,0,0
BRDA:146,13,1,0
BRDA:150,14,0,0
BRDA:153,15,0,0
BRDA:165,16,0,0
BRDA:165,17,0,0
BRDA:165,17,1,0
BRF:23
BRH:0
end_of_record
TN:
SF:src/minutas/services/minutas-state.service.ts
FN:25,normalizeEstado
FN:37,(anonymous_3)
FN:47,(anonymous_4)
FN:68,(anonymous_5)
FN:103,(anonymous_6)
FN:124,(anonymous_7)
FN:130,(anonymous_8)
FN:136,(anonymous_9)
FN:149,(anonymous_10)
FN:157,(anonymous_11)
FNF:10
FNH:9
FNDA:32,normalizeEstado
FNDA:21,(anonymous_3)
FNDA:0,(anonymous_4)
FNDA:10,(anonymous_5)
FNDA:2,(anonymous_6)
FNDA:3,(anonymous_7)
FNDA:3,(anonymous_8)
FNDA:2,(anonymous_9)
FNDA:3,(anonymous_10)
FNDA:2,(anonymous_11)
DA:1,3
DA:2,3
DA:3,3
DA:4,3
DA:9,3
DA:25,3
DA:26,32
DA:36,3
DA:38,21
DA:39,21
DA:55,0
DA:58,0
DA:61,0
DA:69,10
DA:70,10
DA:72,10
DA:73,10
DA:74,0
DA:77,10
DA:78,2
DA:84,8
DA:85,5
DA:86,3
DA:87,3
DA:91,2
DA:92,1
DA:108,2
DA:109,2
DA:110,1
DA:113,1
DA:114,1
DA:128,3
DA:129,3
DA:130,3
DA:132,3
DA:133,1
DA:136,1
DA:137,2
DA:142,1
DA:150,3
DA:151,3
DA:158,2
DA:159,2
LF:43
LH:39
BRDA:26,0,0,32
BRDA:26,0,1,2
BRDA:26,1,0,2
BRDA:26,1,1,30
BRDA:26,2,0,32
BRDA:26,2,1,31
BRDA:73,3,0,0
BRDA:77,4,0,2
BRDA:84,5,0,5
BRDA:85,6,0,3
BRDA:85,7,0,5
BRDA:85,7,1,2
BRDA:86,8,0,2
BRDA:86,8,1,1
BRDA:91,9,0,1
BRDA:108,10,0,2
BRDA:109,11,0,1
BRDA:110,12,0,1
BRDA:110,12,1,0
BRDA:111,13,0,1
BRDA:111,13,1,1
BRDA:113,14,0,1
BRDA:130,15,0,3
BRDA:130,15,1,1
BRDA:130,16,0,1
BRDA:130,16,1,2
BRDA:130,17,0,3
BRDA:130,17,1,3
BRDA:130,18,0,0
BRDA:130,18,1,3
BRDA:130,19,0,3
BRDA:130,19,1,3
BRDA:132,20,0,1
BRDA:132,21,0,3
BRDA:132,21,1,2
BRDA:151,22,0,0
BRDA:151,22,1,3
BRDA:151,23,0,3
BRDA:151,23,1,3
BRDA:159,24,0,2
BRDA:159,24,1,0
BRF:41
BRH:36
end_of_record
TN:
SF:src/minutas/services/unit-state.service.ts
FN:17,(anonymous_2)
FN:23,(anonymous_3)
FN:34,(anonymous_4)
FN:61,(anonymous_5)
FN:90,(anonymous_6)
FNF:5
FNH:0
FNDA:0,(anonymous_2)
FNDA:0,(anonymous_3)
FNDA:0,(anonymous_4)
FNDA:0,(anonymous_5)
FNDA:0,(anonymous_6)
DA:1,3
DA:2,3
DA:5,3
DA:14,3
DA:15,0
DA:17,0
DA:24,0
DA:25,0
DA:26,0
DA:29,0
DA:31,0
DA:33,0
DA:35,0
DA:50,0
DA:52,0
DA:53,0
DA:62,0
DA:63,0
DA:64,0
DA:67,0
DA:69,0
DA:70,0
DA:80,0
DA:82,0
DA:83,0
DA:91,0
DA:92,0
DA:93,0
DA:96,0
DA:98,0
DA:99,0
DA:108,0
DA:110,0
DA:111,0
LF:34
LH:4
BRDA:24,0,0,0
BRDA:24,1,0,0
BRDA:24,1,1,0
BRDA:52,2,0,0
BRDA:52,2,1,0
BRDA:52,3,0,0
BRDA:52,3,1,0
BRDA:62,4,0,0
BRDA:62,5,0,0
BRDA:62,5,1,0
BRDA:82,6,0,0
BRDA:82,6,1,0
BRDA:82,7,0,0
BRDA:82,7,1,0
BRDA:91,8,0,0
BRDA:91,9,0,0
BRDA:91,9,1,0
BRDA:110,10,0,0
BRDA:110,10,1,0
BRDA:110,11,0,0
BRDA:110,11,1,0
BRF:21
BRH:0
end_of_record
TN:
SF:src/prisma/prisma.service.ts
FN:11,(anonymous_2)
FN:32,(anonymous_3)
FN:36,(anonymous_4)
FN:42,(anonymous_5)
FN:54,(anonymous_6)
FN:81,(anonymous_7)
FNF:6
FNH:1
FNDA:1,(anonymous_2)
FNDA:0,(anonymous_3)
FNDA:0,(anonymous_4)
FNDA:0,(anonymous_5)
FNDA:0,(anonymous_6)
FNDA:0,(anonymous_7)
DA:1,14
DA:2,14
DA:5,14
DA:6,1
DA:7,1
DA:8,1
DA:9,1
DA:13,1
DA:14,1
DA:18,1
DA:33,0
DA:37,0
DA:38,0
DA:39,0
DA:43,0
DA:44,0
DA:45,0
DA:46,0
DA:48,0
DA:52,0
DA:53,0
DA:54,0
DA:55,0
DA:58,0
DA:65,1
DA:74,1
DA:77,1
DA:88,0
DA:89,0
DA:90,0
DA:94,0
DA:95,0
DA:96,0
DA:99,0
DA:100,0
DA:101,0
DA:103,0
DA:104,0
DA:106,0
DA:107,0
DA:108,0
DA:110,0
DA:111,0
DA:112,0
DA:116,0
DA:117,0
DA:121,0
DA:123,0
DA:129,0
DA:131,0
DA:132,0
LF:51
LH:13
BRDA:13,0,0,1
BRDA:13,0,1,0
BRDA:14,1,0,0
BRDA:14,1,1,1
BRDA:24,2,0,0
BRDA:24,2,1,1
BRDA:42,3,0,0
BRDA:49,4,0,0
BRDA:49,4,1,0
BRDA:52,5,0,0
BRDA:88,6,0,0
BRDA:94,7,0,0
BRDA:104,8,0,0
BRDA:106,9,0,0
BRDA:116,10,0,0
BRF:15
BRH:3
end_of_record
TN:
SF:src/shared/gastosgenerales/gastosgenerales.controller.ts
FN:12,(anonymous_4)
FN:17,(anonymous_5)
FN:24,(anonymous_6)
FNF:3
FNH:1
FNDA:1,(anonymous_4)
FNDA:0,(anonymous_5)
FNDA:0,(anonymous_6)
DA:1,1
DA:2,1
DA:3,1
DA:4,1
DA:5,1
DA:6,1
DA:11,1
DA:12,1
DA:17,1
DA:18,0
DA:24,1
DA:28,0
LF:12
LH:10
BRF:0
BRH:0
end_of_record
TN:
SF:src/shared/gastosgenerales/gastosgenerales.service.ts
FN:21,(anonymous_2)
FN:23,(anonymous_3)
FN:32,(anonymous_4)
FNF:3
FNH:1
FNDA:1,(anonymous_2)
FNDA:0,(anonymous_3)
FNDA:0,(anonymous_4)
DA:1,2
DA:2,2
DA:20,2
DA:21,1
DA:25,0
DA:29,0
DA:34,0
DA:38,0
DA:39,0
DA:43,0
DA:45,0
DA:47,0
DA:62,0
DA:83,0
DA:84,0
DA:85,0
DA:87,0
LF:17
LH:4
BRDA:29,0,0,0
BRDA:29,0,1,0
BRDA:38,1,0,0
BRDA:45,2,0,0
BRDA:45,2,1,0
BRDA:69,3,0,0
BRDA:69,3,1,0
BRDA:69,4,0,0
BRDA:69,4,1,0
BRDA:70,5,0,0
BRDA:70,5,1,0
BRDA:70,6,0,0
BRDA:70,6,1,0
BRDA:71,7,0,0
BRDA:71,7,1,0
BRDA:71,8,0,0
BRDA:71,8,1,0
BRDA:72,9,0,0
BRDA:72,9,1,0
BRDA:72,10,0,0
BRDA:72,10,1,0
BRDA:73,11,0,0
BRDA:73,11,1,0
BRDA:73,12,0,0
BRDA:73,12,1,0
BRDA:74,13,0,0
BRDA:74,13,1,0
BRDA:74,14,0,0
BRDA:74,14,1,0
BRDA:75,15,0,0
BRDA:75,15,1,0
BRDA:75,16,0,0
BRDA:75,16,1,0
BRDA:76,17,0,0
BRDA:76,17,1,0
BRDA:76,18,0,0
BRDA:76,18,1,0
BRDA:77,19,0,0
BRDA:77,19,1,0
BRDA:77,20,0,0
BRDA:77,20,1,0
BRDA:84,21,0,0
BRF:42
BRH:0
end_of_record
TN:
SF:src/shared/iam/permisos/permisos.controller.ts
FN:23,(anonymous_4)
FN:29,(anonymous_5)
FN:36,(anonymous_6)
FN:43,(anonymous_7)
FN:50,(anonymous_8)
FN:56,(anonymous_9)
FNF:6
FNH:0
FNDA:0,(anonymous_4)
FNDA:0,(anonymous_5)
FNDA:0,(anonymous_6)
FNDA:0,(anonymous_7)
FNDA:0,(anonymous_8)
FNDA:0,(anonymous_9)
DA:1,0
DA:12,0
DA:13,0
DA:14,0
DA:15,0
DA:16,0
DA:17,0
DA:22,0
DA:23,0
DA:29,0
DA:30,0
DA:36,0
DA:37,0
DA:43,0
DA:44,0
DA:50,0
DA:51,0
DA:56,0
DA:57,0
LF:19
LH:0
BRF:0
BRH:0
end_of_record
TN:
SF:src/shared/iam/permisos/permisos.service.ts
FN:13,(anonymous_2)
FN:15,(anonymous_3)
FN:35,(anonymous_4)
FN:41,(anonymous_5)
FN:53,(anonymous_6)
FN:82,(anonymous_7)
FNF:6
FNH:0
FNDA:0,(anonymous_2)
FNDA:0,(anonymous_3)
FNDA:0,(anonymous_4)
FNDA:0,(anonymous_5)
FNDA:0,(anonymous_6)
FNDA:0,(anonymous_7)
DA:1,0
DA:7,0
DA:12,0
DA:13,0
DA:17,0
DA:21,0
DA:22,0
DA:27,0
DA:36,0
DA:42,0
DA:46,0
DA:47,0
DA:50,0
DA:55,0
DA:58,0
DA:59,0
DA:66,0
DA:67,0
DA:73,0
DA:84,0
DA:87,0
DA:91,0
DA:92,0
DA:97,0
LF:24
LH:0
BRDA:21,0,0,0
BRDA:46,1,0,0
BRDA:58,2,0,0
BRDA:66,3,0,0
BRDA:91,4,0,0
BRF:5
BRH:0
end_of_record
TN:
SF:src/shared/iam/roles/roles.controller.ts
FN:34,(anonymous_4)
FN:40,(anonymous_5)
FN:47,(anonymous_6)
FN:54,(anonymous_7)
FN:61,(anonymous_8)
FN:67,(anonymous_9)
FN:74,(anonymous_10)
FN:82,(anonymous_11)
FN:91,(anonymous_12)
FNF:9
FNH:0
FNDA:0,(anonymous_4)
FNDA:0,(anonymous_5)
FNDA:0,(anonymous_6)
FNDA:0,(anonymous_7)
FNDA:0,(anonymous_8)
FNDA:0,(anonymous_9)
FNDA:0,(anonymous_10)
FNDA:0,(anonymous_11)
FNDA:0,(anonymous_12)
DA:1,0
DA:13,0
DA:14,0
DA:15,0
DA:16,0
DA:17,0
DA:18,0
DA:19,0
DA:20,0
DA:21,0
DA:22,0
DA:33,0
DA:34,0
DA:40,0
DA:41,0
DA:47,0
DA:48,0
DA:54,0
DA:55,0
DA:61,0
DA:62,0
DA:67,0
DA:68,0
DA:74,0
DA:75,0
DA:82,0
DA:86,0
DA:91,0
DA:95,0
LF:29
LH:0
BRF:0
BRH:0
end_of_record
TN:
SF:src/shared/iam/roles/roles.service.ts
FN:14,(anonymous_2)
FN:23,(anonymous_3)
FN:34,(anonymous_4)
FN:53,(anonymous_5)
FN:59,(anonymous_6)
FN:78,(anonymous_7)
FN:106,(anonymous_8)
FN:126,(anonymous_9)
FN:137,(anonymous_10)
FN:140,(anonymous_11)
FN:185,(anonymous_12)
FNF:11
FNH:0
FNDA:0,(anonymous_2)
FNDA:0,(anonymous_3)
FNDA:0,(anonymous_4)
FNDA:0,(anonymous_5)
FNDA:0,(anonymous_6)
FNDA:0,(anonymous_7)
FNDA:0,(anonymous_8)
FNDA:0,(anonymous_9)
FNDA:0,(anonymous_10)
FNDA:0,(anonymous_11)
FNDA:0,(anonymous_12)
DA:1,0
DA:7,0
DA:10,0
DA:13,0
DA:15,0
DA:16,0
DA:24,0
DA:29,0
DA:30,0
DA:36,0
DA:40,0
DA:41,0
DA:46,0
DA:54,0
DA:60,0
DA:71,0
DA:72,0
DA:75,0
DA:80,0
DA:83,0
DA:84,0
DA:91,0
DA:92,0
DA:98,0
DA:108,0
DA:111,0
DA:115,0
DA:116,0
DA:121,0
DA:128,0
DA:130,0
DA:137,0
DA:142,0
DA:145,0
DA:149,0
DA:150,0
DA:154,0
DA:163,0
DA:164,0
DA:169,0
DA:180,0
DA:182,0
DA:187,0
DA:190,0
DA:199,0
DA:200,0
DA:205,0
DA:215,0
DA:217,0
LF:49
LH:0
BRDA:40,0,0,0
BRDA:71,1,0,0
BRDA:83,2,0,0
BRDA:91,3,0,0
BRDA:115,4,0,0
BRDA:149,5,0,0
BRDA:163,6,0,0
BRDA:199,7,0,0
BRF:8
BRH:0
end_of_record
TN:
SF:src/shared/iam/services/permissions-cache.service.ts
FN:25,(anonymous_4)
FN:30,(anonymous_5)
FN:63,(anonymous_6)
FN:70,(anonymous_7)
FN:84,(anonymous_8)
FN:98,(anonymous_9)
FNF:6
FNH:0
FNDA:0,(anonymous_4)
FNDA:0,(anonymous_5)
FNDA:0,(anonymous_6)
FNDA:0,(anonymous_7)
FNDA:0,(anonymous_8)
FNDA:0,(anonymous_9)
DA:1,6
DA:2,6
DA:19,6
DA:22,0
DA:23,0
DA:25,0
DA:31,0
DA:32,0
DA:33,0
DA:36,0
DA:37,0
DA:45,0
DA:48,0
DA:55,0
DA:57,0
DA:64,0
DA:73,0
DA:74,0
DA:75,0
DA:76,0
DA:77,0
DA:86,0
DA:87,0
DA:89,0
DA:99,0
LF:25
LH:3
BRDA:36,0,0,0
BRDA:74,1,0,0
BRDA:74,1,1,0
BRDA:76,2,0,0
BRDA:86,3,0,0
BRDA:86,3,1,0
BRDA:86,4,0,0
BRDA:86,4,1,0
BRDA:87,5,0,0
BRDA:87,5,1,0
BRDA:87,5,2,0
BRDA:90,6,0,0
BRDA:90,6,1,0
BRDA:94,7,0,0
BRDA:94,7,1,0
BRF:15
BRH:0
end_of_record
TN:
SF:src/shared/iam/usuarios/usuarios.controller.ts
FN:33,(anonymous_4)
FN:42,(anonymous_5)
FN:55,(anonymous_6)
FN:63,(anonymous_7)
FN:73,(anonymous_8)
FN:91,(anonymous_9)
FN:109,(anonymous_10)
FN:130,(anonymous_11)
FN:143,(anonymous_12)
FN:161,(anonymous_13)
FNF:10
FNH:0
FNDA:0,(anonymous_4)
FNDA:0,(anonymous_5)
FNDA:0,(anonymous_6)
FNDA:0,(anonymous_7)
FNDA:0,(anonymous_8)
FNDA:0,(anonymous_9)
FNDA:0,(anonymous_10)
FNDA:0,(anonymous_11)
FNDA:0,(anonymous_12)
FNDA:0,(anonymous_13)
DA:1,0
DA:15,0
DA:16,0
DA:17,0
DA:18,0
DA:19,0
DA:20,0
DA:21,0
DA:22,0
DA:23,0
DA:24,0
DA:25,0
DA:26,0
DA:32,0
DA:34,0
DA:35,0
DA:42,0
DA:44,0
DA:45,0
DA:46,0
DA:48,0
DA:55,0
DA:57,0
DA:58,0
DA:59,0
DA:62,0
DA:63,0
DA:64,0
DA:73,0
DA:79,0
DA:80,0
DA:84,0
DA:91,0
DA:97,0
DA:98,0
DA:102,0
DA:109,0
DA:111,0
DA:114,0
DA:118,0
DA:130,0
DA:131,0
DA:143,0
DA:147,0
DA:161,0
DA:166,0
LF:46
LH:0
BRDA:44,0,0,0
BRDA:44,0,1,0
BRDA:45,1,0,0
BRDA:57,2,0,0
BRDA:57,2,1,0
BRDA:58,3,0,0
BRDA:79,4,0,0
BRDA:79,5,0,0
BRDA:79,5,1,0
BRDA:97,6,0,0
BRDA:97,7,0,0
BRDA:97,7,1,0
BRDA:111,8,0,0
BRDA:111,9,0,0
BRDA:111,9,1,0
BRF:15
BRH:0
end_of_record
TN:
SF:src/shared/iam/usuarios-proyectos/usuarios-proyectos.service.ts
FN:11,(anonymous_2)
FN:16,(anonymous_3)
FN:60,(anonymous_4)
FN:98,(anonymous_5)
FN:112,(anonymous_6)
FN:118,(anonymous_7)
FN:145,(anonymous_8)
FN:151,(anonymous_9)
FN:162,(anonymous_10)
FNF:9
FNH:0
FNDA:0,(anonymous_2)
FNDA:0,(anonymous_3)
FNDA:0,(anonymous_4)
FNDA:0,(anonymous_5)
FNDA:0,(anonymous_6)
FNDA:0,(anonymous_7)
FNDA:0,(anonymous_8)
FNDA:0,(anonymous_9)
FNDA:0,(anonymous_10)
DA:1,0
DA:6,0
DA:7,0
DA:10,0
DA:12,0
DA:13,0
DA:23,0
DA:24,0
DA:41,0
DA:43,0
DA:45,0
DA:47,0
DA:48,0
DA:53,0
DA:54,0
DA:56,0
DA:66,0
DA:76,0
DA:77,0
DA:82,0
DA:93,0
DA:95,0
DA:100,0
DA:108,0
DA:109,0
DA:112,0
DA:120,0
DA:124,0
DA:125,0
DA:128,0
DA:145,0
DA:152,0
DA:159,0
DA:163,0
DA:173,0
DA:174,0
DA:179,0
LF:37
LH:0
BRDA:47,0,0,0
BRDA:53,1,0,0
BRDA:76,2,0,0
BRDA:108,3,0,0
BRDA:124,4,0,0
BRDA:173,5,0,0
BRF:6
BRH:0
end_of_record
TN:
SF:src/shared/iam/usuarios-roles/usuarios-roles.service.ts
FN:11,(anonymous_2)
FN:16,(anonymous_3)
FN:51,(anonymous_4)
FN:81,(anonymous_5)
FN:101,(anonymous_6)
FN:107,(anonymous_7)
FN:133,(anonymous_8)
FN:136,(anonymous_9)
FNF:8
FNH:0
FNDA:0,(anonymous_2)
FNDA:0,(anonymous_3)
FNDA:0,(anonymous_4)
FNDA:0,(anonymous_5)
FNDA:0,(anonymous_6)
FNDA:0,(anonymous_7)
FNDA:0,(anonymous_8)
FNDA:0,(anonymous_9)
DA:1,4
DA:6,4
DA:7,4
DA:10,4
DA:12,0
DA:13,0
DA:19,0
DA:20,0
DA:34,0
DA:36,0
DA:38,0
DA:40,0
DA:41,0
DA:44,0
DA:45,0
DA:47,0
DA:53,0
DA:62,0
DA:63,0
DA:66,0
DA:76,0
DA:78,0
DA:87,0
DA:94,0
DA:98,0
DA:101,0
DA:109,0
DA:113,0
DA:114,0
DA:117,0
DA:133,0
DA:138,0
DA:154,0
DA:155,0
DA:157,0
DA:158,0
DA:159,0
DA:160,0
DA:161,0
DA:166,0
LF:40
LH:4
BRDA:40,0,0,0
BRDA:44,1,0,0
BRDA:62,2,0,0
BRDA:94,3,0,0
BRDA:113,4,0,0
BRDA:159,5,0,0
BRF:6
BRH:0
end_of_record
TN:
SF:src/shared/proyectos/proyectos.controller.ts
FN:32,(anonymous_4)
FN:43,(anonymous_5)
FN:53,(anonymous_6)
FN:65,(anonymous_7)
FN:75,(anonymous_8)
FN:87,(anonymous_9)
FN:92,(anonymous_10)
FN:110,(anonymous_11)
FN:122,(anonymous_12)
FNF:9
FNH:1
FNDA:1,(anonymous_4)
FNDA:0,(anonymous_5)
FNDA:0,(anonymous_6)
FNDA:0,(anonymous_7)
FNDA:0,(anonymous_8)
FNDA:0,(anonymous_9)
FNDA:0,(anonymous_10)
FNDA:0,(anonymous_11)
FNDA:0,(anonymous_12)
DA:1,1
DA:2,1
DA:12,1
DA:13,1
DA:14,1
DA:15,1
DA:16,1
DA:17,1
DA:18,1
DA:19,1
DA:20,1
DA:31,1
DA:32,1
DA:43,1
DA:44,0
DA:53,1
DA:54,0
DA:55,0
DA:65,1
DA:66,0
DA:75,1
DA:76,0
DA:77,0
DA:87,1
DA:88,0
DA:91,0
DA:92,0
DA:94,0
DA:95,0
DA:98,0
DA:110,1
DA:111,0
DA:122,1
DA:123,0
LF:34
LH:20
BRDA:54,0,0,0
BRDA:54,0,1,0
BRDA:54,1,0,0
BRDA:54,1,1,0
BRDA:54,2,0,0
BRDA:54,2,1,0
BRDA:54,3,0,0
BRDA:54,3,1,0
BRDA:54,4,0,0
BRDA:54,4,1,0
BRDA:76,5,0,0
BRDA:76,5,1,0
BRDA:76,6,0,0
BRDA:76,6,1,0
BRDA:76,7,0,0
BRDA:76,7,1,0
BRDA:76,8,0,0
BRDA:76,8,1,0
BRDA:76,9,0,0
BRDA:76,9,1,0
BRDA:88,10,0,0
BRDA:88,10,1,0
BRDA:88,11,0,0
BRDA:88,11,1,0
BRDA:88,12,0,0
BRDA:88,12,1,0
BRDA:88,13,0,0
BRDA:88,13,1,0
BRDA:88,14,0,0
BRDA:88,14,1,0
BRDA:92,15,0,0
BRDA:92,15,1,0
BRDA:94,16,0,0
BRF:33
BRH:0
end_of_record
TN:
SF:src/shared/proyectos/proyectos.service.ts
FN:8,(anonymous_3)
FN:10,(anonymous_4)
FN:35,(anonymous_5)
FN:56,(anonymous_6)
FN:108,(anonymous_7)
FN:114,(anonymous_8)
FN:119,(anonymous_9)
FN:132,(anonymous_10)
FN:160,(anonymous_11)
FN:177,(anonymous_12)
FN:193,(anonymous_13)
FN:216,(anonymous_14)
FN:252,(anonymous_15)
FNF:13
FNH:1
FNDA:1,(anonymous_3)
FNDA:0,(anonymous_4)
FNDA:0,(anonymous_5)
FNDA:0,(anonymous_6)
FNDA:0,(anonymous_7)
FNDA:0,(anonymous_8)
FNDA:0,(anonymous_9)
FNDA:0,(anonymous_10)
FNDA:0,(anonymous_11)
FNDA:0,(anonymous_12)
FNDA:0,(anonymous_13)
FNDA:0,(anonymous_14)
FNDA:0,(anonymous_15)
DA:1,2
DA:4,2
DA:7,2
DA:8,1
DA:12,0
DA:16,0
DA:17,0
DA:22,0
DA:38,0
DA:53,0
DA:57,0
DA:60,0
DA:81,0
DA:101,0
DA:102,0
DA:103,0
DA:108,0
DA:110,0
DA:111,0
DA:114,0
DA:115,0
DA:120,0
DA:121,0
DA:123,0
DA:124,0
DA:135,0
DA:142,0
DA:144,0
DA:148,0
DA:152,0
DA:160,0
DA:162,0
DA:164,0
DA:172,0
DA:178,0
DA:186,0
DA:187,0
DA:190,0
DA:194,0
DA:209,0
DA:210,0
DA:213,0
DA:218,0
DA:221,0
DA:222,0
DA:229,0
DA:230,0
DA:236,0
DA:237,0
DA:238,0
DA:239,0
DA:240,0
DA:241,0
DA:242,0
DA:243,0
DA:244,0
DA:246,0
DA:254,0
DA:257,0
LF:59
LH:4
BRDA:16,0,0,0
BRDA:30,1,0,0
BRDA:30,1,1,0
BRDA:30,2,0,0
BRDA:30,2,1,0
BRDA:102,3,0,0
BRDA:102,4,0,0
BRDA:102,4,1,0
BRDA:102,5,0,0
BRDA:102,5,1,0
BRDA:110,6,0,0
BRDA:121,7,0,0
BRDA:126,8,0,0
BRDA:126,8,1,0
BRDA:142,9,0,0
BRDA:142,9,1,0
BRDA:162,10,0,0
BRDA:186,11,0,0
BRDA:209,12,0,0
BRDA:221,13,0,0
BRDA:229,14,0,0
BRDA:237,15,0,0
BRDA:238,16,0,0
BRDA:239,17,0,0
BRDA:240,18,0,0
BRDA:241,19,0,0
BRDA:242,20,0,0
BRDA:243,21,0,0
BRF:28
BRH:0
end_of_record
TN:
SF:src/shared/unidades/unidades-import.service.ts
FN:17,(anonymous_2)
FN:22,(anonymous_3)
FN:36,(anonymous_4)
FN:42,(anonymous_5)
FN:60,(anonymous_6)
FN:133,(anonymous_7)
FN:142,(anonymous_8)
FN:168,(anonymous_9)
FN:177,(anonymous_10)
FN:205,(anonymous_11)
FN:247,(anonymous_12)
FN:368,(anonymous_13)
FN:431,(anonymous_14)
FN:458,(anonymous_15)
FN:464,(anonymous_16)
FN:465,(anonymous_17)
FN:493,(anonymous_18)
FN:518,(anonymous_19)
FN:569,(anonymous_20)
FN:589,(anonymous_21)
FN:610,(anonymous_22)
FN:627,(anonymous_23)
FN:645,(anonymous_24)
FN:666,(anonymous_25)
FN:699,(anonymous_26)
FN:734,(anonymous_27)
FNF:26
FNH:16
FNDA:13,(anonymous_2)
FNDA:3,(anonymous_3)
FNDA:2,(anonymous_4)
FNDA:3,(anonymous_5)
FNDA:3,(anonymous_6)
FNDA:1,(anonymous_7)
FNDA:1,(anonymous_8)
FNDA:0,(anonymous_9)
FNDA:12,(anonymous_10)
FNDA:12,(anonymous_11)
FNDA:1,(anonymous_12)
FNDA:1,(anonymous_13)
FNDA:0,(anonymous_14)
FNDA:0,(anonymous_15)
FNDA:0,(anonymous_16)
FNDA:0,(anonymous_17)
FNDA:0,(anonymous_18)
FNDA:1,(anonymous_19)
FNDA:1,(anonymous_20)
FNDA:1,(anonymous_21)
FNDA:7,(anonymous_22)
FNDA:5,(anonymous_23)
FNDA:0,(anonymous_24)
FNDA:0,(anonymous_25)
FNDA:0,(anonymous_26)
FNDA:0,(anonymous_27)
DA:1,2
DA:2,2
DA:3,2
DA:4,2
DA:5,2
DA:14,2
DA:15,13
DA:18,13
DA:19,13
DA:23,3
DA:25,3
DA:26,3
DA:28,3
DA:29,0
DA:32,3
DA:33,3
DA:36,3
DA:37,2
DA:39,1
DA:41,1
DA:42,1
DA:43,3
DA:44,3
DA:45,0
DA:46,0
DA:47,0
DA:49,3
DA:54,1
DA:56,1
DA:57,1
DA:60,1
DA:62,3
DA:65,3
DA:66,0
DA:67,0
DA:68,0
DA:69,0
DA:73,3
DA:75,1
DA:80,3
DA:82,3
DA:91,3
DA:95,3
DA:96,3
DA:98,3
DA:99,1
DA:100,1
DA:102,1
DA:105,3
DA:106,2
DA:115,1
DA:125,3
DA:126,3
DA:127,1
DA:130,3
DA:141,1
DA:142,1
DA:143,1
DA:144,1
DA:145,1
DA:146,1
DA:147,1
DA:148,0
DA:149,0
DA:150,0
DA:152,1
DA:153,1
DA:154,1
DA:155,1
DA:162,0
DA:163,0
DA:164,0
DA:165,0
DA:168,0
DA:169,0
DA:170,0
DA:171,0
DA:178,12
DA:181,12
DA:182,12
DA:183,2
DA:185,10
DA:186,10
DA:189,2
DA:190,2
DA:191,2
DA:192,1
DA:193,1
DA:195,1
DA:196,1
DA:197,1
DA:207,12
DA:208,12
DA:210,1
DA:214,11
DA:215,2
DA:219,9
DA:220,9
DA:237,9
DA:238,116
DA:239,7
DA:249,1
DA:254,1
DA:256,1
DA:259,1
DA:270,1
DA:271,1
DA:272,1
DA:273,1
DA:274,1
DA:278,1
DA:279,1
DA:284,0
DA:285,0
DA:288,0
DA:291,0
DA:300,0
DA:301,0
DA:303,0
DA:319,0
DA:326,0
DA:327,0
DA:328,0
DA:329,0
DA:330,0
DA:331,0
DA:333,0
DA:334,0
DA:335,0
DA:339,0
DA:342,0
DA:345,0
DA:347,0
DA:362,0
DA:364,0
DA:369,1
DA:372,1
DA:412,1
DA:414,3
DA:424,3
DA:425,3
DA:427,1
DA:432,0
DA:434,0
DA:435,0
DA:436,0
DA:437,0
DA:440,0
DA:444,0
DA:445,0
DA:446,0
DA:450,0
DA:453,0
DA:454,0
DA:459,0
DA:462,0
DA:464,0
DA:465,0
DA:467,0
DA:470,0
DA:473,0
DA:478,0
DA:479,0
DA:480,0
DA:481,0
DA:494,0
DA:496,0
DA:497,0
DA:498,0
DA:499,0
DA:501,0
DA:510,0
DA:511,0
DA:512,0
DA:515,0
DA:519,1
DA:520,1
DA:523,1
DA:525,1
DA:526,1
DA:527,1
DA:529,0
DA:530,0
DA:535,0
DA:538,1
DA:539,1
DA:540,1
DA:541,0
DA:546,1
DA:547,1
DA:551,0
DA:552,0
DA:553,0
DA:554,0
DA:557,0
DA:565,0
DA:566,0
DA:570,1
DA:572,0
DA:573,0
DA:574,0
DA:575,0
DA:578,0
DA:579,0
DA:580,0
DA:582,0
DA:583,0
DA:585,0
DA:586,0
DA:590,1
DA:591,1
DA:592,1
DA:593,1
DA:595,1
DA:598,1
DA:599,1
DA:600,1
DA:603,0
DA:606,0
DA:607,0
DA:611,7
DA:612,3
DA:613,3
DA:614,3
DA:615,3
DA:617,3
DA:618,3
DA:619,3
DA:620,3
DA:622,0
DA:623,0
DA:624,0
DA:628,5
DA:629,0
DA:632,0
DA:633,0
DA:634,0
DA:635,0
DA:639,0
DA:640,0
DA:642,0
DA:646,0
DA:658,0
DA:659,0
DA:660,0
DA:662,0
DA:672,0
DA:691,0
DA:692,0
DA:693,0
DA:695,0
DA:700,0
DA:702,0
DA:705,0
DA:709,0
DA:710,0
DA:711,0
DA:714,0
DA:715,0
DA:716,0
DA:719,0
DA:723,0
DA:724,0
DA:735,0
DA:736,0
LF:265
LH:130
BRDA:28,0,0,0
BRDA:37,1,0,1
BRDA:37,1,1,1
BRDA:39,2,0,1
BRDA:43,3,0,0
BRDA:43,4,0,3
BRDA:43,4,1,3
BRDA:44,5,0,0
BRDA:45,6,0,0
BRDA:46,7,0,0
BRDA:56,8,0,1
BRDA:65,9,0,0
BRDA:65,10,0,3
BRDA:65,10,1,2
BRDA:66,11,0,0
BRDA:66,11,1,0
BRDA:68,12,0,0
BRDA:105,13,0,2
BRDA:105,13,1,1
BRDA:111,14,0,2
BRDA:111,14,1,0
BRDA:111,15,0,0
BRDA:111,15,1,2
BRDA:111,16,0,2
BRDA:111,16,1,2
BRDA:111,17,0,0
BRDA:111,17,1,0
BRDA:111,18,0,0
BRDA:111,18,1,0
BRDA:112,19,0,0
BRDA:112,19,1,2
BRDA:112,20,0,2
BRDA:112,20,1,2
BRDA:120,21,0,1
BRDA:120,21,1,0
BRDA:120,22,0,0
BRDA:120,22,1,1
BRDA:120,23,0,1
BRDA:120,23,1,1
BRDA:120,24,0,0
BRDA:120,24,1,0
BRDA:120,25,0,0
BRDA:120,25,1,0
BRDA:121,26,0,0
BRDA:121,26,1,1
BRDA:121,27,0,1
BRDA:121,27,1,1
BRDA:126,28,0,1
BRDA:149,29,0,0
BRDA:149,29,1,0
BRDA:150,30,0,0
BRDA:153,31,0,1
BRDA:153,31,1,0
BRDA:162,32,0,0
BRDA:162,32,1,0
BRDA:168,33,0,0
BRDA:185,34,0,10
BRDA:185,34,1,0
BRDA:195,35,0,1
BRDA:195,35,1,0
BRDA:214,36,0,2
BRDA:238,37,0,7
BRDA:238,38,0,116
BRDA:238,38,1,114
BRDA:261,39,0,1
BRDA:261,39,1,1
BRDA:262,40,0,1
BRDA:262,40,1,1
BRDA:264,41,0,1
BRDA:264,41,1,1
BRDA:278,42,0,1
BRDA:278,43,0,1
BRDA:278,43,1,1
BRDA:278,43,2,0
BRDA:284,44,0,0
BRDA:284,44,1,0
BRDA:284,45,0,0
BRDA:284,45,1,0
BRDA:300,46,0,0
BRDA:300,46,1,0
BRDA:310,47,0,0
BRDA:310,47,1,0
BRDA:311,48,0,0
BRDA:311,48,1,0
BRDA:312,49,0,0
BRDA:312,49,1,0
BRDA:322,50,0,0
BRDA:322,50,1,0
BRDA:323,51,0,0
BRDA:323,51,1,0
BRDA:324,52,0,0
BRDA:324,52,1,0
BRDA:326,53,0,0
BRDA:327,54,0,0
BRDA:328,55,0,0
BRDA:329,56,0,0
BRDA:330,57,0,0
BRDA:331,58,0,0
BRDA:364,59,0,0
BRDA:364,59,1,0
BRDA:424,60,0,3
BRDA:424,60,1,1
BRDA:432,61,0,0
BRDA:432,62,0,0
BRDA:432,62,1,0
BRDA:437,63,0,0
BRDA:444,64,0,0
BRDA:459,65,0,0
BRDA:459,66,0,0
BRDA:459,66,1,0
BRDA:467,67,0,0
BRDA:480,68,0,0
BRDA:494,69,0,0
BRDA:494,70,0,0
BRDA:494,70,1,0
BRDA:499,71,0,0
BRDA:510,72,0,0
BRDA:520,73,0,0
BRDA:527,74,0,0
BRDA:529,75,0,0
BRDA:539,76,0,1
BRDA:540,77,0,0
BRDA:540,78,0,1
BRDA:540,78,1,0
BRDA:552,79,0,0
BRDA:554,80,0,0
BRDA:570,81,0,1
BRDA:575,82,0,0
BRDA:579,83,0,0
BRDA:579,83,1,0
BRDA:590,84,0,1
BRDA:590,84,1,1
BRDA:593,85,0,0
BRDA:598,86,0,1
BRDA:611,87,0,4
BRDA:611,88,0,7
BRDA:611,88,1,7
BRDA:611,88,2,3
BRDA:615,89,0,0
BRDA:618,90,0,3
BRDA:628,91,0,5
BRDA:628,92,0,5
BRDA:628,92,1,0
BRDA:633,93,0,0
BRDA:635,94,0,0
BRDA:640,95,0,0
BRDA:659,96,0,0
BRDA:659,96,1,0
BRDA:692,97,0,0
BRDA:692,97,1,0
BRDA:700,98,0,0
BRDA:700,99,0,0
BRDA:700,99,1,0
BRDA:700,99,2,0
BRDA:709,100,0,0
BRDA:709,100,1,0
BRDA:709,101,0,0
BRDA:709,101,1,0
BRDA:711,102,0,0
BRDA:711,103,0,0
BRDA:711,103,1,0
BRDA:715,104,0,0
BRDA:715,104,1,0
BRDA:715,105,0,0
BRDA:715,105,1,0
BRDA:724,106,0,0
BRDA:724,106,1,0
BRDA:735,107,0,0
BRF:168
BRH:56
end_of_record
TN:
SF:src/shared/unidades/unidades-query.service.ts
FN:9,(anonymous_2)
FN:11,(anonymous_3)
FN:34,(anonymous_4)
FN:36,(anonymous_5)
FN:162,(anonymous_6)
FN:163,(anonymous_7)
FN:169,(anonymous_8)
FN:193,(anonymous_9)
FN:217,(anonymous_10)
FN:223,(anonymous_11)
FN:223,(anonymous_12)
FN:229,(anonymous_13)
FN:235,(anonymous_14)
FN:235,(anonymous_15)
FN:241,(anonymous_16)
FN:256,(anonymous_17)
FN:259,(anonymous_18)
FN:295,(anonymous_19)
FN:296,(anonymous_20)
FN:302,(anonymous_21)
FN:344,(anonymous_22)
FN:344,(anonymous_23)
FN:347,(anonymous_24)
FN:393,(anonymous_25)
FN:394,(anonymous_26)
FNF:25
FNH:0
FNDA:0,(anonymous_2)
FNDA:0,(anonymous_3)
FNDA:0,(anonymous_4)
FNDA:0,(anonymous_5)
FNDA:0,(anonymous_6)
FNDA:0,(anonymous_7)
FNDA:0,(anonymous_8)
FNDA:0,(anonymous_9)
FNDA:0,(anonymous_10)
FNDA:0,(anonymous_11)
FNDA:0,(anonymous_12)
FNDA:0,(anonymous_13)
FNDA:0,(anonymous_14)
FNDA:0,(anonymous_15)
FNDA:0,(anonymous_16)
FNDA:0,(anonymous_17)
FNDA:0,(anonymous_18)
FNDA:0,(anonymous_19)
FNDA:0,(anonymous_20)
FNDA:0,(anonymous_21)
FNDA:0,(anonymous_22)
FNDA:0,(anonymous_23)
FNDA:0,(anonymous_24)
FNDA:0,(anonymous_25)
FNDA:0,(anonymous_26)
DA:1,1
DA:2,1
DA:6,1
DA:7,0
DA:9,0
DA:12,0
DA:15,0
DA:16,0
DA:20,0
DA:21,0
DA:25,0
DA:33,0
DA:34,0
DA:36,0
DA:38,0
DA:40,0
DA:42,0
DA:51,0
DA:61,0
DA:62,0
DA:63,0
DA:65,0
DA:71,0
DA:72,0
DA:77,0
DA:78,0
DA:81,0
DA:82,0
DA:86,0
DA:161,0
DA:163,0
DA:166,0
DA:171,0
DA:194,0
DA:196,0
DA:219,0
DA:223,0
DA:231,0
DA:235,0
DA:243,0
DA:256,0
DA:260,0
DA:262,0
DA:267,0
DA:268,0
DA:273,0
DA:294,0
DA:295,0
DA:296,0
DA:299,0
DA:303,0
DA:305,0
DA:309,0
DA:311,0
DA:317,0
DA:318,0
DA:319,0
DA:321,0
DA:328,0
DA:344,0
DA:352,0
DA:353,0
DA:358,0
DA:359,0
DA:362,0
DA:368,0
DA:369,0
DA:370,0
DA:372,0
DA:378,0
DA:379,0
DA:385,0
DA:392,0
DA:393,0
DA:394,0
DA:396,0
DA:397,0
LF:77
LH:3
BRDA:15,0,0,0
BRDA:15,1,0,0
BRDA:15,1,1,0
BRDA:15,1,2,0
BRDA:20,2,0,0
BRDA:20,2,1,0
BRDA:33,3,0,0
BRDA:33,3,1,0
BRDA:38,4,0,0
BRDA:40,5,0,0
BRDA:40,5,1,0
BRDA:61,6,0,0
BRDA:61,7,0,0
BRDA:61,7,1,0
BRDA:62,8,0,0
BRDA:62,8,1,0
BRDA:71,9,0,0
BRDA:77,10,0,0
BRDA:81,11,0,0
BRDA:194,12,0,0
BRDA:223,13,0,0
BRDA:223,13,1,0
BRDA:235,14,0,0
BRDA:235,14,1,0
BRDA:260,15,0,0
BRDA:267,16,0,0
BRDA:295,17,0,0
BRDA:295,17,1,0
BRDA:295,18,0,0
BRDA:295,18,1,0
BRDA:295,19,0,0
BRDA:295,19,1,0
BRDA:303,20,0,0
BRDA:309,21,0,0
BRDA:317,22,0,0
BRDA:317,23,0,0
BRDA:317,23,1,0
BRDA:318,24,0,0
BRDA:318,24,1,0
BRDA:344,25,0,0
BRDA:344,25,1,0
BRDA:358,26,0,0
BRDA:368,27,0,0
BRDA:368,28,0,0
BRDA:368,28,1,0
BRDA:369,29,0,0
BRDA:369,29,1,0
BRDA:378,30,0,0
BRDA:394,31,0,0
BRDA:394,31,1,0
BRDA:396,32,0,0
BRDA:396,32,1,0
BRF:52
BRH:0
end_of_record
TN:
SF:src/shared/unidades/unidades.controller.ts
FN:45,(anonymous_4)
FN:61,(anonymous_5)
FN:75,(anonymous_6)
FN:81,(anonymous_7)
FN:117,(anonymous_8)
FN:140,(anonymous_9)
FN:147,(anonymous_10)
FN:154,(anonymous_11)
FN:161,(anonymous_12)
FN:171,(anonymous_13)
FN:185,(anonymous_14)
FN:197,(anonymous_15)
FN:201,(anonymous_16)
FN:211,(anonymous_17)
FN:222,(anonymous_18)
FN:229,(anonymous_19)
FN:239,(anonymous_20)
FN:247,(anonymous_21)
FN:256,(anonymous_22)
FN:265,(anonymous_23)
FN:274,(anonymous_24)
FNF:21
FNH:4
FNDA:2,(anonymous_4)
FNDA:0,(anonymous_5)
FNDA:0,(anonymous_6)
FNDA:0,(anonymous_7)
FNDA:0,(anonymous_8)
FNDA:0,(anonymous_9)
FNDA:0,(anonymous_10)
FNDA:0,(anonymous_11)
FNDA:0,(anonymous_12)
FNDA:1,(anonymous_13)
FNDA:0,(anonymous_14)
FNDA:1,(anonymous_15)
FNDA:1,(anonymous_16)
FNDA:0,(anonymous_17)
FNDA:0,(anonymous_18)
FNDA:0,(anonymous_19)
FNDA:0,(anonymous_20)
FNDA:0,(anonymous_21)
FNDA:0,(anonymous_22)
FNDA:0,(anonymous_23)
FNDA:0,(anonymous_24)
DA:1,1
DA:2,1
DA:3,1
DA:16,1
DA:17,1
DA:18,1
DA:19,1
DA:20,1
DA:21,1
DA:22,1
DA:23,1
DA:24,1
DA:25,1
DA:26,1
DA:27,1
DA:28,1
DA:29,1
DA:30,1
DA:31,1
DA:32,1
DA:44,1
DA:46,2
DA:47,2
DA:48,2
DA:49,2
DA:61,1
DA:62,0
DA:75,1
DA:79,0
DA:80,0
DA:81,0
DA:84,0
DA:85,0
DA:90,0
DA:117,1
DA:118,0
DA:119,0
DA:123,0
DA:124,0
DA:126,0
DA:129,0
DA:130,0
DA:131,0
DA:134,0
DA:140,1
DA:141,0
DA:147,1
DA:148,0
DA:154,1
DA:155,0
DA:161,1
DA:162,0
DA:163,0
DA:165,0
DA:171,1
DA:176,1
DA:177,1
DA:179,1
DA:185,1
DA:191,0
DA:192,0
DA:194,0
DA:199,1
DA:200,1
DA:201,1
DA:205,1
DA:206,1
DA:210,0
DA:211,0
DA:212,0
DA:214,0
DA:215,0
DA:222,1
DA:223,0
DA:224,0
DA:225,0
DA:226,0
DA:228,0
DA:229,0
DA:230,0
DA:231,0
DA:233,0
DA:239,1
DA:240,0
DA:247,1
DA:248,0
DA:256,1
DA:257,0
DA:265,1
DA:266,0
DA:274,1
DA:275,0
LF:92
LH:48
BRDA:84,0,0,0
BRDA:118,1,0,0
BRDA:123,2,0,0
BRDA:129,3,0,0
BRDA:129,4,0,0
BRDA:129,4,1,0
BRDA:129,4,2,0
BRDA:130,5,0,0
BRDA:130,5,1,0
BRDA:162,6,0,0
BRDA:176,7,0,1
BRDA:191,8,0,0
BRDA:200,9,0,0
BRDA:200,9,1,1
BRDA:200,10,0,1
BRDA:200,10,1,1
BRDA:200,11,0,0
BRDA:200,11,1,1
BRDA:200,12,0,1
BRDA:200,12,1,1
BRDA:201,13,0,1
BRDA:201,13,1,0
BRDA:201,14,0,0
BRDA:201,14,1,1
BRDA:201,15,0,1
BRDA:201,15,1,1
BRDA:201,16,0,0
BRDA:201,16,1,0
BRDA:201,17,0,0
BRDA:201,17,1,0
BRDA:205,18,0,1
BRDA:214,19,0,0
BRDA:223,20,0,0
BRDA:223,20,1,0
BRDA:225,21,0,0
BRDA:230,22,0,0
BRF:36
BRH:12
end_of_record
TN:
SF:src/shared/unidades/unidades.service.ts
FN:15,(anonymous_2)
FN:17,(anonymous_3)
FN:37,(anonymous_4)
FN:63,(anonymous_5)
FN:78,(anonymous_6)
FN:86,(anonymous_7)
FN:96,(anonymous_8)
FN:115,(anonymous_9)
FN:125,(anonymous_10)
FN:130,(anonymous_11)
FN:137,(anonymous_12)
FN:145,(anonymous_13)
FN:168,(anonymous_14)
FN:189,(anonymous_15)
FN:221,(anonymous_16)
FN:226,(anonymous_17)
FN:272,(anonymous_18)
FN:296,(anonymous_19)
FN:317,(anonymous_20)
FN:440,(anonymous_21)
FN:464,(anonymous_22)
FN:488,(anonymous_23)
FN:494,(anonymous_24)
FN:494,(anonymous_25)
FN:500,(anonymous_26)
FN:506,(anonymous_27)
FN:506,(anonymous_28)
FN:512,(anonymous_29)
FN:527,(anonymous_30)
FN:530,(anonymous_31)
FN:563,(anonymous_32)
FN:563,(anonymous_33)
FN:566,(anonymous_34)
FN:603,(anonymous_35)
FN:603,(anonymous_36)
FN:606,(anonymous_37)
FN:648,(anonymous_38)
FN:649,(anonymous_39)
FN:656,(anonymous_40)
FN:717,(anonymous_41)
FN:752,(anonymous_42)
FN:780,(anonymous_43)
FN:782,(anonymous_44)
FN:802,(anonymous_45)
FN:804,(anonymous_46)
FN:823,(anonymous_47)
FN:825,(anonymous_48)
FN:844,(anonymous_49)
FN:846,(anonymous_50)
FN:859,(anonymous_51)
FN:881,(anonymous_52)
FN:887,(anonymous_53)
FN:894,(anonymous_54)
FN:901,(anonymous_55)
FNF:54
FNH:1
FNDA:1,(anonymous_2)
FNDA:0,(anonymous_3)
FNDA:0,(anonymous_4)
FNDA:0,(anonymous_5)
FNDA:0,(anonymous_6)
FNDA:0,(anonymous_7)
FNDA:0,(anonymous_8)
FNDA:0,(anonymous_9)
FNDA:0,(anonymous_10)
FNDA:0,(anonymous_11)
FNDA:0,(anonymous_12)
FNDA:0,(anonymous_13)
FNDA:0,(anonymous_14)
FNDA:0,(anonymous_15)
FNDA:0,(anonymous_16)
FNDA:0,(anonymous_17)
FNDA:0,(anonymous_18)
FNDA:0,(anonymous_19)
FNDA:0,(anonymous_20)
FNDA:0,(anonymous_21)
FNDA:0,(anonymous_22)
FNDA:0,(anonymous_23)
FNDA:0,(anonymous_24)
FNDA:0,(anonymous_25)
FNDA:0,(anonymous_26)
FNDA:0,(anonymous_27)
FNDA:0,(anonymous_28)
FNDA:0,(anonymous_29)
FNDA:0,(anonymous_30)
FNDA:0,(anonymous_31)
FNDA:0,(anonymous_32)
FNDA:0,(anonymous_33)
FNDA:0,(anonymous_34)
FNDA:0,(anonymous_35)
FNDA:0,(anonymous_36)
FNDA:0,(anonymous_37)
FNDA:0,(anonymous_38)
FNDA:0,(anonymous_39)
FNDA:0,(anonymous_40)
FNDA:0,(anonymous_41)
FNDA:0,(anonymous_42)
FNDA:0,(anonymous_43)
FNDA:0,(anonymous_44)
FNDA:0,(anonymous_45)
FNDA:0,(anonymous_46)
FNDA:0,(anonymous_47)
FNDA:0,(anonymous_48)
FNDA:0,(anonymous_49)
FNDA:0,(anonymous_50)
FNDA:0,(anonymous_51)
FNDA:0,(anonymous_52)
FNDA:0,(anonymous_53)
FNDA:0,(anonymous_54)
FNDA:0,(anonymous_55)
DA:1,2
DA:6,2
DA:8,2
DA:12,2
DA:13,1
DA:15,1
DA:19,0
DA:20,0
DA:21,0
DA:31,0
DA:32,0
DA:37,0
DA:39,0
DA:40,0
DA:43,0
DA:46,0
DA:49,0
DA:52,0
DA:64,0
DA:65,0
DA:66,0
DA:67,0
DA:70,0
DA:71,0
DA:72,0
DA:73,0
DA:75,0
DA:79,0
DA:80,0
DA:81,0
DA:83,0
DA:87,0
DA:89,0
DA:90,0
DA:92,0
DA:93,0
DA:97,0
DA:99,0
DA:100,0
DA:102,0
DA:103,0
DA:105,0
DA:106,0
DA:109,0
DA:112,0
DA:116,0
DA:118,0
DA:119,0
DA:121,0
DA:122,0
DA:126,0
DA:127,0
DA:131,0
DA:132,0
DA:138,0
DA:139,0
DA:146,0
DA:147,0
DA:148,0
DA:149,0
DA:150,0
DA:152,0
DA:153,0
DA:155,0
DA:156,0
DA:158,0
DA:159,0
DA:160,0
DA:161,0
DA:162,0
DA:163,0
DA:164,0
DA:169,0
DA:170,0
DA:171,0
DA:172,0
DA:173,0
DA:174,0
DA:175,0
DA:176,0
DA:177,0
DA:179,0
DA:180,0
DA:182,0
DA:183,0
DA:185,0
DA:190,0
DA:193,0
DA:194,0
DA:196,0
DA:197,0
DA:198,0
DA:201,0
DA:202,0
DA:205,0
DA:206,0
DA:209,0
DA:210,0
DA:211,0
DA:213,0
DA:214,0
DA:216,0
DA:222,0
DA:223,0
DA:225,0
DA:226,0
DA:228,0
DA:229,0
DA:230,0
DA:234,0
DA:235,0
DA:236,0
DA:237,0
DA:238,0
DA:240,0
DA:245,0
DA:248,0
DA:267,0
DA:268,0
DA:273,0
DA:275,0
DA:276,0
DA:277,0
DA:280,0
DA:281,0
DA:284,0
DA:286,0
DA:287,0
DA:288,0
DA:289,0
DA:291,0
DA:297,0
DA:300,0
DA:301,0
DA:305,0
DA:306,0
DA:310,0
DA:316,0
DA:317,0
DA:319,0
DA:321,0
DA:330,0
DA:339,0
DA:340,0
DA:345,0
DA:346,0
DA:351,0
DA:352,0
DA:355,0
DA:356,0
DA:360,0
DA:361,0
DA:362,0
DA:365,0
DA:429,0
DA:442,0
DA:465,0
DA:467,0
DA:490,0
DA:494,0
DA:502,0
DA:506,0
DA:514,0
DA:527,0
DA:531,0
DA:533,0
DA:538,0
DA:539,0
DA:543,0
DA:563,0
DA:567,0
DA:569,0
DA:573,0
DA:575,0
DA:581,0
DA:582,0
DA:588,0
DA:603,0
DA:611,0
DA:612,0
DA:617,0
DA:618,0
DA:621,0
DA:627,0
DA:628,0
DA:633,0
DA:634,0
DA:640,0
DA:647,0
DA:648,0
DA:649,0
DA:651,0
DA:652,0
DA:658,0
DA:662,0
DA:663,0
DA:667,0
DA:670,0
DA:671,0
DA:680,0
DA:681,0
DA:689,0
DA:690,0
DA:691,0
DA:692,0
DA:693,0
DA:694,0
DA:695,0
DA:696,0
DA:697,0
DA:698,0
DA:699,0
DA:700,0
DA:702,0
DA:719,0
DA:726,0
DA:727,0
DA:731,0
DA:732,0
DA:738,0
DA:742,0
DA:759,0
DA:760,0
DA:766,0
DA:768,0
DA:769,0
DA:771,0
DA:772,0
DA:780,0
DA:782,0
DA:783,0
DA:786,0
DA:787,0
DA:789,0
DA:790,0
DA:802,0
DA:804,0
DA:805,0
DA:808,0
DA:809,0
DA:811,0
DA:823,0
DA:825,0
DA:826,0
DA:829,0
DA:830,0
DA:832,0
DA:844,0
DA:846,0
DA:847,0
DA:850,0
DA:853,0
DA:867,0
DA:869,0
DA:871,0
DA:873,0
DA:875,0
DA:877,0
DA:882,0
DA:883,0
DA:884,0
DA:888,0
DA:889,0
DA:890,0
DA:891,0
DA:895,0
DA:896,0
DA:897,0
DA:898,0
DA:902,0
DA:903,0
DA:904,0
DA:905,0
LF:273
LH:6
BRDA:20,0,0,0
BRDA:31,1,0,0
BRDA:65,2,0,0
BRDA:67,3,0,0
BRDA:71,4,0,0
BRDA:73,5,0,0
BRDA:87,6,0,0
BRDA:87,7,0,0
BRDA:87,7,1,0
BRDA:90,8,0,0
BRDA:97,9,0,0
BRDA:97,10,0,0
BRDA:97,10,1,0
BRDA:100,11,0,0
BRDA:103,12,0,0
BRDA:105,13,0,0
BRDA:116,14,0,0
BRDA:116,15,0,0
BRDA:116,15,1,0
BRDA:119,16,0,0
BRDA:147,17,0,0
BRDA:148,18,0,0
BRDA:149,19,0,0
BRDA:149,19,1,0
BRDA:150,20,0,0
BRDA:152,21,0,0
BRDA:152,21,1,0
BRDA:153,22,0,0
BRDA:155,23,0,0
BRDA:155,23,1,0
BRDA:156,24,0,0
BRDA:158,25,0,0
BRDA:159,26,0,0
BRDA:160,27,0,0
BRDA:161,28,0,0
BRDA:162,29,0,0
BRDA:163,30,0,0
BRDA:170,31,0,0
BRDA:171,32,0,0
BRDA:172,33,0,0
BRDA:173,34,0,0
BRDA:174,35,0,0
BRDA:175,36,0,0
BRDA:176,37,0,0
BRDA:176,37,1,0
BRDA:177,38,0,0
BRDA:177,39,0,0
BRDA:177,39,1,0
BRDA:179,40,0,0
BRDA:179,40,1,0
BRDA:180,41,0,0
BRDA:180,42,0,0
BRDA:180,42,1,0
BRDA:182,43,0,0
BRDA:182,43,1,0
BRDA:183,44,0,0
BRDA:183,45,0,0
BRDA:183,45,1,0
BRDA:189,46,0,0
BRDA:189,47,0,0
BRDA:193,48,0,0
BRDA:193,48,1,0
BRDA:194,49,0,0
BRDA:194,49,1,0
BRDA:196,50,0,0
BRDA:197,51,0,0
BRDA:197,52,0,0
BRDA:197,52,1,0
BRDA:198,53,0,0
BRDA:198,54,0,0
BRDA:198,54,1,0
BRDA:201,55,0,0
BRDA:202,56,0,0
BRDA:202,56,1,0
BRDA:202,57,0,0
BRDA:202,57,1,0
BRDA:205,58,0,0
BRDA:206,59,0,0
BRDA:209,60,0,0
BRDA:210,61,0,0
BRDA:211,62,0,0
BRDA:213,63,0,0
BRDA:214,64,0,0
BRDA:223,65,0,0
BRDA:229,66,0,0
BRDA:235,67,0,0
BRDA:237,68,0,0
BRDA:237,68,1,0
BRDA:267,69,0,0
BRDA:267,69,1,0
BRDA:276,70,0,0
BRDA:280,71,0,0
BRDA:280,71,1,0
BRDA:286,72,0,0
BRDA:288,73,0,0
BRDA:288,73,1,0
BRDA:300,74,0,0
BRDA:300,75,0,0
BRDA:300,75,1,0
BRDA:300,75,2,0
BRDA:305,76,0,0
BRDA:305,76,1,0
BRDA:310,77,0,0
BRDA:310,77,1,0
BRDA:316,78,0,0
BRDA:316,78,1,0
BRDA:319,79,0,0
BRDA:319,79,1,0
BRDA:339,80,0,0
BRDA:339,81,0,0
BRDA:339,81,1,0
BRDA:345,82,0,0
BRDA:351,83,0,0
BRDA:355,84,0,0
BRDA:360,85,0,0
BRDA:360,85,1,0
BRDA:361,86,0,0
BRDA:361,86,1,0
BRDA:465,87,0,0
BRDA:494,88,0,0
BRDA:494,88,1,0
BRDA:506,89,0,0
BRDA:506,89,1,0
BRDA:531,90,0,0
BRDA:538,91,0,0
BRDA:563,92,0,0
BRDA:563,92,1,0
BRDA:563,93,0,0
BRDA:563,93,1,0
BRDA:563,94,0,0
BRDA:563,94,1,0
BRDA:567,95,0,0
BRDA:573,96,0,0
BRDA:581,97,0,0
BRDA:581,98,0,0
BRDA:581,98,1,0
BRDA:603,99,0,0
BRDA:603,99,1,0
BRDA:617,100,0,0
BRDA:627,101,0,0
BRDA:627,102,0,0
BRDA:627,102,1,0
BRDA:633,103,0,0
BRDA:649,104,0,0
BRDA:649,104,1,0
BRDA:651,105,0,0
BRDA:651,105,1,0
BRDA:662,106,0,0
BRDA:667,107,0,0
BRDA:667,108,0,0
BRDA:667,108,1,0
BRDA:670,109,0,0
BRDA:680,110,0,0
BRDA:690,111,0,0
BRDA:691,112,0,0
BRDA:692,113,0,0
BRDA:693,114,0,0
BRDA:694,115,0,0
BRDA:695,116,0,0
BRDA:696,117,0,0
BRDA:697,118,0,0
BRDA:698,119,0,0
BRDA:699,120,0,0
BRDA:700,121,0,0
BRDA:726,122,0,0
BRDA:731,123,0,0
BRDA:759,124,0,0
BRDA:766,125,0,0
BRDA:766,125,1,0
BRDA:766,125,2,0
BRDA:766,125,3,0
BRDA:766,125,4,0
BRDA:768,126,0,0
BRDA:786,127,0,0
BRDA:808,128,0,0
BRDA:829,129,0,0
BRDA:867,130,0,0
BRDA:867,130,1,0
BRDA:867,130,2,0
BRDA:867,130,3,0
BRDA:867,130,4,0
BRDA:882,131,0,0
BRDA:888,132,0,0
BRDA:890,133,0,0
BRDA:890,133,1,0
BRDA:895,134,0,0
BRDA:897,135,0,0
BRDA:897,135,1,0
BRDA:897,136,0,0
BRDA:897,136,1,0
BRDA:902,137,0,0
BRDA:904,138,0,0
BRDA:904,138,1,0
BRDA:904,139,0,0
BRDA:904,139,1,0
BRF:195
BRH:0
end_of_record
TN:
SF:src/uif/analyses/analyses.controller.ts
FN:26,(anonymous_4)
FN:31,(anonymous_5)
FN:38,(anonymous_6)
FN:45,(anonymous_7)
FN:52,(anonymous_8)
FN:63,(anonymous_9)
FN:68,(anonymous_10)
FNF:7
FNH:0
FNDA:0,(anonymous_4)
FNDA:0,(anonymous_5)
FNDA:0,(anonymous_6)
FNDA:0,(anonymous_7)
FNDA:0,(anonymous_8)
FNDA:0,(anonymous_9)
FNDA:0,(anonymous_10)
DA:1,0
DA:13,0
DA:14,0
DA:15,0
DA:16,0
DA:17,0
DA:18,0
DA:19,0
DA:25,0
DA:26,0
DA:31,0
DA:32,0
DA:38,0
DA:39,0
DA:45,0
DA:46,0
DA:52,0
DA:57,0
DA:63,0
DA:64,0
DA:68,0
DA:69,0
LF:22
LH:0
BRDA:46,0,0,0
BRDA:46,0,1,0
BRDA:57,1,0,0
BRDA:57,1,1,0
BRDA:64,2,0,0
BRDA:64,2,1,0
BRDA:69,3,0,0
BRDA:69,3,1,0
BRF:8
BRH:0
end_of_record
TN:
SF:src/uif/clients/clients.controller.ts
FN:26,(anonymous_4)
FN:31,(anonymous_5)
FN:38,(anonymous_6)
FN:45,(anonymous_7)
FN:52,(anonymous_8)
FN:61,(anonymous_9)
FNF:6
FNH:0
FNDA:0,(anonymous_4)
FNDA:0,(anonymous_5)
FNDA:0,(anonymous_6)
FNDA:0,(anonymous_7)
FNDA:0,(anonymous_8)
FNDA:0,(anonymous_9)
DA:1,0
DA:12,0
DA:13,0
DA:14,0
DA:15,0
DA:16,0
DA:17,0
DA:18,0
DA:19,0
DA:25,0
DA:26,0
DA:31,0
DA:32,0
DA:38,0
DA:39,0
DA:45,0
DA:46,0
DA:52,0
DA:57,0
DA:61,0
DA:62,0
LF:21
LH:0
BRDA:46,0,0,0
BRDA:46,0,1,0
BRDA:57,1,0,0
BRDA:57,1,1,0
BRDA:62,2,0,0
BRDA:62,2,1,0
BRF:6
BRH:0
end_of_record
TN:
SF:src/uif/documents/documents.controller.ts
FN:27,(anonymous_4)
FN:32,(anonymous_5)
FN:39,(anonymous_6)
FN:46,(anonymous_7)
FN:53,(anonymous_8)
FN:64,(anonymous_9)
FN:73,(anonymous_10)
FN:84,(anonymous_11)
FN:87,(anonymous_12)
FNF:9
FNH:0
FNDA:0,(anonymous_4)
FNDA:0,(anonymous_5)
FNDA:0,(anonymous_6)
FNDA:0,(anonymous_7)
FNDA:0,(anonymous_8)
FNDA:0,(anonymous_9)
FNDA:0,(anonymous_10)
FNDA:0,(anonymous_11)
FNDA:0,(anonymous_12)
DA:1,0
DA:13,0
DA:14,0
DA:15,0
DA:16,0
DA:17,0
DA:18,0
DA:19,0
DA:20,0
DA:26,0
DA:27,0
DA:32,0
DA:33,0
DA:39,0
DA:40,0
DA:46,0
DA:47,0
DA:53,0
DA:58,0
DA:64,0
DA:69,0
DA:73,0
DA:74,0
DA:83,0
DA:84,0
DA:87,0
DA:88,0
LF:27
LH:0
BRDA:47,0,0,0
BRDA:47,0,1,0
BRDA:58,1,0,0
BRDA:58,1,1,0
BRDA:69,2,0,0
BRDA:69,2,1,0
BRDA:74,3,0,0
BRDA:74,3,1,0
BRF:8
BRH:0
end_of_record
