TN:
SF:src/app.controller.ts
FN:9,(anonymous_2)
FN:14,(anonymous_3)
FN:24,(anonymous_4)
FN:31,(anonymous_5)
FNF:4
FNH:0
FNDA:0,(anonymous_2)
FNDA:0,(anonymous_3)
FNDA:0,(anonymous_4)
FNDA:0,(anonymous_5)
DA:1,0
DA:2,0
DA:3,0
DA:4,0
DA:8,0
DA:9,0
DA:14,0
DA:15,0
DA:24,0
DA:25,0
DA:31,0
DA:32,0
LF:12
LH:0
BRF:0
BRH:0
end_of_record
TN:
SF:src/app.module.ts
FN:49,(anonymous_1)
FN:144,(anonymous_2)
FNF:2
FNH:0
FNDA:0,(anonymous_1)
FNDA:0,(anonymous_2)
DA:1,0
DA:2,0
DA:3,0
DA:4,0
DA:5,0
DA:6,0
DA:7,0
DA:8,0
DA:9,0
DA:10,0
DA:11,0
DA:12,0
DA:13,0
DA:14,0
DA:19,0
DA:20,0
DA:21,0
DA:22,0
DA:23,0
DA:24,0
DA:25,0
DA:26,0
DA:27,0
DA:29,0
DA:30,0
DA:31,0
DA:32,0
DA:33,0
DA:34,0
DA:35,0
DA:36,0
DA:38,0
DA:39,0
DA:40,0
DA:45,0
DA:46,0
DA:49,0
DA:50,0
DA:52,0
DA:54,0
DA:55,0
DA:64,0
DA:65,0
DA:143,0
DA:145,0
LF:45
LH:0
BRDA:52,0,0,0
BRF:1
BRH:0
end_of_record
TN:
SF:src/app.service.ts
FN:35,(anonymous_2)
FN:40,(anonymous_3)
FN:44,(anonymous_4)
FNF:3
FNH:0
FNDA:0,(anonymous_2)
FNDA:0,(anonymous_3)
FNDA:0,(anonymous_4)
DA:1,0
DA:2,0
DA:3,0
DA:34,0
DA:36,0
DA:37,0
DA:41,0
DA:45,0
DA:49,0
DA:50,0
DA:51,0
DA:52,0
DA:53,0
DA:55,0
DA:59,0
DA:60,0
DA:61,0
DA:65,0
DA:66,0
DA:68,0
DA:69,0
DA:72,0
LF:22
LH:0
BRDA:73,0,0,0
BRDA:73,0,1,0
BRF:2
BRH:0
end_of_record
TN:
SF:src/main.ts
FN:16,(anonymous_0)
FN:20,bootstrap
FN:62,(anonymous_2)
FN:99,(anonymous_3)
FN:100,(anonymous_4)
FN:139,(anonymous_5)
FN:169,(anonymous_6)
FNF:7
FNH:0
FNDA:0,(anonymous_0)
FNDA:0,bootstrap
FNDA:0,(anonymous_2)
FNDA:0,(anonymous_3)
FNDA:0,(anonymous_4)
FNDA:0,(anonymous_5)
FNDA:0,(anonymous_6)
DA:2,0
DA:3,0
DA:4,0
DA:5,0
DA:6,0
DA:7,0
DA:8,0
DA:9,0
DA:10,0
DA:11,0
DA:12,0
DA:13,0
DA:16,0
DA:17,0
DA:22,0
DA:24,0
DA:27,0
DA:28,0
DA:62,0
DA:63,0
DA:67,0
DA:71,0
DA:74,0
DA:78,0
DA:79,0
DA:80,0
DA:81,0
DA:84,0
DA:87,0
DA:91,0
DA:94,0
DA:100,0
DA:101,0
DA:103,0
DA:104,0
DA:109,0
DA:110,0
DA:113,0
DA:116,0
DA:119,0
DA:123,0
DA:124,0
DA:128,0
DA:129,0
DA:138,0
DA:143,0
DA:144,0
DA:147,0
DA:148,0
DA:150,0
DA:151,0
DA:160,0
DA:161,0
DA:162,0
DA:163,0
DA:164,0
DA:169,0
DA:170,0
DA:171,0
LF:59
LH:0
BRDA:29,0,0,0
BRDA:29,0,1,0
BRDA:101,1,0,0
BRDA:101,1,1,0
BRDA:123,2,0,0
BRDA:123,3,0,0
BRDA:123,3,1,0
BRDA:129,4,0,0
BRDA:129,4,1,0
BRDA:130,5,0,0
BRDA:130,5,1,0
BRDA:130,6,0,0
BRDA:130,6,1,0
BRDA:130,7,0,0
BRDA:130,7,1,0
BRDA:143,8,0,0
BRDA:147,9,0,0
BRDA:147,9,1,0
BRDA:160,10,0,0
BRDA:160,10,1,0
BRF:20
BRH:0
end_of_record
TN:
SF:src/auth/auth-logger.controller.ts
FN:29,(anonymous_4)
FN:40,(anonymous_5)
FN:61,(anonymous_6)
FN:87,(anonymous_7)
FN:114,(anonymous_8)
FNF:5
FNH:0
FNDA:0,(anonymous_4)
FNDA:0,(anonymous_5)
FNDA:0,(anonymous_6)
FNDA:0,(anonymous_7)
FNDA:0,(anonymous_8)
DA:1,0
DA:12,0
DA:19,0
DA:20,0
DA:21,0
DA:22,0
DA:23,0
DA:24,0
DA:28,0
DA:29,0
DA:40,0
DA:41,0
DA:43,0
DA:51,0
DA:61,0
DA:62,0
DA:63,0
DA:64,0
DA:67,0
DA:75,0
DA:87,0
DA:92,0
DA:94,0
DA:95,0
DA:98,0
DA:103,0
DA:114,0
DA:118,0
DA:120,0
DA:121,0
DA:127,0
DA:129,0
LF:32
LH:0
BRDA:41,0,0,0
BRDA:41,0,1,0
BRDA:41,1,0,0
BRDA:41,1,1,0
BRDA:41,2,0,0
BRDA:41,2,1,0
BRDA:41,3,0,0
BRDA:41,3,1,0
BRDA:41,4,0,0
BRDA:41,4,1,0
BRDA:48,5,0,0
BRDA:48,5,1,0
BRDA:63,6,0,0
BRDA:92,7,0,0
BRDA:92,7,1,0
BRDA:92,8,0,0
BRDA:92,8,1,0
BRDA:92,9,0,0
BRDA:92,9,1,0
BRDA:92,10,0,0
BRDA:92,10,1,0
BRDA:92,11,0,0
BRDA:92,11,1,0
BRDA:94,12,0,0
BRDA:100,13,0,0
BRDA:100,13,1,0
BRDA:118,14,0,0
BRDA:118,14,1,0
BRDA:118,15,0,0
BRDA:118,15,1,0
BRDA:118,16,0,0
BRDA:118,16,1,0
BRDA:118,17,0,0
BRDA:118,17,1,0
BRDA:118,18,0,0
BRDA:118,18,1,0
BRDA:120,19,0,0
BRF:37
BRH:0
end_of_record
TN:
SF:src/auth/auth-logger.service.ts
FN:9,(anonymous_2)
FN:18,(anonymous_3)
FN:57,(anonymous_4)
FN:87,(anonymous_5)
FNF:4
FNH:0
FNDA:0,(anonymous_2)
FNDA:0,(anonymous_3)
FNDA:0,(anonymous_4)
FNDA:0,(anonymous_5)
DA:1,0
DA:2,0
DA:3,0
DA:4,0
DA:5,0
DA:8,0
DA:10,0
DA:11,0
DA:25,0
DA:26,0
DA:38,0
DA:39,0
DA:49,0
DA:58,0
DA:59,0
DA:76,0
DA:78,0
DA:79,0
DA:88,0
DA:90,0
DA:91,0
DA:93,0
DA:107,0
DA:109,0
DA:110,0
LF:25
LH:0
BRDA:29,0,0,0
BRDA:29,0,1,0
BRDA:32,1,0,0
BRDA:32,1,1,0
BRDA:38,2,0,0
BRDA:45,3,0,0
BRDA:45,3,1,0
BRDA:49,4,0,0
BRDA:49,4,1,0
BRDA:57,5,0,0
BRDA:78,6,0,0
BRDA:78,6,1,0
BRDA:109,7,0,0
BRDA:109,7,1,0
BRF:14
BRH:0
end_of_record
TN:
SF:src/auth/auth.module.ts
FNF:0
FNH:0
DA:1,0
DA:2,0
DA:3,0
DA:4,0
DA:5,0
DA:6,0
DA:7,0
DA:8,0
DA:9,0
DA:10,0
DA:11,0
DA:12,0
DA:14,0
DA:15,0
DA:45,0
LF:15
LH:0
BRF:0
BRH:0
end_of_record
TN:
SF:src/auth/supabase.strategy.ts
FN:7,(anonymous_2)
FN:55,(anonymous_3)
FNF:2
FNH:0
FNDA:0,(anonymous_2)
FNDA:0,(anonymous_3)
DA:1,0
DA:2,0
DA:3,0
DA:6,0
DA:8,0
DA:10,0
DA:11,0
DA:15,0
DA:16,0
DA:23,0
DA:25,0
DA:26,0
DA:33,0
DA:34,0
DA:35,0
DA:36,0
DA:38,0
DA:41,0
DA:42,0
DA:48,0
DA:62,0
LF:21
LH:0
BRDA:10,0,0,0
BRDA:15,1,0,0
BRDA:25,2,0,0
BRDA:25,3,0,0
BRDA:25,3,1,0
BRDA:41,4,0,0
BRDA:66,5,0,0
BRDA:66,5,1,0
BRF:8
BRH:0
end_of_record
TN:
SF:src/auth/uif-supabase.strategy.ts
FN:9,(anonymous_2)
FN:26,(anonymous_3)
FNF:2
FNH:0
FNDA:0,(anonymous_2)
FNDA:0,(anonymous_3)
DA:2,0
DA:3,0
DA:4,0
DA:5,0
DA:8,0
DA:10,0
DA:12,0
DA:29,0
LF:8
LH:0
BRF:0
BRH:0
end_of_record
TN:
SF:src/auth/authorization/authorization.module.ts
FNF:0
FNH:0
DA:1,0
DA:2,0
DA:3,0
DA:4,0
DA:5,0
DA:6,0
DA:7,0
DA:9,0
DA:16,0
LF:9
LH:0
BRF:0
BRH:0
end_of_record
TN:
SF:src/auth/authorization/authorization.service.ts
FN:7,(anonymous_2)
FN:15,(anonymous_3)
FN:41,(anonymous_4)
FN:62,(anonymous_5)
FN:87,(anonymous_6)
FN:96,(anonymous_7)
FN:122,(anonymous_8)
FN:133,(anonymous_9)
FN:165,(anonymous_10)
FN:190,(anonymous_11)
FN:210,(anonymous_12)
FN:218,(anonymous_13)
FN:244,(anonymous_14)
FNF:13
FNH:12
FNDA:21,(anonymous_2)
FNDA:8,(anonymous_3)
FNDA:10,(anonymous_4)
FNDA:4,(anonymous_5)
FNDA:5,(anonymous_6)
FNDA:5,(anonymous_7)
FNDA:3,(anonymous_8)
FNDA:2,(anonymous_9)
FNDA:3,(anonymous_10)
FNDA:2,(anonymous_11)
FNDA:3,(anonymous_12)
FNDA:0,(anonymous_13)
FNDA:2,(anonymous_14)
DA:1,1
DA:2,1
DA:3,1
DA:6,1
DA:8,21
DA:9,21
DA:17,8
DA:22,8
DA:23,3
DA:27,5
DA:35,5
DA:45,10
DA:55,10
DA:67,4
DA:69,4
DA:72,4
DA:73,2
DA:77,2
DA:88,5
DA:91,5
DA:96,5
DA:100,5
DA:105,5
DA:107,2
DA:116,2
DA:117,1
DA:122,3
DA:127,5
DA:134,2
DA:136,2
DA:137,1
DA:140,1
DA:157,1
DA:167,3
DA:173,3
DA:174,3
DA:178,3
DA:179,1
DA:183,2
DA:184,2
DA:194,2
DA:196,2
DA:198,1
DA:209,1
DA:210,3
DA:219,0
DA:236,0
DA:251,2
DA:256,2
DA:257,0
DA:261,2
DA:262,2
DA:263,1
DA:267,1
DA:287,1
DA:294,1
DA:296,1
DA:306,1
DA:307,1
DA:311,1
DA:313,1
DA:322,0
DA:325,1
LF:63
LH:59
BRDA:22,0,0,3
BRDA:55,1,0,10
BRDA:55,1,1,3
BRDA:55,2,0,3
BRDA:55,2,1,7
BRDA:55,3,0,10
BRDA:55,3,1,7
BRDA:69,4,0,0
BRDA:72,5,0,2
BRDA:72,6,0,4
BRDA:72,6,1,3
BRDA:105,7,0,2
BRDA:136,8,0,1
BRDA:173,9,0,3
BRDA:173,10,0,0
BRDA:173,10,1,3
BRDA:173,11,0,3
BRDA:173,11,1,3
BRDA:178,12,0,1
BRDA:196,13,0,1
BRDA:210,14,0,1
BRDA:210,14,1,0
BRDA:210,15,0,0
BRDA:210,15,1,1
BRDA:210,16,0,1
BRDA:210,16,1,1
BRDA:210,17,0,3
BRDA:210,17,1,0
BRDA:256,18,0,0
BRDA:256,19,0,2
BRDA:256,19,1,2
BRDA:262,20,0,1
BRDA:294,21,0,1
BRDA:311,22,0,1
BRDA:311,22,1,0
BRDA:311,23,0,0
BRDA:311,23,1,1
BRDA:311,24,0,1
BRDA:311,24,1,1
BRF:39
BRH:31
end_of_record
TN:
SF:src/auth/authorization/index.ts
FN:1,(anonymous_0)
FN:2,(anonymous_1)
FN:3,(anonymous_2)
FN:4,(anonymous_3)
FN:5,(anonymous_4)
FN:6,(anonymous_5)
FN:7,(anonymous_6)
FN:7,(anonymous_7)
FN:7,(anonymous_8)
FNF:9
FNH:0
FNDA:0,(anonymous_0)
FNDA:0,(anonymous_1)
FNDA:0,(anonymous_2)
FNDA:0,(anonymous_3)
FNDA:0,(anonymous_4)
FNDA:0,(anonymous_5)
FNDA:0,(anonymous_6)
FNDA:0,(anonymous_7)
FNDA:0,(anonymous_8)
DA:1,0
DA:2,0
DA:3,0
DA:4,0
DA:5,0
DA:6,0
DA:7,0
LF:7
LH:0
BRF:0
BRH:0
end_of_record
TN:
SF:src/auth/authorization/permissions.decorator.ts
FN:9,(anonymous_0)
FNF:1
FNH:0
FNDA:0,(anonymous_0)
DA:1,0
DA:3,0
DA:9,0
DA:10,0
LF:4
LH:0
BRF:0
BRH:0
end_of_record
TN:
SF:src/auth/authorization/roles.constants.ts
FN:61,roleHasPermission
FNF:1
FNH:0
FNDA:0,roleHasPermission
DA:4,0
DA:14,0
DA:32,0
DA:61,0
DA:62,0
DA:63,0
LF:6
LH:0
BRDA:62,0,0,0
BRDA:62,0,1,0
BRF:2
BRH:0
end_of_record
TN:
SF:src/auth/authorization/roles.decorator.ts
FN:9,(anonymous_0)
FNF:1
FNH:0
FNDA:0,(anonymous_0)
DA:1,0
DA:3,0
DA:9,0
LF:3
LH:0
BRF:0
BRH:0
end_of_record
TN:
SF:src/auth/decorators/current-user.decorator.ts
FN:4,(anonymous_0)
FNF:1
FNH:0
FNDA:0,(anonymous_0)
DA:1,0
DA:3,0
DA:5,0
DA:6,0
LF:4
LH:0
BRF:0
BRH:0
end_of_record
TN:
SF:src/auth/decorators/permissions.decorator.ts
FN:4,(anonymous_0)
FNF:1
FNH:0
FNDA:0,(anonymous_0)
DA:1,0
DA:3,0
DA:4,0
DA:5,0
LF:4
LH:0
BRF:0
BRH:0
end_of_record
TN:
SF:src/auth/dto/log-auth-event.dto.ts
FN:4,(anonymous_2)
FNF:1
FNH:0
FNDA:0,(anonymous_2)
DA:1,0
DA:2,0
DA:4,0
DA:5,0
DA:6,0
DA:7,0
DA:8,0
DA:9,0
DA:10,0
DA:11,0
DA:13,0
DA:14,0
DA:15,0
DA:16,0
DA:19,0
DA:26,0
DA:34,0
DA:42,0
DA:50,0
LF:19
LH:0
BRDA:4,0,0,0
BRDA:4,0,1,0
BRF:2
BRH:0
end_of_record
TN:
SF:src/common/all-exceptions.filter.ts
FN:20,(anonymous_1)
FN:23,(anonymous_2)
FNF:2
FNH:0
FNDA:0,(anonymous_1)
FNDA:0,(anonymous_2)
DA:1,0
DA:3,0
DA:20,0
DA:21,0
DA:24,0
DA:25,0
DA:26,0
DA:28,0
DA:32,0
DA:38,0
DA:40,0
DA:42,0
DA:45,0
DA:56,0
DA:59,0
DA:64,0
DA:69,0
DA:81,0
LF:18
LH:0
BRDA:28,0,0,0
BRDA:28,0,1,0
BRDA:32,1,0,0
BRDA:32,1,1,0
BRDA:40,2,0,0
BRDA:40,3,0,0
BRDA:40,3,1,0
BRDA:42,4,0,0
BRDA:42,4,1,0
BRDA:52,5,0,0
BRDA:52,5,1,0
BRDA:59,6,0,0
BRDA:59,6,1,0
BRDA:59,7,0,0
BRDA:59,7,1,0
BRDA:64,8,0,0
BRDA:64,8,1,0
BRDA:64,9,0,0
BRDA:64,9,1,0
BRF:19
BRH:0
end_of_record
TN:
SF:src/common/privacy.helper.ts
FN:10,maskEmail
FN:30,maskDni
FN:42,maskPhone
FN:56,maskName
FN:60,(anonymous_4)
FNF:5
FNH:0
FNDA:0,maskEmail
FNDA:0,maskDni
FNDA:0,maskPhone
FNDA:0,maskName
FNDA:0,(anonymous_4)
DA:10,0
DA:11,0
DA:13,0
DA:14,0
DA:16,0
DA:17,0
DA:19,0
DA:20,0
DA:23,0
DA:30,0
DA:31,0
DA:33,0
DA:35,0
DA:42,0
DA:43,0
DA:46,0
DA:47,0
DA:49,0
DA:56,0
DA:57,0
DA:59,0
DA:60,0
DA:66,0
LF:23
LH:0
BRDA:11,0,0,0
BRDA:11,1,0,0
BRDA:11,1,1,0
BRDA:14,2,0,0
BRDA:19,3,0,0
BRDA:31,4,0,0
BRDA:31,5,0,0
BRDA:31,5,1,0
BRDA:33,6,0,0
BRDA:43,7,0,0
BRDA:43,8,0,0
BRDA:43,8,1,0
BRDA:47,9,0,0
BRDA:57,10,0,0
BRDA:57,11,0,0
BRDA:57,11,1,0
BRDA:60,12,0,0
BRDA:60,12,1,0
BRDA:60,13,0,0
BRDA:60,13,1,0
BRF:20
BRH:0
end_of_record
TN:
SF:src/common/sanitize.helper.ts
FN:8,sanitizeString
FN:40,sanitizeObject
FN:50,(anonymous_2)
FN:82,sanitizeHTML
FN:100,maskEmail
FN:117,maskPII
FNF:6
FNH:0
FNDA:0,sanitizeString
FNDA:0,sanitizeObject
FNDA:0,(anonymous_2)
FNDA:0,sanitizeHTML
FNDA:0,maskEmail
FNDA:0,maskPII
DA:2,1
DA:8,1
DA:9,0
DA:10,0
DA:13,0
DA:20,0
DA:27,0
DA:30,0
DA:31,0
DA:33,0
DA:40,1
DA:41,0
DA:42,0
DA:45,0
DA:46,0
DA:49,0
DA:50,0
DA:53,0
DA:54,0
DA:56,0
DA:58,0
DA:59,0
DA:63,0
DA:66,0
DA:67,0
DA:70,0
DA:72,0
DA:75,0
DA:82,1
DA:83,0
DA:84,0
DA:86,0
DA:100,1
DA:101,0
DA:103,0
DA:104,0
DA:106,0
DA:110,0
DA:117,1
DA:118,0
DA:119,0
DA:121,0
DA:122,0
LF:43
LH:6
BRDA:9,0,0,0
BRDA:10,1,0,0
BRDA:10,2,0,0
BRDA:10,2,1,0
BRDA:41,3,0,0
BRDA:41,4,0,0
BRDA:41,4,1,0
BRDA:45,5,0,0
BRDA:49,6,0,0
BRDA:53,7,0,0
BRDA:58,8,0,0
BRDA:58,9,0,0
BRDA:58,9,1,0
BRDA:58,9,2,0
BRDA:66,10,0,0
BRDA:66,11,0,0
BRDA:66,11,1,0
BRDA:83,12,0,0
BRDA:84,13,0,0
BRDA:84,14,0,0
BRDA:84,14,1,0
BRDA:101,15,0,0
BRDA:101,16,0,0
BRDA:101,16,1,0
BRDA:104,17,0,0
BRDA:106,18,0,0
BRDA:106,18,1,0
BRDA:118,19,0,0
BRDA:121,20,0,0
BRF:29
BRH:0
end_of_record
TN:
SF:src/common/secure-logger.service.ts
FN:8,(anonymous_1)
FN:21,(anonymous_2)
FN:35,(anonymous_3)
FN:41,(anonymous_4)
FN:58,(anonymous_5)
FN:67,(anonymous_6)
FN:71,(anonymous_7)
FN:87,(anonymous_8)
FN:91,(anonymous_9)
FN:97,(anonymous_10)
FNF:10
FNH:0
FNDA:0,(anonymous_1)
FNDA:0,(anonymous_2)
FNDA:0,(anonymous_3)
FNDA:0,(anonymous_4)
FNDA:0,(anonymous_5)
FNDA:0,(anonymous_6)
FNDA:0,(anonymous_7)
FNDA:0,(anonymous_8)
FNDA:0,(anonymous_9)
FNDA:0,(anonymous_10)
DA:5,0
DA:8,0
DA:9,0
DA:16,0
DA:23,0
DA:25,0
DA:27,0
DA:29,0
DA:32,0
DA:34,0
DA:35,0
DA:38,0
DA:39,0
DA:40,0
DA:41,0
DA:42,0
DA:43,0
DA:44,0
DA:45,0
DA:47,0
DA:49,0
DA:52,0
DA:59,0
DA:68,0
DA:72,0
DA:80,0
DA:81,0
DA:84,0
DA:88,0
DA:92,0
DA:93,0
DA:98,0
DA:99,0
LF:33
LH:0
BRDA:21,0,0,0
BRDA:23,1,0,0
BRDA:25,2,0,0
BRDA:25,3,0,0
BRDA:25,3,1,0
BRDA:27,4,0,0
BRDA:32,5,0,0
BRDA:34,6,0,0
BRDA:41,7,0,0
BRDA:41,7,1,0
BRDA:43,8,0,0
BRDA:43,8,1,0
BRDA:45,9,0,0
BRDA:45,9,1,0
BRDA:62,10,0,0
BRDA:62,10,1,0
BRDA:75,11,0,0
BRDA:75,11,1,0
BRDA:80,12,0,0
BRDA:80,13,0,0
BRDA:80,13,1,0
BRDA:92,14,0,0
BRDA:98,15,0,0
BRF:23
BRH:0
end_of_record
TN:
SF:src/common/decorators/api-response-wrapper.decorator.ts
FN:26,(anonymous_0)
FN:65,(anonymous_1)
FN:100,(anonymous_2)
FN:154,(anonymous_3)
FNF:4
FNH:0
FNDA:0,(anonymous_0)
FNDA:0,(anonymous_1)
FNDA:0,(anonymous_2)
FNDA:0,(anonymous_3)
DA:1,0
DA:2,0
DA:3,0
DA:26,0
DA:30,0
DA:65,0
DA:68,0
DA:100,0
DA:103,0
DA:154,0
DA:155,0
LF:11
LH:0
BRDA:28,0,0,0
BRDA:40,1,0,0
BRDA:40,1,1,0
BRF:3
BRH:0
end_of_record
TN:
SF:src/common/dto/api-response.dto.ts
FN:99,(anonymous_2)
FN:112,(anonymous_3)
FN:95,(anonymous_4)
FN:164,(anonymous_5)
FN:160,(anonymous_6)
FN:211,(anonymous_7)
FNF:6
FNH:0
FNDA:0,(anonymous_2)
FNDA:0,(anonymous_3)
FNDA:0,(anonymous_4)
FNDA:0,(anonymous_5)
FNDA:0,(anonymous_6)
FNDA:0,(anonymous_7)
DA:1,0
DA:7,0
DA:12,0
DA:19,0
DA:26,0
DA:33,0
DA:40,0
DA:47,0
DA:73,0
DA:78,0
DA:85,0
DA:91,0
DA:95,0
DA:97,0
DA:100,0
DA:101,0
DA:102,0
DA:117,0
DA:125,0
DA:130,0
DA:136,0
DA:142,0
DA:149,0
DA:156,0
DA:160,0
DA:162,0
DA:171,0
DA:172,0
DA:173,0
DA:174,0
DA:175,0
DA:187,0
DA:189,0
DA:192,0
DA:195,0
DA:198,0
DA:201,0
DA:204,0
DA:207,0
DA:209,0
DA:211,0
DA:212,0
LF:42
LH:0
BRF:0
BRH:0
end_of_record
TN:
SF:src/common/dto/catalog-response.dto.ts
FNF:0
FNH:0
DA:1,0
DA:7,0
DA:12,0
DA:18,0
DA:25,0
DA:32,0
DA:38,0
LF:7
LH:0
BRF:0
BRH:0
end_of_record
TN:
SF:src/common/dto/success-response.dto.ts
FNF:0
FNH:0
DA:1,0
DA:3,0
DA:5,0
DA:8,0
LF:4
LH:0
BRF:0
BRH:0
end_of_record
TN:
SF:src/common/guards/brute-force.guard.ts
FN:43,(anonymous_4)
FN:50,(anonymous_5)
FN:59,(anonymous_6)
FN:86,(anonymous_7)
FN:94,(anonymous_8)
FN:127,(anonymous_9)
FN:146,(anonymous_10)
FN:154,(anonymous_11)
FN:163,(anonymous_12)
FN:172,(anonymous_13)
FN:193,(anonymous_14)
FN:228,(anonymous_15)
FN:246,(anonymous_16)
FNF:13
FNH:0
FNDA:0,(anonymous_4)
FNDA:0,(anonymous_5)
FNDA:0,(anonymous_6)
FNDA:0,(anonymous_7)
FNDA:0,(anonymous_8)
FNDA:0,(anonymous_9)
FNDA:0,(anonymous_10)
FNDA:0,(anonymous_11)
FNDA:0,(anonymous_12)
FNDA:0,(anonymous_13)
FNDA:0,(anonymous_14)
FNDA:0,(anonymous_15)
FNDA:0,(anonymous_16)
DA:1,0
DA:11,0
DA:13,0
DA:27,0
DA:28,0
DA:31,0
DA:32,0
DA:35,0
DA:36,0
DA:37,0
DA:38,0
DA:41,0
DA:44,0
DA:51,0
DA:59,0
DA:60,0
DA:61,0
DA:64,0
DA:65,0
DA:67,0
DA:69,0
DA:70,0
DA:72,0
DA:73,0
DA:74,0
DA:78,0
DA:79,0
DA:87,0
DA:95,0
DA:96,0
DA:98,0
DA:101,0
DA:102,0
DA:103,0
DA:106,0
DA:116,0
DA:121,0
DA:128,0
DA:129,0
DA:131,0
DA:133,0
DA:134,0
DA:135,0
DA:140,0
DA:147,0
DA:148,0
DA:155,0
DA:156,0
DA:157,0
DA:164,0
DA:165,0
DA:166,0
DA:173,0
DA:175,0
DA:176,0
DA:179,0
DA:180,0
DA:181,0
DA:183,0
DA:184,0
DA:185,0
DA:194,0
DA:196,0
DA:198,0
DA:200,0
DA:201,0
DA:202,0
DA:205,0
DA:206,0
DA:209,0
DA:210,0
DA:212,0
DA:213,0
DA:215,0
DA:216,0
DA:217,0
DA:218,0
DA:221,0
DA:229,0
DA:231,0
DA:232,0
DA:233,0
DA:236,0
DA:237,0
DA:239,0
DA:247,0
DA:248,0
LF:87
LH:0
BRDA:60,0,0,0
BRDA:60,1,0,0
BRDA:60,1,1,0
BRDA:69,2,0,0
BRDA:69,2,1,0
BRDA:70,3,0,0
BRDA:70,3,1,0
BRDA:72,4,0,0
BRDA:72,5,0,0
BRDA:72,5,1,0
BRDA:78,6,0,0
BRDA:101,7,0,0
BRDA:101,8,0,0
BRDA:101,8,1,0
BRDA:101,9,0,0
BRDA:101,9,1,0
BRDA:102,10,0,0
BRDA:102,10,1,0
BRDA:129,11,0,0
BRDA:129,11,1,0
BRDA:133,12,0,0
BRDA:155,13,0,0
BRDA:155,13,1,0
BRDA:155,13,2,0
BRDA:155,14,0,0
BRDA:155,14,1,0
BRDA:155,15,0,0
BRDA:155,15,1,0
BRDA:156,16,0,0
BRDA:156,16,1,0
BRDA:156,16,2,0
BRDA:156,17,0,0
BRDA:156,17,1,0
BRDA:156,18,0,0
BRDA:156,18,1,0
BRDA:156,19,0,0
BRDA:156,19,1,0
BRDA:156,20,0,0
BRDA:156,20,1,0
BRDA:165,21,0,0
BRDA:165,21,1,0
BRDA:175,22,0,0
BRDA:176,23,0,0
BRDA:176,23,1,0
BRDA:181,24,0,0
BRDA:181,24,1,0
BRDA:185,25,0,0
BRDA:185,25,1,0
BRDA:196,26,0,0
BRDA:198,27,0,0
BRDA:201,28,0,0
BRDA:215,29,0,0
BRDA:217,30,0,0
BRDA:231,31,0,0
BRF:54
BRH:0
end_of_record
TN:
SF:src/common/guards/global-permissions.guard.ts
FN:13,(anonymous_2)
FN:18,(anonymous_3)
FN:46,(anonymous_4)
FN:47,(anonymous_5)
FNF:4
FNH:0
FNDA:0,(anonymous_2)
FNDA:0,(anonymous_3)
FNDA:0,(anonymous_4)
FNDA:0,(anonymous_5)
DA:1,0
DA:7,0
DA:8,0
DA:9,0
DA:12,0
DA:14,0
DA:15,0
DA:20,0
DA:26,0
DA:27,0
DA:31,0
DA:32,0
DA:34,0
DA:35,0
DA:39,0
DA:46,0
DA:47,0
DA:50,0
DA:51,0
DA:56,0
LF:20
LH:0
BRDA:26,0,0,0
BRDA:26,1,0,0
BRDA:26,1,1,0
BRDA:34,2,0,0
BRDA:34,3,0,0
BRDA:34,3,1,0
BRDA:34,4,0,0
BRDA:34,4,1,0
BRDA:50,5,0,0
BRF:9
BRH:0
end_of_record
TN:
SF:src/common/guards/logging-throttler.guard.ts
FN:12,(anonymous_2)
FN:25,(anonymous_3)
FNF:2
FNH:0
FNDA:0,(anonymous_2)
FNDA:0,(anonymous_3)
DA:1,0
DA:2,0
DA:3,0
DA:6,0
DA:8,0
DA:13,0
DA:16,0
DA:17,0
DA:21,0
DA:22,0
DA:26,0
DA:28,0
DA:34,0
DA:35,0
DA:44,0
DA:48,0
LF:16
LH:0
BRDA:16,0,0,0
BRDA:16,1,0,0
BRDA:16,1,1,0
BRDA:16,2,0,0
BRDA:16,2,1,0
BRDA:21,3,0,0
BRDA:21,3,1,0
BRDA:21,4,0,0
BRDA:21,4,1,0
BRDA:21,5,0,0
BRDA:21,5,1,0
BRDA:28,6,0,0
BRDA:28,6,1,0
BRDA:28,7,0,0
BRDA:28,7,1,0
BRDA:28,8,0,0
BRDA:28,8,1,0
BRDA:40,9,0,0
BRDA:40,9,1,0
BRDA:40,10,0,0
BRDA:40,10,1,0
BRDA:40,11,0,0
BRDA:40,11,1,0
BRDA:41,12,0,0
BRDA:41,12,1,0
BRDA:41,12,2,0
BRDA:41,13,0,0
BRDA:41,13,1,0
BRDA:41,14,0,0
BRDA:41,14,1,0
BRF:30
BRH:0
end_of_record
TN:
SF:src/common/guards/mfa.guard.ts
FN:14,(anonymous_1)
FNF:1
FNH:0
FNDA:0,(anonymous_1)
DA:1,0
DA:13,0
DA:15,0
DA:16,0
DA:18,0
DA:19,0
DA:23,0
DA:25,0
DA:26,0
DA:31,0
LF:10
LH:0
BRDA:18,0,0,0
BRDA:23,1,0,0
BRDA:23,1,1,0
BRDA:25,2,0,0
BRF:4
BRH:0
end_of_record
TN:
SF:src/common/guards/minuta-project-access.guard.ts
FN:13,(anonymous_2)
FN:18,(anonymous_3)
FNF:2
FNH:0
FNDA:0,(anonymous_2)
FNDA:0,(anonymous_3)
DA:1,0
DA:8,0
DA:9,0
DA:12,0
DA:14,0
DA:15,0
DA:19,0
DA:20,0
DA:22,0
DA:23,0
DA:27,0
DA:29,0
DA:31,0
DA:35,0
DA:39,0
DA:40,0
DA:44,0
DA:48,0
DA:51,0
DA:55,0
DA:60,0
DA:61,0
DA:66,0
LF:23
LH:0
BRDA:22,0,0,0
BRDA:22,1,0,0
BRDA:22,1,1,0
BRDA:22,2,0,0
BRDA:22,2,1,0
BRDA:27,3,0,0
BRDA:27,3,1,0
BRDA:29,4,0,0
BRDA:39,5,0,0
BRDA:48,6,0,0
BRDA:60,7,0,0
BRF:11
BRH:0
end_of_record
TN:
SF:src/common/guards/project-access.guard.ts
FN:15,(anonymous_2)
FN:17,(anonymous_3)
FNF:2
FNH:0
FNDA:0,(anonymous_2)
FNDA:0,(anonymous_3)
DA:1,0
DA:7,0
DA:14,0
DA:15,0
DA:18,0
DA:19,0
DA:21,0
DA:22,0
DA:27,0
DA:32,0
DA:33,0
DA:36,0
DA:41,0
DA:42,0
DA:47,0
LF:15
LH:0
BRDA:19,0,0,0
BRDA:19,0,1,0
BRDA:19,1,0,0
BRDA:19,1,1,0
BRDA:21,2,0,0
BRDA:27,3,0,0
BRDA:27,3,1,0
BRDA:27,3,2,0
BRDA:29,4,0,0
BRDA:29,4,1,0
BRDA:29,5,0,0
BRDA:29,5,1,0
BRDA:32,6,0,0
BRDA:41,7,0,0
BRF:14
BRH:0
end_of_record
TN:
SF:src/common/guards/project-permissions.guard.ts
FN:19,(anonymous_2)
FN:24,(anonymous_3)
FN:69,(anonymous_4)
FNF:3
FNH:0
FNDA:0,(anonymous_2)
FNDA:0,(anonymous_3)
FNDA:0,(anonymous_4)
DA:1,0
DA:8,0
DA:9,0
DA:10,0
DA:11,0
DA:18,0
DA:20,0
DA:21,0
DA:26,0
DA:32,0
DA:33,0
DA:36,0
DA:37,0
DA:39,0
DA:40,0
DA:45,0
DA:49,0
DA:50,0
DA:56,0
DA:61,0
DA:62,0
DA:66,0
DA:69,0
DA:70,0
DA:73,0
DA:74,0
DA:79,0
LF:27
LH:0
BRDA:32,0,0,0
BRDA:32,1,0,0
BRDA:32,1,1,0
BRDA:37,2,0,0
BRDA:37,2,1,0
BRDA:37,3,0,0
BRDA:37,3,1,0
BRDA:39,4,0,0
BRDA:45,5,0,0
BRDA:45,5,1,0
BRDA:45,5,2,0
BRDA:47,6,0,0
BRDA:47,6,1,0
BRDA:47,7,0,0
BRDA:47,7,1,0
BRDA:49,8,0,0
BRDA:61,9,0,0
BRDA:66,10,0,0
BRDA:66,10,1,0
BRDA:73,11,0,0
BRF:20
BRH:0
end_of_record
TN:
SF:src/common/guards/roles.guard.ts
FN:17,(anonymous_2)
FN:22,(anonymous_3)
FNF:2
FNH:0
FNDA:0,(anonymous_2)
FNDA:0,(anonymous_3)
DA:1,0
DA:7,0
DA:8,0
DA:9,0
DA:16,0
DA:18,0
DA:19,0
DA:24,0
DA:30,0
DA:31,0
DA:34,0
DA:35,0
DA:37,0
DA:38,0
DA:43,0
DA:47,0
DA:49,0
DA:55,0
DA:56,0
DA:62,0
DA:63,0
DA:67,0
LF:22
LH:0
BRDA:30,0,0,0
BRDA:30,1,0,0
BRDA:30,1,1,0
BRDA:35,2,0,0
BRDA:35,2,1,0
BRDA:35,3,0,0
BRDA:35,3,1,0
BRDA:37,4,0,0
BRDA:43,5,0,0
BRDA:43,5,1,0
BRDA:43,5,2,0
BRDA:45,6,0,0
BRDA:45,6,1,0
BRDA:45,7,0,0
BRDA:45,7,1,0
BRDA:47,8,0,0
BRDA:62,9,0,0
BRF:17
BRH:0
end_of_record
TN:
SF:src/common/guards/supabase-auth.guard.ts
FNF:0
FNH:0
DA:1,0
DA:2,0
DA:5,0
LF:3
LH:0
BRF:0
BRH:0
end_of_record
TN:
SF:src/common/guards/uif-auth.guard.ts
FNF:0
FNH:0
DA:2,0
DA:3,0
DA:6,0
LF:3
LH:0
BRF:0
BRH:0
end_of_record
TN:
SF:src/common/interceptors/api-response.interceptor.ts
FN:29,(anonymous_1)
FN:34,(anonymous_2)
FNF:2
FNH:0
FNDA:0,(anonymous_1)
FNDA:0,(anonymous_2)
DA:1,0
DA:8,0
DA:9,0
DA:28,0
DA:30,0
DA:31,0
DA:33,0
DA:36,0
DA:37,0
DA:42,0
DA:43,0
DA:47,0
DA:50,0
LF:13
LH:0
BRDA:36,0,0,0
BRDA:36,1,0,0
BRDA:36,1,1,0
BRDA:36,2,0,0
BRDA:36,2,1,0
BRDA:36,3,0,0
BRDA:36,3,1,0
BRDA:42,4,0,0
BRDA:42,5,0,0
BRDA:42,5,1,0
BRF:10
BRH:0
end_of_record
TN:
SF:src/common/interceptors/brute-force.interceptor.ts
FN:17,(anonymous_2)
FN:19,(anonymous_3)
FN:21,(anonymous_4)
FNF:3
FNH:0
FNDA:0,(anonymous_2)
FNDA:0,(anonymous_3)
FNDA:0,(anonymous_4)
DA:1,0
DA:8,0
DA:9,0
DA:16,0
DA:17,0
DA:20,0
DA:22,0
DA:26,0
DA:28,0
LF:9
LH:0
BRF:0
BRH:0
end_of_record
TN:
SF:src/common/interceptors/csrf.interceptor.ts
FN:27,(anonymous_2)
FN:36,(anonymous_3)
FN:39,(anonymous_4)
FN:121,(anonymous_5)
FN:153,(anonymous_6)
FN:160,(anonymous_7)
FNF:6
FNH:0
FNDA:0,(anonymous_2)
FNDA:0,(anonymous_3)
FNDA:0,(anonymous_4)
FNDA:0,(anonymous_5)
FNDA:0,(anonymous_6)
FNDA:0,(anonymous_7)
DA:1,0
DA:10,0
DA:18,0
DA:19,0
DA:20,0
DA:21,0
DA:22,0
DA:28,0
DA:36,0
DA:40,0
DA:41,0
DA:42,0
DA:45,0
DA:47,0
DA:51,0
DA:52,0
DA:55,0
DA:56,0
DA:59,0
DA:60,0
DA:63,0
DA:67,0
DA:68,0
DA:69,0
DA:70,0
DA:76,0
DA:84,0
DA:86,0
DA:87,0
DA:92,0
DA:93,0
DA:101,0
DA:102,0
DA:110,0
DA:112,0
DA:122,0
DA:123,0
DA:127,0
DA:128,0
DA:132,0
DA:133,0
DA:137,0
DA:138,0
DA:139,0
DA:140,0
DA:141,0
DA:143,0
DA:147,0
DA:154,0
DA:161,0
LF:50
LH:0
BRDA:28,0,0,0
BRDA:28,0,1,0
BRDA:29,1,0,0
BRDA:29,1,1,0
BRDA:29,2,0,0
BRDA:29,2,1,0
BRDA:29,3,0,0
BRDA:29,3,1,0
BRDA:47,4,0,0
BRDA:55,5,0,0
BRDA:55,5,1,0
BRDA:55,6,0,0
BRDA:55,6,1,0
BRDA:60,7,0,0
BRDA:60,7,1,0
BRDA:60,8,0,0
BRDA:60,8,1,0
BRDA:67,9,0,0
BRDA:67,10,0,0
BRDA:67,10,1,0
BRDA:67,10,2,0
BRDA:69,11,0,0
BRDA:72,12,0,0
BRDA:72,12,1,0
BRDA:73,13,0,0
BRDA:73,13,1,0
BRDA:84,14,0,0
BRDA:84,15,0,0
BRDA:84,15,1,0
BRDA:84,15,2,0
BRDA:84,15,3,0
BRDA:86,16,0,0
BRDA:86,17,0,0
BRDA:86,17,1,0
BRDA:92,18,0,0
BRDA:127,19,0,0
BRDA:127,20,0,0
BRDA:127,20,1,0
BRDA:132,21,0,0
BRDA:137,22,0,0
BRF:40
BRH:0
end_of_record
TN:
SF:src/common/interceptors/etag.interceptor.ts
FN:19,(anonymous_1)
FN:29,(anonymous_2)
FN:54,(anonymous_3)
FNF:3
FNH:0
FNDA:0,(anonymous_1)
FNDA:0,(anonymous_2)
FNDA:0,(anonymous_3)
DA:1,0
DA:8,0
DA:9,0
DA:18,0
DA:20,0
DA:21,0
DA:24,0
DA:25,0
DA:28,0
DA:31,0
DA:32,0
DA:36,0
DA:37,0
DA:40,0
DA:41,0
DA:42,0
DA:46,0
DA:47,0
DA:49,0
DA:55,0
DA:56,0
DA:57,0
LF:22
LH:0
BRDA:24,0,0,0
BRDA:31,1,0,0
BRDA:31,2,0,0
BRDA:31,2,1,0
BRDA:40,3,0,0
BRDA:40,4,0,0
BRDA:40,4,1,0
BRF:7
BRH:0
end_of_record
TN:
SF:src/common/interceptors/performance.interceptor.ts
FN:25,(anonymous_1)
FN:28,(anonymous_2)
FN:35,(anonymous_3)
FN:59,(anonymous_4)
FN:87,(anonymous_5)
FN:100,(anonymous_6)
FN:117,(anonymous_7)
FNF:7
FNH:0
FNDA:0,(anonymous_1)
FNDA:0,(anonymous_2)
FNDA:0,(anonymous_3)
FNDA:0,(anonymous_4)
FNDA:0,(anonymous_5)
FNDA:0,(anonymous_6)
FNDA:0,(anonymous_7)
DA:1,0
DA:9,0
DA:20,0
DA:22,0
DA:25,0
DA:26,0
DA:29,0
DA:30,0
DA:31,0
DA:32,0
DA:34,0
DA:36,0
DA:37,0
DA:38,0
DA:41,0
DA:44,0
DA:45,0
DA:48,0
DA:49,0
DA:53,0
DA:61,0
DA:62,0
DA:65,0
DA:66,0
DA:67,0
DA:70,0
DA:78,0
DA:79,0
DA:80,0
DA:81,0
DA:82,0
DA:84,0
DA:89,0
DA:91,0
DA:101,0
DA:103,0
DA:104,0
DA:111,0
DA:118,0
LF:39
LH:0
BRDA:44,0,0,0
BRDA:44,0,1,0
BRDA:48,1,0,0
BRDA:48,1,1,0
BRDA:65,2,0,0
BRDA:65,3,0,0
BRDA:65,3,1,0
BRDA:67,4,0,0
BRDA:70,5,0,0
BRDA:70,5,1,0
BRDA:82,6,0,0
BRDA:107,7,0,0
BRDA:107,7,1,0
BRF:13
BRH:0
end_of_record
TN:
SF:src/common/interceptors/prisma-retry.interceptor.ts
FN:12,(anonymous_1)
FN:16,(anonymous_2)
FN:20,(anonymous_3)
FN:27,(anonymous_4)
FN:33,(anonymous_5)
FNF:5
FNH:0
FNDA:0,(anonymous_1)
FNDA:0,(anonymous_2)
FNDA:0,(anonymous_3)
FNDA:0,(anonymous_4)
FNDA:0,(anonymous_5)
DA:1,0
DA:8,0
DA:9,0
DA:12,0
DA:13,0
DA:14,0
DA:17,0
DA:21,0
DA:22,0
DA:25,0
DA:27,0
DA:34,0
LF:12
LH:0
BRDA:21,0,0,0
BRDA:35,1,0,0
BRDA:35,1,1,0
BRDA:35,1,2,0
BRDA:35,1,3,0
BRDA:35,1,4,0
BRDA:35,1,5,0
BRDA:35,2,0,0
BRDA:35,2,1,0
BRDA:35,3,0,0
BRDA:35,3,1,0
BRDA:36,4,0,0
BRDA:36,4,1,0
BRDA:36,5,0,0
BRDA:36,5,1,0
BRDA:37,6,0,0
BRDA:37,6,1,0
BRDA:37,7,0,0
BRDA:37,7,1,0
BRF:19
BRH:0
end_of_record
TN:
SF:src/common/mappers/prisma-to-dto.mapper.ts
FN:24,(anonymous_0)
FN:31,(anonymous_1)
FN:71,(anonymous_2)
FN:75,(anonymous_3)
FN:89,(anonymous_4)
FN:121,(anonymous_5)
FN:127,(anonymous_6)
FN:159,(anonymous_7)
FN:186,(anonymous_8)
FNF:9
FNH:0
FNDA:0,(anonymous_0)
FNDA:0,(anonymous_1)
FNDA:0,(anonymous_2)
FNDA:0,(anonymous_3)
FNDA:0,(anonymous_4)
FNDA:0,(anonymous_5)
FNDA:0,(anonymous_6)
FNDA:0,(anonymous_7)
FNDA:0,(anonymous_8)
DA:17,0
DA:25,0
DA:26,0
DA:30,0
DA:31,0
DA:35,0
DA:42,0
DA:46,0
DA:47,0
DA:51,0
DA:53,0
DA:54,0
DA:56,0
DA:58,0
DA:62,0
DA:72,0
DA:73,0
DA:75,0
DA:90,0
DA:91,0
DA:95,0
DA:106,0
DA:107,0
DA:111,0
DA:122,0
DA:123,0
DA:126,0
DA:127,0
DA:130,0
DA:137,0
DA:140,0
DA:141,0
DA:144,0
DA:146,0
DA:147,0
DA:148,0
DA:149,0
DA:153,0
DA:160,0
DA:161,0
DA:165,0
DA:175,0
DA:176,0
DA:179,0
DA:187,0
DA:188,0
DA:191,0
DA:193,0
DA:194,0
DA:195,0
DA:196,0
DA:200,0
LF:52
LH:0
BRDA:25,0,0,0
BRDA:25,1,0,0
BRDA:25,1,1,0
BRDA:30,2,0,0
BRDA:35,3,0,0
BRDA:36,4,0,0
BRDA:36,4,1,0
BRDA:36,4,2,0
BRDA:36,4,3,0
BRDA:36,4,4,0
BRDA:46,5,0,0
BRDA:54,6,0,0
BRDA:72,7,0,0
BRDA:90,8,0,0
BRDA:90,9,0,0
BRDA:90,9,1,0
BRDA:106,10,0,0
BRDA:122,11,0,0
BRDA:122,12,0,0
BRDA:122,12,1,0
BRDA:126,13,0,0
BRDA:130,14,0,0
BRDA:131,15,0,0
BRDA:131,15,1,0
BRDA:131,15,2,0
BRDA:131,15,3,0
BRDA:131,15,4,0
BRDA:140,16,0,0
BRDA:147,17,0,0
BRDA:160,18,0,0
BRDA:160,19,0,0
BRDA:160,19,1,0
BRDA:175,20,0,0
BRDA:187,21,0,0
BRDA:187,22,0,0
BRDA:187,22,1,0
BRDA:187,22,2,0
BRDA:194,23,0,0
BRF:38
BRH:0
end_of_record
TN:
SF:src/common/middleware/mobile-blocker.middleware.ts
FN:5,(anonymous_1)
FN:17,(anonymous_2)
FN:22,(anonymous_3)
FNF:3
FNH:0
FNDA:0,(anonymous_1)
FNDA:0,(anonymous_2)
FNDA:0,(anonymous_3)
DA:1,0
DA:5,0
DA:6,0
DA:9,0
DA:12,0
DA:18,0
DA:19,0
DA:22,0
DA:23,0
DA:27,0
DA:32,0
DA:34,0
DA:41,0
LF:13
LH:0
BRDA:18,0,0,0
BRDA:18,0,1,0
BRDA:22,1,0,0
BRDA:27,2,0,0
BRF:4
BRH:0
end_of_record
TN:
SF:src/config/env.validation.ts
FN:8,(anonymous_2)
FN:17,(anonymous_3)
FN:66,validateEnv
FN:77,(anonymous_5)
FN:103,getEnv
FNF:5
FNH:0
FNDA:0,(anonymous_2)
FNDA:0,(anonymous_3)
FNDA:0,validateEnv
FNDA:0,(anonymous_5)
FNDA:0,getEnv
DA:5,0
DA:6,0
DA:8,0
DA:9,0
DA:10,0
DA:11,0
DA:15,0
DA:21,0
DA:25,0
DA:29,0
DA:34,0
DA:37,0
DA:41,0
DA:45,0
DA:50,0
DA:55,0
DA:60,0
DA:66,0
DA:67,0
DA:69,0
DA:73,0
DA:75,0
DA:76,0
DA:77,0
DA:82,0
DA:85,0
DA:86,0
DA:90,0
DA:91,0
DA:92,0
DA:95,0
DA:96,0
DA:97,0
DA:103,0
DA:104,0
DA:105,0
DA:107,0
LF:37
LH:0
BRDA:8,0,0,0
BRDA:8,0,1,0
BRDA:67,1,0,0
BRDA:75,2,0,0
BRDA:85,3,0,0
BRDA:104,4,0,0
BRF:6
BRH:0
end_of_record
TN:
SF:src/config/swagger.config.ts
FN:13,setupSwagger
FN:127,(anonymous_1)
FNF:2
FNH:0
FNDA:0,setupSwagger
FNDA:0,(anonymous_1)
DA:1,0
DA:13,0
DA:14,0
DA:124,0
DA:128,0
DA:133,0
DA:134,0
DA:137,0
DA:138,0
DA:142,0
DA:164,0
DA:181,0
DA:210,0
DA:228,0
LF:14
LH:0
BRDA:133,0,0,0
BRDA:137,1,0,0
BRF:2
BRH:0
end_of_record
TN:
SF:src/logger/logger.module.ts
FNF:0
FNH:0
DA:1,0
DA:2,0
DA:3,0
DA:11,0
LF:4
LH:0
BRF:0
BRH:0
end_of_record
TN:
SF:src/logger/logger.service.ts
FN:10,(anonymous_2)
FN:12,(anonymous_3)
FNF:2
FNH:0
FNDA:0,(anonymous_2)
FNDA:0,(anonymous_3)
DA:1,1
DA:3,1
DA:4,1
DA:7,1
DA:8,0
DA:10,0
DA:13,0
DA:14,0
DA:25,0
LF:9
LH:4
BRDA:20,0,0,0
BRDA:20,0,1,0
BRDA:21,1,0,0
BRDA:21,1,1,0
BRDA:25,2,0,0
BRDA:25,2,1,0
BRF:6
BRH:0
end_of_record
TN:
SF:src/mapaVenta/comerciales/comerciales.controller.ts
FN:15,(anonymous_4)
FN:20,(anonymous_5)
FN:27,(anonymous_6)
FN:34,(anonymous_7)
FN:41,(anonymous_8)
FN:46,(anonymous_9)
FNF:6
FNH:0
FNDA:0,(anonymous_4)
FNDA:0,(anonymous_5)
FNDA:0,(anonymous_6)
FNDA:0,(anonymous_7)
FNDA:0,(anonymous_8)
FNDA:0,(anonymous_9)
DA:1,0
DA:2,0
DA:3,0
DA:4,0
DA:5,0
DA:6,0
DA:7,0
DA:8,0
DA:14,0
DA:15,0
DA:20,0
DA:21,0
DA:27,0
DA:28,0
DA:34,0
DA:35,0
DA:41,0
DA:42,0
DA:46,0
DA:47,0
LF:20
LH:0
BRF:0
BRH:0
end_of_record
TN:
SF:src/mapaVenta/comerciales/comerciales.module.ts
FNF:0
FNH:0
DA:1,0
DA:2,0
DA:3,0
DA:4,0
DA:12,0
LF:5
LH:0
BRF:0
BRH:0
end_of_record
TN:
SF:src/mapaVenta/comerciales/comerciales.service.ts
FN:9,(anonymous_2)
FN:11,(anonymous_3)
FN:28,(anonymous_4)
FN:34,(anonymous_5)
FN:59,(anonymous_6)
FN:80,(anonymous_7)
FNF:6
FNH:0
FNDA:0,(anonymous_2)
FNDA:0,(anonymous_3)
FNDA:0,(anonymous_4)
FNDA:0,(anonymous_5)
FNDA:0,(anonymous_6)
FNDA:0,(anonymous_7)
DA:1,0
DA:2,0
DA:5,0
DA:8,0
DA:9,0
DA:12,0
DA:13,0
DA:17,0
DA:18,0
DA:19,0
DA:24,0
DA:29,0
DA:35,0
DA:52,0
DA:53,0
DA:56,0
DA:60,0
DA:61,0
DA:66,0
DA:67,0
DA:68,0
DA:70,0
DA:71,0
DA:76,0
DA:81,0
DA:82,0
DA:86,0
DA:87,0
DA:88,0
DA:90,0
DA:91,0
DA:96,0
LF:32
LH:0
BRDA:17,0,0,0
BRDA:18,1,0,0
BRDA:52,2,0,0
BRDA:66,3,0,0
BRDA:67,4,0,0
BRDA:70,5,0,0
BRDA:86,6,0,0
BRDA:87,7,0,0
BRDA:90,8,0,0
BRF:9
BRH:0
end_of_record
TN:
SF:src/mapaVenta/comerciales/dto/create-comercial.dto.ts
FNF:0
FNH:0
DA:1,0
DA:3,0
DA:7,0
LF:3
LH:0
BRF:0
BRH:0
end_of_record
TN:
SF:src/mapaVenta/comerciales/dto/update-comercial.dto.ts
FNF:0
FNH:0
DA:1,0
DA:2,0
DA:4,0
LF:3
LH:0
BRF:0
BRH:0
end_of_record
TN:
SF:src/mapaVenta/edificios/edificios.controller.ts
FN:15,(anonymous_4)
FN:20,(anonymous_5)
FN:27,(anonymous_6)
FN:34,(anonymous_7)
FN:41,(anonymous_8)
FN:48,(anonymous_9)
FN:53,(anonymous_10)
FNF:7
FNH:0
FNDA:0,(anonymous_4)
FNDA:0,(anonymous_5)
FNDA:0,(anonymous_6)
FNDA:0,(anonymous_7)
FNDA:0,(anonymous_8)
FNDA:0,(anonymous_9)
FNDA:0,(anonymous_10)
DA:1,0
DA:2,0
DA:3,0
DA:4,0
DA:5,0
DA:6,0
DA:7,0
DA:8,0
DA:14,0
DA:15,0
DA:20,0
DA:21,0
DA:27,0
DA:28,0
DA:34,0
DA:35,0
DA:41,0
DA:42,0
DA:48,0
DA:49,0
DA:53,0
DA:54,0
LF:22
LH:0
BRF:0
BRH:0
end_of_record
TN:
SF:src/mapaVenta/edificios/edificios.module.ts
FNF:0
FNH:0
DA:1,0
DA:2,0
DA:3,0
DA:4,0
DA:12,0
LF:5
LH:0
BRF:0
BRH:0
end_of_record
TN:
SF:src/mapaVenta/edificios/edificios.service.ts
FN:9,(anonymous_2)
FN:11,(anonymous_3)
FN:29,(anonymous_4)
FN:41,(anonymous_5)
FN:62,(anonymous_6)
FN:80,(anonymous_7)
FNF:6
FNH:0
FNDA:0,(anonymous_2)
FNDA:0,(anonymous_3)
FNDA:0,(anonymous_4)
FNDA:0,(anonymous_5)
FNDA:0,(anonymous_6)
FNDA:0,(anonymous_7)
DA:1,0
DA:2,0
DA:5,0
DA:8,0
DA:9,0
DA:13,0
DA:16,0
DA:17,0
DA:20,0
DA:30,0
DA:31,0
DA:42,0
DA:55,0
DA:56,0
DA:59,0
DA:63,0
DA:64,0
DA:73,0
DA:74,0
DA:76,0
DA:81,0
DA:82,0
DA:84,0
DA:85,0
DA:86,0
DA:89,0
LF:26
LH:0
BRDA:16,0,0,0
BRDA:30,1,0,0
BRDA:30,1,1,0
BRDA:55,2,0,0
BRDA:73,3,0,0
BRDA:73,4,0,0
BRDA:73,4,1,0
BRDA:84,5,0,0
BRDA:85,6,0,0
BRF:9
BRH:0
end_of_record
TN:
SF:src/mapaVenta/edificios/dto/create-edificio.dto.ts
FNF:0
FNH:0
DA:1,0
DA:3,0
DA:6,0
DA:11,0
LF:4
LH:0
BRF:0
BRH:0
end_of_record
TN:
SF:src/mapaVenta/edificios/dto/update-edificio.dto.ts
FNF:0
FNH:0
DA:1,0
DA:2,0
DA:4,0
LF:3
LH:0
BRF:0
BRH:0
end_of_record
TN:
SF:src/mapaVenta/estadocomercial/estadocomercial.controller.ts
FN:15,(anonymous_4)
FN:20,(anonymous_5)
FN:27,(anonymous_6)
FN:34,(anonymous_7)
FN:41,(anonymous_8)
FN:46,(anonymous_9)
FNF:6
FNH:0
FNDA:0,(anonymous_4)
FNDA:0,(anonymous_5)
FNDA:0,(anonymous_6)
FNDA:0,(anonymous_7)
FNDA:0,(anonymous_8)
FNDA:0,(anonymous_9)
DA:1,0
DA:2,0
DA:3,0
DA:4,0
DA:5,0
DA:6,0
DA:7,0
DA:8,0
DA:14,0
DA:15,0
DA:20,0
DA:21,0
DA:27,0
DA:28,0
DA:34,0
DA:35,0
DA:41,0
DA:42,0
DA:46,0
DA:47,0
LF:20
LH:0
BRF:0
BRH:0
end_of_record
TN:
SF:src/mapaVenta/estadocomercial/estadocomercial.module.ts
FNF:0
FNH:0
DA:1,0
DA:2,0
DA:3,0
DA:4,0
DA:12,0
LF:5
LH:0
BRF:0
BRH:0
end_of_record
TN:
SF:src/mapaVenta/estadocomercial/estadocomercial.service.ts
FN:14,(anonymous_4)
FN:20,(anonymous_5)
FN:24,(anonymous_6)
FN:44,(anonymous_7)
FN:55,(anonymous_8)
FN:76,(anonymous_9)
FN:99,(anonymous_10)
FNF:7
FNH:0
FNDA:0,(anonymous_4)
FNDA:0,(anonymous_5)
FNDA:0,(anonymous_6)
FNDA:0,(anonymous_7)
FNDA:0,(anonymous_8)
FNDA:0,(anonymous_9)
FNDA:0,(anonymous_10)
DA:1,0
DA:2,0
DA:5,0
DA:7,0
DA:10,0
DA:13,0
DA:15,0
DA:16,0
DA:21,0
DA:25,0
DA:26,0
DA:29,0
DA:30,0
DA:32,0
DA:33,0
DA:34,0
DA:39,0
DA:45,0
DA:46,0
DA:48,0
DA:51,0
DA:52,0
DA:56,0
DA:69,0
DA:70,0
DA:73,0
DA:77,0
DA:78,0
DA:82,0
DA:83,0
DA:85,0
DA:86,0
DA:87,0
DA:89,0
DA:90,0
DA:95,0
DA:100,0
DA:101,0
DA:104,0
DA:105,0
DA:107,0
DA:108,0
DA:109,0
DA:111,0
DA:112,0
DA:117,0
LF:46
LH:0
BRDA:32,0,0,0
BRDA:33,1,0,0
BRDA:46,2,0,0
BRDA:69,3,0,0
BRDA:85,4,0,0
BRDA:86,5,0,0
BRDA:89,6,0,0
BRDA:107,7,0,0
BRDA:108,8,0,0
BRDA:111,9,0,0
BRF:10
BRH:0
end_of_record
TN:
SF:src/mapaVenta/estadocomercial/dto/create-estadocomercial.dto.ts
FNF:0
FNH:0
DA:1,0
DA:3,0
DA:7,0
LF:3
LH:0
BRF:0
BRH:0
end_of_record
TN:
SF:src/mapaVenta/estadocomercial/dto/update-estadocomercial.dto.ts
FNF:0
FNH:0
DA:1,0
DA:2,0
DA:4,0
LF:3
LH:0
BRF:0
BRH:0
end_of_record
TN:
SF:src/mapaVenta/etapas/etapas.controller.ts
FN:15,(anonymous_4)
FN:20,(anonymous_5)
FN:27,(anonymous_6)
FN:34,(anonymous_7)
FN:41,(anonymous_8)
FN:46,(anonymous_9)
FNF:6
FNH:0
FNDA:0,(anonymous_4)
FNDA:0,(anonymous_5)
FNDA:0,(anonymous_6)
FNDA:0,(anonymous_7)
FNDA:0,(anonymous_8)
FNDA:0,(anonymous_9)
DA:1,0
DA:2,0
DA:3,0
DA:4,0
DA:5,0
DA:6,0
DA:7,0
DA:8,0
DA:14,0
DA:15,0
DA:20,0
DA:21,0
DA:27,0
DA:28,0
DA:34,0
DA:35,0
DA:41,0
DA:42,0
DA:46,0
DA:47,0
LF:20
LH:0
BRF:0
BRH:0
end_of_record
TN:
SF:src/mapaVenta/etapas/etapas.module.ts
FNF:0
FNH:0
DA:1,0
DA:2,0
DA:3,0
DA:4,0
DA:12,0
LF:5
LH:0
BRF:0
BRH:0
end_of_record
TN:
SF:src/mapaVenta/etapas/etapas.service.ts
FN:14,(anonymous_4)
FN:20,(anonymous_5)
FN:24,(anonymous_6)
FN:44,(anonymous_7)
FN:58,(anonymous_8)
FN:79,(anonymous_9)
FN:84,(anonymous_10)
FN:103,(anonymous_11)
FN:107,(anonymous_12)
FNF:9
FNH:0
FNDA:0,(anonymous_4)
FNDA:0,(anonymous_5)
FNDA:0,(anonymous_6)
FNDA:0,(anonymous_7)
FNDA:0,(anonymous_8)
FNDA:0,(anonymous_9)
FNDA:0,(anonymous_10)
FNDA:0,(anonymous_11)
FNDA:0,(anonymous_12)
DA:1,0
DA:2,0
DA:5,0
DA:7,0
DA:10,0
DA:13,0
DA:15,0
DA:16,0
DA:21,0
DA:25,0
DA:26,0
DA:29,0
DA:30,0
DA:32,0
DA:33,0
DA:34,0
DA:39,0
DA:46,0
DA:47,0
DA:50,0
DA:54,0
DA:55,0
DA:59,0
DA:72,0
DA:73,0
DA:76,0
DA:80,0
DA:81,0
DA:85,0
DA:86,0
DA:89,0
DA:90,0
DA:91,0
DA:93,0
DA:94,0
DA:99,0
DA:104,0
DA:105,0
DA:108,0
DA:109,0
DA:112,0
DA:113,0
DA:114,0
DA:116,0
DA:117,0
DA:122,0
LF:46
LH:0
BRDA:32,0,0,0
BRDA:33,1,0,0
BRDA:47,2,0,0
BRDA:72,3,0,0
BRDA:89,4,0,0
BRDA:90,5,0,0
BRDA:93,6,0,0
BRDA:112,7,0,0
BRDA:113,8,0,0
BRDA:116,9,0,0
BRF:10
BRH:0
end_of_record
TN:
SF:src/mapaVenta/etapas/dto/create-etapa.dto.ts
FNF:0
FNH:0
DA:1,0
DA:3,0
DA:7,0
LF:3
LH:0
BRF:0
BRH:0
end_of_record
TN:
SF:src/mapaVenta/etapas/dto/update-etapa.dto.ts
FNF:0
FNH:0
DA:1,0
DA:2,0
DA:4,0
LF:3
LH:0
BRF:0
BRH:0
end_of_record
TN:
SF:src/mapaVenta/motivosnodisp/motivosnodisp.controller.ts
FN:15,(anonymous_4)
FN:20,(anonymous_5)
FN:27,(anonymous_6)
FN:34,(anonymous_7)
FN:41,(anonymous_8)
FN:46,(anonymous_9)
FNF:6
FNH:0
FNDA:0,(anonymous_4)
FNDA:0,(anonymous_5)
FNDA:0,(anonymous_6)
FNDA:0,(anonymous_7)
FNDA:0,(anonymous_8)
FNDA:0,(anonymous_9)
DA:1,0
DA:2,0
DA:3,0
DA:4,0
DA:5,0
DA:6,0
DA:7,0
DA:8,0
DA:14,0
DA:15,0
DA:20,0
DA:21,0
DA:27,0
DA:28,0
DA:34,0
DA:35,0
DA:41,0
DA:42,0
DA:46,0
DA:47,0
LF:20
LH:0
BRF:0
BRH:0
end_of_record
TN:
SF:src/mapaVenta/motivosnodisp/motivosnodisp.module.ts
FNF:0
FNH:0
DA:1,0
DA:2,0
DA:3,0
DA:4,0
DA:12,0
LF:5
LH:0
BRF:0
BRH:0
end_of_record
TN:
SF:src/mapaVenta/motivosnodisp/motivosnodisp.service.ts
FN:9,(anonymous_2)
FN:11,(anonymous_3)
FN:24,(anonymous_4)
FN:30,(anonymous_5)
FN:40,(anonymous_6)
FN:55,(anonymous_7)
FNF:6
FNH:0
FNDA:0,(anonymous_2)
FNDA:0,(anonymous_3)
FNDA:0,(anonymous_4)
FNDA:0,(anonymous_5)
FNDA:0,(anonymous_6)
FNDA:0,(anonymous_7)
DA:1,0
DA:2,0
DA:5,0
DA:8,0
DA:9,0
DA:12,0
DA:13,0
DA:17,0
DA:18,0
DA:20,0
DA:25,0
DA:31,0
DA:34,0
DA:35,0
DA:37,0
DA:41,0
DA:42,0
DA:47,0
DA:48,0
DA:49,0
DA:51,0
DA:56,0
DA:57,0
DA:59,0
DA:60,0
DA:61,0
DA:63,0
LF:27
LH:0
BRDA:17,0,0,0
BRDA:17,1,0,0
BRDA:17,1,1,0
BRDA:34,2,0,0
BRDA:47,3,0,0
BRDA:48,4,0,0
BRDA:49,5,0,0
BRDA:59,6,0,0
BRDA:60,7,0,0
BRDA:61,8,0,0
BRF:10
BRH:0
end_of_record
TN:
SF:src/mapaVenta/motivosnodisp/dto/create-motivonodisp.dto.ts
FNF:0
FNH:0
DA:1,0
DA:3,0
DA:7,0
LF:3
LH:0
BRF:0
BRH:0
end_of_record
TN:
SF:src/mapaVenta/motivosnodisp/dto/update-motivonodisp.dto.ts
FNF:0
FNH:0
DA:1,0
DA:2,0
DA:4,0
LF:3
LH:0
BRF:0
BRH:0
end_of_record
TN:
SF:src/mapaVenta/naturalezas/naturalezas.controller.ts
FN:15,(anonymous_4)
FN:20,(anonymous_5)
FN:27,(anonymous_6)
FN:34,(anonymous_7)
FN:41,(anonymous_8)
FN:46,(anonymous_9)
FNF:6
FNH:0
FNDA:0,(anonymous_4)
FNDA:0,(anonymous_5)
FNDA:0,(anonymous_6)
FNDA:0,(anonymous_7)
FNDA:0,(anonymous_8)
FNDA:0,(anonymous_9)
DA:1,0
DA:2,0
DA:3,0
DA:4,0
DA:5,0
DA:6,0
DA:7,0
DA:8,0
DA:14,0
DA:15,0
DA:20,0
DA:21,0
DA:27,0
DA:28,0
DA:34,0
DA:35,0
DA:41,0
DA:42,0
DA:46,0
DA:47,0
LF:20
LH:0
BRF:0
BRH:0
end_of_record
TN:
SF:src/mapaVenta/naturalezas/naturalezas.module.ts
FNF:0
FNH:0
DA:1,0
DA:2,0
DA:3,0
DA:4,0
DA:12,0
LF:5
LH:0
BRF:0
BRH:0
end_of_record
TN:
SF:src/mapaVenta/naturalezas/naturalezas.service.ts
FN:9,(anonymous_2)
FN:11,(anonymous_3)
FN:15,(anonymous_4)
FN:19,(anonymous_5)
FN:25,(anonymous_6)
FN:36,(anonymous_7)
FNF:6
FNH:0
FNDA:0,(anonymous_2)
FNDA:0,(anonymous_3)
FNDA:0,(anonymous_4)
FNDA:0,(anonymous_5)
FNDA:0,(anonymous_6)
FNDA:0,(anonymous_7)
DA:1,0
DA:2,0
DA:5,0
DA:8,0
DA:9,0
DA:12,0
DA:16,0
DA:20,0
DA:21,0
DA:22,0
DA:26,0
DA:27,0
DA:29,0
DA:30,0
DA:32,0
DA:37,0
DA:38,0
DA:40,0
DA:41,0
DA:43,0
LF:20
LH:0
BRDA:21,0,0,0
BRDA:29,1,0,0
BRDA:29,2,0,0
BRDA:29,2,1,0
BRDA:40,3,0,0
BRDA:40,4,0,0
BRDA:40,4,1,0
BRF:7
BRH:0
end_of_record
TN:
SF:src/mapaVenta/naturalezas/dto/create-naturaleza.dto.ts
FNF:0
FNH:0
DA:1,0
DA:3,0
DA:6,0
LF:3
LH:0
BRF:0
BRH:0
end_of_record
TN:
SF:src/mapaVenta/naturalezas/dto/update-naturaleza.dto.ts
FNF:0
FNH:0
DA:1,0
DA:2,0
DA:4,0
LF:3
LH:0
BRF:0
BRH:0
end_of_record
TN:
SF:src/mapaVenta/snapshots/snapshots-cron.service.ts
FN:9,(anonymous_2)
FN:19,(anonymous_3)
FN:40,(anonymous_4)
FNF:3
FNH:0
FNDA:0,(anonymous_2)
FNDA:0,(anonymous_3)
FNDA:0,(anonymous_4)
DA:1,0
DA:2,0
DA:3,0
DA:6,0
DA:7,0
DA:9,0
DA:19,0
DA:20,0
DA:22,0
DA:23,0
DA:24,0
DA:28,0
DA:40,0
DA:41,0
DA:42,0
DA:43,0
DA:46,0
DA:47,0
DA:50,0
DA:52,0
DA:53,0
DA:54,0
DA:58,0
LF:23
LH:0
BRDA:28,0,0,0
BRDA:28,0,1,0
BRDA:28,1,0,0
BRDA:28,1,1,0
BRDA:46,2,0,0
BRDA:58,3,0,0
BRDA:58,3,1,0
BRDA:58,4,0,0
BRDA:58,4,1,0
BRF:9
BRH:0
end_of_record
TN:
SF:src/mapaVenta/snapshots/snapshots.controller.ts
FN:20,(anonymous_5)
FN:28,(anonymous_6)
FN:35,(anonymous_7)
FN:36,(anonymous_8)
FN:41,(anonymous_9)
FN:42,(anonymous_10)
FN:48,(anonymous_11)
FN:51,(anonymous_12)
FN:73,(anonymous_13)
FN:97,(anonymous_14)
FN:131,(anonymous_15)
FN:185,(anonymous_16)
FN:211,(anonymous_17)
FNF:13
FNH:0
FNDA:0,(anonymous_5)
FNDA:0,(anonymous_6)
FNDA:0,(anonymous_7)
FNDA:0,(anonymous_8)
FNDA:0,(anonymous_9)
FNDA:0,(anonymous_10)
FNDA:0,(anonymous_11)
FNDA:0,(anonymous_12)
FNDA:0,(anonymous_13)
FNDA:0,(anonymous_14)
FNDA:0,(anonymous_15)
FNDA:0,(anonymous_16)
FNDA:0,(anonymous_17)
DA:1,0
DA:2,0
DA:3,0
DA:4,0
DA:5,0
DA:6,0
DA:7,0
DA:8,0
DA:9,0
DA:10,0
DA:13,0
DA:19,0
DA:21,0
DA:22,0
DA:30,0
DA:32,0
DA:35,0
DA:36,0
DA:37,0
DA:41,0
DA:42,0
DA:49,0
DA:51,0
DA:52,0
DA:53,0
DA:73,0
DA:75,0
DA:76,0
DA:77,0
DA:78,0
DA:80,0
DA:97,0
DA:98,0
DA:99,0
DA:102,0
DA:103,0
DA:104,0
DA:107,0
DA:108,0
DA:111,0
DA:112,0
DA:113,0
DA:131,0
DA:137,0
DA:138,0
DA:141,0
DA:142,0
DA:144,0
DA:145,0
DA:148,0
DA:149,0
DA:152,0
DA:153,0
DA:156,0
DA:157,0
DA:159,0
DA:162,0
DA:163,0
DA:165,0
DA:185,0
DA:186,0
DA:187,0
DA:190,0
DA:191,0
DA:193,0
DA:194,0
DA:197,0
DA:198,0
DA:200,0
DA:203,0
DA:204,0
DA:206,0
DA:207,0
DA:211,0
LF:74
LH:0
BRDA:32,0,0,0
BRDA:35,1,0,0
BRDA:35,1,1,0
BRDA:35,2,0,0
BRDA:35,2,1,0
BRDA:35,3,0,0
BRDA:35,3,1,0
BRDA:35,4,0,0
BRDA:35,4,1,0
BRDA:35,5,0,0
BRDA:35,5,1,0
BRDA:36,6,0,0
BRDA:36,7,0,0
BRDA:36,7,1,0
BRDA:41,8,0,0
BRDA:41,8,1,0
BRDA:41,9,0,0
BRDA:41,9,1,0
BRDA:41,10,0,0
BRDA:41,10,1,0
BRDA:41,11,0,0
BRDA:41,11,1,0
BRDA:41,12,0,0
BRDA:41,12,1,0
BRDA:42,13,0,0
BRDA:42,13,1,0
BRDA:49,14,0,0
BRDA:76,15,0,0
BRDA:76,15,1,0
BRDA:77,16,0,0
BRDA:98,17,0,0
BRDA:103,18,0,0
BRDA:111,19,0,0
BRDA:111,19,1,0
BRDA:111,20,0,0
BRDA:111,20,1,0
BRDA:111,21,0,0
BRDA:111,21,1,0
BRDA:111,22,0,0
BRDA:111,22,1,0
BRDA:111,23,0,0
BRDA:111,23,1,0
BRDA:112,24,0,0
BRDA:112,24,1,0
BRDA:137,25,0,0
BRDA:137,26,0,0
BRDA:137,26,1,0
BRDA:144,27,0,0
BRDA:144,28,0,0
BRDA:144,28,1,0
BRDA:148,29,0,0
BRDA:156,30,0,0
BRDA:156,30,1,0
BRDA:156,31,0,0
BRDA:156,31,1,0
BRDA:157,32,0,0
BRDA:157,32,1,0
BRDA:157,33,0,0
BRDA:157,33,1,0
BRDA:162,34,0,0
BRDA:162,34,1,0
BRDA:162,35,0,0
BRDA:162,35,1,0
BRDA:162,36,0,0
BRDA:162,36,1,0
BRDA:162,37,0,0
BRDA:162,37,1,0
BRDA:162,38,0,0
BRDA:162,38,1,0
BRDA:162,39,0,0
BRDA:162,39,1,0
BRDA:162,40,0,0
BRDA:162,40,1,0
BRDA:162,41,0,0
BRDA:162,41,1,0
BRDA:162,42,0,0
BRDA:162,42,1,0
BRDA:163,43,0,0
BRDA:163,43,1,0
BRDA:186,44,0,0
BRDA:186,45,0,0
BRDA:186,45,1,0
BRDA:193,46,0,0
BRDA:193,47,0,0
BRDA:193,47,1,0
BRDA:203,48,0,0
BRDA:203,48,1,0
BRDA:203,49,0,0
BRDA:203,49,1,0
BRDA:203,50,0,0
BRDA:203,50,1,0
BRDA:203,51,0,0
BRDA:203,51,1,0
BRDA:203,52,0,0
BRDA:203,52,1,0
BRDA:204,53,0,0
BRDA:204,53,1,0
BRDA:206,54,0,0
BRDA:214,55,0,0
BRDA:214,55,1,0
BRF:100
BRH:0
end_of_record
TN:
SF:src/mapaVenta/snapshots/snapshots.module.ts
FNF:0
FNH:0
DA:1,0
DA:2,0
DA:3,0
DA:4,0
DA:5,0
DA:6,0
DA:14,0
LF:7
LH:0
BRF:0
BRH:0
end_of_record
TN:
SF:src/mapaVenta/snapshots/snapshots.service.ts
FN:7,(anonymous_2)
FN:13,(anonymous_3)
FN:32,(anonymous_4)
FN:56,(anonymous_5)
FN:92,(anonymous_6)
FN:107,(anonymous_7)
FN:135,(anonymous_8)
FN:154,(anonymous_9)
FN:171,(anonymous_10)
FN:176,(anonymous_11)
FN:203,(anonymous_12)
FN:218,(anonymous_13)
FN:265,(anonymous_14)
FN:269,(anonymous_15)
FN:271,(anonymous_16)
FNF:15
FNH:0
FNDA:0,(anonymous_2)
FNDA:0,(anonymous_3)
FNDA:0,(anonymous_4)
FNDA:0,(anonymous_5)
FNDA:0,(anonymous_6)
FNDA:0,(anonymous_7)
FNDA:0,(anonymous_8)
FNDA:0,(anonymous_9)
FNDA:0,(anonymous_10)
FNDA:0,(anonymous_11)
FNDA:0,(anonymous_12)
FNDA:0,(anonymous_13)
FNDA:0,(anonymous_14)
FNDA:0,(anonymous_15)
FNDA:0,(anonymous_16)
DA:1,0
DA:2,0
DA:3,0
DA:6,0
DA:7,0
DA:14,0
DA:15,0
DA:18,0
DA:25,0
DA:26,0
DA:28,0
DA:29,0
DA:31,0
DA:33,0
DA:34,0
DA:36,0
DA:37,0
DA:42,0
DA:45,0
DA:62,0
DA:63,0
DA:66,0
DA:69,0
DA:72,0
DA:80,0
DA:82,0
DA:93,0
DA:108,0
DA:118,0
DA:119,0
DA:120,0
DA:121,0
DA:122,0
DA:123,0
DA:124,0
DA:125,0
DA:126,0
DA:127,0
DA:129,0
DA:132,0
DA:136,0
DA:142,0
DA:143,0
DA:144,0
DA:145,0
DA:151,0
DA:155,0
DA:176,0
DA:177,0
DA:178,0
DA:179,0
DA:181,0
DA:195,0
DA:204,0
DA:219,0
DA:221,0
DA:251,0
DA:266,0
DA:267,0
DA:269,0
DA:270,0
DA:271,0
DA:274,0
DA:300,0
LF:64
LH:0
BRDA:13,0,0,0
BRDA:63,1,0,0
BRDA:119,2,0,0
BRDA:119,2,1,0
BRDA:120,3,0,0
BRDA:120,3,1,0
BRDA:120,4,0,0
BRDA:120,4,1,0
BRDA:122,5,0,0
BRDA:123,6,0,0
BRDA:123,6,1,0
BRDA:125,7,0,0
BRDA:126,8,0,0
BRDA:126,8,1,0
BRDA:143,9,0,0
BRDA:147,10,0,0
BRDA:147,10,1,0
BRDA:178,11,0,0
BRDA:178,11,1,0
BRDA:178,12,0,0
BRDA:178,12,1,0
BRDA:178,13,0,0
BRDA:178,13,1,0
BRDA:179,14,0,0
BRDA:179,14,1,0
BRDA:179,15,0,0
BRDA:179,15,1,0
BRDA:179,16,0,0
BRDA:179,16,1,0
BRDA:184,17,0,0
BRDA:184,17,1,0
BRDA:185,18,0,0
BRDA:185,18,1,0
BRDA:186,19,0,0
BRDA:186,19,1,0
BRDA:187,20,0,0
BRDA:187,20,1,0
BRDA:188,21,0,0
BRDA:188,21,1,0
BRDA:189,22,0,0
BRDA:189,22,1,0
BRDA:218,23,0,0
BRDA:218,24,0,0
BRDA:275,25,0,0
BRDA:275,25,1,0
BRDA:275,26,0,0
BRDA:275,26,1,0
BRDA:275,27,0,0
BRDA:275,27,1,0
BRDA:282,28,0,0
BRDA:282,28,1,0
BRDA:290,29,0,0
BRDA:290,29,1,0
BRF:53
BRH:0
end_of_record
TN:
SF:src/mapaVenta/snapshots/dto/snapshot-response.dto.ts
FNF:0
FNH:0
DA:1,0
DA:3,0
DA:5,0
DA:8,0
DA:11,0
DA:14,0
DA:17,0
DA:20,0
DA:23,0
DA:26,0
DA:29,0
DA:32,0
DA:35,0
DA:40,0
DA:43,0
DA:46,0
DA:49,0
DA:54,0
DA:57,0
DA:60,0
DA:63,0
DA:65,0
DA:68,0
DA:71,0
DA:74,0
LF:25
LH:0
BRF:0
BRH:0
end_of_record
TN:
SF:src/mapaVenta/snapshots/dto/snapshots.dto.ts
FN:6,(anonymous_2)
FNF:1
FNH:0
FNDA:0,(anonymous_2)
DA:1,0
DA:6,0
DA:9,0
DA:15,0
DA:17,0
DA:23,0
DA:25,0
DA:28,0
DA:34,0
DA:36,0
DA:39,0
LF:11
LH:0
BRF:0
BRH:0
end_of_record
TN:
SF:src/mapaVenta/tiposcochera/tiposcochera.controller.ts
FN:14,(anonymous_4)
FN:19,(anonymous_5)
FN:26,(anonymous_6)
FN:33,(anonymous_7)
FN:40,(anonymous_8)
FN:45,(anonymous_9)
FNF:6
FNH:0
FNDA:0,(anonymous_4)
FNDA:0,(anonymous_5)
FNDA:0,(anonymous_6)
FNDA:0,(anonymous_7)
FNDA:0,(anonymous_8)
FNDA:0,(anonymous_9)
DA:1,0
DA:2,0
DA:3,0
DA:4,0
DA:5,0
DA:6,0
DA:7,0
DA:13,0
DA:14,0
DA:19,0
DA:20,0
DA:26,0
DA:27,0
DA:33,0
DA:34,0
DA:40,0
DA:41,0
DA:45,0
DA:46,0
LF:19
LH:0
BRF:0
BRH:0
end_of_record
TN:
SF:src/mapaVenta/tiposcochera/tiposcochera.module.ts
FNF:0
FNH:0
DA:1,0
DA:2,0
DA:3,0
DA:4,0
DA:12,0
LF:5
LH:0
BRF:0
BRH:0
end_of_record
TN:
SF:src/mapaVenta/tiposcochera/tiposcochera.service.ts
FN:8,(anonymous_2)
FN:10,(anonymous_3)
FN:21,(anonymous_4)
FN:25,(anonymous_5)
FN:31,(anonymous_6)
FN:43,(anonymous_7)
FNF:6
FNH:0
FNDA:0,(anonymous_2)
FNDA:0,(anonymous_3)
FNDA:0,(anonymous_4)
FNDA:0,(anonymous_5)
FNDA:0,(anonymous_6)
FNDA:0,(anonymous_7)
DA:1,0
DA:2,0
DA:4,0
DA:7,0
DA:8,0
DA:11,0
DA:12,0
DA:14,0
DA:15,0
DA:17,0
DA:22,0
DA:26,0
DA:27,0
DA:28,0
DA:32,0
DA:33,0
DA:35,0
DA:36,0
DA:37,0
DA:39,0
DA:44,0
DA:45,0
DA:47,0
DA:48,0
DA:50,0
LF:25
LH:0
BRDA:14,0,0,0
BRDA:14,1,0,0
BRDA:14,1,1,0
BRDA:27,2,0,0
BRDA:35,3,0,0
BRDA:36,4,0,0
BRDA:37,5,0,0
BRDA:47,6,0,0
BRDA:47,7,0,0
BRDA:47,7,1,0
BRF:10
BRH:0
end_of_record
TN:
SF:src/mapaVenta/tiposcochera/dto/create-tipocochera.dto.ts
FNF:0
FNH:0
DA:1,0
DA:3,0
DA:7,0
DA:10,0
DA:14,0
LF:5
LH:0
BRF:0
BRH:0
end_of_record
TN:
SF:src/mapaVenta/tipospatioterraza/tipospatioterraza.controller.ts
FN:14,(anonymous_4)
FN:19,(anonymous_5)
FN:26,(anonymous_6)
FN:33,(anonymous_7)
FN:40,(anonymous_8)
FN:45,(anonymous_9)
FNF:6
FNH:0
FNDA:0,(anonymous_4)
FNDA:0,(anonymous_5)
FNDA:0,(anonymous_6)
FNDA:0,(anonymous_7)
FNDA:0,(anonymous_8)
FNDA:0,(anonymous_9)
DA:1,0
DA:2,0
DA:3,0
DA:4,0
DA:5,0
DA:6,0
DA:7,0
DA:13,0
DA:14,0
DA:19,0
DA:20,0
DA:26,0
DA:27,0
DA:33,0
DA:34,0
DA:40,0
DA:41,0
DA:45,0
DA:46,0
LF:19
LH:0
BRF:0
BRH:0
end_of_record
TN:
SF:src/mapaVenta/tipospatioterraza/tipospatioterraza.module.ts
FNF:0
FNH:0
DA:1,0
DA:2,0
DA:3,0
DA:4,0
DA:12,0
LF:5
LH:0
BRF:0
BRH:0
end_of_record
TN:
SF:src/mapaVenta/tipospatioterraza/tipospatioterraza.service.ts
FN:8,(anonymous_2)
FN:10,(anonymous_3)
FN:21,(anonymous_4)
FN:25,(anonymous_5)
FN:31,(anonymous_6)
FN:43,(anonymous_7)
FNF:6
FNH:0
FNDA:0,(anonymous_2)
FNDA:0,(anonymous_3)
FNDA:0,(anonymous_4)
FNDA:0,(anonymous_5)
FNDA:0,(anonymous_6)
FNDA:0,(anonymous_7)
DA:1,0
DA:2,0
DA:4,0
DA:7,0
DA:8,0
DA:11,0
DA:12,0
DA:14,0
DA:15,0
DA:17,0
DA:22,0
DA:26,0
DA:27,0
DA:28,0
DA:32,0
DA:33,0
DA:35,0
DA:36,0
DA:37,0
DA:39,0
DA:44,0
DA:45,0
DA:47,0
DA:48,0
DA:50,0
LF:25
LH:0
BRDA:14,0,0,0
BRDA:14,1,0,0
BRDA:14,1,1,0
BRDA:27,2,0,0
BRDA:35,3,0,0
BRDA:36,4,0,0
BRDA:37,5,0,0
BRDA:47,6,0,0
BRDA:47,7,0,0
BRDA:47,7,1,0
BRF:10
BRH:0
end_of_record
TN:
SF:src/mapaVenta/tipospatioterraza/dto/create-tipopatioterraza.dto.ts
FNF:0
FNH:0
DA:1,0
DA:3,0
DA:7,0
DA:10,0
DA:14,0
LF:5
LH:0
BRF:0
BRH:0
end_of_record
TN:
SF:src/mapaVenta/tiposunidad/tiposunidad.controller.ts
FN:14,(anonymous_4)
FN:19,(anonymous_5)
FN:26,(anonymous_6)
FN:33,(anonymous_7)
FN:40,(anonymous_8)
FN:47,(anonymous_9)
FN:52,(anonymous_10)
FNF:7
FNH:0
FNDA:0,(anonymous_4)
FNDA:0,(anonymous_5)
FNDA:0,(anonymous_6)
FNDA:0,(anonymous_7)
FNDA:0,(anonymous_8)
FNDA:0,(anonymous_9)
FNDA:0,(anonymous_10)
DA:1,0
DA:2,0
DA:3,0
DA:4,0
DA:5,0
DA:6,0
DA:7,0
DA:13,0
DA:14,0
DA:19,0
DA:20,0
DA:26,0
DA:27,0
DA:33,0
DA:34,0
DA:40,0
DA:41,0
DA:47,0
DA:48,0
DA:52,0
DA:53,0
LF:21
LH:0
BRF:0
BRH:0
end_of_record
TN:
SF:src/mapaVenta/tiposunidad/tiposunidad.module.ts
FNF:0
FNH:0
DA:1,0
DA:2,0
DA:3,0
DA:4,0
DA:12,0
LF:5
LH:0
BRF:0
BRH:0
end_of_record
TN:
SF:src/mapaVenta/tiposunidad/tiposunidad.service.ts
FN:13,(anonymous_4)
FN:19,(anonymous_5)
FN:23,(anonymous_6)
FN:37,(anonymous_7)
FN:46,(anonymous_8)
FN:63,(anonymous_9)
FN:72,(anonymous_10)
FN:86,(anonymous_11)
FNF:8
FNH:0
FNDA:0,(anonymous_4)
FNDA:0,(anonymous_5)
FNDA:0,(anonymous_6)
FNDA:0,(anonymous_7)
FNDA:0,(anonymous_8)
FNDA:0,(anonymous_9)
FNDA:0,(anonymous_10)
FNDA:0,(anonymous_11)
DA:1,0
DA:2,0
DA:4,0
DA:6,0
DA:9,0
DA:12,0
DA:14,0
DA:15,0
DA:20,0
DA:24,0
DA:25,0
DA:26,0
DA:27,0
DA:29,0
DA:30,0
DA:32,0
DA:38,0
DA:39,0
DA:41,0
DA:42,0
DA:43,0
DA:48,0
DA:60,0
DA:64,0
DA:68,0
DA:69,0
DA:73,0
DA:74,0
DA:75,0
DA:76,0
DA:78,0
DA:79,0
DA:80,0
DA:82,0
DA:87,0
DA:88,0
DA:89,0
DA:90,0
DA:92,0
DA:93,0
DA:95,0
LF:41
LH:0
BRDA:29,0,0,0
BRDA:29,1,0,0
BRDA:29,1,1,0
BRDA:39,2,0,0
BRDA:68,3,0,0
BRDA:78,4,0,0
BRDA:79,5,0,0
BRDA:80,6,0,0
BRDA:92,7,0,0
BRDA:92,8,0,0
BRDA:92,8,1,0
BRF:11
BRH:0
end_of_record
TN:
SF:src/mapaVenta/tiposunidad/dto/create-tipounidad.dto.ts
FNF:0
FNH:0
DA:1,0
DA:3,0
DA:7,0
DA:10,0
DA:14,0
LF:5
LH:0
BRF:0
BRH:0
end_of_record
TN:
SF:src/minutas/minutas.controller.ts
FN:40,(anonymous_4)
FN:51,(anonymous_5)
FN:63,(anonymous_6)
FN:76,(anonymous_7)
FN:88,(anonymous_8)
FN:101,(anonymous_9)
FN:113,(anonymous_10)
FN:126,(anonymous_11)
FN:138,(anonymous_12)
FNF:9
FNH:0
FNDA:0,(anonymous_4)
FNDA:0,(anonymous_5)
FNDA:0,(anonymous_6)
FNDA:0,(anonymous_7)
FNDA:0,(anonymous_8)
FNDA:0,(anonymous_9)
FNDA:0,(anonymous_10)
FNDA:0,(anonymous_11)
FNDA:0,(anonymous_12)
DA:1,0
DA:3,0
DA:4,0
DA:15,0
DA:16,0
DA:17,0
DA:18,0
DA:19,0
DA:20,0
DA:22,0
DA:23,0
DA:24,0
DA:25,0
DA:26,0
DA:39,0
DA:40,0
DA:51,0
DA:52,0
DA:63,0
DA:64,0
DA:76,0
DA:77,0
DA:88,0
DA:89,0
DA:90,0
DA:91,0
DA:101,0
DA:102,0
DA:113,0
DA:114,0
DA:126,0
DA:127,0
DA:138,0
DA:139,0
LF:34
LH:0
BRF:0
BRH:0
end_of_record
TN:
SF:src/minutas/minutas.gateway.ts
FN:43,(anonymous_3)
FN:47,(anonymous_4)
FN:135,(anonymous_5)
FN:148,(anonymous_6)
FN:163,(anonymous_7)
FN:174,(anonymous_8)
FN:191,(anonymous_9)
FN:200,(anonymous_10)
FN:237,(anonymous_11)
FN:243,(anonymous_12)
FNF:10
FNH:0
FNDA:0,(anonymous_3)
FNDA:0,(anonymous_4)
FNDA:0,(anonymous_5)
FNDA:0,(anonymous_6)
FNDA:0,(anonymous_7)
FNDA:0,(anonymous_8)
FNDA:0,(anonymous_9)
FNDA:0,(anonymous_10)
FNDA:0,(anonymous_11)
FNDA:0,(anonymous_12)
DA:1,0
DA:9,0
DA:10,0
DA:11,0
DA:12,0
DA:13,0
DA:30,0
DA:33,0
DA:35,0
DA:36,0
DA:39,0
DA:40,0
DA:44,0
DA:48,0
DA:49,0
DA:51,0
DA:52,0
DA:53,0
DA:54,0
DA:60,0
DA:61,0
DA:62,0
DA:63,0
DA:64,0
DA:65,0
DA:68,0
DA:74,0
DA:75,0
DA:76,0
DA:80,0
DA:81,0
DA:82,0
DA:86,0
DA:87,0
DA:88,0
DA:89,0
DA:90,0
DA:93,0
DA:94,0
DA:95,0
DA:98,0
DA:99,0
DA:102,0
DA:105,0
DA:110,0
DA:120,0
DA:121,0
DA:128,0
DA:130,0
DA:131,0
DA:136,0
DA:137,0
DA:150,0
DA:153,0
DA:154,0
DA:155,0
DA:164,0
DA:165,0
DA:166,0
DA:175,0
DA:178,0
DA:179,0
DA:182,0
DA:183,0
DA:185,0
DA:192,0
DA:200,0
DA:202,0
DA:203,0
DA:204,0
DA:208,0
DA:209,0
DA:210,0
DA:211,0
DA:215,0
DA:216,0
DA:218,0
DA:220,0
DA:221,0
DA:223,0
DA:224,0
DA:225,0
DA:227,0
DA:230,0
DA:238,0
DA:240,0
DA:241,0
DA:242,0
DA:243,0
DA:244,0
DA:249,0
DA:250,0
DA:253,0
LF:93
LH:0
BRDA:49,0,0,0
BRDA:49,0,1,0
BRDA:49,1,0,0
BRDA:49,1,1,0
BRDA:49,2,0,0
BRDA:49,2,1,0
BRDA:49,3,0,0
BRDA:49,3,1,0
BRDA:49,4,0,0
BRDA:49,4,1,0
BRDA:49,5,0,0
BRDA:49,5,1,0
BRDA:49,6,0,0
BRDA:49,6,1,0
BRDA:51,7,0,0
BRDA:61,8,0,0
BRDA:75,9,0,0
BRDA:75,10,0,0
BRDA:75,10,1,0
BRDA:86,11,0,0
BRDA:94,12,0,0
BRDA:94,12,1,0
BRDA:95,13,0,0
BRDA:95,13,1,0
BRDA:95,13,2,0
BRDA:110,14,0,0
BRDA:120,15,0,0
BRDA:120,16,0,0
BRDA:120,16,1,0
BRDA:130,17,0,0
BRDA:130,17,1,0
BRDA:153,18,0,0
BRDA:164,19,0,0
BRDA:178,20,0,0
BRDA:182,21,0,0
BRDA:202,22,0,0
BRDA:202,23,0,0
BRDA:202,23,1,0
BRDA:202,23,2,0
BRDA:202,23,3,0
BRDA:208,24,0,0
BRDA:216,25,0,0
BRDA:216,26,0,0
BRDA:216,26,1,0
BRDA:216,27,0,0
BRDA:216,27,1,0
BRDA:223,28,0,0
BRDA:223,28,1,0
BRDA:230,29,0,0
BRDA:230,29,1,0
BRDA:240,30,0,0
BRDA:243,31,0,0
BRDA:249,32,0,0
BRDA:25,33,0,0
BRDA:25,33,1,0
BRF:55
BRH:0
end_of_record
TN:
SF:src/minutas/minutas.module.ts
FNF:0
FNH:0
DA:1,0
DA:2,0
DA:3,0
DA:4,0
DA:5,0
DA:6,0
DA:7,0
DA:8,0
DA:9,0
DA:10,0
DA:11,0
DA:12,0
DA:13,0
DA:14,0
DA:38,0
LF:15
LH:0
BRDA:22,0,0,0
BRDA:22,0,1,0
BRF:2
BRH:0
end_of_record
TN:
SF:src/minutas/minutas.service.ts
FN:29,normalizeEstado
FN:37,(anonymous_6)
FN:47,(anonymous_7)
FN:52,(anonymous_8)
FN:53,(anonymous_9)
FN:82,(anonymous_10)
FN:83,(anonymous_11)
FN:88,(anonymous_12)
FN:92,(anonymous_13)
FN:101,(anonymous_14)
FN:106,(anonymous_15)
FN:110,(anonymous_16)
FN:161,(anonymous_17)
FN:171,(anonymous_18)
FN:215,(anonymous_19)
FN:220,(anonymous_20)
FN:224,(anonymous_21)
FN:279,(anonymous_22)
FN:303,(anonymous_23)
FN:330,(anonymous_24)
FN:367,(anonymous_25)
FN:385,(anonymous_26)
FN:421,(anonymous_27)
FN:422,(anonymous_28)
FN:484,(anonymous_29)
FN:517,(anonymous_30)
FN:548,(anonymous_31)
FN:558,(anonymous_32)
FN:580,(anonymous_33)
FN:600,(anonymous_34)
FN:608,(anonymous_35)
FN:620,(anonymous_36)
FN:642,(anonymous_37)
FN:658,(anonymous_38)
FN:689,(anonymous_39)
FN:700,(anonymous_40)
FN:703,(anonymous_41)
FN:709,(anonymous_42)
FN:719,(anonymous_43)
FN:735,(anonymous_44)
FN:736,(anonymous_45)
FN:742,(anonymous_46)
FN:768,(anonymous_47)
FN:800,(anonymous_48)
FN:43,(anonymous_49)
FNF:45
FNH:0
FNDA:0,normalizeEstado
FNDA:0,(anonymous_6)
FNDA:0,(anonymous_7)
FNDA:0,(anonymous_8)
FNDA:0,(anonymous_9)
FNDA:0,(anonymous_10)
FNDA:0,(anonymous_11)
FNDA:0,(anonymous_12)
FNDA:0,(anonymous_13)
FNDA:0,(anonymous_14)
FNDA:0,(anonymous_15)
FNDA:0,(anonymous_16)
FNDA:0,(anonymous_17)
FNDA:0,(anonymous_18)
FNDA:0,(anonymous_19)
FNDA:0,(anonymous_20)
FNDA:0,(anonymous_21)
FNDA:0,(anonymous_22)
FNDA:0,(anonymous_23)
FNDA:0,(anonymous_24)
FNDA:0,(anonymous_25)
FNDA:0,(anonymous_26)
FNDA:0,(anonymous_27)
FNDA:0,(anonymous_28)
FNDA:0,(anonymous_29)
FNDA:0,(anonymous_30)
FNDA:0,(anonymous_31)
FNDA:0,(anonymous_32)
FNDA:0,(anonymous_33)
FNDA:0,(anonymous_34)
FNDA:0,(anonymous_35)
FNDA:0,(anonymous_36)
FNDA:0,(anonymous_37)
FNDA:0,(anonymous_38)
FNDA:0,(anonymous_39)
FNDA:0,(anonymous_40)
FNDA:0,(anonymous_41)
FNDA:0,(anonymous_42)
FNDA:0,(anonymous_43)
FNDA:0,(anonymous_44)
FNDA:0,(anonymous_45)
FNDA:0,(anonymous_46)
FNDA:0,(anonymous_47)
FNDA:0,(anonymous_48)
FNDA:0,(anonymous_49)
DA:1,0
DA:5,0
DA:6,0
DA:7,0
DA:8,0
DA:9,0
DA:10,0
DA:11,0
DA:12,0
DA:15,0
DA:30,0
DA:33,0
DA:36,0
DA:38,0
DA:39,0
DA:40,0
DA:41,0
DA:42,0
DA:43,0
DA:48,0
DA:53,0
DA:56,0
DA:81,0
DA:83,0
DA:87,0
DA:88,0
DA:91,0
DA:92,0
DA:95,0
DA:102,0
DA:107,0
DA:114,0
DA:129,0
DA:131,0
DA:132,0
DA:134,0
DA:139,0
DA:140,0
DA:144,0
DA:161,0
DA:162,0
DA:163,0
DA:167,0
DA:171,0
DA:172,0
DA:183,0
DA:188,0
DA:189,0
DA:198,0
DA:203,0
DA:212,0
DA:217,0
DA:221,0
DA:226,0
DA:229,0
DA:231,0
DA:232,0
DA:233,0
DA:236,0
DA:237,0
DA:240,0
DA:243,0
DA:279,0
DA:292,0
DA:309,0
DA:312,0
DA:313,0
DA:314,0
DA:318,0
DA:321,0
DA:322,0
DA:323,0
DA:326,0
DA:331,0
DA:332,0
DA:334,0
DA:335,0
DA:336,0
DA:337,0
DA:340,0
DA:341,0
DA:351,0
DA:353,0
DA:354,0
DA:355,0
DA:356,0
DA:359,0
DA:363,0
DA:368,0
DA:370,0
DA:371,0
DA:372,0
DA:373,0
DA:374,0
DA:377,0
DA:378,0
DA:379,0
DA:380,0
DA:382,0
DA:386,0
DA:415,0
DA:416,0
DA:420,0
DA:421,0
DA:422,0
DA:425,0
DA:428,0
DA:430,0
DA:433,0
DA:434,0
DA:435,0
DA:441,0
DA:445,0
DA:447,0
DA:448,0
DA:455,0
DA:458,0
DA:459,0
DA:462,0
DA:486,0
DA:501,0
DA:502,0
DA:507,0
DA:510,0
DA:511,0
DA:517,0
DA:520,0
DA:521,0
DA:525,0
DA:526,0
DA:529,0
DA:540,0
DA:541,0
DA:545,0
DA:549,0
DA:559,0
DA:560,0
DA:573,0
DA:574,0
DA:575,0
DA:576,0
DA:581,0
DA:582,0
DA:588,0
DA:589,0
DA:601,0
DA:602,0
DA:603,0
DA:604,0
DA:609,0
DA:610,0
DA:612,0
DA:613,0
DA:615,0
DA:616,0
DA:618,0
DA:620,0
DA:622,0
DA:623,0
DA:624,0
DA:627,0
DA:628,0
DA:629,0
DA:631,0
DA:632,0
DA:633,0
DA:634,0
DA:638,0
DA:649,0
DA:652,0
DA:655,0
DA:659,0
DA:660,0
DA:662,0
DA:663,0
DA:664,0
DA:667,0
DA:668,0
DA:674,0
DA:675,0
DA:676,0
DA:677,0
DA:681,0
DA:682,0
DA:690,0
DA:691,0
DA:692,0
DA:693,0
DA:694,0
DA:701,0
DA:702,0
DA:703,0
DA:705,0
DA:706,0
DA:709,0
DA:710,0
DA:715,0
DA:720,0
DA:735,0
DA:736,0
DA:739,0
DA:744,0
DA:746,0
DA:751,0
DA:756,0
DA:765,0
DA:769,0
DA:770,0
DA:771,0
DA:775,0
DA:776,0
DA:779,0
DA:780,0
DA:784,0
DA:785,0
DA:800,0
DA:801,0
DA:804,0
DA:805,0
DA:807,0
DA:810,0
DA:816,0
DA:817,0
DA:821,0
DA:822,0
DA:824,0
DA:825,0
DA:828,0
DA:831,0
DA:833,0
DA:834,0
DA:837,0
DA:839,0
LF:233
LH:0
BRDA:30,0,0,0
BRDA:30,0,1,0
BRDA:30,1,0,0
BRDA:30,1,1,0
BRDA:30,2,0,0
BRDA:30,2,1,0
BRDA:83,3,0,0
BRDA:83,3,1,0
BRDA:83,4,0,0
BRDA:83,4,1,0
BRDA:116,5,0,0
BRDA:116,5,1,0
BRDA:120,6,0,0
BRDA:120,6,1,0
BRDA:123,7,0,0
BRDA:123,7,1,0
BRDA:129,8,0,0
BRDA:129,8,1,0
BRDA:131,9,0,0
BRDA:131,10,0,0
BRDA:131,10,1,0
BRDA:131,11,0,0
BRDA:131,11,1,0
BRDA:131,12,0,0
BRDA:131,12,1,0
BRDA:139,13,0,0
BRDA:147,14,0,0
BRDA:147,14,1,0
BRDA:155,15,0,0
BRDA:155,15,1,0
BRDA:161,16,0,0
BRDA:161,16,1,0
BRDA:161,17,0,0
BRDA:161,17,1,0
BRDA:161,18,0,0
BRDA:161,18,1,0
BRDA:161,19,0,0
BRDA:161,19,1,0
BRDA:161,20,0,0
BRDA:161,20,1,0
BRDA:162,21,0,0
BRDA:167,22,0,0
BRDA:167,23,0,0
BRDA:167,23,1,0
BRDA:175,24,0,0
BRDA:175,24,1,0
BRDA:179,25,0,0
BRDA:179,25,1,0
BRDA:188,26,0,0
BRDA:191,27,0,0
BRDA:191,27,1,0
BRDA:205,28,0,0
BRDA:205,28,1,0
BRDA:205,29,0,0
BRDA:205,29,1,0
BRDA:209,30,0,0
BRDA:209,30,1,0
BRDA:209,31,0,0
BRDA:209,31,1,0
BRDA:209,32,0,0
BRDA:209,32,1,0
BRDA:231,33,0,0
BRDA:231,33,1,0
BRDA:232,34,0,0
BRDA:232,34,1,0
BRDA:237,35,0,0
BRDA:237,35,1,0
BRDA:237,36,0,0
BRDA:237,36,1,0
BRDA:240,37,0,0
BRDA:240,37,1,0
BRDA:284,38,0,0
BRDA:284,38,1,0
BRDA:284,39,0,0
BRDA:284,39,1,0
BRDA:284,40,0,0
BRDA:284,40,1,0
BRDA:289,41,0,0
BRDA:289,41,1,0
BRDA:313,42,0,0
BRDA:318,43,0,0
BRDA:322,44,0,0
BRDA:334,45,0,0
BRDA:335,46,0,0
BRDA:336,47,0,0
BRDA:340,48,0,0
BRDA:353,49,0,0
BRDA:354,50,0,0
BRDA:354,50,1,0
BRDA:355,51,0,0
BRDA:368,52,0,0
BRDA:368,53,0,0
BRDA:368,53,1,0
BRDA:371,54,0,0
BRDA:373,55,0,0
BRDA:377,56,0,0
BRDA:379,57,0,0
BRDA:415,58,0,0
BRDA:428,59,0,0
BRDA:434,60,0,0
BRDA:445,61,0,0
BRDA:445,61,1,0
BRDA:445,62,0,0
BRDA:445,62,1,0
BRDA:445,63,0,0
BRDA:445,63,1,0
BRDA:447,64,0,0
BRDA:447,65,0,0
BRDA:447,65,1,0
BRDA:447,65,2,0
BRDA:458,66,0,0
BRDA:464,67,0,0
BRDA:464,67,1,0
BRDA:466,68,0,0
BRDA:466,68,1,0
BRDA:466,69,0,0
BRDA:466,69,1,0
BRDA:466,70,0,0
BRDA:466,70,1,0
BRDA:468,71,0,0
BRDA:468,71,1,0
BRDA:468,72,0,0
BRDA:468,72,1,0
BRDA:468,73,0,0
BRDA:468,73,1,0
BRDA:469,74,0,0
BRDA:469,74,1,0
BRDA:469,75,0,0
BRDA:469,75,1,0
BRDA:469,76,0,0
BRDA:469,76,1,0
BRDA:470,77,0,0
BRDA:470,77,1,0
BRDA:470,78,0,0
BRDA:470,78,1,0
BRDA:470,79,0,0
BRDA:470,79,1,0
BRDA:471,80,0,0
BRDA:471,80,1,0
BRDA:471,81,0,0
BRDA:471,81,1,0
BRDA:471,82,0,0
BRDA:471,82,1,0
BRDA:472,83,0,0
BRDA:472,83,1,0
BRDA:472,84,0,0
BRDA:472,84,1,0
BRDA:472,85,0,0
BRDA:472,85,1,0
BRDA:473,86,0,0
BRDA:473,86,1,0
BRDA:473,87,0,0
BRDA:473,87,1,0
BRDA:473,88,0,0
BRDA:473,88,1,0
BRDA:474,89,0,0
BRDA:474,89,1,0
BRDA:474,90,0,0
BRDA:474,90,1,0
BRDA:474,91,0,0
BRDA:474,91,1,0
BRDA:501,92,0,0
BRDA:510,93,0,0
BRDA:510,94,0,0
BRDA:510,94,1,0
BRDA:517,95,0,0
BRDA:517,95,1,0
BRDA:517,96,0,0
BRDA:517,96,1,0
BRDA:520,97,0,0
BRDA:520,98,0,0
BRDA:520,98,1,0
BRDA:521,99,0,0
BRDA:521,99,1,0
BRDA:540,100,0,0
BRDA:551,101,0,0
BRDA:551,101,1,0
BRDA:552,102,0,0
BRDA:552,102,1,0
BRDA:553,103,0,0
BRDA:553,103,1,0
BRDA:554,104,0,0
BRDA:554,104,1,0
BRDA:563,105,0,0
BRDA:563,105,1,0
BRDA:564,106,0,0
BRDA:564,106,1,0
BRDA:565,107,0,0
BRDA:565,107,1,0
BRDA:566,108,0,0
BRDA:566,108,1,0
BRDA:567,109,0,0
BRDA:567,109,1,0
BRDA:574,110,0,0
BRDA:575,111,0,0
BRDA:581,112,0,0
BRDA:581,113,0,0
BRDA:581,113,1,0
BRDA:581,113,2,0
BRDA:584,114,0,0
BRDA:584,114,1,0
BRDA:592,115,0,0
BRDA:592,115,1,0
BRDA:595,116,0,0
BRDA:595,116,1,0
BRDA:595,117,0,0
BRDA:595,117,1,0
BRDA:595,118,0,0
BRDA:595,118,1,0
BRDA:601,119,0,0
BRDA:603,120,0,0
BRDA:615,121,0,0
BRDA:620,122,0,0
BRDA:620,122,1,0
BRDA:620,123,0,0
BRDA:620,123,1,0
BRDA:622,124,0,0
BRDA:622,125,0,0
BRDA:622,125,1,0
BRDA:622,125,2,0
BRDA:623,126,0,0
BRDA:627,127,0,0
BRDA:627,127,1,0
BRDA:627,128,0,0
BRDA:627,128,1,0
BRDA:629,129,0,0
BRDA:629,129,1,0
BRDA:629,130,0,0
BRDA:629,130,1,0
BRDA:629,131,0,0
BRDA:629,131,1,0
BRDA:631,132,0,0
BRDA:632,133,0,0
BRDA:632,133,1,0
BRDA:633,134,0,0
BRDA:663,135,0,0
BRDA:667,136,0,0
BRDA:674,137,0,0
BRDA:675,138,0,0
BRDA:675,139,0,0
BRDA:675,139,1,0
BRDA:676,140,0,0
BRDA:676,140,1,0
BRDA:681,141,0,0
BRDA:690,142,0,0
BRDA:691,143,0,0
BRDA:692,144,0,0
BRDA:692,144,1,0
BRDA:692,145,0,0
BRDA:692,145,1,0
BRDA:693,146,0,0
BRDA:703,147,0,0
BRDA:703,147,1,0
BRDA:703,148,0,0
BRDA:703,148,1,0
BRDA:703,149,0,0
BRDA:703,149,1,0
BRDA:703,150,0,0
BRDA:703,150,1,0
BRDA:703,151,0,0
BRDA:703,151,1,0
BRDA:705,152,0,0
BRDA:705,153,0,0
BRDA:705,153,1,0
BRDA:762,154,0,0
BRDA:762,154,1,0
BRDA:762,155,0,0
BRDA:762,155,1,0
BRDA:762,156,0,0
BRDA:762,156,1,0
BRDA:770,157,0,0
BRDA:779,158,0,0
BRDA:800,159,0,0
BRDA:800,160,0,0
BRDA:800,160,1,0
BRDA:804,161,0,0
BRDA:816,162,0,0
BRDA:824,163,0,0
BRDA:824,164,0,0
BRDA:824,164,1,0
BRDA:828,165,0,0
BRDA:828,165,1,0
BRDA:833,166,0,0
BRF:283
BRH:0
end_of_record
TN:
SF:src/minutas/dto/create-minuta-provisoria.dto.ts
FNF:0
FNH:0
DA:1,0
DA:3,0
DA:6,0
DA:10,0
DA:14,0
DA:18,0
DA:22,0
DA:26,0
LF:8
LH:0
BRF:0
BRH:0
end_of_record
TN:
SF:src/minutas/dto/create-minuta.dto.ts
FNF:0
FNH:0
DA:1,0
DA:2,0
DA:4,0
DA:12,0
DA:20,0
DA:33,0
DA:41,0
DA:47,0
DA:55,0
DA:63,0
DA:71,0
DA:79,0
LF:12
LH:0
BRF:0
BRH:0
end_of_record
TN:
SF:src/minutas/dto/datos-minuta.dto.ts
FN:81,(anonymous_2)
FN:90,(anonymous_3)
FNF:2
FNH:0
FNDA:0,(anonymous_2)
FNDA:0,(anonymous_3)
DA:1,0
DA:13,0
DA:18,0
DA:23,0
DA:29,0
DA:34,0
DA:41,0
DA:45,0
DA:50,0
DA:56,0
DA:62,0
DA:67,0
DA:72,0
DA:78,0
DA:81,0
DA:83,0
DA:87,0
DA:91,0
DA:93,0
DA:95,0
DA:97,0
DA:98,0
DA:99,0
DA:103,0
DA:105,0
DA:109,0
LF:26
LH:0
BRDA:91,0,0,0
BRDA:91,1,0,0
BRDA:91,1,1,0
BRDA:98,2,0,0
BRF:4
BRH:0
end_of_record
TN:
SF:src/minutas/dto/find-all-minutas-query.dto.ts
FN:40,(anonymous_2)
FN:118,(anonymous_3)
FN:131,(anonymous_4)
FNF:3
FNH:0
FNDA:0,(anonymous_2)
FNDA:0,(anonymous_3)
FNDA:0,(anonymous_4)
DA:1,0
DA:2,0
DA:3,0
DA:5,0
DA:14,0
DA:24,0
DA:41,0
DA:42,0
DA:61,0
DA:74,0
DA:87,0
DA:98,0
DA:109,0
DA:118,0
DA:123,0
DA:131,0
DA:135,0
LF:17
LH:0
BRDA:41,0,0,0
BRF:1
BRH:0
end_of_record
TN:
SF:src/minutas/dto/minuta-response.dto.ts
FNF:0
FNH:0
DA:1,0
DA:14,0
DA:19,0
DA:25,0
DA:32,0
DA:39,0
DA:45,0
DA:51,0
DA:58,0
DA:65,0
DA:71,0
DA:77,0
DA:84,0
DA:90,0
DA:96,0
DA:102,0
DA:111,0
DA:118,0
DA:124,0
DA:130,0
DA:137,0
DA:139,0
DA:142,0
DA:145,0
DA:148,0
DA:151,0
DA:154,0
DA:157,0
DA:160,0
DA:163,0
LF:30
LH:0
BRF:0
BRH:0
end_of_record
TN:
SF:src/minutas/dto/update-minuta.dto.ts
FNF:0
FNH:0
DA:1,0
DA:2,0
DA:4,0
LF:3
LH:0
BRF:0
BRH:0
end_of_record
TN:
SF:src/minutas/entities/minuta.entity.ts
FNF:0
FNH:0
DA:1,0
DA:16,0
LF:2
LH:0
BRF:0
BRH:0
end_of_record
TN:
SF:src/minutas/modules/clientes/clientes.controller.ts
FN:18,(anonymous_4)
FN:23,(anonymous_5)
FN:35,(anonymous_6)
FN:38,(anonymous_7)
FN:47,(anonymous_8)
FNF:5
FNH:0
FNDA:0,(anonymous_4)
FNDA:0,(anonymous_5)
FNDA:0,(anonymous_6)
FNDA:0,(anonymous_7)
FNDA:0,(anonymous_8)
DA:1,0
DA:2,0
DA:3,0
DA:4,0
DA:5,0
DA:6,0
DA:7,0
DA:17,0
DA:18,0
DA:23,0
DA:24,0
DA:26,0
DA:35,0
DA:36,0
DA:38,0
DA:47,0
DA:48,0
DA:50,0
LF:18
LH:0
BRDA:28,0,0,0
BRDA:28,0,1,0
BRDA:36,1,0,0
BRDA:36,1,1,0
BRDA:40,2,0,0
BRDA:40,2,1,0
BRDA:52,3,0,0
BRDA:52,3,1,0
BRF:8
BRH:0
end_of_record
TN:
SF:src/minutas/modules/clientes/clientes.module.ts
FNF:0
FNH:0
DA:1,0
DA:2,0
DA:3,0
DA:4,0
DA:12,0
LF:5
LH:0
BRF:0
BRH:0
end_of_record
TN:
SF:src/minutas/modules/clientes/clientes.service.ts
FN:7,(anonymous_2)
FN:13,(anonymous_3)
FN:47,(anonymous_4)
FN:62,(anonymous_5)
FN:78,(anonymous_6)
FNF:5
FNH:0
FNDA:0,(anonymous_2)
FNDA:0,(anonymous_3)
FNDA:0,(anonymous_4)
FNDA:0,(anonymous_5)
FNDA:0,(anonymous_6)
DA:1,0
DA:2,0
DA:6,0
DA:7,0
DA:14,0
DA:17,0
DA:21,0
DA:23,0
DA:24,0
DA:29,0
DA:33,0
DA:41,0
DA:48,0
DA:52,0
DA:53,0
DA:56,0
DA:63,0
DA:79,0
DA:83,0
DA:84,0
DA:87,0
LF:21
LH:0
BRDA:21,0,0,0
BRDA:23,1,0,0
BRDA:23,2,0,0
BRDA:23,2,1,0
BRDA:36,3,0,0
BRDA:36,3,1,0
BRDA:37,4,0,0
BRDA:37,4,1,0
BRDA:52,5,0,0
BRDA:83,6,0,0
BRF:10
BRH:0
end_of_record
TN:
SF:src/minutas/modules/clientes/dto/cliente-response.dto.ts
FNF:0
FNH:0
DA:1,0
DA:3,0
DA:5,0
DA:8,0
DA:11,0
DA:14,0
DA:17,0
LF:7
LH:0
BRF:0
BRH:0
end_of_record
TN:
SF:src/minutas/modules/clientes/dto/verificar-crear-cliente.dto.ts
FNF:0
FNH:0
DA:1,0
DA:3,0
DA:6,0
DA:10,0
DA:14,0
LF:5
LH:0
BRF:0
BRH:0
end_of_record
TN:
SF:src/minutas/repositories/prisma-minutas.repository.ts
FN:20,(anonymous_2)
FN:22,(anonymous_3)
FN:30,(anonymous_4)
FN:37,(anonymous_5)
FN:52,(anonymous_6)
FN:77,(anonymous_7)
FN:105,(anonymous_8)
FN:123,(anonymous_9)
FN:129,(anonymous_10)
FN:135,(anonymous_11)
FN:197,(anonymous_12)
FN:205,(anonymous_13)
FN:213,(anonymous_14)
FN:237,(anonymous_15)
FNF:14
FNH:0
FNDA:0,(anonymous_2)
FNDA:0,(anonymous_3)
FNDA:0,(anonymous_4)
FNDA:0,(anonymous_5)
FNDA:0,(anonymous_6)
FNDA:0,(anonymous_7)
FNDA:0,(anonymous_8)
FNDA:0,(anonymous_9)
FNDA:0,(anonymous_10)
FNDA:0,(anonymous_11)
FNDA:0,(anonymous_12)
FNDA:0,(anonymous_13)
FNDA:0,(anonymous_14)
FNDA:0,(anonymous_15)
DA:1,0
DA:2,0
DA:12,0
DA:19,0
DA:20,0
DA:23,0
DA:27,0
DA:31,0
DA:34,0
DA:38,0
DA:49,0
DA:53,0
DA:71,0
DA:74,0
DA:78,0
DA:82,0
DA:83,0
DA:85,0
DA:86,0
DA:88,0
DA:89,0
DA:91,0
DA:92,0
DA:94,0
DA:95,0
DA:98,0
DA:102,0
DA:111,0
DA:120,0
DA:124,0
DA:130,0
DA:141,0
DA:142,0
DA:143,0
DA:144,0
DA:147,0
DA:148,0
DA:151,0
DA:154,0
DA:155,0
DA:156,0
DA:158,0
DA:161,0
DA:162,0
DA:165,0
DA:166,0
DA:170,0
DA:188,0
DA:198,0
DA:202,0
DA:206,0
DA:210,0
DA:218,0
DA:220,0
DA:221,0
DA:224,0
DA:225,0
DA:228,0
DA:229,0
DA:234,0
DA:238,0
DA:240,0
DA:241,0
DA:242,0
DA:243,0
DA:245,0
DA:248,0
DA:249,0
DA:250,0
DA:251,0
DA:253,0
DA:256,0
LF:72
LH:0
BRDA:54,0,0,0
BRDA:54,0,1,0
BRDA:58,1,0,0
BRDA:58,1,1,0
BRDA:61,2,0,0
BRDA:61,2,1,0
BRDA:82,3,0,0
BRDA:85,4,0,0
BRDA:88,5,0,0
BRDA:91,6,0,0
BRDA:94,7,0,0
BRDA:115,8,0,0
BRDA:115,8,1,0
BRDA:142,9,0,0
BRDA:142,9,1,0
BRDA:143,10,0,0
BRDA:143,10,1,0
BRDA:148,11,0,0
BRDA:148,11,1,0
BRDA:148,12,0,0
BRDA:148,12,1,0
BRDA:151,13,0,0
BRDA:151,13,1,0
BRDA:155,14,0,0
BRDA:161,15,0,0
BRDA:162,16,0,0
BRDA:165,17,0,0
BRDA:165,18,0,0
BRDA:165,18,1,0
BRDA:220,19,0,0
BRDA:221,20,0,0
BRDA:221,20,1,0
BRDA:224,21,0,0
BRDA:228,22,0,0
BRDA:229,23,0,0
BRDA:229,23,1,0
BRDA:240,24,0,0
BRDA:242,25,0,0
BRDA:248,26,0,0
BRDA:250,27,0,0
BRF:40
BRH:0
end_of_record
TN:
SF:src/minutas/services/unit-state.service.ts
FN:17,(anonymous_2)
FN:23,(anonymous_3)
FN:34,(anonymous_4)
FN:61,(anonymous_5)
FN:90,(anonymous_6)
FNF:5
FNH:0
FNDA:0,(anonymous_2)
FNDA:0,(anonymous_3)
FNDA:0,(anonymous_4)
FNDA:0,(anonymous_5)
FNDA:0,(anonymous_6)
DA:1,0
DA:2,0
DA:5,0
DA:14,0
DA:15,0
DA:17,0
DA:24,0
DA:25,0
DA:26,0
DA:29,0
DA:31,0
DA:33,0
DA:35,0
DA:50,0
DA:52,0
DA:53,0
DA:62,0
DA:63,0
DA:64,0
DA:67,0
DA:69,0
DA:70,0
DA:80,0
DA:82,0
DA:83,0
DA:91,0
DA:92,0
DA:93,0
DA:96,0
DA:98,0
DA:99,0
DA:108,0
DA:110,0
DA:111,0
LF:34
LH:0
BRDA:24,0,0,0
BRDA:24,1,0,0
BRDA:24,1,1,0
BRDA:52,2,0,0
BRDA:52,2,1,0
BRDA:52,3,0,0
BRDA:52,3,1,0
BRDA:62,4,0,0
BRDA:62,5,0,0
BRDA:62,5,1,0
BRDA:82,6,0,0
BRDA:82,6,1,0
BRDA:82,7,0,0
BRDA:82,7,1,0
BRDA:91,8,0,0
BRDA:91,9,0,0
BRDA:91,9,1,0
BRDA:110,10,0,0
BRDA:110,10,1,0
BRDA:110,11,0,0
BRDA:110,11,1,0
BRF:21
BRH:0
end_of_record
TN:
SF:src/minutas/services/document-generation/document-generation.service.ts
FN:19,(anonymous_2)
FN:29,(anonymous_3)
FN:37,(anonymous_4)
FN:58,(anonymous_5)
FN:65,(anonymous_6)
FN:75,(anonymous_7)
FNF:6
FNH:0
FNDA:0,(anonymous_2)
FNDA:0,(anonymous_3)
FNDA:0,(anonymous_4)
FNDA:0,(anonymous_5)
FNDA:0,(anonymous_6)
FNDA:0,(anonymous_7)
DA:1,0
DA:7,0
DA:15,0
DA:16,0
DA:17,0
DA:20,0
DA:23,0
DA:30,0
DA:41,0
DA:42,0
DA:44,0
DA:45,0
DA:46,0
DA:52,0
DA:59,0
DA:66,0
DA:67,0
DA:69,0
DA:76,0
DA:77,0
DA:79,0
LF:21
LH:0
BRDA:41,0,0,0
BRDA:41,0,1,0
BRDA:44,1,0,0
BRDA:66,2,0,0
BRDA:66,2,1,0
BRDA:69,3,0,0
BRDA:69,3,1,0
BRDA:69,4,0,0
BRDA:69,4,1,0
BRDA:69,5,0,0
BRDA:69,5,1,0
BRDA:76,6,0,0
BRF:12
BRH:0
end_of_record
TN:
SF:src/minutas/services/document-generation/n8n-generator.service.ts
FN:14,(anonymous_1)
FN:41,(anonymous_2)
FN:45,(anonymous_3)
FNF:3
FNH:0
FNDA:0,(anonymous_1)
FNDA:0,(anonymous_2)
FNDA:0,(anonymous_3)
DA:1,0
DA:13,0
DA:15,0
DA:17,0
DA:18,0
DA:21,0
DA:27,0
DA:28,0
DA:31,0
DA:32,0
DA:34,0
DA:42,0
DA:46,0
LF:13
LH:0
BRDA:17,0,0,0
BRDA:27,1,0,0
BRDA:31,2,0,0
BRDA:31,2,1,0
BRF:4
BRH:0
end_of_record
TN:
SF:src/prisma/prisma.module.ts
FNF:0
FNH:0
DA:1,0
DA:2,0
DA:8,0
LF:3
LH:0
BRF:0
BRH:0
end_of_record
TN:
SF:src/prisma/prisma.service.ts
FN:11,(anonymous_2)
FN:32,(anonymous_3)
FN:36,(anonymous_4)
FN:42,(anonymous_5)
FN:54,(anonymous_6)
FN:81,(anonymous_7)
FNF:6
FNH:0
FNDA:0,(anonymous_2)
FNDA:0,(anonymous_3)
FNDA:0,(anonymous_4)
FNDA:0,(anonymous_5)
FNDA:0,(anonymous_6)
FNDA:0,(anonymous_7)
DA:1,1
DA:2,1
DA:5,1
DA:6,0
DA:7,0
DA:8,0
DA:9,0
DA:13,0
DA:14,0
DA:18,0
DA:33,0
DA:37,0
DA:38,0
DA:39,0
DA:43,0
DA:44,0
DA:45,0
DA:46,0
DA:48,0
DA:52,0
DA:53,0
DA:54,0
DA:55,0
DA:58,0
DA:65,0
DA:74,0
DA:77,0
DA:88,0
DA:89,0
DA:90,0
DA:94,0
DA:95,0
DA:96,0
DA:99,0
DA:100,0
DA:101,0
DA:103,0
DA:104,0
DA:106,0
DA:107,0
DA:108,0
DA:110,0
DA:111,0
DA:112,0
DA:116,0
DA:117,0
DA:121,0
DA:123,0
DA:129,0
DA:131,0
DA:132,0
LF:51
LH:3
BRDA:13,0,0,0
BRDA:13,0,1,0
BRDA:14,1,0,0
BRDA:14,1,1,0
BRDA:24,2,0,0
BRDA:24,2,1,0
BRDA:42,3,0,0
BRDA:49,4,0,0
BRDA:49,4,1,0
BRDA:52,5,0,0
BRDA:88,6,0,0
BRDA:94,7,0,0
BRDA:104,8,0,0
BRDA:106,9,0,0
BRDA:116,10,0,0
BRF:15
BRH:0
end_of_record
TN:
SF:src/prisma-uif/prisma-uif.module.ts
FNF:0
FNH:0
DA:1,0
DA:2,0
DA:9,0
LF:3
LH:0
BRF:0
BRH:0
end_of_record
TN:
SF:src/prisma-uif/prisma-uif.service.ts
FN:10,(anonymous_2)
FN:26,(anonymous_3)
FN:30,(anonymous_4)
FN:35,(anonymous_5)
FN:46,(anonymous_6)
FNF:5
FNH:0
FNDA:0,(anonymous_2)
FNDA:0,(anonymous_3)
FNDA:0,(anonymous_4)
FNDA:0,(anonymous_5)
FNDA:0,(anonymous_6)
DA:1,0
DA:2,0
DA:5,0
DA:6,0
DA:7,0
DA:8,0
DA:11,0
DA:14,0
DA:18,0
DA:27,0
DA:31,0
DA:32,0
DA:36,0
DA:37,0
DA:38,0
DA:40,0
DA:44,0
DA:45,0
DA:46,0
DA:47,0
DA:50,0
LF:21
LH:0
BRDA:11,0,0,0
BRDA:11,0,1,0
BRDA:14,1,0,0
BRDA:14,1,1,0
BRDA:22,2,0,0
BRDA:22,2,1,0
BRDA:35,3,0,0
BRDA:41,4,0,0
BRDA:41,4,1,0
BRDA:44,5,0,0
BRF:10
BRH:0
end_of_record
TN:
SF:src/shared/gastosgenerales/gastosgenerales.controller.ts
FN:12,(anonymous_4)
FN:17,(anonymous_5)
FN:24,(anonymous_6)
FNF:3
FNH:0
FNDA:0,(anonymous_4)
FNDA:0,(anonymous_5)
FNDA:0,(anonymous_6)
DA:1,0
DA:2,0
DA:3,0
DA:4,0
DA:5,0
DA:6,0
DA:11,0
DA:12,0
DA:17,0
DA:18,0
DA:24,0
DA:28,0
LF:12
LH:0
BRF:0
BRH:0
end_of_record
TN:
SF:src/shared/gastosgenerales/gastosgenerales.module.ts
FNF:0
FNH:0
DA:1,0
DA:2,0
DA:3,0
DA:4,0
DA:11,0
LF:5
LH:0
BRF:0
BRH:0
end_of_record
TN:
SF:src/shared/gastosgenerales/gastosgenerales.service.ts
FN:21,(anonymous_2)
FN:23,(anonymous_3)
FN:32,(anonymous_4)
FNF:3
FNH:0
FNDA:0,(anonymous_2)
FNDA:0,(anonymous_3)
FNDA:0,(anonymous_4)
DA:1,0
DA:2,0
DA:20,0
DA:21,0
DA:25,0
DA:29,0
DA:34,0
DA:38,0
DA:39,0
DA:43,0
DA:45,0
DA:47,0
DA:62,0
DA:83,0
DA:84,0
DA:85,0
DA:87,0
LF:17
LH:0
BRDA:29,0,0,0
BRDA:29,0,1,0
BRDA:38,1,0,0
BRDA:45,2,0,0
BRDA:45,2,1,0
BRDA:69,3,0,0
BRDA:69,3,1,0
BRDA:69,4,0,0
BRDA:69,4,1,0
BRDA:70,5,0,0
BRDA:70,5,1,0
BRDA:70,6,0,0
BRDA:70,6,1,0
BRDA:71,7,0,0
BRDA:71,7,1,0
BRDA:71,8,0,0
BRDA:71,8,1,0
BRDA:72,9,0,0
BRDA:72,9,1,0
BRDA:72,10,0,0
BRDA:72,10,1,0
BRDA:73,11,0,0
BRDA:73,11,1,0
BRDA:73,12,0,0
BRDA:73,12,1,0
BRDA:74,13,0,0
BRDA:74,13,1,0
BRDA:74,14,0,0
BRDA:74,14,1,0
BRDA:75,15,0,0
BRDA:75,15,1,0
BRDA:75,16,0,0
BRDA:75,16,1,0
BRDA:76,17,0,0
BRDA:76,17,1,0
BRDA:76,18,0,0
BRDA:76,18,1,0
BRDA:77,19,0,0
BRDA:77,19,1,0
BRDA:77,20,0,0
BRDA:77,20,1,0
BRDA:84,21,0,0
BRF:42
BRH:0
end_of_record
TN:
SF:src/shared/gastosgenerales/dto/gastos-generales-response.dto.ts
FNF:0
FNH:0
DA:1,0
DA:3,0
DA:5,0
DA:8,0
DA:11,0
DA:14,0
DA:17,0
DA:20,0
DA:23,0
DA:26,0
DA:29,0
DA:32,0
DA:35,0
DA:38,0
DA:41,0
LF:15
LH:0
BRF:0
BRH:0
end_of_record
TN:
SF:src/shared/gastosgenerales/dto/update-gastos-generales.dto.ts
FNF:0
FNH:0
DA:2,0
DA:4,0
DA:7,0
DA:11,0
DA:15,0
DA:19,0
DA:23,0
DA:27,0
DA:31,0
DA:35,0
DA:39,0
LF:11
LH:0
BRF:0
BRH:0
end_of_record
TN:
SF:src/shared/iam/permisos/permisos.controller.ts
FN:23,(anonymous_4)
FN:29,(anonymous_5)
FN:36,(anonymous_6)
FN:43,(anonymous_7)
FN:50,(anonymous_8)
FN:56,(anonymous_9)
FNF:6
FNH:0
FNDA:0,(anonymous_4)
FNDA:0,(anonymous_5)
FNDA:0,(anonymous_6)
FNDA:0,(anonymous_7)
FNDA:0,(anonymous_8)
FNDA:0,(anonymous_9)
DA:1,0
DA:12,0
DA:13,0
DA:14,0
DA:15,0
DA:16,0
DA:17,0
DA:22,0
DA:23,0
DA:29,0
DA:30,0
DA:36,0
DA:37,0
DA:43,0
DA:44,0
DA:50,0
DA:51,0
DA:56,0
DA:57,0
LF:19
LH:0
BRF:0
BRH:0
end_of_record
TN:
SF:src/shared/iam/permisos/permisos.module.ts
FNF:0
FNH:0
DA:1,0
DA:2,0
DA:3,0
DA:4,0
DA:12,0
LF:5
LH:0
BRF:0
BRH:0
end_of_record
TN:
SF:src/shared/iam/permisos/permisos.service.ts
FN:13,(anonymous_2)
FN:15,(anonymous_3)
FN:35,(anonymous_4)
FN:41,(anonymous_5)
FN:53,(anonymous_6)
FN:82,(anonymous_7)
FNF:6
FNH:0
FNDA:0,(anonymous_2)
FNDA:0,(anonymous_3)
FNDA:0,(anonymous_4)
FNDA:0,(anonymous_5)
FNDA:0,(anonymous_6)
FNDA:0,(anonymous_7)
DA:1,0
DA:7,0
DA:12,0
DA:13,0
DA:17,0
DA:21,0
DA:22,0
DA:27,0
DA:36,0
DA:42,0
DA:46,0
DA:47,0
DA:50,0
DA:55,0
DA:58,0
DA:59,0
DA:66,0
DA:67,0
DA:73,0
DA:84,0
DA:87,0
DA:91,0
DA:92,0
DA:97,0
LF:24
LH:0
BRDA:21,0,0,0
BRDA:46,1,0,0
BRDA:58,2,0,0
BRDA:66,3,0,0
BRDA:91,4,0,0
BRF:5
BRH:0
end_of_record
TN:
SF:src/shared/iam/permisos/dto/create-permiso.dto.ts
FNF:0
FNH:0
DA:1,0
DA:3,0
DA:7,0
DA:12,0
LF:4
LH:0
BRF:0
BRH:0
end_of_record
TN:
SF:src/shared/iam/permisos/dto/update-permiso.dto.ts
FNF:0
FNH:0
DA:1,0
DA:2,0
DA:4,0
LF:3
LH:0
BRF:0
BRH:0
end_of_record
TN:
SF:src/shared/iam/permisos/entities/permiso.entity.ts
FNF:0
FNH:0
DA:1,0
LF:1
LH:0
BRF:0
BRH:0
end_of_record
TN:
SF:src/shared/iam/roles/roles.controller.ts
FN:34,(anonymous_4)
FN:40,(anonymous_5)
FN:47,(anonymous_6)
FN:54,(anonymous_7)
FN:61,(anonymous_8)
FN:67,(anonymous_9)
FN:74,(anonymous_10)
FN:82,(anonymous_11)
FN:91,(anonymous_12)
FNF:9
FNH:0
FNDA:0,(anonymous_4)
FNDA:0,(anonymous_5)
FNDA:0,(anonymous_6)
FNDA:0,(anonymous_7)
FNDA:0,(anonymous_8)
FNDA:0,(anonymous_9)
FNDA:0,(anonymous_10)
FNDA:0,(anonymous_11)
FNDA:0,(anonymous_12)
DA:1,0
DA:13,0
DA:14,0
DA:15,0
DA:16,0
DA:17,0
DA:18,0
DA:19,0
DA:20,0
DA:21,0
DA:22,0
DA:33,0
DA:34,0
DA:40,0
DA:41,0
DA:47,0
DA:48,0
DA:54,0
DA:55,0
DA:61,0
DA:62,0
DA:67,0
DA:68,0
DA:74,0
DA:75,0
DA:82,0
DA:86,0
DA:91,0
DA:95,0
LF:29
LH:0
BRF:0
BRH:0
end_of_record
TN:
SF:src/shared/iam/roles/roles.module.ts
FN:12,(anonymous_1)
FNF:1
FNH:0
FNDA:0,(anonymous_1)
DA:1,0
DA:2,0
DA:3,0
DA:4,0
DA:5,0
DA:7,0
DA:12,0
DA:19,0
LF:8
LH:0
BRF:0
BRH:0
end_of_record
TN:
SF:src/shared/iam/roles/roles.service.ts
FN:14,(anonymous_2)
FN:23,(anonymous_3)
FN:34,(anonymous_4)
FN:53,(anonymous_5)
FN:59,(anonymous_6)
FN:78,(anonymous_7)
FN:106,(anonymous_8)
FN:126,(anonymous_9)
FN:137,(anonymous_10)
FN:140,(anonymous_11)
FN:185,(anonymous_12)
FNF:11
FNH:0
FNDA:0,(anonymous_2)
FNDA:0,(anonymous_3)
FNDA:0,(anonymous_4)
FNDA:0,(anonymous_5)
FNDA:0,(anonymous_6)
FNDA:0,(anonymous_7)
FNDA:0,(anonymous_8)
FNDA:0,(anonymous_9)
FNDA:0,(anonymous_10)
FNDA:0,(anonymous_11)
FNDA:0,(anonymous_12)
DA:1,0
DA:7,0
DA:10,0
DA:13,0
DA:15,0
DA:16,0
DA:24,0
DA:29,0
DA:30,0
DA:36,0
DA:40,0
DA:41,0
DA:46,0
DA:54,0
DA:60,0
DA:71,0
DA:72,0
DA:75,0
DA:80,0
DA:83,0
DA:84,0
DA:91,0
DA:92,0
DA:98,0
DA:108,0
DA:111,0
DA:115,0
DA:116,0
DA:121,0
DA:128,0
DA:130,0
DA:137,0
DA:142,0
DA:145,0
DA:149,0
DA:150,0
DA:154,0
DA:163,0
DA:164,0
DA:169,0
DA:180,0
DA:182,0
DA:187,0
DA:190,0
DA:199,0
DA:200,0
DA:205,0
DA:215,0
DA:217,0
LF:49
LH:0
BRDA:40,0,0,0
BRDA:71,1,0,0
BRDA:83,2,0,0
BRDA:91,3,0,0
BRDA:115,4,0,0
BRDA:149,5,0,0
BRDA:163,6,0,0
BRDA:199,7,0,0
BRF:8
BRH:0
end_of_record
TN:
SF:src/shared/iam/roles/dto/assign-permission.dto.ts
FNF:0
FNH:0
DA:1,0
DA:3,0
DA:6,0
LF:3
LH:0
BRF:0
BRH:0
end_of_record
TN:
SF:src/shared/iam/roles/dto/create-role.dto.ts
FNF:0
FNH:0
DA:1,0
DA:3,0
DA:7,0
LF:3
LH:0
BRF:0
BRH:0
end_of_record
TN:
SF:src/shared/iam/roles/dto/update-role.dto.ts
FNF:0
FNH:0
DA:1,0
DA:2,0
DA:4,0
LF:3
LH:0
BRF:0
BRH:0
end_of_record
TN:
SF:src/shared/iam/roles/entities/role.entity.ts
FNF:0
FNH:0
DA:1,0
LF:1
LH:0
BRF:0
BRH:0
end_of_record
TN:
SF:src/shared/iam/services/permissions-cache.module.ts
FNF:0
FNH:0
DA:1,0
DA:2,0
DA:8,0
LF:3
LH:0
BRF:0
BRH:0
end_of_record
TN:
SF:src/shared/iam/services/permissions-cache.service.ts
FN:25,(anonymous_4)
FN:30,(anonymous_5)
FN:63,(anonymous_6)
FN:70,(anonymous_7)
FN:84,(anonymous_8)
FN:98,(anonymous_9)
FNF:6
FNH:0
FNDA:0,(anonymous_4)
FNDA:0,(anonymous_5)
FNDA:0,(anonymous_6)
FNDA:0,(anonymous_7)
FNDA:0,(anonymous_8)
FNDA:0,(anonymous_9)
DA:1,0
DA:2,0
DA:19,0
DA:22,0
DA:23,0
DA:25,0
DA:31,0
DA:32,0
DA:33,0
DA:36,0
DA:37,0
DA:45,0
DA:48,0
DA:55,0
DA:57,0
DA:64,0
DA:73,0
DA:74,0
DA:75,0
DA:76,0
DA:77,0
DA:86,0
DA:87,0
DA:89,0
DA:99,0
LF:25
LH:0
BRDA:36,0,0,0
BRDA:74,1,0,0
BRDA:74,1,1,0
BRDA:76,2,0,0
BRDA:86,3,0,0
BRDA:86,3,1,0
BRDA:86,4,0,0
BRDA:86,4,1,0
BRDA:87,5,0,0
BRDA:87,5,1,0
BRDA:87,5,2,0
BRDA:90,6,0,0
BRDA:90,6,1,0
BRDA:94,7,0,0
BRDA:94,7,1,0
BRF:15
BRH:0
end_of_record
TN:
SF:src/shared/iam/usuarios/usuarios.controller.ts
FN:33,(anonymous_4)
FN:42,(anonymous_5)
FN:55,(anonymous_6)
FN:63,(anonymous_7)
FN:73,(anonymous_8)
FN:91,(anonymous_9)
FN:109,(anonymous_10)
FN:130,(anonymous_11)
FN:143,(anonymous_12)
FN:161,(anonymous_13)
FNF:10
FNH:0
FNDA:0,(anonymous_4)
FNDA:0,(anonymous_5)
FNDA:0,(anonymous_6)
FNDA:0,(anonymous_7)
FNDA:0,(anonymous_8)
FNDA:0,(anonymous_9)
FNDA:0,(anonymous_10)
FNDA:0,(anonymous_11)
FNDA:0,(anonymous_12)
FNDA:0,(anonymous_13)
DA:1,0
DA:15,0
DA:16,0
DA:17,0
DA:18,0
DA:19,0
DA:20,0
DA:21,0
DA:22,0
DA:23,0
DA:24,0
DA:25,0
DA:26,0
DA:32,0
DA:34,0
DA:35,0
DA:42,0
DA:44,0
DA:45,0
DA:46,0
DA:48,0
DA:55,0
DA:57,0
DA:58,0
DA:59,0
DA:62,0
DA:63,0
DA:64,0
DA:73,0
DA:79,0
DA:80,0
DA:84,0
DA:91,0
DA:97,0
DA:98,0
DA:102,0
DA:109,0
DA:111,0
DA:114,0
DA:118,0
DA:130,0
DA:131,0
DA:143,0
DA:147,0
DA:161,0
DA:166,0
LF:46
LH:0
BRDA:44,0,0,0
BRDA:44,0,1,0
BRDA:45,1,0,0
BRDA:57,2,0,0
BRDA:57,2,1,0
BRDA:58,3,0,0
BRDA:79,4,0,0
BRDA:79,5,0,0
BRDA:79,5,1,0
BRDA:97,6,0,0
BRDA:97,7,0,0
BRDA:97,7,1,0
BRDA:111,8,0,0
BRDA:111,9,0,0
BRDA:111,9,1,0
BRF:15
BRH:0
end_of_record
TN:
SF:src/shared/iam/usuarios/usuarios.module.ts
FNF:0
FNH:0
DA:1,0
DA:2,0
DA:3,0
DA:4,0
DA:10,0
LF:5
LH:0
BRF:0
BRH:0
end_of_record
TN:
SF:src/shared/iam/usuarios-proyectos/usuarios-proyectos.module.ts
FNF:0
FNH:0
DA:1,0
DA:2,0
DA:3,0
DA:5,0
DA:12,0
LF:5
LH:0
BRF:0
BRH:0
end_of_record
TN:
SF:src/shared/iam/usuarios-proyectos/usuarios-proyectos.service.ts
FN:11,(anonymous_2)
FN:16,(anonymous_3)
FN:60,(anonymous_4)
FN:98,(anonymous_5)
FN:112,(anonymous_6)
FN:118,(anonymous_7)
FN:145,(anonymous_8)
FN:151,(anonymous_9)
FN:162,(anonymous_10)
FNF:9
FNH:0
FNDA:0,(anonymous_2)
FNDA:0,(anonymous_3)
FNDA:0,(anonymous_4)
FNDA:0,(anonymous_5)
FNDA:0,(anonymous_6)
FNDA:0,(anonymous_7)
FNDA:0,(anonymous_8)
FNDA:0,(anonymous_9)
FNDA:0,(anonymous_10)
DA:1,0
DA:6,0
DA:7,0
DA:10,0
DA:12,0
DA:13,0
DA:23,0
DA:24,0
DA:41,0
DA:43,0
DA:45,0
DA:47,0
DA:48,0
DA:53,0
DA:54,0
DA:56,0
DA:66,0
DA:76,0
DA:77,0
DA:82,0
DA:93,0
DA:95,0
DA:100,0
DA:108,0
DA:109,0
DA:112,0
DA:120,0
DA:124,0
DA:125,0
DA:128,0
DA:145,0
DA:152,0
DA:159,0
DA:163,0
DA:173,0
DA:174,0
DA:179,0
LF:37
LH:0
BRDA:47,0,0,0
BRDA:53,1,0,0
BRDA:76,2,0,0
BRDA:108,3,0,0
BRDA:124,4,0,0
BRDA:173,5,0,0
BRF:6
BRH:0
end_of_record
TN:
SF:src/shared/iam/usuarios-proyectos/dto/assign-user-to-project.dto.ts
FNF:0
FNH:0
DA:1,0
DA:3,0
DA:6,0
DA:10,0
LF:4
LH:0
BRF:0
BRH:0
end_of_record
TN:
SF:src/shared/iam/usuarios-proyectos/entities/usuario-proyecto.entity.ts
FNF:0
FNH:0
DA:1,0
LF:1
LH:0
BRF:0
BRH:0
end_of_record
TN:
SF:src/shared/iam/usuarios-roles/usuarios-roles.module.ts
FNF:0
FNH:0
DA:1,0
DA:2,0
DA:3,0
DA:4,0
DA:11,0
LF:5
LH:0
BRF:0
BRH:0
end_of_record
TN:
SF:src/shared/iam/usuarios-roles/usuarios-roles.service.ts
FN:11,(anonymous_2)
FN:16,(anonymous_3)
FN:51,(anonymous_4)
FN:81,(anonymous_5)
FN:101,(anonymous_6)
FN:107,(anonymous_7)
FN:133,(anonymous_8)
FN:136,(anonymous_9)
FNF:8
FNH:0
FNDA:0,(anonymous_2)
FNDA:0,(anonymous_3)
FNDA:0,(anonymous_4)
FNDA:0,(anonymous_5)
FNDA:0,(anonymous_6)
FNDA:0,(anonymous_7)
FNDA:0,(anonymous_8)
FNDA:0,(anonymous_9)
DA:1,0
DA:6,0
DA:7,0
DA:10,0
DA:12,0
DA:13,0
DA:19,0
DA:20,0
DA:34,0
DA:36,0
DA:38,0
DA:40,0
DA:41,0
DA:44,0
DA:45,0
DA:47,0
DA:53,0
DA:62,0
DA:63,0
DA:66,0
DA:76,0
DA:78,0
DA:87,0
DA:94,0
DA:98,0
DA:101,0
DA:109,0
DA:113,0
DA:114,0
DA:117,0
DA:133,0
DA:138,0
DA:154,0
DA:155,0
DA:157,0
DA:158,0
DA:159,0
DA:160,0
DA:161,0
DA:166,0
LF:40
LH:0
BRDA:40,0,0,0
BRDA:44,1,0,0
BRDA:62,2,0,0
BRDA:94,3,0,0
BRDA:113,4,0,0
BRDA:159,5,0,0
BRF:6
BRH:0
end_of_record
TN:
SF:src/shared/iam/usuarios-roles/dto/assign-role.dto.ts
FNF:0
FNH:0
DA:1,0
DA:3,0
DA:6,0
LF:3
LH:0
BRF:0
BRH:0
end_of_record
TN:
SF:src/shared/iam/usuarios-roles/entities/usuario-rol.entity.ts
FNF:0
FNH:0
DA:1,0
LF:1
LH:0
BRF:0
BRH:0
end_of_record
TN:
[...]
DA:34,0
DA:36,0
DA:37,0
DA:38,0
DA:41,0
DA:42,0
DA:44,0
DA:45,0
DA:51,0
DA:54,0
DA:58,0
DA:60,0
DA:61,0
DA:63,0
DA:64,0
DA:72,0
DA:89,0
DA:109,0
DA:126,0
DA:127,0
DA:128,0
DA:129,0
DA:130,0
DA:131,0
DA:132,0
DA:133,0
DA:134,0
DA:135,0
DA:137,0
DA:138,0
DA:146,0
DA:147,0
DA:148,0
DA:149,0
DA:150,0
DA:151,0
DA:152,0
DA:153,0
DA:154,0
DA:155,0
DA:157,0
DA:158,0
DA:159,0
DA:160,0
DA:162,0
DA:168,0
DA:171,0
DA:172,0
DA:173,0
DA:174,0
DA:176,0
DA:180,0
DA:181,0
DA:183,0
DA:184,0
DA:185,0
DA:186,0
DA:188,0
DA:194,0
DA:195,0
DA:196,0
DA:197,0
DA:198,0
DA:199,0
DA:200,0
DA:201,0
DA:202,0
DA:204,0
DA:205,0
DA:210,0
DA:211,0
DA:212,0
DA:214,0
DA:215,0
DA:218,0
DA:223,0
DA:224,0
DA:225,0
DA:229,0
DA:230,0
DA:231,0
LF:95
LH:0
BRDA:12,0,0,0
BRDA:14,1,0,0
BRDA:14,1,1,0
BRDA:18,2,0,0
BRDA:20,3,0,0
BRDA:20,3,1,0
BRDA:24,4,0,0
BRDA:24,5,0,0
BRDA:24,5,1,0
BRDA:24,6,0,0
BRDA:24,6,1,0
BRDA:27,7,0,0
BRDA:34,8,0,0
BRDA:34,9,0,0
BRDA:34,9,1,0
BRDA:34,10,0,0
BRDA:34,10,1,0
BRDA:37,11,0,0
BRDA:42,12,0,0
BRDA:44,13,0,0
BRDA:58,14,0,0
BRDA:58,15,0,0
BRDA:58,15,1,0
BRDA:58,16,0,0
BRDA:58,16,1,0
BRDA:61,17,0,0
BRDA:92,18,0,0
BRDA:92,18,1,0
BRDA:93,19,0,0
BRDA:93,19,1,0
BRDA:94,20,0,0
BRDA:94,20,1,0
BRDA:95,21,0,0
BRDA:95,21,1,0
BRDA:96,22,0,0
BRDA:96,22,1,0
BRDA:112,23,0,0
BRDA:112,23,1,0
BRDA:113,24,0,0
BRDA:113,24,1,0
BRDA:114,25,0,0
BRDA:114,25,1,0
BRDA:127,26,0,0
BRDA:128,27,0,0
BRDA:129,28,0,0
BRDA:130,29,0,0
BRDA:131,30,0,0
BRDA:132,31,0,0
BRDA:133,32,0,0
BRDA:134,33,0,0
BRDA:135,34,0,0
BRDA:137,35,0,0
BRDA:147,36,0,0
BRDA:148,37,0,0
BRDA:149,38,0,0
BRDA:150,39,0,0
BRDA:151,40,0,0
BRDA:152,41,0,0
BRDA:153,42,0,0
BRDA:154,43,0,0
BRDA:155,44,0,0
BRDA:157,45,0,0
BRDA:159,46,0,0
BRDA:159,46,1,0
BRDA:171,47,0,0
BRDA:173,48,0,0
BRDA:173,48,1,0
BRDA:183,49,0,0
BRDA:185,50,0,0
BRDA:185,50,1,0
BRDA:194,51,0,0
BRDA:195,52,0,0
BRDA:196,53,0,0
BRDA:197,54,0,0
BRDA:198,55,0,0
BRDA:199,56,0,0
BRDA:200,57,0,0
BRDA:201,58,0,0
BRDA:202,59,0,0
BRDA:204,60,0,0
BRDA:210,61,0,0
BRDA:210,61,1,0
BRDA:210,62,0,0
BRDA:210,62,1,0
BRDA:223,63,0,0
BRDA:224,64,0,0
BRDA:225,65,0,0
BRDA:229,66,0,0
BRDA:231,67,0,0
BRDA:231,67,1,0
BRF:90
BRH:0
end_of_record
TN:
SF:src/shared/unidades/unidades.module.ts
FNF:0
FNH:0
DA:1,0
DA:2,0
DA:3,0
DA:4,0
DA:5,0
DA:6,0
DA:7,0
DA:8,0
DA:9,0
DA:10,0
DA:11,0
DA:19,0
LF:12
LH:0
BRF:0
BRH:0
end_of_record
TN:
SF:src/shared/unidades/unidades.service.ts
FN:15,(anonymous_2)
FN:17,(anonymous_3)
FN:29,(anonymous_4)
FN:55,(anonymous_5)
FN:70,(anonymous_6)
FN:78,(anonymous_7)
FN:88,(anonymous_8)
FN:107,(anonymous_9)
FN:117,(anonymous_10)
FN:122,(anonymous_11)
FN:129,(anonymous_12)
FN:137,(anonymous_13)
FN:159,(anonymous_14)
FN:180,(anonymous_15)
FN:212,(anonymous_16)
FN:217,(anonymous_17)
FN:263,(anonymous_18)
FN:287,(anonymous_19)
FN:308,(anonymous_20)
FN:431,(anonymous_21)
FN:455,(anonymous_22)
FN:479,(anonymous_23)
FN:485,(anonymous_24)
FN:491,(anonymous_25)
FN:497,(anonymous_26)
FN:503,(anonymous_27)
FN:518,(anonymous_28)
FN:521,(anonymous_29)
FN:554,(anonymous_30)
FN:557,(anonymous_31)
FN:594,(anonymous_32)
FN:597,(anonymous_33)
FN:639,(anonymous_34)
FN:640,(anonymous_35)
FN:647,(anonymous_36)
FN:698,(anonymous_37)
FN:733,(anonymous_38)
FN:761,(anonymous_39)
FN:763,(anonymous_40)
FN:783,(anonymous_41)
FN:785,(anonymous_42)
FN:804,(anonymous_43)
FN:806,(anonymous_44)
FN:825,(anonymous_45)
FN:827,(anonymous_46)
FN:840,(anonymous_47)
FN:862,(anonymous_48)
FN:868,(anonymous_49)
FN:875,(anonymous_50)
FN:882,(anonymous_51)
FNF:50
FNH:0
FNDA:0,(anonymous_2)
FNDA:0,(anonymous_3)
FNDA:0,(anonymous_4)
FNDA:0,(anonymous_5)
FNDA:0,(anonymous_6)
FNDA:0,(anonymous_7)
FNDA:0,(anonymous_8)
FNDA:0,(anonymous_9)
FNDA:0,(anonymous_10)
FNDA:0,(anonymous_11)
FNDA:0,(anonymous_12)
FNDA:0,(anonymous_13)
FNDA:0,(anonymous_14)
FNDA:0,(anonymous_15)
FNDA:0,(anonymous_16)
FNDA:0,(anonymous_17)
FNDA:0,(anonymous_18)
FNDA:0,(anonymous_19)
FNDA:0,(anonymous_20)
FNDA:0,(anonymous_21)
FNDA:0,(anonymous_22)
FNDA:0,(anonymous_23)
FNDA:0,(anonymous_24)
FNDA:0,(anonymous_25)
FNDA:0,(anonymous_26)
FNDA:0,(anonymous_27)
FNDA:0,(anonymous_28)
FNDA:0,(anonymous_29)
FNDA:0,(anonymous_30)
FNDA:0,(anonymous_31)
FNDA:0,(anonymous_32)
FNDA:0,(anonymous_33)
FNDA:0,(anonymous_34)
FNDA:0,(anonymous_35)
FNDA:0,(anonymous_36)
FNDA:0,(anonymous_37)
FNDA:0,(anonymous_38)
FNDA:0,(anonymous_39)
FNDA:0,(anonymous_40)
FNDA:0,(anonymous_41)
FNDA:0,(anonymous_42)
FNDA:0,(anonymous_43)
FNDA:0,(anonymous_44)
FNDA:0,(anonymous_45)
FNDA:0,(anonymous_46)
FNDA:0,(anonymous_47)
FNDA:0,(anonymous_48)
FNDA:0,(anonymous_49)
FNDA:0,(anonymous_50)
FNDA:0,(anonymous_51)
DA:1,0
DA:6,0
DA:8,0
DA:12,0
DA:13,0
DA:15,0
DA:19,0
DA:23,0
DA:24,0
DA:29,0
DA:31,0
DA:32,0
DA:35,0
DA:38,0
DA:41,0
DA:44,0
DA:56,0
DA:57,0
DA:58,0
DA:59,0
DA:62,0
DA:63,0
DA:64,0
DA:65,0
DA:67,0
DA:71,0
DA:72,0
DA:73,0
DA:75,0
DA:79,0
DA:81,0
DA:82,0
DA:84,0
DA:85,0
DA:89,0
DA:91,0
DA:92,0
DA:94,0
DA:95,0
DA:97,0
DA:98,0
DA:101,0
DA:104,0
DA:108,0
DA:110,0
DA:111,0
DA:113,0
DA:114,0
DA:118,0
DA:119,0
DA:123,0
DA:124,0
DA:130,0
DA:131,0
DA:138,0
DA:139,0
DA:140,0
DA:141,0
DA:143,0
DA:144,0
DA:146,0
DA:147,0
DA:149,0
DA:150,0
DA:151,0
DA:152,0
DA:153,0
DA:154,0
DA:155,0
DA:160,0
DA:161,0
DA:162,0
DA:163,0
DA:164,0
DA:165,0
DA:166,0
DA:167,0
DA:168,0
DA:170,0
DA:171,0
DA:173,0
DA:174,0
DA:176,0
DA:181,0
DA:184,0
DA:185,0
DA:187,0
DA:188,0
DA:189,0
DA:192,0
DA:193,0
DA:196,0
DA:197,0
DA:200,0
DA:201,0
DA:202,0
DA:204,0
DA:205,0
DA:207,0
DA:213,0
DA:214,0
DA:216,0
DA:217,0
DA:219,0
DA:220,0
DA:221,0
DA:225,0
DA:226,0
DA:227,0
DA:228,0
DA:229,0
DA:231,0
DA:236,0
DA:239,0
DA:258,0
DA:259,0
DA:264,0
DA:266,0
DA:267,0
DA:268,0
DA:271,0
DA:272,0
DA:275,0
DA:277,0
DA:278,0
DA:279,0
DA:280,0
DA:282,0
DA:288,0
DA:291,0
DA:292,0
DA:296,0
DA:297,0
DA:301,0
DA:307,0
DA:308,0
DA:310,0
DA:312,0
DA:321,0
DA:330,0
DA:331,0
DA:336,0
DA:337,0
DA:342,0
DA:343,0
DA:346,0
DA:347,0
DA:351,0
DA:352,0
DA:353,0
DA:356,0
DA:420,0
DA:433,0
DA:456,0
DA:458,0
DA:481,0
DA:485,0
DA:493,0
DA:497,0
DA:505,0
DA:518,0
DA:522,0
DA:524,0
DA:529,0
DA:530,0
DA:534,0
DA:554,0
DA:558,0
DA:560,0
DA:564,0
DA:566,0
DA:572,0
DA:573,0
DA:579,0
DA:594,0
DA:602,0
DA:603,0
DA:608,0
DA:609,0
DA:612,0
DA:618,0
DA:619,0
DA:624,0
DA:625,0
DA:631,0
DA:638,0
DA:639,0
DA:640,0
DA:642,0
DA:643,0
DA:649,0
DA:653,0
DA:654,0
DA:658,0
DA:659,0
DA:663,0
DA:664,0
DA:671,0
DA:672,0
DA:673,0
DA:674,0
DA:675,0
DA:676,0
DA:677,0
DA:678,0
DA:679,0
DA:680,0
DA:681,0
DA:683,0
DA:700,0
DA:707,0
DA:708,0
DA:712,0
DA:713,0
DA:719,0
DA:723,0
DA:740,0
DA:741,0
DA:747,0
DA:749,0
DA:750,0
DA:752,0
DA:753,0
DA:761,0
DA:763,0
DA:764,0
DA:767,0
DA:768,0
DA:770,0
DA:771,0
DA:783,0
DA:785,0
DA:786,0
DA:789,0
DA:790,0
DA:792,0
DA:804,0
DA:806,0
DA:807,0
DA:810,0
DA:811,0
DA:813,0
DA:825,0
DA:827,0
DA:828,0
DA:831,0
DA:834,0
DA:848,0
DA:850,0
DA:852,0
DA:854,0
DA:856,0
DA:858,0
DA:863,0
DA:864,0
DA:865,0
DA:869,0
DA:870,0
DA:871,0
DA:872,0
DA:876,0
DA:877,0
DA:878,0
DA:879,0
DA:883,0
DA:884,0
DA:885,0
DA:886,0
LF:268
LH:0
BRDA:23,0,0,0
BRDA:57,1,0,0
BRDA:59,2,0,0
BRDA:63,3,0,0
BRDA:65,4,0,0
BRDA:79,5,0,0
BRDA:79,6,0,0
BRDA:79,6,1,0
BRDA:82,7,0,0
BRDA:89,8,0,0
BRDA:89,9,0,0
BRDA:89,9,1,0
BRDA:92,10,0,0
BRDA:95,11,0,0
BRDA:97,12,0,0
BRDA:108,13,0,0
BRDA:108,14,0,0
BRDA:108,14,1,0
BRDA:111,15,0,0
BRDA:139,16,0,0
BRDA:140,17,0,0
BRDA:140,17,1,0
BRDA:141,18,0,0
BRDA:143,19,0,0
BRDA:143,19,1,0
BRDA:144,20,0,0
BRDA:146,21,0,0
BRDA:146,21,1,0
BRDA:147,22,0,0
BRDA:149,23,0,0
BRDA:150,24,0,0
BRDA:151,25,0,0
BRDA:152,26,0,0
BRDA:153,27,0,0
BRDA:154,28,0,0
BRDA:161,29,0,0
BRDA:162,30,0,0
BRDA:163,31,0,0
BRDA:164,32,0,0
BRDA:165,33,0,0
BRDA:166,34,0,0
BRDA:167,35,0,0
BRDA:167,35,1,0
BRDA:168,36,0,0
BRDA:168,37,0,0
BRDA:168,37,1,0
BRDA:170,38,0,0
BRDA:170,38,1,0
BRDA:171,39,0,0
BRDA:171,40,0,0
BRDA:171,40,1,0
BRDA:173,41,0,0
BRDA:173,41,1,0
BRDA:174,42,0,0
BRDA:174,43,0,0
BRDA:174,43,1,0
BRDA:180,44,0,0
BRDA:180,45,0,0
BRDA:184,46,0,0
BRDA:184,46,1,0
BRDA:185,47,0,0
BRDA:185,47,1,0
BRDA:187,48,0,0
BRDA:188,49,0,0
BRDA:188,50,0,0
BRDA:188,50,1,0
BRDA:189,51,0,0
BRDA:189,52,0,0
BRDA:189,52,1,0
BRDA:192,53,0,0
BRDA:193,54,0,0
BRDA:193,54,1,0
BRDA:193,55,0,0
BRDA:193,55,1,0
BRDA:196,56,0,0
BRDA:197,57,0,0
BRDA:200,58,0,0
BRDA:201,59,0,0
BRDA:202,60,0,0
BRDA:204,61,0,0
BRDA:205,62,0,0
BRDA:214,63,0,0
BRDA:220,64,0,0
BRDA:226,65,0,0
BRDA:228,66,0,0
BRDA:228,66,1,0
BRDA:258,67,0,0
BRDA:258,67,1,0
BRDA:267,68,0,0
BRDA:271,69,0,0
BRDA:271,69,1,0
BRDA:277,70,0,0
BRDA:279,71,0,0
BRDA:279,71,1,0
BRDA:291,72,0,0
BRDA:296,73,0,0
BRDA:296,73,1,0
BRDA:301,74,0,0
BRDA:301,74,1,0
BRDA:307,75,0,0
BRDA:307,75,1,0
BRDA:310,76,0,0
BRDA:310,76,1,0
BRDA:330,77,0,0
BRDA:330,78,0,0
BRDA:330,78,1,0
BRDA:336,79,0,0
BRDA:342,80,0,0
BRDA:346,81,0,0
BRDA:351,82,0,0
BRDA:351,82,1,0
BRDA:352,83,0,0
BRDA:352,83,1,0
BRDA:456,84,0,0
BRDA:522,85,0,0
BRDA:529,86,0,0
BRDA:554,87,0,0
BRDA:554,87,1,0
BRDA:554,88,0,0
BRDA:554,88,1,0
BRDA:558,89,0,0
BRDA:564,90,0,0
BRDA:572,91,0,0
BRDA:572,92,0,0
BRDA:572,92,1,0
BRDA:608,93,0,0
BRDA:618,94,0,0
BRDA:618,95,0,0
BRDA:618,95,1,0
BRDA:624,96,0,0
BRDA:640,97,0,0
BRDA:640,97,1,0
BRDA:642,98,0,0
BRDA:642,98,1,0
BRDA:653,99,0,0
BRDA:658,100,0,0
BRDA:658,101,0,0
BRDA:658,101,1,0
BRDA:663,102,0,0
BRDA:672,103,0,0
BRDA:673,104,0,0
BRDA:674,105,0,0
BRDA:675,106,0,0
BRDA:676,107,0,0
BRDA:677,108,0,0
BRDA:678,109,0,0
BRDA:679,110,0,0
BRDA:680,111,0,0
BRDA:681,112,0,0
BRDA:707,113,0,0
BRDA:712,114,0,0
BRDA:740,115,0,0
BRDA:747,116,0,0
BRDA:747,116,1,0
BRDA:747,116,2,0
BRDA:747,116,3,0
BRDA:747,116,4,0
BRDA:749,117,0,0
BRDA:767,118,0,0
BRDA:789,119,0,0
BRDA:810,120,0,0
BRDA:848,121,0,0
BRDA:848,121,1,0
BRDA:848,121,2,0
BRDA:848,121,3,0
BRDA:848,121,4,0
BRDA:863,122,0,0
BRDA:869,123,0,0
BRDA:871,124,0,0
BRDA:871,124,1,0
BRDA:876,125,0,0
BRDA:878,126,0,0
BRDA:878,126,1,0
BRDA:878,127,0,0
BRDA:878,127,1,0
BRDA:883,128,0,0
BRDA:885,129,0,0
BRDA:885,129,1,0
BRDA:885,130,0,0
BRDA:885,130,1,0
BRF:180
BRH:0
end_of_record
TN:
SF:src/shared/unidades/dto/adjust-prices.dto.ts
FN:10,(anonymous_2)
FN:30,(anonymous_3)
FN:41,(anonymous_4)
FNF:3
FNH:0
FNDA:0,(anonymous_2)
FNDA:0,(anonymous_3)
FNDA:0,(anonymous_4)
DA:1,0
DA:10,0
DA:11,0
DA:12,0
DA:13,0
DA:14,0
DA:17,0
DA:21,0
DA:24,0
DA:30,0
DA:34,0
DA:41,0
DA:44,0
LF:13
LH:0
BRDA:10,0,0,0
BRDA:10,0,1,0
BRDA:30,1,0,0
BRDA:30,1,1,0
BRDA:41,2,0,0
BRDA:41,2,1,0
BRF:6
BRH:0
end_of_record
TN:
SF:src/shared/unidades/dto/create-unidad.dto.ts
FNF:0
FNH:0
DA:1,0
DA:2,0
DA:8,0
DA:15,0
DA:23,0
DA:31,0
DA:39,0
DA:47,0
DA:55,0
DA:63,0
DA:73,0
DA:81,0
DA:89,0
DA:97,0
DA:104,0
DA:111,0
DA:118,0
DA:125,0
DA:133,0
DA:140,0
DA:147,0
DA:154,0
DA:162,0
DA:169,0
DA:177,0
DA:185,0
LF:26
LH:0
BRF:0
BRH:0
end_of_record
TN:
SF:src/shared/unidades/dto/find-all-unidades-query.dto.ts
FN:8,(anonymous_2)
FN:15,(anonymous_3)
FN:49,(anonymous_4)
FN:55,(anonymous_5)
FNF:4
FNH:0
FNDA:0,(anonymous_2)
FNDA:0,(anonymous_3)
FNDA:0,(anonymous_4)
FNDA:0,(anonymous_5)
DA:1,0
DA:2,0
DA:8,0
DA:11,0
DA:16,0
DA:18,0
DA:29,0
DA:33,0
DA:37,0
DA:41,0
DA:45,0
DA:49,0
DA:52,0
DA:55,0
DA:59,0
LF:15
LH:0
BRDA:16,0,0,0
BRF:1
BRH:0
end_of_record
TN:
SF:src/shared/unidades/dto/unidad-limited-response.dto.ts
FN:22,mapToLimitedResponse
FNF:1
FNH:0
FNDA:0,mapToLimitedResponse
DA:5,0
DA:22,0
DA:23,0
LF:3
LH:0
BRDA:26,0,0,0
BRDA:26,0,1,0
BRDA:26,0,2,0
BRDA:26,1,0,0
BRDA:26,1,1,0
BRDA:26,2,0,0
BRDA:26,2,1,0
BRDA:29,3,0,0
BRDA:29,3,1,0
BRDA:29,3,2,0
BRDA:29,4,0,0
BRDA:29,4,1,0
BRDA:29,5,0,0
BRDA:29,5,1,0
BRDA:30,6,0,0
BRDA:30,6,1,0
BRDA:30,6,2,0
BRDA:30,7,0,0
BRDA:30,7,1,0
BRDA:30,8,0,0
BRDA:30,8,1,0
BRDA:31,9,0,0
BRDA:31,9,1,0
BRDA:31,9,2,0
BRDA:31,10,0,0
BRDA:31,10,1,0
BRDA:31,11,0,0
BRDA:31,11,1,0
BRDA:32,12,0,0
BRDA:32,12,1,0
BRDA:32,12,2,0
BRDA:32,13,0,0
BRDA:32,13,1,0
BRDA:32,14,0,0
BRDA:32,14,1,0
BRDA:33,15,0,0
BRDA:33,15,1,0
BRDA:33,15,2,0
BRDA:33,16,0,0
BRDA:33,16,1,0
BRDA:33,17,0,0
BRDA:33,17,1,0
BRDA:33,18,0,0
BRDA:33,18,1,0
BRDA:33,19,0,0
BRDA:33,19,1,0
BRDA:34,20,0,0
BRDA:34,20,1,0
BRDA:34,20,2,0
BRDA:34,21,0,0
BRDA:34,21,1,0
BRDA:34,22,0,0
BRDA:34,22,1,0
BRDA:34,23,0,0
BRDA:34,23,1,0
BRDA:34,24,0,0
BRDA:34,24,1,0
BRF:57
BRH:0
end_of_record
TN:
SF:src/shared/unidades/dto/unidad-response.dto.ts
FNF:0
FNH:0
DA:1,0
DA:8,0
DA:13,0
DA:19,0
DA:25,0
DA:32,0
DA:39,0
DA:46,0
DA:53,0
DA:60,0
DA:67,0
DA:75,0
DA:83,0
DA:91,0
DA:98,0
DA:105,0
DA:112,0
DA:119,0
DA:126,0
DA:133,0
DA:139,0
DA:145,0
DA:152,0
DA:154,0
DA:157,0
DA:160,0
DA:163,0
DA:166,0
DA:169,0
DA:172,0
DA:175,0
DA:178,0
DA:185,0
DA:187,0
DA:190,0
DA:193,0
DA:196,0
LF:37
LH:0
BRF:0
BRH:0
end_of_record
TN:
SF:src/shared/unidades/dto/update-unidad-admin.dto.ts
FNF:0
FNH:0
DA:1,0
DA:7,0
DA:10,0
LF:3
LH:0
BRF:0
BRH:0
end_of_record
TN:
SF:src/shared/unidades/dto/update-unidad-complete.dto.ts
FNF:0
FNH:0
DA:1,0
DA:7,0
DA:13,0
DA:17,0
DA:21,0
DA:25,0
DA:29,0
DA:34,0
DA:38,0
DA:42,0
DA:46,0
DA:53,0
DA:57,0
DA:61,0
DA:65,0
DA:69,0
DA:73,0
DA:77,0
DA:81,0
DA:85,0
DA:92,0
DA:96,0
DA:100,0
DA:104,0
DA:108,0
DA:112,0
DA:116,0
DA:120,0
DA:124,0
DA:128,0
DA:132,0
DA:136,0
DA:140,0
DA:144,0
LF:34
LH:0
BRF:0
BRH:0
end_of_record
TN:
SF:src/shared/unidades/dto/update-unidad.dto.ts
FNF:0
FNH:0
DA:1,0
DA:2,0
DA:4,0
LF:3
LH:0
BRF:0
BRH:0
end_of_record
TN:
SF:src/shared/utils/date.utils.ts
FN:1,parseDate
FN:7,isValidDate
FNF:2
FNH:0
FNDA:0,parseDate
FNDA:0,isValidDate
DA:1,0
DA:2,0
DA:3,0
DA:4,0
DA:7,0
DA:8,0
LF:6
LH:0
BRDA:2,0,0,0
BRDA:4,1,0,0
BRDA:4,1,1,0
BRF:3
BRH:0
end_of_record
TN:
SF:src/uif/uif.module.ts
FNF:0
FNH:0
DA:1,0
DA:2,0
DA:3,0
DA:4,0
DA:18,0
LF:5
LH:0
BRF:0
BRH:0
end_of_record
TN:
SF:src/uif/analyses/analyses.controller.ts
FN:26,(anonymous_4)
FN:31,(anonymous_5)
FN:38,(anonymous_6)
FN:45,(anonymous_7)
FN:52,(anonymous_8)
FN:63,(anonymous_9)
FN:68,(anonymous_10)
FNF:7
FNH:0
FNDA:0,(anonymous_4)
FNDA:0,(anonymous_5)
FNDA:0,(anonymous_6)
FNDA:0,(anonymous_7)
FNDA:0,(anonymous_8)
FNDA:0,(anonymous_9)
FNDA:0,(anonymous_10)
DA:1,0
DA:13,0
DA:14,0
DA:15,0
DA:16,0
DA:17,0
DA:18,0
DA:19,0
DA:25,0
DA:26,0
DA:31,0
DA:32,0
DA:38,0
DA:39,0
DA:45,0
DA:46,0
DA:52,0
DA:57,0
DA:63,0
DA:64,0
DA:68,0
DA:69,0
LF:22
LH:0
BRDA:46,0,0,0
BRDA:46,0,1,0
BRDA:57,1,0,0
BRDA:57,1,1,0
BRDA:64,2,0,0
BRDA:64,2,1,0
BRDA:69,3,0,0
BRDA:69,3,1,0
BRF:8
BRH:0
end_of_record
TN:
SF:src/uif/analyses/analyses.module.ts
FNF:0
FNH:0
DA:1,0
DA:2,0
DA:3,0
DA:4,0
DA:12,0
LF:5
LH:0
BRF:0
BRH:0
end_of_record
TN:
SF:src/uif/analyses/analyses.service.ts
FN:9,(anonymous_2)
FN:14,(anonymous_3)
FN:39,(anonymous_4)
FN:55,(anonymous_5)
FN:89,(anonymous_6)
FN:111,(anonymous_7)
FN:131,(anonymous_8)
FNF:7
FNH:0
FNDA:0,(anonymous_2)
FNDA:0,(anonymous_3)
FNDA:0,(anonymous_4)
FNDA:0,(anonymous_5)
FNDA:0,(anonymous_6)
FNDA:0,(anonymous_7)
FNDA:0,(anonymous_8)
DA:1,0
DA:2,0
DA:4,0
DA:5,0
DA:8,0
DA:10,0
DA:11,0
DA:15,0
DA:40,0
DA:48,0
DA:49,0
DA:52,0
DA:56,0
DA:59,0
DA:63,0
DA:64,0
DA:67,0
DA:77,0
DA:86,0
DA:90,0
DA:92,0
DA:94,0
DA:99,0
DA:108,0
DA:112,0
DA:114,0
DA:116,0
DA:125,0
DA:132,0
DA:135,0
DA:141,0
DA:149,0
DA:158,0
LF:33
LH:0
BRDA:48,0,0,0
BRDA:63,1,0,0
BRDA:72,2,0,0
BRDA:72,2,1,0
BRDA:73,3,0,0
BRDA:73,3,1,0
BRF:6
BRH:0
end_of_record
TN:
SF:src/uif/analyses/dto/analysis-response.dto.ts
FNF:0
FNH:0
DA:1,0
DA:3,0
DA:5,0
DA:8,0
DA:11,0
DA:14,0
DA:17,0
DA:20,0
DA:23,0
DA:26,0
LF:10
LH:0
BRF:0
BRH:0
end_of_record
TN:
SF:src/uif/analyses/dto/analysis.dto.ts
FNF:0
FNH:0
DA:1,0
DA:3,0
DA:5,0
DA:9,0
DA:13,0
DA:17,0
DA:20,0
DA:23,0
DA:27,0
DA:31,0
DA:35,0
LF:11
LH:0
BRF:0
BRH:0
end_of_record
TN:
SF:src/uif/clients/clients.controller.ts
FN:26,(anonymous_4)
FN:31,(anonymous_5)
FN:38,(anonymous_6)
FN:45,(anonymous_7)
FN:52,(anonymous_8)
FN:61,(anonymous_9)
FNF:6
FNH:0
FNDA:0,(anonymous_4)
FNDA:0,(anonymous_5)
FNDA:0,(anonymous_6)
FNDA:0,(anonymous_7)
FNDA:0,(anonymous_8)
FNDA:0,(anonymous_9)
DA:1,0
DA:12,0
DA:13,0
DA:14,0
DA:15,0
DA:16,0
DA:17,0
DA:18,0
DA:19,0
DA:25,0
DA:26,0
DA:31,0
DA:32,0
DA:38,0
DA:39,0
DA:45,0
DA:46,0
DA:52,0
DA:57,0
DA:61,0
DA:62,0
LF:21
LH:0
BRDA:46,0,0,0
BRDA:46,0,1,0
BRDA:57,1,0,0
BRDA:57,1,1,0
BRDA:62,2,0,0
BRDA:62,2,1,0
BRF:6
BRH:0
end_of_record
TN:
SF:src/uif/clients/clients.module.ts
FNF:0
FNH:0
DA:1,0
DA:2,0
DA:3,0
DA:4,0
DA:12,0
LF:5
LH:0
BRF:0
BRH:0
end_of_record
TN:
SF:src/uif/clients/clients.service.ts
FN:77,(anonymous_2)
FN:82,(anonymous_3)
FN:99,(anonymous_4)
FN:147,(anonymous_5)
FN:175,(anonymous_6)
FN:198,(anonymous_7)
FNF:6
FNH:0
FNDA:0,(anonymous_2)
FNDA:0,(anonymous_3)
FNDA:0,(anonymous_4)
FNDA:0,(anonymous_5)
FNDA:0,(anonymous_6)
FNDA:0,(anonymous_7)
DA:1,0
DA:2,0
DA:5,0
DA:6,0
DA:9,0
DA:57,0
DA:76,0
DA:78,0
DA:79,0
DA:84,0
DA:100,0
DA:140,0
DA:141,0
DA:144,0
DA:149,0
DA:151,0
DA:163,0
DA:172,0
DA:177,0
DA:179,0
DA:181,0
DA:186,0
DA:195,0
DA:199,0
DA:201,0
DA:203,0
DA:212,0
LF:27
LH:0
BRDA:140,0,0,0
BRDA:155,1,0,0
BRDA:155,1,1,0
BRDA:157,2,0,0
BRDA:157,2,1,0
BRDA:158,3,0,0
BRDA:158,3,1,0
BRF:7
BRH:0
end_of_record
TN:
SF:src/uif/clients/dto/client-response.dto.ts
FNF:0
FNH:0
DA:1,0
DA:2,0
DA:4,0
DA:6,0
DA:9,0
DA:12,0
DA:15,0
DA:18,0
DA:21,0
DA:24,0
DA:27,0
LF:11
LH:0
BRF:0
BRH:0
end_of_record
TN:
SF:src/uif/clients/dto/create-client.dto.ts
FN:3,(anonymous_2)
FN:8,(anonymous_3)
FNF:2
FNH:0
FNDA:0,(anonymous_2)
FNDA:0,(anonymous_3)
DA:1,0
DA:3,0
DA:4,0
DA:5,0
DA:8,0
DA:11,0
DA:15,0
DA:19,0
DA:23,0
DA:27,0
LF:10
LH:0
BRDA:3,0,0,0
BRDA:3,0,1,0
BRF:2
BRH:0
end_of_record
TN:
SF:src/uif/clients/dto/update-client.dto.ts
FNF:0
FNH:0
DA:1,0
DA:2,0
DA:3,0
DA:5,0
DA:8,0
DA:12,0
DA:16,0
LF:7
LH:0
BRF:0
BRH:0
end_of_record
TN:
SF:src/uif/documents/documents.controller.ts
FN:27,(anonymous_4)
FN:32,(anonymous_5)
FN:39,(anonymous_6)
FN:46,(anonymous_7)
FN:53,(anonymous_8)
FN:64,(anonymous_9)
FN:73,(anonymous_10)
FN:84,(anonymous_11)
FN:87,(anonymous_12)
FNF:9
FNH:0
FNDA:0,(anonymous_4)
FNDA:0,(anonymous_5)
FNDA:0,(anonymous_6)
FNDA:0,(anonymous_7)
FNDA:0,(anonymous_8)
FNDA:0,(anonymous_9)
FNDA:0,(anonymous_10)
FNDA:0,(anonymous_11)
FNDA:0,(anonymous_12)
DA:1,0
DA:13,0
DA:14,0
DA:15,0
DA:16,0
DA:17,0
DA:18,0
DA:19,0
DA:20,0
DA:26,0
DA:27,0
DA:32,0
DA:33,0
DA:39,0
DA:40,0
DA:46,0
DA:47,0
DA:53,0
DA:58,0
DA:64,0
DA:69,0
DA:73,0
DA:74,0
DA:83,0
DA:84,0
DA:87,0
DA:88,0
LF:27
LH:0
BRDA:47,0,0,0
BRDA:47,0,1,0
BRDA:58,1,0,0
BRDA:58,1,1,0
BRDA:69,2,0,0
BRDA:69,2,1,0
BRDA:74,3,0,0
BRDA:74,3,1,0
BRF:8
BRH:0
end_of_record
TN:
SF:src/uif/documents/documents.module.ts
FNF:0
FNH:0
DA:1,0
DA:2,0
DA:3,0
DA:4,0
DA:12,0
LF:5
LH:0
BRF:0
BRH:0
end_of_record
TN:
SF:src/uif/documents/documents.service.ts
FN:10,(anonymous_2)
FN:15,(anonymous_3)
FN:22,(anonymous_4)
FN:35,(anonymous_5)
FN:63,(anonymous_6)
FN:90,(anonymous_7)
FN:111,(anonymous_8)
FN:115,(anonymous_9)
FNF:8
FNH:0
FNDA:0,(anonymous_2)
FNDA:0,(anonymous_3)
FNDA:0,(anonymous_4)
FNDA:0,(anonymous_5)
FNDA:0,(anonymous_6)
FNDA:0,(anonymous_7)
FNDA:0,(anonymous_8)
FNDA:0,(anonymous_9)
DA:1,0
DA:2,0
DA:5,0
DA:6,0
DA:9,0
DA:11,0
DA:12,0
DA:16,0
DA:23,0
DA:28,0
DA:29,0
DA:32,0
DA:36,0
DA:38,0
DA:51,0
DA:60,0
DA:64,0
DA:66,0
DA:68,0
DA:78,0
DA:87,0
DA:91,0
DA:93,0
DA:95,0
DA:104,0
DA:116,0
DA:118,0
DA:121,0
DA:127,0
DA:128,0
DA:129,0
DA:132,0
DA:134,0
DA:145,0
DA:146,0
DA:150,0
DA:154,0
DA:157,0
DA:166,0
LF:39
LH:0
BRDA:28,0,0,0
BRDA:44,1,0,0
BRDA:44,1,1,0
BRDA:72,2,0,0
BRDA:72,2,1,0
BRDA:72,3,0,0
BRDA:72,3,1,0
BRDA:118,4,0,0
BRDA:128,5,0,0
BRDA:145,6,0,0
BRDA:152,7,0,0
BRDA:152,7,1,0
BRF:12
BRH:0
end_of_record
TN:
SF:src/uif/documents/dto/create-document.dto.ts
FN:3,(anonymous_2)
FNF:1
FNH:0
FNDA:0,(anonymous_2)
DA:1,0
DA:3,0
DA:4,0
DA:5,0
DA:6,0
DA:7,0
DA:8,0
DA:9,0
DA:10,0
DA:11,0
DA:12,0
DA:15,0
DA:17,0
DA:21,0
DA:24,0
DA:27,0
DA:31,0
DA:35,0
DA:39,0
LF:19
LH:0
BRDA:3,0,0,0
BRDA:3,0,1,0
BRF:2
BRH:0
end_of_record
TN:
SF:src/uif/documents/dto/document-response.dto.ts
FNF:0
FNH:0
DA:1,0
DA:2,0
DA:4,0
DA:6,0
DA:9,0
DA:12,0
DA:15,0
DA:18,0
DA:21,0
DA:24,0
DA:27,0
DA:30,0
DA:33,0
LF:13
LH:0
BRF:0
BRH:0
end_of_record
TN:
SF:src/uif/documents/dto/update-document.dto.ts
FN:3,(anonymous_2)
FNF:1
FNH:0
FNDA:0,(anonymous_2)
DA:1,0
DA:3,0
DA:4,0
DA:5,0
DA:6,0
DA:7,0
DA:8,0
DA:11,0
DA:14,0
DA:18,0
DA:22,0
DA:26,0
DA:29,0
DA:31,0
DA:35,0
DA:39,0
DA:43,0
DA:46,0
DA:49,0
DA:52,0
LF:20
LH:0
BRDA:3,0,0,0
BRDA:3,0,1,0
BRF:2
BRH:0
end_of_record
